Time,Position,PnL
12:23:52,0.01,0
12:23:52,0.02,0
12:23:52,0.03,0
12:23:52,0.04,0
12:23:52,0.05,0
12:23:52,0.06,0
12:23:52,0.07,0
12:23:52,0.08,0
12:23:52,0.09,0
12:23:52,0.1,1.45519e-13
12:23:52,0.11,2.91038e-13
12:23:52,0.12,4.36557e-13
12:23:52,0.13,5.82077e-13
12:23:52,0.14,7.27596e-13
12:23:52,0.15,8.73115e-13
12:23:52,0.16,1.01863e-12
12:23:52,0.17,1.01863e-12
12:23:52,0.18,1.01863e-12
12:23:52,0.19,1.01863e-12
12:23:52,0.2,8.73115e-13
12:23:53,0.21,7.27596e-13
12:23:53,0.22,5.82077e-13
12:23:53,0.23,4.36557e-13
12:23:53,0.24,1.45519e-13
12:23:53,0.25,-1.45519e-13
12:23:53,0.26,-2.91038e-13
12:23:53,0.27,-5.82077e-13
12:23:53,0.28,-8.73115e-13
12:23:53,0.29,-1.16415e-12
12:23:54,0.3,-1.45519e-12
12:23:54,0.31,-1.74623e-12
12:23:54,0.32,-2.03727e-12
12:23:54,0.33,-2.32831e-12
12:23:54,0.34,-2.61934e-12
12:23:54,0.35,-2.91038e-12
12:23:54,0.36,-3.20142e-12
12:23:54,0.37,-3.49246e-12
12:23:54,0.38,-3.7835e-12
12:23:54,0.39,-4.22006e-12
12:23:54,0.4,-4.65661e-12
12:23:54,0.41,-5.09317e-12
12:23:54,0.42,-5.52973e-12
12:23:54,0.43,-5.96629e-12
12:23:54,0.44,-6.54836e-12
12:23:54,0.45,-7.13044e-12
12:23:54,0.46,-0.0097
12:23:54,0.47,-0.0191891
12:23:54,0.48,-0.0284764
12:23:54,0.49,-0.0375701
12:23:54,0.5,-0.0464783
12:23:54,0.51,-0.0552083
12:23:54,0.52,-0.0637671
12:23:54,0.53,-0.0729113
12:23:54,0.54,-0.090833
12:23:54,0.55,-0.108423
12:23:54,0.56,-0.125693
12:23:54,0.57,-0.142654
12:23:54,0.58,-0.159318
12:23:54,0.59,-0.175695
12:23:54,0.6,-0.191794
12:23:54,0.61,-0.207625
12:23:54,0.62,-0.223197
12:23:54,0.63,-0.238517
12:23:54,0.64,-0.253594
12:23:54,0.65,-0.268435
12:23:54,0.66,-0.283048
12:23:54,0.67,-0.29744
12:23:54,0.68,-0.311617
12:23:54,0.69,-0.325585
12:23:54,0.7,-0.339351
12:23:54,0.71,-0.35292
12:23:54,0.72,-0.366298
12:23:54,0.73,-0.379491
12:23:54,0.74,-0.392502
12:23:55,0.75,-0.405338
12:23:55,0.76,-0.418003
12:23:55,0.77,-0.430501
12:23:55,0.78,-0.442837
12:23:55,0.79,-0.455014
12:23:55,0.8,-0.467038
12:23:55,0.81,-0.478911
12:23:55,0.82,-0.490637
12:23:55,0.83,-0.502221
12:23:55,0.84,-0.513665
12:23:55,0.85,-0.524973
12:23:55,0.86,-0.536147
12:23:55,0.87,-0.547192
12:23:55,0.88,-0.55811
12:23:55,0.89,-0.568904
12:23:55,0.9,-0.579576
12:23:55,0.91,-0.59013
12:23:55,0.92,-0.600568
12:23:55,0.93,-0.610892
12:23:55,0.94,-0.621106
12:23:55,0.95,-0.631211
12:23:55,0.96,-0.641209
12:23:55,0.97,-0.651103
12:23:55,0.98,-0.660896
12:23:55,0.99,-0.670588
12:23:55,1,-0.680182
12:23:55,1.01,-0.689681
12:23:55,1.02,-0.699085
12:23:55,1.03,-0.708398
12:23:55,1.04,-0.717619
12:23:56,1.05,-0.726753
12:23:56,1.06,-0.735799
12:23:56,1.07,-0.74476
12:23:56,1.08,-0.753637
12:23:56,1.09,-0.762432
12:23:56,1.1,-0.771146
12:23:56,1.11,-0.779781
12:23:56,1.12,-0.788338
12:23:57,1.13,-0.796819
12:23:57,1.14,-0.805225
12:23:57,1.15,-0.813557
12:23:57,1.16,-0.821816
12:23:57,1.17,-0.830005
12:23:57,1.18,-0.838123
12:23:57,1.19,-0.846172
12:23:57,1.2,-0.854154
12:23:57,1.21,-0.86207
12:23:57,1.22,-0.86992
12:23:58,1.23,-0.877705
12:23:58,1.24,-0.885428
12:23:58,1.25,-0.893088
12:23:58,1.26,-0.900687
12:23:58,1.27,-0.908225
12:23:58,1.28,-0.915704
12:23:58,1.29,-0.923125
12:23:58,1.3,-0.930488
12:23:58,1.31,-0.937795
12:23:58,1.32,-0.945046
12:23:58,1.33,-0.952241
12:23:58,1.34,-0.959383
12:23:59,1.35,-0.966472
12:23:59,1.36,-0.973507
12:23:59,1.37,-0.980492
12:23:59,1.38,-0.987425
12:23:59,1.39,-0.994308
12:23:59,1.4,-1.00114
12:23:59,1.41,-1.00793
12:23:59,1.42,-1.01466
12:23:59,1.43,-1.02135
12:23:59,1.44,-1.02799
12:23:59,1.45,-1.03459
12:24:00,1.46,-1.04114
12:24:00,1.47,-1.04765
12:24:00,1.48,-1.05411
12:24:00,1.49,-1.06053
12:24:00,1.5,-1.0669
12:24:00,1.51,-1.07323
12:24:01,1.52,-1.07952
12:24:01,1.53,-1.08577
12:24:01,1.54,-1.09198
12:24:01,1.55,-1.09815
12:24:01,1.56,-1.10428
12:24:01,1.57,-1.11037
12:24:01,1.58,-1.11642
12:24:01,1.59,-1.12243
12:24:01,1.6,-1.1284
12:24:02,1.61,-1.13434
12:24:02,1.62,-1.14024
12:24:02,1.63,-1.1461
12:24:02,1.64,-1.15193
12:24:02,1.65,-1.15772
12:24:03,1.66,-1.16348
12:24:03,1.67,-1.1692
12:24:03,1.68,-1.17489
12:24:03,1.69,-1.18054
12:24:03,1.7,-1.18616
12:24:03,1.71,-1.19175
12:24:03,1.72,-1.1973
12:24:03,1.73,-1.20282
12:24:04,1.74,-1.20832
12:24:04,1.75,-1.21377
12:24:04,1.76,-1.2192
12:24:04,1.77,-1.2246
12:24:04,1.78,-1.22997
12:24:04,1.79,-1.2353
12:24:04,1.8,-1.24061
12:24:05,1.81,-1.24588
12:24:05,1.82,-1.25113
12:24:05,1.83,-1.25635
12:24:05,1.84,-1.26154
12:24:05,1.85,-1.2667
12:24:05,1.86,-1.27184
12:24:05,1.87,-1.27695
12:24:05,1.88,-1.28202
12:24:05,1.89,-1.28708
12:24:05,1.9,-1.2921
12:24:05,1.91,-1.2971
12:24:05,1.92,-1.30207
12:24:05,1.93,-1.30702
12:24:05,1.94,-1.31194
12:24:06,1.95,-1.31684
12:24:06,1.96,-1.32171
12:24:06,1.97,-1.32656
12:24:06,1.98,-1.33138
12:24:06,1.99,-1.33618
12:24:06,2,-1.34095
12:24:06,2.01,-1.3457
12:24:06,2.02,-1.35042
12:24:06,2.03,-1.35513
12:24:06,2.04,-1.3598
12:24:06,2.05,-1.36446
12:24:06,2.06,-1.36909
12:24:07,2.07,-1.37371
12:24:07,2.08,-1.37829
12:24:07,2.09,-1.38286
12:24:07,2.1,-1.38741
12:24:07,2.11,-1.39193
12:24:07,2.12,-1.39643
12:24:07,2.13,-1.40091
12:24:07,2.14,-1.40537
12:24:07,2.15,-1.40981
12:24:08,2.16,-1.41423
12:24:08,2.17,-1.41862
12:24:08,2.18,-1.423
12:24:08,2.19,-1.42736
12:24:08,2.2,-1.4317
12:24:08,2.21,-1.43601
12:24:08,2.22,-1.44031
12:24:08,2.23,-1.44459
12:24:08,2.24,-1.44885
12:24:08,2.25,-1.45309
12:24:08,2.26,-1.45731
12:24:08,2.27,-1.46151
12:24:08,2.28,-1.4657
12:24:08,2.29,-1.46986
12:24:09,2.3,-1.47401
12:24:09,2.31,-1.47814
12:24:09,2.32,-1.48225
12:24:09,2.33,-1.48635
12:24:09,2.34,-1.49042
12:24:09,2.35,-1.49448
12:24:09,2.36,-1.49883
12:24:09,2.37,-1.50315
12:24:09,2.38,-1.50765
12:24:09,2.39,-1.51224
12:24:09,2.4,-1.51681
12:24:09,2.41,-1.52136
12:24:09,2.42,-1.52589
12:24:09,2.43,-1.5304
12:24:09,2.44,-1.53489
12:24:09,2.45,-1.53936
12:24:09,2.46,-1.54382
12:24:10,2.47,-1.54825
12:24:10,2.48,-1.55267
12:24:10,2.49,-1.55707
12:24:10,2.5,-1.56146
12:24:10,2.51,-1.56582
12:24:10,2.52,-1.57017
12:24:10,2.53,-1.5745
12:24:10,2.54,-1.57882
12:24:10,2.55,-1.58312
12:24:10,2.56,-1.5874
12:24:10,2.57,-1.59166
12:24:10,2.58,-1.59591
12:24:10,2.59,-1.60014
12:24:10,2.6,-1.60435
12:24:10,2.61,-1.60855
12:24:10,2.62,-1.61273
12:24:10,2.63,-1.6169
12:24:10,2.64,-1.62105
12:24:10,2.65,-1.62519
12:24:10,2.66,-1.6293
12:24:10,2.67,-1.63341
12:24:10,2.68,-1.6375
12:24:10,2.69,-1.64157
12:24:10,2.7,-1.64563
12:24:10,2.71,-1.64967
12:24:10,2.72,-1.6537
12:24:11,2.73,-1.65771
12:24:11,2.74,-1.66171
12:24:11,2.75,-1.66569
12:24:11,2.76,-1.66966
12:24:11,2.77,-1.67362
12:24:11,2.78,-1.67756
12:24:11,2.79,-1.68148
12:24:11,2.8,-1.6854
12:24:11,2.81,-1.68929
12:24:11,2.82,-1.69318
12:24:11,2.83,-1.69705
12:24:11,2.84,-1.70091
12:24:11,2.85,-1.70475
12:24:12,2.86,-1.70858
12:24:12,2.87,-1.7124
12:24:12,2.88,-1.7162
12:24:12,2.89,-1.71999
12:24:12,2.9,-1.72377
12:24:12,2.91,-1.72753
12:24:12,2.92,-1.73128
12:24:12,2.93,-1.73502
12:24:12,2.94,-1.73875
12:24:12,2.95,-1.74246
12:24:12,2.96,-1.74616
12:24:12,2.97,-1.74985
12:24:12,2.98,-1.75352
12:24:12,2.99,-1.75718
12:24:12,3,-1.76084
12:24:12,3.01,-1.76447
12:24:12,3.02,-1.7681
12:24:12,3.03,-1.77171
12:24:12,3.04,-1.77532
12:24:12,3.05,-1.77891
12:24:12,3.06,-1.78249
12:24:12,3.07,-1.78605
12:24:12,3.08,-1.78961
12:24:12,3.09,-1.79315
12:24:12,3.1,-1.79669
12:24:12,3.11,-1.80021
12:24:12,3.12,-1.80372
12:24:12,3.13,-1.80722
12:24:12,3.14,-1.8107
12:24:12,3.15,-1.81418
12:24:12,3.16,-1.81764
12:24:12,3.17,-1.8211
12:24:12,3.18,-1.82454
12:24:12,3.19,-1.82797
12:24:12,3.2,-1.8314
12:24:12,3.21,-1.83481
12:24:12,3.22,-1.83821
12:24:12,3.23,-1.8416
12:24:12,3.24,-1.84498
12:24:12,3.25,-1.84835
12:24:12,3.26,-1.8517
12:24:12,3.27,-1.85505
12:24:12,3.28,-1.85839
12:24:12,3.29,-1.86172
12:24:13,3.3,-1.86504
12:24:13,3.31,-1.86834
12:24:13,3.32,-1.87164
12:24:13,3.33,-1.87493
12:24:13,3.34,-1.87821
12:24:13,3.35,-1.88148
12:24:13,3.36,-1.88473
12:24:13,3.37,-1.88798
12:24:13,3.38,-1.89122
12:24:13,3.39,-1.89445
12:24:13,3.4,-1.89767
12:24:13,3.41,-1.90088
12:24:13,3.42,-1.90408
12:24:13,3.43,-1.90727
12:24:13,3.44,-1.91046
12:24:13,3.45,-1.91363
12:24:13,3.46,-1.91684
12:24:13,3.47,-1.92005
12:24:13,3.48,-1.92324
12:24:13,3.49,-1.92648
12:24:13,3.5,-1.92971
12:24:13,3.51,-1.93292
12:24:13,3.52,-1.93613
12:24:13,3.53,-1.93933
12:24:13,3.54,-1.94252
12:24:13,3.55,-1.9457
12:24:13,3.56,-1.94888
12:24:14,3.57,-1.95204
12:24:14,3.58,-1.9552
12:24:14,3.59,-1.95834
12:24:14,3.6,-1.96148
12:24:14,3.61,-1.96461
12:24:14,3.62,-1.96773
12:24:14,3.63,-1.97084
12:24:14,3.64,-1.97394
12:24:15,3.65,-2.02388
12:24:15,3.66,-2.07369
12:24:15,3.67,-2.12336
12:24:15,3.68,-2.1729
12:24:15,3.69,-2.2223
12:24:15,3.7,-2.27157
12:24:15,3.71,-2.3207
12:24:15,3.72,-2.3697
12:24:15,3.73,-2.41857
12:24:15,3.74,-2.46731
12:24:15,3.75,-2.51592
12:24:15,3.76,-2.5644
12:24:15,3.77,-2.61275
12:24:15,3.78,-2.66097
12:24:15,3.79,-2.70906
12:24:15,3.8,-2.75983
12:24:15,3.81,-2.82126
12:24:15,3.82,-2.88289
12:24:15,3.83,-2.94435
12:24:15,3.84,-3.00565
12:24:15,3.85,-3.06679
12:24:15,3.86,-3.12777
12:24:15,3.87,-3.1886
12:24:15,3.88,-3.24926
12:24:15,3.89,-3.30977
12:24:15,3.9,-3.37013
12:24:15,3.91,-3.43033
12:24:15,3.92,-3.49038
12:24:15,3.93,-3.55027
12:24:15,3.94,-3.61001
12:24:15,3.95,-3.6696
12:24:15,3.96,-3.72904
12:24:15,3.97,-3.78833
12:24:15,3.98,-3.84746
12:24:15,3.99,-3.90645
12:24:15,4,-3.9653
12:24:15,4.01,-4.02399
12:24:15,4.02,-4.08254
12:24:15,4.03,-4.14095
12:24:15,4.04,-4.1992
12:24:15,4.05,-4.25732
12:24:15,4.06,-4.31529
12:24:15,4.07,-4.37312
12:24:15,4.08,-4.4308
12:24:15,4.09,-4.48835
12:24:15,4.1,-4.54575
12:24:15,4.11,-4.60301
12:24:15,4.12,-4.66014
12:24:15,4.13,-4.71712
12:24:15,4.14,-4.77397
12:24:15,4.15,-4.83068
12:24:15,4.16,-4.88726
12:24:15,4.17,-4.94369
12:24:15,4.18,-5
12:24:15,4.19,-5.05617
12:24:15,4.2,-5.1122
12:24:15,4.21,-5.1681
12:24:15,4.22,-5.22387
12:24:15,4.23,-5.2795
12:24:15,4.24,-5.33501
12:24:15,4.25,-5.39038
12:24:15,4.26,-5.44562
12:24:15,4.27,-5.50073
12:24:15,4.28,-5.55572
12:24:15,4.29,-5.61057
12:24:15,4.3,-5.6653
12:24:15,4.31,-5.7199
12:24:15,4.32,-5.77438
12:24:15,4.33,-5.82872
12:24:15,4.34,-5.88295
12:24:15,4.35,-5.93704
12:24:16,4.36,-5.99102
12:24:16,4.37,-6.04486
12:24:16,4.38,-6.09859
12:24:16,4.39,-6.15219
12:24:16,4.4,-6.20567
12:24:16,4.41,-6.25903
12:24:16,4.42,-6.31227
12:24:16,4.43,-6.36539
12:24:16,4.44,-6.41839
12:24:17,4.45,-6.47127
12:24:17,4.46,-6.52403
12:24:17,4.47,-6.57667
12:24:17,4.48,-6.62919
12:24:17,4.49,-6.6816
12:24:17,4.5,-6.73389
12:24:17,4.51,-6.78606
12:24:17,4.52,-6.83812
12:24:17,4.53,-6.89006
12:24:17,4.54,-6.94189
12:24:17,4.55,-6.99361
12:24:18,4.56,-7.04521
12:24:18,4.57,-7.09669
12:24:18,4.58,-7.14807
12:24:18,4.59,-7.19933
12:24:18,4.6,-7.25048
12:24:18,4.61,-7.30152
12:24:19,4.62,-7.35245
12:24:19,4.63,-7.40327
12:24:19,4.64,-7.45398
12:24:19,4.65,-7.50458
12:24:19,4.66,-7.55507
12:24:19,4.67,-7.60545
12:24:19,4.68,-7.65572
12:24:19,4.69,-7.70589
12:24:19,4.7,-7.75595
12:24:19,4.71,-7.8059
12:24:19,4.72,-7.85575
12:24:19,4.73,-7.90549
12:24:19,4.74,-7.95513
12:24:19,4.75,-8.00466
12:24:19,4.76,-8.05409
12:24:19,4.77,-8.10341
12:24:19,4.78,-8.15263
12:24:19,4.79,-8.20175
12:24:19,4.8,-8.25077
12:24:19,4.81,-8.29968
12:24:20,4.82,-8.34849
12:24:20,4.83,-8.3972
12:24:20,4.84,-8.44581
12:24:20,4.85,-8.49432
12:24:20,4.86,-8.54273
12:24:20,4.87,-8.59103
12:24:20,4.88,-8.63924
12:24:20,4.89,-8.68735
12:24:20,4.9,-8.73537
12:24:20,4.91,-8.78328
12:24:20,4.92,-8.8311
12:24:20,4.93,-8.87882
12:24:20,4.94,-8.92644
12:24:20,4.95,-8.97397
12:24:20,4.96,-9.0214
12:24:20,4.97,-9.06873
12:24:20,4.98,-9.11597
12:24:20,4.99,-9.16312
12:24:21,5,-9.21017
12:24:21,5.01,-9.25713
12:24:21,5.02,-9.30399
12:24:21,5.03,-9.35076
12:24:21,5.04,-9.39743
12:24:21,5.05,-9.44402
12:24:21,5.06,-9.49051
12:24:21,5.07,-9.53691
12:24:21,5.08,-9.58322
12:24:21,5.09,-9.62943
12:24:21,5.1,-9.67556
12:24:22,5.11,-9.72159
12:24:22,5.12,-9.76754
12:24:22,5.13,-9.8134
12:24:22,5.14,-9.85916
12:24:22,5.15,-9.90484
12:24:22,5.16,-9.95043
12:24:22,5.17,-9.99593
12:24:22,5.18,-10.0413
12:24:22,5.19,-10.0867
12:24:22,5.2,-10.1319
12:24:22,5.21,-10.1771
12:24:23,5.22,-10.2221
12:24:23,5.23,-10.2671
12:24:23,5.24,-10.312
12:24:23,5.25,-10.3568
12:24:23,5.26,-10.4015
12:24:23,5.27,-10.4461
12:24:24,5.28,-10.4907
12:24:24,5.29,-10.5352
12:24:24,5.3,-10.5795
12:24:24,5.31,-10.6238
12:24:24,5.32,-10.6681
12:24:24,5.33,-10.7122
12:24:24,5.34,-10.7562
12:24:24,5.35,-10.8002
12:24:25,5.36,-10.8441
12:24:25,5.37,-10.8879
12:24:25,5.38,-10.9316
12:24:25,5.39,-10.9753
12:24:25,5.4,-11.0188
12:24:25,5.41,-11.0623
12:24:25,5.42,-11.1057
12:24:25,5.43,-11.149
12:24:25,5.44,-11.1922
12:24:25,5.45,-11.2354
12:24:25,5.46,-11.2785
12:24:25,5.47,-11.3215
12:24:25,5.48,-11.3644
12:24:26,5.49,-11.4072
12:24:26,5.5,-11.45
12:24:26,5.51,-11.4927
12:24:29,5.52,-11.5353
12:24:29,5.53,-11.5778
12:24:29,5.54,-11.6203
12:24:29,5.55,-11.6627
12:24:29,5.56,-11.705
12:24:29,5.57,-11.7472
12:24:29,5.58,-11.7894
12:24:29,5.59,-11.8314
12:24:29,5.6,-11.8734
12:24:29,5.61,-11.9154
12:24:29,5.62,-11.9572
12:24:29,5.63,-11.999
12:24:30,5.64,-12.0407
12:24:30,5.65,-12.0823
12:24:30,5.66,-12.1239
12:24:30,5.67,-12.1654
12:24:30,5.68,-12.2068
12:24:30,5.69,-12.2481
12:24:30,5.7,-12.2894
12:24:30,5.71,-12.3305
12:24:30,5.72,-12.3717
12:24:30,5.73,-12.4127
12:24:30,5.74,-12.4537
12:24:30,5.75,-12.4946
12:24:31,5.76,-12.5354
12:24:31,5.77,-12.5762
12:24:31,5.78,-12.6169
12:24:31,5.79,-12.6575
12:24:31,5.8,-12.698
12:24:31,5.81,-12.7385
12:24:31,5.82,-12.7789
12:24:31,5.83,-12.8193
12:24:31,5.84,-12.8595
12:24:31,5.85,-12.8997
12:24:31,5.86,-12.9399
12:24:31,5.87,-12.9799
12:24:31,5.88,-13.0199
12:24:32,5.89,-13.0599
12:24:32,5.9,-13.0997
12:24:32,5.91,-13.1395
12:24:32,5.92,-13.1792
12:24:32,5.93,-13.2189
12:24:32,5.94,-13.2585
12:24:32,5.95,-13.298
12:24:33,5.96,-13.3375
12:24:33,5.97,-13.3769
12:24:33,5.98,-13.4162
12:24:33,5.99,-13.4555
12:24:33,6,-13.4947
12:24:33,6.01,-13.5338
12:24:33,6.02,-13.5729
12:24:33,6.03,-13.6119
12:24:33,6.04,-13.6508
12:24:33,6.05,-13.6897
12:24:33,6.06,-13.7285
12:24:34,6.07,-13.7672
12:24:34,6.08,-13.8059
12:24:34,6.09,-13.8445
12:24:34,6.1,-13.8831
12:24:34,6.11,-13.9215
12:24:34,6.12,-13.96
12:24:35,6.13,-13.9983
12:24:35,6.14,-14.0366
12:24:35,6.15,-14.0749
12:24:35,6.16,-14.113
12:24:35,6.17,-14.1512
12:24:35,6.18,-14.1892
12:24:35,6.19,-14.2272
12:24:36,6.2,-14.2651
12:24:36,6.21,-14.303
12:24:36,6.22,-14.3408
12:24:36,6.23,-14.3786
12:24:36,6.24,-14.4162
12:24:36,6.25,-14.4539
12:24:36,6.26,-14.4914
12:24:36,6.27,-14.5289
12:24:36,6.28,-14.5664
12:24:36,6.29,-14.6038
12:24:36,6.3,-14.6411
12:24:36,6.31,-14.6784
12:24:36,6.32,-14.7156
12:24:36,6.33,-14.7527
12:24:36,6.34,-14.7898
12:24:36,6.35,-14.8268
12:24:36,6.36,-14.8638
12:24:36,6.37,-14.9007
12:24:36,6.38,-14.9376
12:24:36,6.39,-14.9744
12:24:36,6.4,-15.0111
12:24:36,6.41,-15.0478
12:24:36,6.42,-15.0844
12:24:36,6.43,-15.121
12:24:36,6.44,-15.1575
12:24:36,6.45,-15.194
12:24:36,6.46,-15.2304
12:24:36,6.47,-15.2667
12:24:37,6.48,-15.303
12:24:37,6.49,-15.3392
12:24:37,6.5,-15.3754
12:24:37,6.51,-15.4115
12:24:37,6.52,-15.4476
12:24:37,6.53,-15.4836
12:24:37,6.54,-15.5196
12:24:37,6.55,-15.5555
12:24:37,6.56,-15.5913
12:24:37,6.57,-15.6271
12:24:37,6.58,-15.6628
12:24:37,6.59,-15.6985
12:24:37,6.6,-15.7341
12:24:37,6.61,-15.7697
12:24:37,6.62,-15.8052
12:24:37,6.63,-15.8407
12:24:37,6.64,-15.8761
12:24:37,6.65,-15.9115
12:24:37,6.66,-15.9468
12:24:37,6.67,-15.982
12:24:37,6.68,-16.0172
12:24:38,6.69,-16.0524
12:24:38,6.7,-16.0875
12:24:38,6.71,-16.1225
12:24:38,6.72,-16.1575
12:24:38,6.73,-16.1924
12:24:38,6.74,-16.2273
12:24:38,6.75,-16.2622
12:24:38,6.76,-16.2969
12:24:38,6.77,-16.3317
12:24:38,6.78,-16.3664
12:24:39,6.79,-16.401
12:24:39,6.8,-16.4356
12:24:39,6.81,-16.4701
12:24:39,6.82,-16.5046
12:24:39,6.83,-16.539
12:24:39,6.84,-16.5734
12:24:39,6.85,-16.6077
12:24:39,6.86,-16.642
12:24:39,6.87,-16.6762
12:24:39,6.88,-16.7104
12:24:39,6.89,-16.7445
12:24:40,6.9,-16.7786
12:24:40,6.91,-16.8126
12:24:40,6.92,-16.8466
12:24:40,6.93,-16.8805
12:24:40,6.94,-16.9144
12:24:40,6.95,-16.9482
12:24:40,6.96,-16.982
12:24:40,6.97,-17.0157
12:24:40,6.98,-17.0494
12:24:40,6.99,-17.083
12:24:40,7,-17.1166
12:24:40,7.01,-17.1502
12:24:40,7.02,-17.1837
12:24:40,7.03,-17.2171
12:24:40,7.04,-17.2505
12:24:40,7.05,-17.2839
12:24:40,7.06,-17.3172
12:24:41,7.07,-17.3504
12:24:41,7.08,-17.3836
12:24:41,7.09,-17.4168
12:24:41,7.1,-17.4499
12:24:41,7.11,-17.483
12:24:41,7.12,-17.516
12:24:41,7.13,-17.549
12:24:41,7.14,-17.5819
12:24:41,7.15,-17.6148
12:24:41,7.16,-17.6476
12:24:41,7.17,-17.6804
12:24:41,7.18,-17.7131
12:24:41,7.19,-17.7458
12:24:42,7.2,-17.7785
12:24:42,7.21,-17.8111
12:24:45,7.22,-17.8437
12:24:45,7.23,-17.8762
12:24:45,7.24,-17.9087
12:24:45,7.25,-17.9411
12:24:45,7.26,-17.9735
12:24:45,7.27,-18.0058
12:24:45,7.28,-18.0381
12:24:45,7.29,-18.0704
12:24:45,7.3,-18.1026
12:24:46,7.31,-18.1347
12:24:46,7.32,-18.1668
12:24:46,7.33,-18.1989
12:24:46,7.34,-18.2309
12:24:46,7.35,-18.2629
12:24:46,7.36,-18.2949
12:24:46,7.37,-18.3268
12:24:46,7.38,-18.3586
12:24:46,7.39,-18.3904
12:24:47,7.4,-18.4222
12:24:47,7.41,-18.4539
12:24:54,7.42,-18.4856
12:24:54,7.43,-18.5173
12:24:54,7.44,-18.5489
12:24:54,7.45,-18.5804
12:24:54,7.46,-18.6119
12:24:54,7.47,-18.6434
12:24:54,7.48,-18.6748
12:24:54,7.49,-18.7062
12:24:54,7.5,-18.7376
12:24:54,7.51,-18.7689
12:24:54,7.52,-18.8001
12:24:55,7.53,-18.8314
12:24:55,7.54,-18.8625
12:24:55,7.55,-18.8937
12:24:55,7.56,-18.9248
12:24:55,7.57,-18.9558
12:24:55,7.58,-18.9868
12:24:55,7.59,-19.0178
12:24:55,7.6,-19.0487
12:24:55,7.61,-19.0796
12:24:55,7.62,-19.1105
12:24:55,7.63,-19.1413
12:24:55,7.64,-19.1721
12:24:55,7.65,-19.2028
12:24:56,7.66,-19.2335
12:24:56,7.67,-19.2641
12:24:56,7.68,-19.2948
12:24:56,7.69,-19.3253
12:24:56,7.7,-19.3559
12:24:56,7.71,-19.3863
12:24:56,7.72,-19.4168
12:24:56,7.73,-19.4472
12:24:56,7.74,-19.4776
12:24:56,7.75,-19.5079
12:24:56,7.76,-19.5382
12:24:56,7.77,-19.5685
12:25:05,7.76,-19.5383
12:25:05,7.75,-19.508
12:25:05,7.74,-19.4777
12:25:05,7.73,-19.4474
12:25:05,7.72,-19.417
12:25:05,7.71,-19.3866
12:25:05,7.7,-19.3561
12:25:05,7.69,-19.3256
12:25:05,7.68,-19.2951
12:25:05,7.67,-19.2645
12:25:05,7.66,-19.2339
12:25:05,7.65,-19.2033
12:25:05,7.64,-19.1726
12:25:05,7.63,-19.1419
12:25:05,7.62,-19.1112
12:25:05,7.61,-19.0873
12:25:05,7.6,-19.0812
12:25:05,7.59,-19.0823
12:25:05,7.58,-19.0965
12:25:05,7.57,-19.1129
12:25:05,7.56,-19.1368
12:25:05,7.55,-19.163
12:25:05,7.54,-19.1891
12:25:05,7.53,-19.2153
12:25:05,7.52,-19.2415
12:25:05,7.51,-19.2678
12:25:05,7.5,-19.2941
12:25:05,7.49,-19.3204
12:25:05,7.48,-19.3468
12:25:05,7.47,-19.3732
12:25:05,7.46,-19.3996
12:25:05,7.45,-19.4261
12:25:05,7.44,-19.4526
12:25:05,7.43,-19.4792
12:25:05,7.42,-19.5058
12:25:05,7.41,-19.5324
12:25:05,7.4,-19.559
12:25:05,7.39,-19.5857
12:25:05,7.38,-19.6124
12:25:05,7.37,-19.6392
12:25:05,7.36,-19.666
12:25:05,7.35,-19.6928
12:25:05,7.34,-19.7197
12:25:05,7.33,-19.7466
12:25:05,7.32,-19.7735
12:25:05,7.31,-19.8005
12:25:05,7.3,-19.8275
12:25:05,7.29,-19.8546
12:25:05,7.28,-19.8817
12:25:05,7.27,-19.9088
12:25:05,7.26,-19.96
12:25:05,7.25,-20.0112
12:25:05,7.24,-20.0625
12:25:05,7.23,-20.1139
12:25:05,7.22,-20.1653
12:25:05,7.21,-20.2169
12:25:05,7.2,-20.2684
12:25:05,7.19,-20.3201
12:25:05,7.18,-20.3718
12:25:05,7.17,-20.4237
12:25:05,7.16,-20.4755
12:25:05,7.15,-20.5275
12:25:05,7.14,-20.5795
12:25:05,7.13,-20.6316
12:25:05,7.12,-20.6838
12:25:05,7.11,-20.736
12:25:05,7.1,-20.7883
12:25:05,7.09,-20.8407
12:25:05,7.08,-20.8932
12:25:05,7.07,-20.9457
12:25:05,7.06,-20.9983
12:25:05,7.05,-21.051
12:25:05,7.04,-21.1038
12:25:05,7.03,-21.1637
12:25:05,7.02,-21.2272
12:25:05,7.01,-21.2909
12:25:05,7,-21.3547
12:25:05,6.99,-21.4185
12:25:05,6.98,-21.4824
12:25:05,6.97,-21.5465
12:25:05,6.96,-21.6106
12:25:05,6.95,-21.6748
12:25:05,6.94,-21.7391
12:25:05,6.93,-21.8035
12:25:05,6.92,-21.868
12:25:05,6.91,-21.9326
12:25:05,6.9,-22.0079
12:25:05,6.89,-22.0833
12:25:05,6.88,-22.1589
12:25:05,6.87,-22.2345
12:25:05,6.86,-22.3103
12:25:05,6.85,-22.3862
12:25:05,6.84,-22.4622
12:25:05,6.83,-22.5382
12:25:05,6.82,-22.6145
12:25:05,6.81,-22.6908
12:25:05,6.8,-22.7672
12:25:06,6.79,-22.8438
12:25:06,6.78,-22.9204
12:25:06,6.77,-22.9972
12:25:06,6.76,-23.0741
12:25:06,6.75,-23.1511
12:25:06,6.74,-23.2282
12:25:06,6.73,-23.3054
12:25:06,6.72,-23.3827
12:25:06,6.71,-23.4602
12:25:06,6.7,-23.5378
12:25:06,6.69,-23.6155
12:25:06,6.68,-23.6955
12:25:06,6.67,-23.7757
12:25:06,6.66,-23.856
12:25:06,6.65,-23.9364
12:25:06,6.64,-24.0169
12:25:06,6.63,-24.0976
12:25:06,6.62,-24.1784
12:25:06,6.61,-24.2593
12:25:06,6.6,-24.3403
12:25:06,6.59,-24.4214
12:25:06,6.58,-24.5027
12:25:06,6.57,-24.5841
12:25:06,6.56,-24.6656
12:25:06,6.55,-24.7472
12:25:06,6.54,-24.829
12:25:06,6.53,-24.9109
12:25:06,6.52,-24.9929
12:25:06,6.51,-25.075
12:25:06,6.5,-25.1573
12:25:06,6.49,-25.2397
12:25:06,6.48,-25.3222
12:25:06,6.47,-25.4049
12:25:06,6.46,-25.4876
12:25:06,6.45,-25.6049
12:25:06,6.44,-25.7223
12:25:06,6.43,-25.8399
12:25:06,6.42,-25.9577
12:25:06,6.41,-26.0757
12:25:06,6.4,-26.1939
12:25:06,6.39,-26.3122
12:25:06,6.38,-26.4308
12:25:06,6.37,-26.5495
12:25:06,6.36,-26.6684
12:25:06,6.35,-26.7875
12:25:06,6.34,-26.9068
12:25:06,6.33,-27.0263
12:25:06,6.32,-27.1459
12:25:06,6.31,-27.2658
12:25:06,6.3,-27.3858
12:25:06,6.29,-27.5061
12:25:06,6.28,-27.6265
12:25:06,6.27,-27.7471
12:25:06,6.26,-27.8679
12:25:06,6.25,-27.9889
12:25:06,6.24,-28.1101
12:25:06,6.23,-28.2315
12:25:06,6.22,-28.3531
12:25:06,6.21,-28.4748
12:25:06,6.2,-28.5968
12:25:06,6.19,-28.719
12:25:06,6.18,-28.8413
12:25:06,6.17,-28.9639
12:25:06,6.16,-29.0867
12:25:06,6.15,-29.2096
12:25:06,6.14,-29.3328
12:25:06,6.13,-29.4562
12:25:06,6.12,-29.5797
12:25:06,6.11,-29.7035
12:25:06,6.1,-29.8275
12:25:06,6.09,-29.9516
12:25:06,6.08,-30.076
12:25:06,6.07,-30.2006
12:25:06,6.06,-30.3254
12:25:06,6.05,-30.4504
12:25:06,6.04,-30.5756
12:25:06,6.03,-30.701
12:25:06,6.02,-30.8266
12:25:06,6.01,-30.9524
12:25:06,6,-31.0785
12:25:06,5.99,-31.2047
12:25:06,5.98,-31.3312
12:25:06,5.97,-31.4578
12:25:06,5.96,-31.5847
12:25:06,5.95,-31.7118
12:25:06,5.94,-31.8391
12:25:06,5.93,-31.9666
12:25:06,5.92,-32.0943
12:25:06,5.91,-32.2223
12:25:06,5.9,-32.3504
12:25:06,5.89,-32.4788
12:25:06,5.88,-32.6074
12:25:06,5.87,-32.7363
12:25:06,5.86,-32.8653
12:25:06,5.85,-32.9945
12:25:06,5.84,-33.124
12:25:06,5.83,-33.2537
12:25:06,5.82,-33.3837
12:25:06,5.81,-33.5138
12:25:06,5.8,-33.6442
12:25:06,5.79,-33.7748
12:25:06,5.78,-33.9056
12:25:06,5.77,-34.0366
12:25:06,5.76,-34.1679
12:25:06,5.75,-34.2994
12:25:06,5.74,-34.4311
12:25:06,5.73,-34.5631
12:25:06,5.72,-34.6953
12:25:06,5.71,-34.8277
12:25:06,5.7,-34.9604
12:25:06,5.69,-35.0933
12:25:06,5.68,-35.2264
12:25:06,5.67,-35.3597
12:25:06,5.66,-35.4933
12:25:06,5.65,-35.6571
12:25:06,5.64,-35.8212
12:25:06,5.63,-35.9855
12:25:06,5.62,-36.1502
12:25:06,5.61,-36.3151
12:25:06,5.6,-36.4803
12:25:06,5.59,-36.6459
12:25:06,5.58,-36.8117
12:25:06,5.57,-36.9778
12:25:06,5.56,-37.1443
12:25:06,5.55,-37.311
12:25:06,5.54,-37.478
12:25:06,5.53,-37.6453
12:25:06,5.52,-37.8129
12:25:06,5.51,-37.9809
12:25:06,5.5,-38.1491
12:25:06,5.49,-38.3176
12:25:06,5.48,-38.4865
12:25:06,5.47,-38.6557
12:25:06,5.46,-38.8251
12:25:06,5.45,-38.9949
12:25:06,5.44,-39.165
12:25:06,5.43,-39.3354
12:25:06,5.42,-39.5061
12:25:06,5.41,-39.6771
12:25:06,5.4,-39.8485
12:25:06,5.39,-40.0201
12:25:06,5.38,-40.1921
12:25:06,5.37,-40.3644
12:25:06,5.36,-40.537
12:25:06,5.35,-40.71
12:25:06,5.34,-40.8832
12:25:06,5.33,-41.0568
12:25:06,5.32,-41.2307
12:25:06,5.31,-41.405
12:25:06,5.3,-41.5796
12:25:06,5.29,-41.7545
12:25:06,5.28,-41.9297
12:25:06,5.27,-42.1052
12:25:06,5.26,-42.2811
12:25:06,5.25,-42.4574
12:25:06,5.24,-42.6339
12:25:06,5.23,-42.8108
12:25:06,5.22,-42.9881
12:25:06,5.21,-43.1657
12:25:06,5.2,-43.3436
12:25:06,5.19,-43.5219
12:25:06,5.18,-43.7005
12:25:06,5.17,-43.8794
12:25:06,5.16,-44.0587
12:25:06,5.15,-44.2384
12:25:06,5.14,-44.4183
12:25:06,5.13,-44.5987
12:25:06,5.12,-44.7794
12:25:06,5.11,-44.9604
12:25:06,5.1,-45.1418
12:25:06,5.09,-45.3236
12:25:06,5.08,-45.5057
12:25:06,5.07,-45.6882
12:25:06,5.06,-45.871
12:25:06,5.05,-46.0542
12:25:06,5.04,-46.2378
12:25:06,5.03,-46.4217
12:25:06,5.02,-46.606
12:25:06,5.01,-46.7906
12:25:06,5,-46.9757
12:25:06,4.99,-47.1611
12:25:06,4.98,-47.3468
12:25:06,4.97,-47.533
12:25:06,4.96,-47.7195
12:25:06,4.95,-47.9064
12:25:06,4.94,-48.0936
12:25:06,4.93,-48.2813
12:25:06,4.92,-48.4693
12:25:07,4.91,-48.6577
12:25:07,4.9,-48.8465
12:25:07,4.89,-49.0357
12:25:07,4.88,-49.2253
12:25:07,4.87,-49.4152
12:25:07,4.86,-49.6056
12:25:07,4.85,-49.7963
12:25:07,4.84,-49.9874
12:25:07,4.83,-50.1789
12:25:07,4.82,-50.3709
12:25:07,4.81,-50.5632
12:25:07,4.8,-50.7559
12:25:07,4.79,-50.949
12:25:07,4.78,-51.1425
12:25:07,4.77,-51.3365
12:25:07,4.76,-51.5308
12:25:07,4.75,-51.7255
12:25:07,4.74,-51.9207
12:25:07,4.73,-52.1163
12:25:07,4.72,-52.3122
12:25:07,4.71,-52.5086
12:25:07,4.7,-52.7054
12:25:07,4.69,-52.9027
12:25:07,4.68,-53.1003
12:25:07,4.67,-53.2984
12:25:07,4.66,-53.4969
12:25:08,4.65,-53.6958
12:25:08,4.64,-53.8952
12:25:08,4.63,-54.0949
12:25:08,4.62,-54.2951
12:25:08,4.61,-54.4958
12:25:08,4.6,-54.6969
12:25:08,4.59,-54.8984
12:25:08,4.58,-55.1003
12:25:08,4.57,-55.3027
12:25:08,4.56,-55.5056
12:25:08,4.55,-55.7088
12:25:09,4.54,-55.9126
12:25:09,4.53,-56.1168
12:25:09,4.52,-56.3214
12:25:09,4.51,-56.5265
12:25:09,4.5,-56.732
12:25:09,4.49,-56.938
12:25:09,4.48,-57.1445
12:25:09,4.47,-57.3514
12:25:09,4.46,-57.5587
12:25:09,4.45,-57.7666
12:25:09,4.44,-57.9749
12:25:09,4.43,-58.1837
12:25:09,4.42,-58.3929
12:25:09,4.41,-58.6026
12:25:09,4.4,-58.8128
12:25:09,4.39,-59.0235
12:25:09,4.38,-59.2347
12:25:09,4.37,-59.4463
12:25:09,4.36,-59.6584
12:25:09,4.35,-59.871
12:25:09,4.34,-60.0841
12:25:09,4.33,-60.2977
12:25:09,4.32,-60.5118
12:25:10,4.31,-60.7264
12:25:10,4.3,-60.9415
12:25:10,4.29,-61.157
12:25:10,4.28,-61.3731
12:25:10,4.27,-61.5897
12:25:10,4.26,-61.8068
12:25:10,4.25,-62.0244
12:25:10,4.24,-62.2425
12:25:10,4.23,-62.4611
12:25:10,4.22,-62.6803
12:25:10,4.21,-62.8999
12:25:10,4.2,-63.1201
12:25:10,4.19,-63.3408
12:25:10,4.18,-63.562
12:25:10,4.17,-63.7838
12:25:10,4.16,-64.0061
12:25:10,4.15,-64.2289
12:25:10,4.14,-64.4523
12:25:10,4.13,-64.6762
12:25:10,4.12,-64.9007
12:25:10,4.11,-65.1256
12:25:10,4.1,-65.3512
12:25:10,4.09,-65.5773
12:25:10,4.08,-65.8039
12:25:10,4.07,-66.0311
12:25:10,4.06,-66.2815
12:25:10,4.05,-66.5326
12:25:10,4.04,-66.7842
12:25:10,4.03,-67.0365
12:25:10,4.02,-67.2894
12:25:10,4.01,-67.5429
12:25:10,4,-67.797
12:25:10,3.99,-68.0518
12:25:10,3.98,-68.3072
12:25:10,3.97,-68.5633
12:25:10,3.96,-68.82
12:25:10,3.95,-69.0774
12:25:10,3.94,-69.3354
12:25:10,3.93,-69.5941
12:25:10,3.92,-69.8534
12:25:10,3.91,-70.1134
12:25:10,3.9,-70.3741
12:25:10,3.89,-70.6354
12:25:10,3.88,-70.8974
12:25:10,3.87,-71.16
12:25:10,3.86,-71.4234
12:25:10,3.85,-71.6874
12:25:10,3.84,-71.9521
12:25:10,3.83,-72.2175
12:25:10,3.82,-72.4836
12:25:10,3.81,-72.7504
12:25:10,3.8,-73.0203
12:25:10,3.79,-73.2908
12:25:10,3.78,-73.5621
12:25:10,3.77,-73.8341
12:25:10,3.76,-74.1068
12:25:10,3.75,-74.3802
12:25:10,3.74,-74.6544
12:25:10,3.73,-74.9293
12:25:10,3.72,-75.2049
12:25:10,3.71,-75.4813
12:25:10,3.7,-75.7584
12:25:10,3.69,-76.0363
12:25:10,3.68,-76.3149
12:25:10,3.67,-76.5943
12:25:10,3.66,-76.8744
12:25:10,3.65,-77.1553
12:25:10,3.64,-77.437
12:25:10,3.63,-77.7194
12:25:10,3.62,-78.0027
12:25:10,3.61,-78.2867
12:25:10,3.6,-78.5715
12:25:10,3.59,-78.8571
12:25:10,3.58,-79.1434
12:25:10,3.57,-79.4306
12:25:10,3.56,-79.7186
12:25:10,3.55,-80.0074
12:25:10,3.54,-80.297
12:25:10,3.53,-80.5974
12:25:10,3.52,-80.8987
12:25:10,3.51,-81.2009
12:25:10,3.5,-81.5039
12:25:10,3.49,-81.8077
12:25:10,3.48,-82.1124
12:25:10,3.47,-82.418
12:25:10,3.46,-82.7245
12:25:10,3.45,-83.0319
12:25:10,3.44,-83.3402
12:25:10,3.43,-83.6493
12:25:10,3.42,-83.9594
12:25:10,3.41,-84.2704
12:25:10,3.4,-84.5822
12:25:10,3.39,-84.895
12:25:10,3.38,-85.2088
12:25:10,3.37,-85.5234
12:25:10,3.36,-85.839
12:25:10,3.35,-86.1555
12:25:10,3.34,-86.473
12:25:10,3.33,-86.7914
12:25:10,3.32,-87.1108
12:25:10,3.31,-87.4311
12:25:10,3.3,-87.7524
12:25:10,3.29,-88.0747
12:25:10,3.28,-88.3979
12:25:10,3.27,-88.7222
12:25:10,3.26,-89.0474
12:25:10,3.25,-89.3736
12:25:10,3.24,-89.7009
12:25:10,3.23,-90.0291
12:25:10,3.22,-90.3916
12:25:10,3.21,-90.7552
12:25:10,3.2,-91.1199
12:25:10,3.19,-91.4857
12:25:10,3.18,-91.8527
12:25:10,3.17,-92.2209
12:25:10,3.16,-92.5902
12:25:10,3.15,-92.9607
12:25:10,3.14,-93.3324
12:25:10,3.13,-93.7052
12:25:10,3.12,-94.0793
12:25:10,3.11,-94.4545
12:25:10,3.1,-94.831
12:25:10,3.09,-95.2086
12:25:10,3.08,-95.5875
12:25:10,3.07,-95.9676
12:25:10,3.06,-96.349
12:25:10,3.05,-96.7316
12:25:10,3.04,-97.1154
12:25:10,3.03,-97.5005
12:25:10,3.02,-97.8869
12:25:10,3.01,-98.2746
12:25:10,3,-98.6635
12:25:10,2.99,-99.0538
12:25:10,2.98,-99.4453
12:25:10,2.97,-99.8382
12:25:10,2.96,-100.232
12:25:10,2.95,-100.628
12:25:10,2.94,-101.025
12:25:10,2.93,-101.423
12:25:10,2.92,-101.823
12:25:10,2.91,-102.224
12:25:10,2.9,-102.626
12:25:10,2.89,-103.03
12:25:11,2.88,-103.435
12:25:11,2.87,-103.841
12:25:11,2.86,-104.249
12:25:11,2.85,-104.658
12:25:11,2.84,-105.069
12:25:11,2.83,-105.481
12:25:11,2.82,-105.895
12:25:11,2.81,-106.31
12:25:11,2.8,-106.727
12:25:11,2.79,-107.145
12:25:11,2.78,-107.565
12:25:11,2.77,-107.986
12:25:11,2.76,-108.408
12:25:11,2.75,-108.833
12:25:11,2.74,-109.258
12:25:11,2.73,-109.686
12:25:11,2.72,-110.114
12:25:11,2.71,-110.545
12:25:11,2.7,-110.977
