Time,BestBid,BestAsk,MidPrice,Spread,Imbalance
12:23:38,91360,91360,91360,0.01,-0.119729
12:23:38,91360,91360,91360,0.01,-0.124741
12:23:38,91360,91360,91360,0.01,-0.124741
12:23:38,91360,91360,91360,0.01,-0.124741
12:23:38,91360,91360,91360,0.01,-0.124741
12:23:38,91360,91360,91360,0.01,-0.124741
12:23:38,91360,91360,91360,0.01,-0.124741
12:23:38,91360,91360,91360,0.01,-0.124741
12:23:38,91360,91360,91360,0.01,-0.124741
12:23:38,91360,91360,91360,0.01,-0.124741
12:23:38,91360,91360,91360,0.01,-0.126815
12:23:39,91360,91360,91360,0.01,-0.126906
12:23:40,91360,91360,91360,0.01,-0.182409
12:23:41,91360,91360,91360,0.01,-0.255765
12:23:42,91360,91360,91360,0.01,-0.107336
12:23:43,91360,91360,91360,0.01,-0.150718
12:23:43,91360,91360,91360,0.01,-0.104237
12:23:44,91360,91360,91360,0.01,-0.108514
12:23:46,91360,91360,91360,0.01,-0.0955141
12:23:48,91360,91360,91360,0.01,-0.0796016
12:23:49,91360,91360,91360,0.01,-0.0832045
12:23:50,91360,91360,91360,0.01,-0.0887021
12:23:51,91360,91360,91360,0.01,-0.0402462
12:23:52,91360,91360,91360,0.01,0.675003
12:23:52,91360,91360,91360,0.01,0.677759
12:23:53,91360,91360,91360,0.01,0.689022
12:23:54,91360,91360,91360,0.01,0.924977
12:23:54,91361.9,91360,91361,-1.93,0.97424
12:23:54,91361.9,91361.9,91361.9,0.01,0.950981
12:23:54,91361.9,91361.9,91361.9,0.01,0.949608
12:23:55,91361.9,91361.9,91361.9,0.01,0.949499
12:23:55,91361.9,91361.9,91361.9,0.01,0.950462
12:23:55,91361.9,91361.9,91361.9,0.01,0.950366
12:23:56,91361.9,91361.9,91361.9,0.01,0.950621
12:23:57,91361.9,91361.9,91361.9,0.01,0.948982
12:23:58,91361.9,91361.9,91361.9,0.01,0.951766
12:23:59,91361.9,91361.9,91361.9,0.01,0.958957
12:24:00,91361.9,91361.9,91361.9,0.01,0.962706
12:24:01,91361.9,91361.9,91361.9,0.01,0.960322
12:24:03,91361.9,91361.9,91361.9,0.01,0.961509
12:24:04,91361.9,91361.9,91361.9,0.01,0.926954
12:24:05,91361.9,91361.9,91361.9,0.01,0.845417
12:24:06,91361.9,91361.9,91361.9,0.01,0.869258
12:24:06,91361.9,91361.9,91361.9,0.01,0.892028
12:24:08,91361.9,91361.9,91361.9,0.01,0.892081
12:24:08,91361.9,91361.9,91361.9,0.01,0.99804
12:24:09,91362,91361.9,91362,-0.05,0.999444
12:24:09,91362,91362,91362,0.01,0.99861
12:24:10,91362,91362,91362,0.01,0.998364
12:24:10,91362,91362,91362,0.01,0.995952
12:24:11,91362,91362,91362,0.01,0.998378
12:24:12,91362,91362,91362,0.01,0.998425
12:24:12,91362,91362,91362,0.01,0.998877
12:24:12,91362,91362,91362,0.01,0.998877
12:24:12,91362,91362,91362,0.01,0.998905
12:24:12,91362,91362,91362,0.01,0.999001
12:24:13,91362,91362,91362,0.01,0.999161
12:24:13,91362,91362,91362,0,0.999518
12:24:13,91362,91362,91362,0.01,0.998825
12:24:15,91371.4,91362,91366.7,-9.36,0.989865
12:24:15,91371.4,91362,91366.7,-9.36,0.989865
12:24:15,91371.4,91364.8,91368.1,-6.57,0.89288
12:24:15,91371.4,91364.8,91368.1,-6.57,0.893877
12:24:15,91371.4,91364.8,91368.1,-6.57,0.893616
12:24:15,91371.4,91364.8,91368.1,-6.57,0.893679
12:24:15,91371.4,91364.8,91368.1,-6.57,0.8934
12:24:16,91371.4,91364.8,91368.1,-6.57,0.897466
12:24:17,91371.4,91364.8,91368.1,-6.57,0.896454
12:24:18,91371.4,91364.8,91368.1,-6.57,0.898085
12:24:19,91371.4,91364.8,91368.1,-6.57,0.877959
12:24:19,91371.4,91364.8,91368.1,-6.57,0.877635
12:24:20,91371.4,91364.8,91368.1,-6.57,0.901607
12:24:20,91371.4,91364.8,91368.1,-6.57,0.978865
12:24:21,91371.4,91364.8,91368.1,-6.57,0.797199
12:24:22,91371.4,91364.8,91368.1,-6.57,0.800337
12:24:23,91371.4,91364.8,91368.1,-6.57,0.797206
12:24:25,91371.4,91364.8,91368.1,-6.57,0.79995
12:24:25,91371.4,91364.8,91368.1,-6.57,0.800028
12:24:26,91371.4,91364.8,91368.1,-6.57,0.202466
12:24:26,91371.4,91364.8,91368.1,-6.57,0.258027
12:24:26,91371.4,91364.8,91368.1,-6.57,0.128212
12:24:27,91371.4,91364.8,91368.1,-6.57,0.134461
12:24:28,91371.4,91364.8,91368.1,-6.57,0.133471
12:24:29,91371.4,91364.8,91368.1,-6.57,0.261501
12:24:29,91371.4,91364.8,91368.1,-6.57,0.423233
12:24:30,91371.4,91364.8,91368.1,-6.57,0.426247
12:24:31,91371.4,91364.8,91368.1,-6.57,0.415992
12:24:32,91371.4,91364.8,91368.1,-6.57,0.424359
12:24:33,91371.4,91364.8,91368.1,-6.57,0.531676
12:24:34,91371.4,91364.8,91368.1,-6.57,0.278072
12:24:34,91371.4,91364.8,91368.1,-6.57,0.276844
12:24:35,91371.4,91364.8,91368.1,-6.57,0.338939
12:24:36,91371.4,91364.8,91368.1,-6.57,0.286941
12:24:36,91371.4,91364.8,91368.1,-6.57,0.573244
12:24:36,91371.4,91364.8,91368.1,-6.57,0.574763
12:24:37,91371.4,91364.8,91368.1,-6.57,0.576721
12:24:37,91371.4,91364.8,91368.1,-6.57,0.718082
12:24:37,91371.4,91364.8,91368.1,-6.57,0.797895
12:24:38,91371.4,91364.8,91368.1,-6.57,0.801633
12:24:39,91371.4,91364.8,91368.1,-6.57,0.574463
12:24:40,91371.4,91364.8,91368.1,-6.57,0.574468
12:24:41,91371.4,91364.8,91368.1,-6.57,0.493149
12:24:41,91371.4,91364.8,91368.1,-6.57,0.363526
12:24:43,91371.4,91364.8,91368.1,-6.57,0.28448
12:24:43,91371.4,91364.8,91368.1,-6.57,0.11117
12:24:44,91371.4,91364.8,91368.1,-6.57,0.139652
12:24:45,91371.4,91364.8,91368.1,-6.57,0.136091
12:24:46,91371.4,91364.8,91368.1,-6.57,0.396125
12:24:47,91371.4,91364.8,91368.1,-6.57,0.321838
12:24:47,91371.4,91364.8,91368.1,-6.57,0.0497162
12:24:48,91371.4,91364.8,91368.1,-6.57,0.105911
12:24:49,91371.4,91364.8,91368.1,-6.57,0.105977
12:24:50,91371.4,91364.8,91368.1,-6.57,0.103876
12:24:52,91371.4,91364.8,91368.1,-6.57,0.109071
12:24:53,91371.4,91364.8,91368.1,-6.57,0.0961031
12:24:54,91371.4,91364.8,91368.1,-6.57,0.399714
12:24:55,91371.4,91364.8,91368.1,-6.57,0.605925
12:24:55,91371.4,91364.8,91368.1,-6.57,0.538997
12:24:56,91371.4,91364.8,91368.1,-6.57,0.482099
12:24:57,91371.4,91364.8,91368.1,-6.57,0.239483
12:24:58,91371.4,91364.8,91368.1,-6.57,0.240592
12:25:00,91371.4,91364.8,91368.1,-6.57,0.239913
12:25:01,91371.4,91364.8,91368.1,-6.57,0.159147
12:25:01,91371.4,91364.8,91368.1,-6.57,0.232123
12:25:04,91371.4,91364.8,91368.1,-6.57,0.232722
12:25:05,91371.4,91364.8,91368.1,-6.57,-0.573849
12:25:05,91371.4,91364.8,91368.1,-6.57,-0.740767
12:25:05,91360.4,91364.8,91362.6,4.39,-0.992854
12:25:05,91360,91364.8,91362.4,4.81,-0.86863
12:25:05,91360,91364.8,91362.4,4.81,-0.86863
12:25:05,91360,91360,91360,0.01,-0.929816
12:25:05,91360,91360,91360,0.01,-0.859971
12:25:05,91360,91360,91360,0.01,-0.859971
12:25:05,91357.9,91360,91358.9,2.14,-0.574091
12:25:05,91357.9,91357.9,91357.9,0.01,-0.700381
12:25:06,91357.9,91357.9,91357.9,0.01,-0.699565
12:25:06,91357.4,91357.9,91357.6,0.46,-0.997626
12:25:06,91357.4,91357.9,91357.6,0.46,-0.458614
12:25:06,91357.4,91357.9,91357.6,0.46,-0.458614
12:25:06,91357.4,91351,91354.2,-6.41,-0.354891
12:25:06,91357.4,91351,91354.2,-6.41,-0.47672
12:25:06,91357.4,91351,91354.2,-6.41,-0.978547
12:25:06,91357.4,91351,91354.2,-6.41,-0.960741
12:25:06,91357.4,91351,91354.2,-6.41,-0.960741
12:25:06,91357.4,91351,91354.2,-6.41,-0.960741
12:25:06,91357.4,91351,91354.2,-6.41,-0.960741
12:25:06,91357.4,91351,91354.2,-6.41,-0.960741
12:25:06,91357.4,91345,91351.2,-12.4,-0.969109
12:25:06,91357.4,91345,91351.2,-12.4,-0.969109
12:25:06,91357.4,91345,91351.2,-12.4,-0.825882
12:25:06,91357.4,91345,91351.2,-12.4,-0.783968
12:25:06,91357.4,91345,91351.2,-12.4,-0.771913
12:25:06,91357.4,91345,91351.2,-12.4,-0.762722
12:25:06,91357.4,91345,91351.2,-12.4,-0.740611
12:25:07,91357.4,91345,91351.2,-12.4,-0.380846
12:25:07,91357.4,91345,91351.2,-12.4,-0.385483
12:25:07,91357.4,91345,91351.2,-12.4,-0.412133
12:25:08,91357.4,91345,91351.2,-12.4,-0.412036
12:25:09,91357.4,91345,91351.2,-12.4,-0.873203
12:25:09,91357.4,91345,91351.2,-12.4,-0.743982
12:25:10,91357.4,91345,91351.2,-12.4,-0.974129
12:25:10,91357.4,91345,91351.2,-12.4,-0.97577
12:25:10,91357.4,91340.5,91348.9,-16.93,-0.813969
12:25:10,91357.4,91340.5,91348.9,-16.93,-0.663133
12:25:10,91357.4,91340.5,91348.9,-16.93,-0.981666
12:25:10,91357.4,91340,91348.7,-17.4,-0.986909
12:25:10,91357.4,91340,91348.7,-17.4,-0.988681
12:25:10,91357.4,91340,91348.7,-17.4,-0.988681
12:25:10,91357.4,91338,91347.7,-19.4,-0.988793
12:25:10,91357.4,91338,91347.7,-19.4,-0.849004
12:25:10,91357.4,91338,91347.7,-19.4,-0.849004
12:25:10,91357.4,91331.4,91344.4,-26.04,-0.749755
12:25:10,91357.4,91331.4,91344.4,-26.04,-0.573172
12:25:10,91357.4,91331.4,91344.4,-26.04,-0.594447
12:25:11,91357.4,91331.4,91344.4,-26.04,-0.587044
12:25:11,91357.4,91331.4,91344.4,-26.04,-0.58755
12:25:11,91357.4,91331.4,91344.4,-26.04,-0.243489
12:25:12,91357.4,91331.4,91344.4,-26.04,-0.244025
12:25:12,91357.4,91331.4,91344.4,-26.04,-0.246747
12:25:13,91357.4,91331.4,91344.4,-26.04,-0.083253
12:25:13,91357.4,91331.4,91344.4,-26.04,-0.0836468
12:25:13,91357.4,91331.4,91344.4,-26.04,-0.0836535
12:25:14,91357.4,91331.4,91344.4,-26.04,-0.0847725
12:25:15,91357.4,91331.4,91344.4,-26.04,-0.0845656
12:25:16,91357.4,91331.4,91344.4,-26.04,-0.106641
12:25:16,91357.4,91331.4,91344.4,-26.04,-0.106283
12:25:18,91357.4,91331.4,91344.4,-26.04,-0.105597
12:25:19,91357.4,91331.4,91344.4,-26.04,-0.103577
12:25:20,91357.4,91331.4,91344.4,-26.04,-0.147267
12:25:21,91357.4,91331.4,91344.4,-26.04,-0.236621
12:25:22,91357.4,91331.4,91344.4,-26.04,-0.216451
12:25:24,91357.4,91331.4,91344.4,-26.04,-0.216296
12:25:25,91357.4,91331.4,91344.4,-26.04,-0.0494761
12:25:25,91357.4,91331.4,91344.4,-26.04,-0.0671893
12:25:26,91357.4,91331.4,91344.4,-26.04,-0.0677623
12:25:26,91357.4,91331.4,91344.4,-26.04,0.258537
12:25:27,91357.4,91331.4,91344.4,-26.04,0.238533
12:25:28,91357.4,91331.4,91344.4,-26.04,0.230856
