Time,GrossPnL,NetPnL,Fees
12:23:52,0,0,0
12:23:52,0,0,0
12:23:52,0,0,0
12:23:52,0,0,0
12:23:52,0,0,0
12:23:52,0,0,0
12:23:52,0,0,0
12:23:52,0,0,0
12:23:52,0,0,0
12:23:52,1.45519e-13,1.45519e-13,0
12:23:52,2.91038e-13,2.91038e-13,0
12:23:52,4.36557e-13,4.36557e-13,0
12:23:52,5.82077e-13,5.82077e-13,0
12:23:52,7.27596e-13,7.27596e-13,0
12:23:52,8.73115e-13,8.73115e-13,0
12:23:52,1.01863e-12,1.01863e-12,0
12:23:52,1.01863e-12,1.01863e-12,0
12:23:52,1.01863e-12,1.01863e-12,0
12:23:52,1.01863e-12,1.01863e-12,0
12:23:52,8.73115e-13,8.73115e-13,0
12:23:53,7.27596e-13,7.27596e-13,0
12:23:53,5.82077e-13,5.82077e-13,0
12:23:53,4.36557e-13,4.36557e-13,0
12:23:53,1.45519e-13,1.45519e-13,0
12:23:53,-1.45519e-13,-1.45519e-13,0
12:23:53,-2.91038e-13,-2.91038e-13,0
12:23:53,-5.82077e-13,-5.82077e-13,0
12:23:53,-8.73115e-13,-8.73115e-13,0
12:23:53,-1.16415e-12,-1.16415e-12,0
12:23:54,-1.45519e-12,-1.45519e-12,0
12:23:54,-1.74623e-12,-1.74623e-12,0
12:23:54,-2.03727e-12,-2.03727e-12,0
12:23:54,-2.32831e-12,-2.32831e-12,0
12:23:54,-2.61934e-12,-2.61934e-12,0
12:23:54,-2.91038e-12,-2.91038e-12,0
12:23:54,-3.20142e-12,-3.20142e-12,0
12:23:54,-3.49246e-12,-3.49246e-12,0
12:23:54,-3.7835e-12,-3.7835e-12,0
12:23:54,-4.22006e-12,-4.22006e-12,0
12:23:54,-4.65661e-12,-4.65661e-12,0
12:23:54,-5.09317e-12,-5.09317e-12,0
12:23:54,-5.52973e-12,-5.52973e-12,0
12:23:54,-5.96629e-12,-5.96629e-12,0
12:23:54,-6.54836e-12,-6.54836e-12,0
12:23:54,-7.13044e-12,-7.13044e-12,0
12:23:54,-0.0097,-0.0097,0
12:23:54,-0.0191891,-0.0191891,0
12:23:54,-0.0284764,-0.0284764,0
12:23:54,-0.0375701,-0.0375701,0
12:23:54,-0.0464783,-0.0464783,0
12:23:54,-0.0552083,-0.0552083,0
12:23:54,-0.0637671,-0.0637671,0
12:23:54,-0.0729113,-0.0729113,0
12:23:54,-0.090833,-0.090833,0
12:23:54,-0.108423,-0.108423,0
12:23:54,-0.125693,-0.125693,0
12:23:54,-0.142654,-0.142654,0
12:23:54,-0.159318,-0.159318,0
12:23:54,-0.175695,-0.175695,0
12:23:54,-0.191794,-0.191794,0
12:23:54,-0.207625,-0.207625,0
12:23:54,-0.223197,-0.223197,0
12:23:54,-0.238517,-0.238517,0
12:23:54,-0.253594,-0.253594,0
12:23:54,-0.268435,-0.268435,0
12:23:54,-0.283048,-0.283048,0
12:23:54,-0.29744,-0.29744,0
12:23:54,-0.311617,-0.311617,0
12:23:54,-0.325585,-0.325585,0
12:23:54,-0.339351,-0.339351,0
12:23:54,-0.35292,-0.35292,0
12:23:54,-0.366298,-0.366298,0
12:23:54,-0.379491,-0.379491,0
12:23:54,-0.392502,-0.392502,0
12:23:55,-0.405338,-0.405338,0
12:23:55,-0.418003,-0.418003,0
12:23:55,-0.430501,-0.430501,0
12:23:55,-0.442837,-0.442837,0
12:23:55,-0.455014,-0.455014,0
12:23:55,-0.467038,-0.467038,0
12:23:55,-0.478911,-0.478911,0
12:23:55,-0.490637,-0.490637,0
12:23:55,-0.502221,-0.502221,0
12:23:55,-0.513665,-0.513665,0
12:23:55,-0.524973,-0.524973,0
12:23:55,-0.536147,-0.536147,0
12:23:55,-0.547192,-0.547192,0
12:23:55,-0.55811,-0.55811,0
12:23:55,-0.568904,-0.568904,0
12:23:55,-0.579576,-0.579576,0
12:23:55,-0.59013,-0.59013,0
12:23:55,-0.600568,-0.600568,0
12:23:55,-0.610892,-0.610892,0
12:23:55,-0.621106,-0.621106,0
12:23:55,-0.631211,-0.631211,0
12:23:55,-0.641209,-0.641209,0
12:23:55,-0.651103,-0.651103,0
12:23:55,-0.660896,-0.660896,0
12:23:55,-0.670588,-0.670588,0
12:23:55,-0.680182,-0.680182,0
12:23:55,-0.689681,-0.689681,0
12:23:55,-0.699085,-0.699085,0
12:23:55,-0.708398,-0.708398,0
12:23:55,-0.717619,-0.717619,0
12:23:56,-0.726753,-0.726753,0
12:23:56,-0.735799,-0.735799,0
12:23:56,-0.74476,-0.74476,0
12:23:56,-0.753637,-0.753637,0
12:23:56,-0.762432,-0.762432,0
12:23:56,-0.771146,-0.771146,0
12:23:56,-0.779781,-0.779781,0
12:23:56,-0.788338,-0.788338,0
12:23:57,-0.796819,-0.796819,0
12:23:57,-0.805225,-0.805225,0
12:23:57,-0.813557,-0.813557,0
12:23:57,-0.821816,-0.821816,0
12:23:57,-0.830005,-0.830005,0
12:23:57,-0.838123,-0.838123,0
12:23:57,-0.846172,-0.846172,0
12:23:57,-0.854154,-0.854154,0
12:23:57,-0.86207,-0.86207,0
12:23:57,-0.86992,-0.86992,0
12:23:58,-0.877705,-0.877705,0
12:23:58,-0.885428,-0.885428,0
12:23:58,-0.893088,-0.893088,0
12:23:58,-0.900687,-0.900687,0
12:23:58,-0.908225,-0.908225,0
12:23:58,-0.915704,-0.915704,0
12:23:58,-0.923125,-0.923125,0
12:23:58,-0.930488,-0.930488,0
12:23:58,-0.937795,-0.937795,0
12:23:58,-0.945046,-0.945046,0
12:23:58,-0.952241,-0.952241,0
12:23:58,-0.959383,-0.959383,0
12:23:59,-0.966472,-0.966472,0
12:23:59,-0.973507,-0.973507,0
12:23:59,-0.980492,-0.980492,0
12:23:59,-0.987425,-0.987425,0
12:23:59,-0.994308,-0.994308,0
12:23:59,-1.00114,-1.00114,0
12:23:59,-1.00793,-1.00793,0
12:23:59,-1.01466,-1.01466,0
12:23:59,-1.02135,-1.02135,0
12:23:59,-1.02799,-1.02799,0
12:23:59,-1.03459,-1.03459,0
12:24:00,-1.04114,-1.04114,0
12:24:00,-1.04765,-1.04765,0
12:24:00,-1.05411,-1.05411,0
12:24:00,-1.06053,-1.06053,0
12:24:00,-1.0669,-1.0669,0
12:24:00,-1.07323,-1.07323,0
12:24:01,-1.07952,-1.07952,0
12:24:01,-1.08577,-1.08577,0
12:24:01,-1.09198,-1.09198,0
12:24:01,-1.09815,-1.09815,0
12:24:01,-1.10428,-1.10428,0
12:24:01,-1.11037,-1.11037,0
12:24:01,-1.11642,-1.11642,0
12:24:01,-1.12243,-1.12243,0
12:24:01,-1.1284,-1.1284,0
12:24:02,-1.13434,-1.13434,0
12:24:02,-1.14024,-1.14024,0
12:24:02,-1.1461,-1.1461,0
12:24:02,-1.15193,-1.15193,0
12:24:02,-1.15772,-1.15772,0
12:24:03,-1.16348,-1.16348,0
12:24:03,-1.1692,-1.1692,0
12:24:03,-1.17489,-1.17489,0
12:24:03,-1.18054,-1.18054,0
12:24:03,-1.18616,-1.18616,0
12:24:03,-1.19175,-1.19175,0
12:24:03,-1.1973,-1.1973,0
12:24:03,-1.20282,-1.20282,0
12:24:04,-1.20832,-1.20832,0
12:24:04,-1.21377,-1.21377,0
12:24:04,-1.2192,-1.2192,0
12:24:04,-1.2246,-1.2246,0
12:24:04,-1.22997,-1.22997,0
12:24:04,-1.2353,-1.2353,0
12:24:04,-1.24061,-1.24061,0
12:24:05,-1.24588,-1.24588,0
12:24:05,-1.25113,-1.25113,0
12:24:05,-1.25635,-1.25635,0
12:24:05,-1.26154,-1.26154,0
12:24:05,-1.2667,-1.2667,0
12:24:05,-1.27184,-1.27184,0
12:24:05,-1.27695,-1.27695,0
12:24:05,-1.28202,-1.28202,0
12:24:05,-1.28708,-1.28708,0
12:24:05,-1.2921,-1.2921,0
12:24:05,-1.2971,-1.2971,0
12:24:05,-1.30207,-1.30207,0
12:24:05,-1.30702,-1.30702,0
12:24:05,-1.31194,-1.31194,0
12:24:06,-1.31684,-1.31684,0
12:24:06,-1.32171,-1.32171,0
12:24:06,-1.32656,-1.32656,0
12:24:06,-1.33138,-1.33138,0
12:24:06,-1.33618,-1.33618,0
12:24:06,-1.34095,-1.34095,0
12:24:06,-1.3457,-1.3457,0
12:24:06,-1.35042,-1.35042,0
12:24:06,-1.35513,-1.35513,0
12:24:06,-1.3598,-1.3598,0
12:24:06,-1.36446,-1.36446,0
12:24:06,-1.36909,-1.36909,0
12:24:07,-1.37371,-1.37371,0
12:24:07,-1.37829,-1.37829,0
12:24:07,-1.38286,-1.38286,0
12:24:07,-1.38741,-1.38741,0
12:24:07,-1.39193,-1.39193,0
12:24:07,-1.39643,-1.39643,0
12:24:07,-1.40091,-1.40091,0
12:24:07,-1.40537,-1.40537,0
12:24:07,-1.40981,-1.40981,0
12:24:08,-1.41423,-1.41423,0
12:24:08,-1.41862,-1.41862,0
12:24:08,-1.423,-1.423,0
12:24:08,-1.42736,-1.42736,0
12:24:08,-1.4317,-1.4317,0
12:24:08,-1.43601,-1.43601,0
12:24:08,-1.44031,-1.44031,0
12:24:08,-1.44459,-1.44459,0
12:24:08,-1.44885,-1.44885,0
12:24:08,-1.45309,-1.45309,0
12:24:08,-1.45731,-1.45731,0
12:24:08,-1.46151,-1.46151,0
12:24:08,-1.4657,-1.4657,0
12:24:08,-1.46986,-1.46986,0
12:24:09,-1.47401,-1.47401,0
12:24:09,-1.47814,-1.47814,0
12:24:09,-1.48225,-1.48225,0
12:24:09,-1.48635,-1.48635,0
12:24:09,-1.49042,-1.49042,0
12:24:09,-1.49448,-1.49448,0
12:24:09,-1.49883,-1.49883,0
12:24:09,-1.50315,-1.50315,0
12:24:09,-1.50765,-1.50765,0
12:24:09,-1.51224,-1.51224,0
12:24:09,-1.51681,-1.51681,0
12:24:09,-1.52136,-1.52136,0
12:24:09,-1.52589,-1.52589,0
12:24:09,-1.5304,-1.5304,0
12:24:09,-1.53489,-1.53489,0
12:24:09,-1.53936,-1.53936,0
12:24:09,-1.54382,-1.54382,0
12:24:10,-1.54825,-1.54825,0
12:24:10,-1.55267,-1.55267,0
12:24:10,-1.55707,-1.55707,0
12:24:10,-1.56146,-1.56146,0
12:24:10,-1.56582,-1.56582,0
12:24:10,-1.57017,-1.57017,0
12:24:10,-1.5745,-1.5745,0
12:24:10,-1.57882,-1.57882,0
12:24:10,-1.58312,-1.58312,0
12:24:10,-1.5874,-1.5874,0
12:24:10,-1.59166,-1.59166,0
12:24:10,-1.59591,-1.59591,0
12:24:10,-1.60014,-1.60014,0
12:24:10,-1.60435,-1.60435,0
12:24:10,-1.60855,-1.60855,0
12:24:10,-1.61273,-1.61273,0
12:24:10,-1.6169,-1.6169,0
12:24:10,-1.62105,-1.62105,0
12:24:10,-1.62519,-1.62519,0
12:24:10,-1.6293,-1.6293,0
12:24:10,-1.63341,-1.63341,0
12:24:10,-1.6375,-1.6375,0
12:24:10,-1.64157,-1.64157,0
12:24:10,-1.64563,-1.64563,0
12:24:10,-1.64967,-1.64967,0
12:24:10,-1.6537,-1.6537,0
12:24:11,-1.65771,-1.65771,0
12:24:11,-1.66171,-1.66171,0
12:24:11,-1.66569,-1.66569,0
12:24:11,-1.66966,-1.66966,0
12:24:11,-1.67362,-1.67362,0
12:24:11,-1.67756,-1.67756,0
12:24:11,-1.68148,-1.68148,0
12:24:11,-1.6854,-1.6854,0
12:24:11,-1.68929,-1.68929,0
12:24:11,-1.69318,-1.69318,0
12:24:11,-1.69705,-1.69705,0
12:24:11,-1.70091,-1.70091,0
12:24:11,-1.70475,-1.70475,0
12:24:12,-1.70858,-1.70858,0
12:24:12,-1.7124,-1.7124,0
12:24:12,-1.7162,-1.7162,0
12:24:12,-1.71999,-1.71999,0
12:24:12,-1.72377,-1.72377,0
12:24:12,-1.72753,-1.72753,0
12:24:12,-1.73128,-1.73128,0
12:24:12,-1.73502,-1.73502,0
12:24:12,-1.73875,-1.73875,0
12:24:12,-1.74246,-1.74246,0
12:24:12,-1.74616,-1.74616,0
12:24:12,-1.74985,-1.74985,0
12:24:12,-1.75352,-1.75352,0
12:24:12,-1.75718,-1.75718,0
12:24:12,-1.76084,-1.76084,0
12:24:12,-1.76447,-1.76447,0
12:24:12,-1.7681,-1.7681,0
12:24:12,-1.77171,-1.77171,0
12:24:12,-1.77532,-1.77532,0
12:24:12,-1.77891,-1.77891,0
12:24:12,-1.78249,-1.78249,0
12:24:12,-1.78605,-1.78605,0
12:24:12,-1.78961,-1.78961,0
12:24:12,-1.79315,-1.79315,0
12:24:12,-1.79669,-1.79669,0
12:24:12,-1.80021,-1.80021,0
12:24:12,-1.80372,-1.80372,0
12:24:12,-1.80722,-1.80722,0
12:24:12,-1.8107,-1.8107,0
12:24:12,-1.81418,-1.81418,0
12:24:12,-1.81764,-1.81764,0
12:24:12,-1.8211,-1.8211,0
12:24:12,-1.82454,-1.82454,0
12:24:12,-1.82797,-1.82797,0
12:24:12,-1.8314,-1.8314,0
12:24:12,-1.83481,-1.83481,0
12:24:12,-1.83821,-1.83821,0
12:24:12,-1.8416,-1.8416,0
12:24:12,-1.84498,-1.84498,0
12:24:12,-1.84835,-1.84835,0
12:24:12,-1.8517,-1.8517,0
12:24:12,-1.85505,-1.85505,0
12:24:12,-1.85839,-1.85839,0
12:24:12,-1.86172,-1.86172,0
12:24:13,-1.86504,-1.86504,0
12:24:13,-1.86834,-1.86834,0
12:24:13,-1.87164,-1.87164,0
12:24:13,-1.87493,-1.87493,0
12:24:13,-1.87821,-1.87821,0
12:24:13,-1.88148,-1.88148,0
12:24:13,-1.88473,-1.88473,0
12:24:13,-1.88798,-1.88798,0
12:24:13,-1.89122,-1.89122,0
12:24:13,-1.89445,-1.89445,0
12:24:13,-1.89767,-1.89767,0
12:24:13,-1.90088,-1.90088,0
12:24:13,-1.90408,-1.90408,0
12:24:13,-1.90727,-1.90727,0
12:24:13,-1.91046,-1.91046,0
12:24:13,-1.91363,-1.91363,0
12:24:13,-1.91684,-1.91684,0
12:24:13,-1.92005,-1.92005,0
12:24:13,-1.92324,-1.92324,0
12:24:13,-1.92648,-1.92648,0
12:24:13,-1.92971,-1.92971,0
12:24:13,-1.93292,-1.93292,0
12:24:13,-1.93613,-1.93613,0
12:24:13,-1.93933,-1.93933,0
12:24:13,-1.94252,-1.94252,0
12:24:13,-1.9457,-1.9457,0
12:24:13,-1.94888,-1.94888,0
12:24:14,-1.95204,-1.95204,0
12:24:14,-1.9552,-1.9552,0
12:24:14,-1.95834,-1.95834,0
12:24:14,-1.96148,-1.96148,0
12:24:14,-1.96461,-1.96461,0
12:24:14,-1.96773,-1.96773,0
12:24:14,-1.97084,-1.97084,0
12:24:14,-1.97394,-1.97394,0
12:24:15,-2.02388,-2.02388,0
12:24:15,-2.07369,-2.07369,0
12:24:15,-2.12336,-2.12336,0
12:24:15,-2.1729,-2.1729,0
12:24:15,-2.2223,-2.2223,0
12:24:15,-2.27157,-2.27157,0
12:24:15,-2.3207,-2.3207,0
12:24:15,-2.3697,-2.3697,0
12:24:15,-2.41857,-2.41857,0
12:24:15,-2.46731,-2.46731,0
12:24:15,-2.51592,-2.51592,0
12:24:15,-2.5644,-2.5644,0
12:24:15,-2.61275,-2.61275,0
12:24:15,-2.66097,-2.66097,0
12:24:15,-2.70906,-2.70906,0
12:24:15,-2.75983,-2.75983,0
12:24:15,-2.82126,-2.82126,0
12:24:15,-2.88289,-2.88289,0
12:24:15,-2.94435,-2.94435,0
12:24:15,-3.00565,-3.00565,0
12:24:15,-3.06679,-3.06679,0
12:24:15,-3.12777,-3.12777,0
12:24:15,-3.1886,-3.1886,0
12:24:15,-3.24926,-3.24926,0
12:24:15,-3.30977,-3.30977,0
12:24:15,-3.37013,-3.37013,0
12:24:15,-3.43033,-3.43033,0
12:24:15,-3.49038,-3.49038,0
12:24:15,-3.55027,-3.55027,0
12:24:15,-3.61001,-3.61001,0
12:24:15,-3.6696,-3.6696,0
12:24:15,-3.72904,-3.72904,0
12:24:15,-3.78833,-3.78833,0
12:24:15,-3.84746,-3.84746,0
12:24:15,-3.90645,-3.90645,0
12:24:15,-3.9653,-3.9653,0
12:24:15,-4.02399,-4.02399,0
12:24:15,-4.08254,-4.08254,0
12:24:15,-4.14095,-4.14095,0
12:24:15,-4.1992,-4.1992,0
12:24:15,-4.25732,-4.25732,0
12:24:15,-4.31529,-4.31529,0
12:24:15,-4.37312,-4.37312,0
12:24:15,-4.4308,-4.4308,0
12:24:15,-4.48835,-4.48835,0
12:24:15,-4.54575,-4.54575,0
12:24:15,-4.60301,-4.60301,0
12:24:15,-4.66014,-4.66014,0
12:24:15,-4.71712,-4.71712,0
12:24:15,-4.77397,-4.77397,0
12:24:15,-4.83068,-4.83068,0
12:24:15,-4.88726,-4.88726,0
12:24:15,-4.94369,-4.94369,0
12:24:15,-5,-5,0
12:24:15,-5.05617,-5.05617,0
12:24:15,-5.1122,-5.1122,0
12:24:15,-5.1681,-5.1681,0
12:24:15,-5.22387,-5.22387,0
12:24:15,-5.2795,-5.2795,0
12:24:15,-5.33501,-5.33501,0
12:24:15,-5.39038,-5.39038,0
12:24:15,-5.44562,-5.44562,0
12:24:15,-5.50073,-5.50073,0
12:24:15,-5.55572,-5.55572,0
12:24:15,-5.61057,-5.61057,0
12:24:15,-5.6653,-5.6653,0
12:24:15,-5.7199,-5.7199,0
12:24:15,-5.77438,-5.77438,0
12:24:15,-5.82872,-5.82872,0
12:24:15,-5.88295,-5.88295,0
12:24:15,-5.93704,-5.93704,0
12:24:16,-5.99102,-5.99102,0
12:24:16,-6.04486,-6.04486,0
12:24:16,-6.09859,-6.09859,0
12:24:16,-6.15219,-6.15219,0
12:24:16,-6.20567,-6.20567,0
12:24:16,-6.25903,-6.25903,0
12:24:16,-6.31227,-6.31227,0
12:24:16,-6.36539,-6.36539,0
12:24:16,-6.41839,-6.41839,0
12:24:17,-6.47127,-6.47127,0
12:24:17,-6.52403,-6.52403,0
12:24:17,-6.57667,-6.57667,0
12:24:17,-6.62919,-6.62919,0
12:24:17,-6.6816,-6.6816,0
12:24:17,-6.73389,-6.73389,0
12:24:17,-6.78606,-6.78606,0
12:24:17,-6.83812,-6.83812,0
12:24:17,-6.89006,-6.89006,0
12:24:17,-6.94189,-6.94189,0
12:24:17,-6.99361,-6.99361,0
12:24:18,-7.04521,-7.04521,0
12:24:18,-7.09669,-7.09669,0
12:24:18,-7.14807,-7.14807,0
12:24:18,-7.19933,-7.19933,0
12:24:18,-7.25048,-7.25048,0
12:24:18,-7.30152,-7.30152,0
12:24:19,-7.35245,-7.35245,0
12:24:19,-7.40327,-7.40327,0
12:24:19,-7.45398,-7.45398,0
12:24:19,-7.50458,-7.50458,0
12:24:19,-7.55507,-7.55507,0
12:24:19,-7.60545,-7.60545,0
12:24:19,-7.65572,-7.65572,0
12:24:19,-7.70589,-7.70589,0
12:24:19,-7.75595,-7.75595,0
12:24:19,-7.8059,-7.8059,0
12:24:19,-7.85575,-7.85575,0
12:24:19,-7.90549,-7.90549,0
12:24:19,-7.95513,-7.95513,0
12:24:19,-8.00466,-8.00466,0
12:24:19,-8.05409,-8.05409,0
12:24:19,-8.10341,-8.10341,0
12:24:19,-8.15263,-8.15263,0
12:24:19,-8.20175,-8.20175,0
12:24:19,-8.25077,-8.25077,0
12:24:19,-8.29968,-8.29968,0
12:24:20,-8.34849,-8.34849,0
12:24:20,-8.3972,-8.3972,0
12:24:20,-8.44581,-8.44581,0
12:24:20,-8.49432,-8.49432,0
12:24:20,-8.54273,-8.54273,0
12:24:20,-8.59103,-8.59103,0
12:24:20,-8.63924,-8.63924,0
12:24:20,-8.68735,-8.68735,0
12:24:20,-8.73537,-8.73537,0
12:24:20,-8.78328,-8.78328,0
12:24:20,-8.8311,-8.8311,0
12:24:20,-8.87882,-8.87882,0
12:24:20,-8.92644,-8.92644,0
12:24:20,-8.97397,-8.97397,0
12:24:20,-9.0214,-9.0214,0
12:24:20,-9.06873,-9.06873,0
12:24:20,-9.11597,-9.11597,0
12:24:20,-9.16312,-9.16312,0
12:24:21,-9.21017,-9.21017,0
12:24:21,-9.25713,-9.25713,0
12:24:21,-9.30399,-9.30399,0
12:24:21,-9.35076,-9.35076,0
12:24:21,-9.39743,-9.39743,0
12:24:21,-9.44402,-9.44402,0
12:24:21,-9.49051,-9.49051,0
12:24:21,-9.53691,-9.53691,0
12:24:21,-9.58322,-9.58322,0
12:24:21,-9.62943,-9.62943,0
12:24:21,-9.67556,-9.67556,0
12:24:22,-9.72159,-9.72159,0
12:24:22,-9.76754,-9.76754,0
12:24:22,-9.8134,-9.8134,0
12:24:22,-9.85916,-9.85916,0
12:24:22,-9.90484,-9.90484,0
12:24:22,-9.95043,-9.95043,0
12:24:22,-9.99593,-9.99593,0
12:24:22,-10.0413,-10.0413,0
12:24:22,-10.0867,-10.0867,0
12:24:22,-10.1319,-10.1319,0
12:24:22,-10.1771,-10.1771,0
12:24:23,-10.2221,-10.2221,0
12:24:23,-10.2671,-10.2671,0
12:24:23,-10.312,-10.312,0
12:24:23,-10.3568,-10.3568,0
12:24:23,-10.4015,-10.4015,0
12:24:23,-10.4461,-10.4461,0
12:24:24,-10.4907,-10.4907,0
12:24:24,-10.5352,-10.5352,0
12:24:24,-10.5795,-10.5795,0
12:24:24,-10.6238,-10.6238,0
12:24:24,-10.6681,-10.6681,0
12:24:24,-10.7122,-10.7122,0
12:24:24,-10.7562,-10.7562,0
12:24:24,-10.8002,-10.8002,0
12:24:25,-10.8441,-10.8441,0
12:24:25,-10.8879,-10.8879,0
12:24:25,-10.9316,-10.9316,0
12:24:25,-10.9753,-10.9753,0
12:24:25,-11.0188,-11.0188,0
12:24:25,-11.0623,-11.0623,0
12:24:25,-11.1057,-11.1057,0
12:24:25,-11.149,-11.149,0
12:24:25,-11.1922,-11.1922,0
12:24:25,-11.2354,-11.2354,0
12:24:25,-11.2785,-11.2785,0
12:24:25,-11.3215,-11.3215,0
12:24:25,-11.3644,-11.3644,0
12:24:26,-11.4072,-11.4072,0
12:24:26,-11.45,-11.45,0
12:24:26,-11.4927,-11.4927,0
12:24:29,-11.5353,-11.5353,0
12:24:29,-11.5778,-11.5778,0
12:24:29,-11.6203,-11.6203,0
12:24:29,-11.6627,-11.6627,0
12:24:29,-11.705,-11.705,0
12:24:29,-11.7472,-11.7472,0
12:24:29,-11.7894,-11.7894,0
12:24:29,-11.8314,-11.8314,0
12:24:29,-11.8734,-11.8734,0
12:24:29,-11.9154,-11.9154,0
12:24:29,-11.9572,-11.9572,0
12:24:29,-11.999,-11.999,0
12:24:30,-12.0407,-12.0407,0
12:24:30,-12.0823,-12.0823,0
12:24:30,-12.1239,-12.1239,0
12:24:30,-12.1654,-12.1654,0
12:24:30,-12.2068,-12.2068,0
12:24:30,-12.2481,-12.2481,0
12:24:30,-12.2894,-12.2894,0
12:24:30,-12.3305,-12.3305,0
12:24:30,-12.3717,-12.3717,0
12:24:30,-12.4127,-12.4127,0
12:24:30,-12.4537,-12.4537,0
12:24:30,-12.4946,-12.4946,0
12:24:31,-12.5354,-12.5354,0
12:24:31,-12.5762,-12.5762,0
12:24:31,-12.6169,-12.6169,0
12:24:31,-12.6575,-12.6575,0
12:24:31,-12.698,-12.698,0
12:24:31,-12.7385,-12.7385,0
12:24:31,-12.7789,-12.7789,0
12:24:31,-12.8193,-12.8193,0
12:24:31,-12.8595,-12.8595,0
12:24:31,-12.8997,-12.8997,0
12:24:31,-12.9399,-12.9399,0
12:24:31,-12.9799,-12.9799,0
12:24:31,-13.0199,-13.0199,0
12:24:32,-13.0599,-13.0599,0
12:24:32,-13.0997,-13.0997,0
12:24:32,-13.1395,-13.1395,0
12:24:32,-13.1792,-13.1792,0
12:24:32,-13.2189,-13.2189,0
12:24:32,-13.2585,-13.2585,0
12:24:32,-13.298,-13.298,0
12:24:33,-13.3375,-13.3375,0
12:24:33,-13.3769,-13.3769,0
12:24:33,-13.4162,-13.4162,0
12:24:33,-13.4555,-13.4555,0
12:24:33,-13.4947,-13.4947,0
12:24:33,-13.5338,-13.5338,0
12:24:33,-13.5729,-13.5729,0
12:24:33,-13.6119,-13.6119,0
12:24:33,-13.6508,-13.6508,0
12:24:33,-13.6897,-13.6897,0
12:24:33,-13.7285,-13.7285,0
12:24:34,-13.7672,-13.7672,0
12:24:34,-13.8059,-13.8059,0
12:24:34,-13.8445,-13.8445,0
12:24:34,-13.8831,-13.8831,0
12:24:34,-13.9215,-13.9215,0
12:24:34,-13.96,-13.96,0
12:24:35,-13.9983,-13.9983,0
12:24:35,-14.0366,-14.0366,0
12:24:35,-14.0749,-14.0749,0
12:24:35,-14.113,-14.113,0
12:24:35,-14.1512,-14.1512,0
12:24:35,-14.1892,-14.1892,0
12:24:35,-14.2272,-14.2272,0
12:24:36,-14.2651,-14.2651,0
12:24:36,-14.303,-14.303,0
12:24:36,-14.3408,-14.3408,0
12:24:36,-14.3786,-14.3786,0
12:24:36,-14.4162,-14.4162,0
12:24:36,-14.4539,-14.4539,0
12:24:36,-14.4914,-14.4914,0
12:24:36,-14.5289,-14.5289,0
12:24:36,-14.5664,-14.5664,0
12:24:36,-14.6038,-14.6038,0
12:24:36,-14.6411,-14.6411,0
12:24:36,-14.6784,-14.6784,0
12:24:36,-14.7156,-14.7156,0
12:24:36,-14.7527,-14.7527,0
12:24:36,-14.7898,-14.7898,0
12:24:36,-14.8268,-14.8268,0
12:24:36,-14.8638,-14.8638,0
12:24:36,-14.9007,-14.9007,0
12:24:36,-14.9376,-14.9376,0
12:24:36,-14.9744,-14.9744,0
12:24:36,-15.0111,-15.0111,0
12:24:36,-15.0478,-15.0478,0
12:24:36,-15.0844,-15.0844,0
12:24:36,-15.121,-15.121,0
12:24:36,-15.1575,-15.1575,0
12:24:36,-15.194,-15.194,0
12:24:36,-15.2304,-15.2304,0
12:24:36,-15.2667,-15.2667,0
12:24:37,-15.303,-15.303,0
12:24:37,-15.3392,-15.3392,0
12:24:37,-15.3754,-15.3754,0
12:24:37,-15.4115,-15.4115,0
12:24:37,-15.4476,-15.4476,0
12:24:37,-15.4836,-15.4836,0
12:24:37,-15.5196,-15.5196,0
12:24:37,-15.5555,-15.5555,0
12:24:37,-15.5913,-15.5913,0
12:24:37,-15.6271,-15.6271,0
12:24:37,-15.6628,-15.6628,0
12:24:37,-15.6985,-15.6985,0
12:24:37,-15.7341,-15.7341,0
12:24:37,-15.7697,-15.7697,0
12:24:37,-15.8052,-15.8052,0
12:24:37,-15.8407,-15.8407,0
12:24:37,-15.8761,-15.8761,0
12:24:37,-15.9115,-15.9115,0
12:24:37,-15.9468,-15.9468,0
12:24:37,-15.982,-15.982,0
12:24:37,-16.0172,-16.0172,0
12:24:38,-16.0524,-16.0524,0
12:24:38,-16.0875,-16.0875,0
12:24:38,-16.1225,-16.1225,0
12:24:38,-16.1575,-16.1575,0
12:24:38,-16.1924,-16.1924,0
12:24:38,-16.2273,-16.2273,0
12:24:38,-16.2622,-16.2622,0
12:24:38,-16.2969,-16.2969,0
12:24:38,-16.3317,-16.3317,0
12:24:38,-16.3664,-16.3664,0
12:24:39,-16.401,-16.401,0
12:24:39,-16.4356,-16.4356,0
12:24:39,-16.4701,-16.4701,0
12:24:39,-16.5046,-16.5046,0
12:24:39,-16.539,-16.539,0
12:24:39,-16.5734,-16.5734,0
12:24:39,-16.6077,-16.6077,0
12:24:39,-16.642,-16.642,0
12:24:39,-16.6762,-16.6762,0
12:24:39,-16.7104,-16.7104,0
12:24:39,-16.7445,-16.7445,0
12:24:40,-16.7786,-16.7786,0
12:24:40,-16.8126,-16.8126,0
12:24:40,-16.8466,-16.8466,0
12:24:40,-16.8805,-16.8805,0
12:24:40,-16.9144,-16.9144,0
12:24:40,-16.9482,-16.9482,0
12:24:40,-16.982,-16.982,0
12:24:40,-17.0157,-17.0157,0
12:24:40,-17.0494,-17.0494,0
12:24:40,-17.083,-17.083,0
12:24:40,-17.1166,-17.1166,0
12:24:40,-17.1502,-17.1502,0
12:24:40,-17.1837,-17.1837,0
12:24:40,-17.2171,-17.2171,0
12:24:40,-17.2505,-17.2505,0
12:24:40,-17.2839,-17.2839,0
12:24:40,-17.3172,-17.3172,0
12:24:41,-17.3504,-17.3504,0
12:24:41,-17.3836,-17.3836,0
12:24:41,-17.4168,-17.4168,0
12:24:41,-17.4499,-17.4499,0
12:24:41,-17.483,-17.483,0
12:24:41,-17.516,-17.516,0
12:24:41,-17.549,-17.549,0
12:24:41,-17.5819,-17.5819,0
12:24:41,-17.6148,-17.6148,0
12:24:41,-17.6476,-17.6476,0
12:24:41,-17.6804,-17.6804,0
12:24:41,-17.7131,-17.7131,0
12:24:41,-17.7458,-17.7458,0
12:24:42,-17.7785,-17.7785,0
12:24:42,-17.8111,-17.8111,0
12:24:45,-17.8437,-17.8437,0
12:24:45,-17.8762,-17.8762,0
12:24:45,-17.9087,-17.9087,0
12:24:45,-17.9411,-17.9411,0
12:24:45,-17.9735,-17.9735,0
12:24:45,-18.0058,-18.0058,0
12:24:45,-18.0381,-18.0381,0
12:24:45,-18.0704,-18.0704,0
12:24:45,-18.1026,-18.1026,0
12:24:46,-18.1347,-18.1347,0
12:24:46,-18.1668,-18.1668,0
12:24:46,-18.1989,-18.1989,0
12:24:46,-18.2309,-18.2309,0
12:24:46,-18.2629,-18.2629,0
12:24:46,-18.2949,-18.2949,0
12:24:46,-18.3268,-18.3268,0
12:24:46,-18.3586,-18.3586,0
12:24:46,-18.3904,-18.3904,0
12:24:47,-18.4222,-18.4222,0
12:24:47,-18.4539,-18.4539,0
12:24:54,-18.4856,-18.4856,0
12:24:54,-18.5173,-18.5173,0
12:24:54,-18.5489,-18.5489,0
12:24:54,-18.5804,-18.5804,0
12:24:54,-18.6119,-18.6119,0
12:24:54,-18.6434,-18.6434,0
12:24:54,-18.6748,-18.6748,0
12:24:54,-18.7062,-18.7062,0
12:24:54,-18.7376,-18.7376,0
12:24:54,-18.7689,-18.7689,0
12:24:54,-18.8001,-18.8001,0
12:24:55,-18.8314,-18.8314,0
12:24:55,-18.8625,-18.8625,0
12:24:55,-18.8937,-18.8937,0
12:24:55,-18.9248,-18.9248,0
12:24:55,-18.9558,-18.9558,0
12:24:55,-18.9868,-18.9868,0
12:24:55,-19.0178,-19.0178,0
12:24:55,-19.0487,-19.0487,0
12:24:55,-19.0796,-19.0796,0
12:24:55,-19.1105,-19.1105,0
12:24:55,-19.1413,-19.1413,0
12:24:55,-19.1721,-19.1721,0
12:24:55,-19.2028,-19.2028,0
12:24:56,-19.2335,-19.2335,0
12:24:56,-19.2641,-19.2641,0
12:24:56,-19.2948,-19.2948,0
12:24:56,-19.3253,-19.3253,0
12:24:56,-19.3559,-19.3559,0
12:24:56,-19.3863,-19.3863,0
12:24:56,-19.4168,-19.4168,0
12:24:56,-19.4472,-19.4472,0
12:24:56,-19.4776,-19.4776,0
12:24:56,-19.5079,-19.5079,0
12:24:56,-19.5382,-19.5382,0
12:24:56,-19.5685,-19.5685,0
12:25:05,-19.5383,-19.5383,0
12:25:05,-19.508,-19.508,0
12:25:05,-19.4777,-19.4777,0
12:25:05,-19.4474,-19.4474,0
12:25:05,-19.417,-19.417,0
12:25:05,-19.3866,-19.3866,0
12:25:05,-19.3561,-19.3561,0
12:25:05,-19.3256,-19.3256,0
12:25:05,-19.2951,-19.2951,0
12:25:05,-19.2645,-19.2645,0
12:25:05,-19.2339,-19.2339,0
12:25:05,-19.2033,-19.2033,0
12:25:05,-19.1726,-19.1726,0
12:25:05,-19.1419,-19.1419,0
12:25:05,-19.1112,-19.1112,0
12:25:05,-19.0873,-19.0873,0
12:25:05,-19.0812,-19.0812,0
12:25:05,-19.0823,-19.0823,0
12:25:05,-19.0965,-19.0965,0
12:25:05,-19.1129,-19.1129,0
12:25:05,-19.1368,-19.1368,0
12:25:05,-19.163,-19.163,0
12:25:05,-19.1891,-19.1891,0
12:25:05,-19.2153,-19.2153,0
12:25:05,-19.2415,-19.2415,0
12:25:05,-19.2678,-19.2678,0
12:25:05,-19.2941,-19.2941,0
12:25:05,-19.3204,-19.3204,0
12:25:05,-19.3468,-19.3468,0
12:25:05,-19.3732,-19.3732,0
12:25:05,-19.3996,-19.3996,0
12:25:05,-19.4261,-19.4261,0
12:25:05,-19.4526,-19.4526,0
12:25:05,-19.4792,-19.4792,0
12:25:05,-19.5058,-19.5058,0
12:25:05,-19.5324,-19.5324,0
12:25:05,-19.559,-19.559,0
12:25:05,-19.5857,-19.5857,0
12:25:05,-19.6124,-19.6124,0
12:25:05,-19.6392,-19.6392,0
12:25:05,-19.666,-19.666,0
12:25:05,-19.6928,-19.6928,0
12:25:05,-19.7197,-19.7197,0
12:25:05,-19.7466,-19.7466,0
12:25:05,-19.7735,-19.7735,0
12:25:05,-19.8005,-19.8005,0
12:25:05,-19.8275,-19.8275,0
12:25:05,-19.8546,-19.8546,0
12:25:05,-19.8817,-19.8817,0
12:25:05,-19.9088,-19.9088,0
12:25:05,-19.96,-19.96,0
12:25:05,-20.0112,-20.0112,0
12:25:05,-20.0625,-20.0625,0
12:25:05,-20.1139,-20.1139,0
12:25:05,-20.1653,-20.1653,0
12:25:05,-20.2169,-20.2169,0
12:25:05,-20.2684,-20.2684,0
12:25:05,-20.3201,-20.3201,0
12:25:05,-20.3718,-20.3718,0
12:25:05,-20.4237,-20.4237,0
12:25:05,-20.4755,-20.4755,0
12:25:05,-20.5275,-20.5275,0
12:25:05,-20.5795,-20.5795,0
12:25:05,-20.6316,-20.6316,0
12:25:05,-20.6838,-20.6838,0
12:25:05,-20.736,-20.736,0
12:25:05,-20.7883,-20.7883,0
12:25:05,-20.8407,-20.8407,0
12:25:05,-20.8932,-20.8932,0
12:25:05,-20.9457,-20.9457,0
12:25:05,-20.9983,-20.9983,0
12:25:05,-21.051,-21.051,0
12:25:05,-21.1038,-21.1038,0
12:25:05,-21.1637,-21.1637,0
12:25:05,-21.2272,-21.2272,0
12:25:05,-21.2909,-21.2909,0
12:25:05,-21.3547,-21.3547,0
12:25:05,-21.4185,-21.4185,0
12:25:05,-21.4824,-21.4824,0
12:25:05,-21.5465,-21.5465,0
12:25:05,-21.6106,-21.6106,0
12:25:05,-21.6748,-21.6748,0
12:25:05,-21.7391,-21.7391,0
12:25:05,-21.8035,-21.8035,0
12:25:05,-21.868,-21.868,0
12:25:05,-21.9326,-21.9326,0
12:25:05,-22.0079,-22.0079,0
12:25:05,-22.0833,-22.0833,0
12:25:05,-22.1589,-22.1589,0
12:25:05,-22.2345,-22.2345,0
12:25:05,-22.3103,-22.3103,0
12:25:05,-22.3862,-22.3862,0
12:25:05,-22.4622,-22.4622,0
12:25:05,-22.5382,-22.5382,0
12:25:05,-22.6145,-22.6145,0
12:25:05,-22.6908,-22.6908,0
12:25:05,-22.7672,-22.7672,0
12:25:06,-22.8438,-22.8438,0
12:25:06,-22.9204,-22.9204,0
12:25:06,-22.9972,-22.9972,0
12:25:06,-23.0741,-23.0741,0
12:25:06,-23.1511,-23.1511,0
12:25:06,-23.2282,-23.2282,0
12:25:06,-23.3054,-23.3054,0
12:25:06,-23.3827,-23.3827,0
12:25:06,-23.4602,-23.4602,0
12:25:06,-23.5378,-23.5378,0
12:25:06,-23.6155,-23.6155,0
12:25:06,-23.6955,-23.6955,0
12:25:06,-23.7757,-23.7757,0
12:25:06,-23.856,-23.856,0
12:25:06,-23.9364,-23.9364,0
12:25:06,-24.0169,-24.0169,0
12:25:06,-24.0976,-24.0976,0
12:25:06,-24.1784,-24.1784,0
12:25:06,-24.2593,-24.2593,0
12:25:06,-24.3403,-24.3403,0
12:25:06,-24.4214,-24.4214,0
12:25:06,-24.5027,-24.5027,0
12:25:06,-24.5841,-24.5841,0
12:25:06,-24.6656,-24.6656,0
12:25:06,-24.7472,-24.7472,0
12:25:06,-24.829,-24.829,0
12:25:06,-24.9109,-24.9109,0
12:25:06,-24.9929,-24.9929,0
12:25:06,-25.075,-25.075,0
12:25:06,-25.1573,-25.1573,0
12:25:06,-25.2397,-25.2397,0
12:25:06,-25.3222,-25.3222,0
12:25:06,-25.4049,-25.4049,0
12:25:06,-25.4876,-25.4876,0
12:25:06,-25.6049,-25.6049,0
12:25:06,-25.7223,-25.7223,0
12:25:06,-25.8399,-25.8399,0
12:25:06,-25.9577,-25.9577,0
12:25:06,-26.0757,-26.0757,0
12:25:06,-26.1939,-26.1939,0
12:25:06,-26.3122,-26.3122,0
12:25:06,-26.4308,-26.4308,0
12:25:06,-26.5495,-26.5495,0
12:25:06,-26.6684,-26.6684,0
12:25:06,-26.7875,-26.7875,0
12:25:06,-26.9068,-26.9068,0
12:25:06,-27.0263,-27.0263,0
12:25:06,-27.1459,-27.1459,0
12:25:06,-27.2658,-27.2658,0
12:25:06,-27.3858,-27.3858,0
12:25:06,-27.5061,-27.5061,0
12:25:06,-27.6265,-27.6265,0
12:25:06,-27.7471,-27.7471,0
12:25:06,-27.8679,-27.8679,0
12:25:06,-27.9889,-27.9889,0
12:25:06,-28.1101,-28.1101,0
12:25:06,-28.2315,-28.2315,0
12:25:06,-28.3531,-28.3531,0
12:25:06,-28.4748,-28.4748,0
12:25:06,-28.5968,-28.5968,0
12:25:06,-28.719,-28.719,0
12:25:06,-28.8413,-28.8413,0
12:25:06,-28.9639,-28.9639,0
12:25:06,-29.0867,-29.0867,0
12:25:06,-29.2096,-29.2096,0
12:25:06,-29.3328,-29.3328,0
12:25:06,-29.4562,-29.4562,0
12:25:06,-29.5797,-29.5797,0
12:25:06,-29.7035,-29.7035,0
12:25:06,-29.8275,-29.8275,0
12:25:06,-29.9516,-29.9516,0
12:25:06,-30.076,-30.076,0
12:25:06,-30.2006,-30.2006,0
12:25:06,-30.3254,-30.3254,0
12:25:06,-30.4504,-30.4504,0
12:25:06,-30.5756,-30.5756,0
12:25:06,-30.701,-30.701,0
12:25:06,-30.8266,-30.8266,0
12:25:06,-30.9524,-30.9524,0
12:25:06,-31.0785,-31.0785,0
12:25:06,-31.2047,-31.2047,0
12:25:06,-31.3312,-31.3312,0
12:25:06,-31.4578,-31.4578,0
12:25:06,-31.5847,-31.5847,0
12:25:06,-31.7118,-31.7118,0
12:25:06,-31.8391,-31.8391,0
12:25:06,-31.9666,-31.9666,0
12:25:06,-32.0943,-32.0943,0
12:25:06,-32.2223,-32.2223,0
12:25:06,-32.3504,-32.3504,0
12:25:06,-32.4788,-32.4788,0
12:25:06,-32.6074,-32.6074,0
12:25:06,-32.7363,-32.7363,0
12:25:06,-32.8653,-32.8653,0
12:25:06,-32.9945,-32.9945,0
12:25:06,-33.124,-33.124,0
12:25:06,-33.2537,-33.2537,0
12:25:06,-33.3837,-33.3837,0
12:25:06,-33.5138,-33.5138,0
12:25:06,-33.6442,-33.6442,0
12:25:06,-33.7748,-33.7748,0
12:25:06,-33.9056,-33.9056,0
12:25:06,-34.0366,-34.0366,0
12:25:06,-34.1679,-34.1679,0
12:25:06,-34.2994,-34.2994,0
12:25:06,-34.4311,-34.4311,0
12:25:06,-34.5631,-34.5631,0
12:25:06,-34.6953,-34.6953,0
12:25:06,-34.8277,-34.8277,0
12:25:06,-34.9604,-34.9604,0
12:25:06,-35.0933,-35.0933,0
12:25:06,-35.2264,-35.2264,0
12:25:06,-35.3597,-35.3597,0
12:25:06,-35.4933,-35.4933,0
12:25:06,-35.6571,-35.6571,0
12:25:06,-35.8212,-35.8212,0
12:25:06,-35.9855,-35.9855,0
12:25:06,-36.1502,-36.1502,0
12:25:06,-36.3151,-36.3151,0
12:25:06,-36.4803,-36.4803,0
12:25:06,-36.6459,-36.6459,0
12:25:06,-36.8117,-36.8117,0
12:25:06,-36.9778,-36.9778,0
12:25:06,-37.1443,-37.1443,0
12:25:06,-37.311,-37.311,0
12:25:06,-37.478,-37.478,0
12:25:06,-37.6453,-37.6453,0
12:25:06,-37.8129,-37.8129,0
12:25:06,-37.9809,-37.9809,0
12:25:06,-38.1491,-38.1491,0
12:25:06,-38.3176,-38.3176,0
12:25:06,-38.4865,-38.4865,0
12:25:06,-38.6557,-38.6557,0
12:25:06,-38.8251,-38.8251,0
12:25:06,-38.9949,-38.9949,0
12:25:06,-39.165,-39.165,0
12:25:06,-39.3354,-39.3354,0
12:25:06,-39.5061,-39.5061,0
12:25:06,-39.6771,-39.6771,0
12:25:06,-39.8485,-39.8485,0
12:25:06,-40.0201,-40.0201,0
12:25:06,-40.1921,-40.1921,0
12:25:06,-40.3644,-40.3644,0
12:25:06,-40.537,-40.537,0
12:25:06,-40.71,-40.71,0
12:25:06,-40.8832,-40.8832,0
12:25:06,-41.0568,-41.0568,0
12:25:06,-41.2307,-41.2307,0
12:25:06,-41.405,-41.405,0
12:25:06,-41.5796,-41.5796,0
12:25:06,-41.7545,-41.7545,0
12:25:06,-41.9297,-41.9297,0
12:25:06,-42.1052,-42.1052,0
12:25:06,-42.2811,-42.2811,0
12:25:06,-42.4574,-42.4574,0
12:25:06,-42.6339,-42.6339,0
12:25:06,-42.8108,-42.8108,0
12:25:06,-42.9881,-42.9881,0
12:25:06,-43.1657,-43.1657,0
12:25:06,-43.3436,-43.3436,0
12:25:06,-43.5219,-43.5219,0
12:25:06,-43.7005,-43.7005,0
12:25:06,-43.8794,-43.8794,0
12:25:06,-44.0587,-44.0587,0
12:25:06,-44.2384,-44.2384,0
12:25:06,-44.4183,-44.4183,0
12:25:06,-44.5987,-44.5987,0
12:25:06,-44.7794,-44.7794,0
12:25:06,-44.9604,-44.9604,0
12:25:06,-45.1418,-45.1418,0
12:25:06,-45.3236,-45.3236,0
12:25:06,-45.5057,-45.5057,0
12:25:06,-45.6882,-45.6882,0
12:25:06,-45.871,-45.871,0
12:25:06,-46.0542,-46.0542,0
12:25:06,-46.2378,-46.2378,0
12:25:06,-46.4217,-46.4217,0
12:25:06,-46.606,-46.606,0
12:25:06,-46.7906,-46.7906,0
12:25:06,-46.9757,-46.9757,0
12:25:06,-47.1611,-47.1611,0
12:25:06,-47.3468,-47.3468,0
12:25:06,-47.533,-47.533,0
12:25:06,-47.7195,-47.7195,0
12:25:06,-47.9064,-47.9064,0
12:25:06,-48.0936,-48.0936,0
12:25:06,-48.2813,-48.2813,0
12:25:06,-48.4693,-48.4693,0
12:25:07,-48.6577,-48.6577,0
12:25:07,-48.8465,-48.8465,0
12:25:07,-49.0357,-49.0357,0
12:25:07,-49.2253,-49.2253,0
12:25:07,-49.4152,-49.4152,0
12:25:07,-49.6056,-49.6056,0
12:25:07,-49.7963,-49.7963,0
12:25:07,-49.9874,-49.9874,0
12:25:07,-50.1789,-50.1789,0
12:25:07,-50.3709,-50.3709,0
12:25:07,-50.5632,-50.5632,0
12:25:07,-50.7559,-50.7559,0
12:25:07,-50.949,-50.949,0
12:25:07,-51.1425,-51.1425,0
12:25:07,-51.3365,-51.3365,0
12:25:07,-51.5308,-51.5308,0
12:25:07,-51.7255,-51.7255,0
12:25:07,-51.9207,-51.9207,0
12:25:07,-52.1163,-52.1163,0
12:25:07,-52.3122,-52.3122,0
12:25:07,-52.5086,-52.5086,0
12:25:07,-52.7054,-52.7054,0
12:25:07,-52.9027,-52.9027,0
12:25:07,-53.1003,-53.1003,0
12:25:07,-53.2984,-53.2984,0
12:25:07,-53.4969,-53.4969,0
12:25:08,-53.6958,-53.6958,0
12:25:08,-53.8952,-53.8952,0
12:25:08,-54.0949,-54.0949,0
12:25:08,-54.2951,-54.2951,0
12:25:08,-54.4958,-54.4958,0
12:25:08,-54.6969,-54.6969,0
12:25:08,-54.8984,-54.8984,0
12:25:08,-55.1003,-55.1003,0
12:25:08,-55.3027,-55.3027,0
12:25:08,-55.5056,-55.5056,0
12:25:08,-55.7088,-55.7088,0
12:25:09,-55.9126,-55.9126,0
12:25:09,-56.1168,-56.1168,0
12:25:09,-56.3214,-56.3214,0
12:25:09,-56.5265,-56.5265,0
12:25:09,-56.732,-56.732,0
12:25:09,-56.938,-56.938,0
12:25:09,-57.1445,-57.1445,0
12:25:09,-57.3514,-57.3514,0
12:25:09,-57.5587,-57.5587,0
12:25:09,-57.7666,-57.7666,0
12:25:09,-57.9749,-57.9749,0
12:25:09,-58.1837,-58.1837,0
12:25:09,-58.3929,-58.3929,0
12:25:09,-58.6026,-58.6026,0
12:25:09,-58.8128,-58.8128,0
12:25:09,-59.0235,-59.0235,0
12:25:09,-59.2347,-59.2347,0
12:25:09,-59.4463,-59.4463,0
12:25:09,-59.6584,-59.6584,0
12:25:09,-59.871,-59.871,0
12:25:09,-60.0841,-60.0841,0
12:25:09,-60.2977,-60.2977,0
12:25:09,-60.5118,-60.5118,0
12:25:10,-60.7264,-60.7264,0
12:25:10,-60.9415,-60.9415,0
12:25:10,-61.157,-61.157,0
12:25:10,-61.3731,-61.3731,0
12:25:10,-61.5897,-61.5897,0
12:25:10,-61.8068,-61.8068,0
12:25:10,-62.0244,-62.0244,0
12:25:10,-62.2425,-62.2425,0
12:25:10,-62.4611,-62.4611,0
12:25:10,-62.6803,-62.6803,0
12:25:10,-62.8999,-62.8999,0
12:25:10,-63.1201,-63.1201,0
12:25:10,-63.3408,-63.3408,0
12:25:10,-63.562,-63.562,0
12:25:10,-63.7838,-63.7838,0
12:25:10,-64.0061,-64.0061,0
12:25:10,-64.2289,-64.2289,0
12:25:10,-64.4523,-64.4523,0
12:25:10,-64.6762,-64.6762,0
12:25:10,-64.9007,-64.9007,0
12:25:10,-65.1256,-65.1256,0
12:25:10,-65.3512,-65.3512,0
12:25:10,-65.5773,-65.5773,0
12:25:10,-65.8039,-65.8039,0
12:25:10,-66.0311,-66.0311,0
12:25:10,-66.2815,-66.2815,0
12:25:10,-66.5326,-66.5326,0
12:25:10,-66.7842,-66.7842,0
12:25:10,-67.0365,-67.0365,0
12:25:10,-67.2894,-67.2894,0
12:25:10,-67.5429,-67.5429,0
12:25:10,-67.797,-67.797,0
12:25:10,-68.0518,-68.0518,0
12:25:10,-68.3072,-68.3072,0
12:25:10,-68.5633,-68.5633,0
12:25:10,-68.82,-68.82,0
12:25:10,-69.0774,-69.0774,0
12:25:10,-69.3354,-69.3354,0
12:25:10,-69.5941,-69.5941,0
12:25:10,-69.8534,-69.8534,0
12:25:10,-70.1134,-70.1134,0
12:25:10,-70.3741,-70.3741,0
12:25:10,-70.6354,-70.6354,0
12:25:10,-70.8974,-70.8974,0
12:25:10,-71.16,-71.16,0
12:25:10,-71.4234,-71.4234,0
12:25:10,-71.6874,-71.6874,0
12:25:10,-71.9521,-71.9521,0
12:25:10,-72.2175,-72.2175,0
12:25:10,-72.4836,-72.4836,0
12:25:10,-72.7504,-72.7504,0
12:25:10,-73.0203,-73.0203,0
12:25:10,-73.2908,-73.2908,0
12:25:10,-73.5621,-73.5621,0
12:25:10,-73.8341,-73.8341,0
12:25:10,-74.1068,-74.1068,0
12:25:10,-74.3802,-74.3802,0
12:25:10,-74.6544,-74.6544,0
12:25:10,-74.9293,-74.9293,0
12:25:10,-75.2049,-75.2049,0
12:25:10,-75.4813,-75.4813,0
12:25:10,-75.7584,-75.7584,0
12:25:10,-76.0363,-76.0363,0
12:25:10,-76.3149,-76.3149,0
12:25:10,-76.5943,-76.5943,0
12:25:10,-76.8744,-76.8744,0
12:25:10,-77.1553,-77.1553,0
12:25:10,-77.437,-77.437,0
12:25:10,-77.7194,-77.7194,0
12:25:10,-78.0027,-78.0027,0
12:25:10,-78.2867,-78.2867,0
12:25:10,-78.5715,-78.5715,0
12:25:10,-78.8571,-78.8571,0
12:25:10,-79.1434,-79.1434,0
12:25:10,-79.4306,-79.4306,0
12:25:10,-79.7186,-79.7186,0
12:25:10,-80.0074,-80.0074,0
12:25:10,-80.297,-80.297,0
12:25:10,-80.5974,-80.5974,0
12:25:10,-80.8987,-80.8987,0
12:25:10,-81.2009,-81.2009,0
12:25:10,-81.5039,-81.5039,0
12:25:10,-81.8077,-81.8077,0
12:25:10,-82.1124,-82.1124,0
12:25:10,-82.418,-82.418,0
12:25:10,-82.7245,-82.7245,0
12:25:10,-83.0319,-83.0319,0
12:25:10,-83.3402,-83.3402,0
12:25:10,-83.6493,-83.6493,0
12:25:10,-83.9594,-83.9594,0
12:25:10,-84.2704,-84.2704,0
12:25:10,-84.5822,-84.5822,0
12:25:10,-84.895,-84.895,0
12:25:10,-85.2088,-85.2088,0
12:25:10,-85.5234,-85.5234,0
12:25:10,-85.839,-85.839,0
12:25:10,-86.1555,-86.1555,0
12:25:10,-86.473,-86.473,0
12:25:10,-86.7914,-86.7914,0
12:25:10,-87.1108,-87.1108,0
12:25:10,-87.4311,-87.4311,0
12:25:10,-87.7524,-87.7524,0
12:25:10,-88.0747,-88.0747,0
12:25:10,-88.3979,-88.3979,0
12:25:10,-88.7222,-88.7222,0
12:25:10,-89.0474,-89.0474,0
12:25:10,-89.3736,-89.3736,0
12:25:10,-89.7009,-89.7009,0
12:25:10,-90.0291,-90.0291,0
12:25:10,-90.3916,-90.3916,0
12:25:10,-90.7552,-90.7552,0
12:25:10,-91.1199,-91.1199,0
12:25:10,-91.4857,-91.4857,0
12:25:10,-91.8527,-91.8527,0
12:25:10,-92.2209,-92.2209,0
12:25:10,-92.5902,-92.5902,0
12:25:10,-92.9607,-92.9607,0
12:25:10,-93.3324,-93.3324,0
12:25:10,-93.7052,-93.7052,0
12:25:10,-94.0793,-94.0793,0
12:25:10,-94.4545,-94.4545,0
12:25:10,-94.831,-94.831,0
12:25:10,-95.2086,-95.2086,0
12:25:10,-95.5875,-95.5875,0
12:25:10,-95.9676,-95.9676,0
12:25:10,-96.349,-96.349,0
12:25:10,-96.7316,-96.7316,0
12:25:10,-97.1154,-97.1154,0
12:25:10,-97.5005,-97.5005,0
12:25:10,-97.8869,-97.8869,0
12:25:10,-98.2746,-98.2746,0
12:25:10,-98.6635,-98.6635,0
12:25:10,-99.0538,-99.0538,0
12:25:10,-99.4453,-99.4453,0
12:25:10,-99.8382,-99.8382,0
12:25:10,-100.232,-100.232,0
12:25:10,-100.628,-100.628,0
12:25:10,-101.025,-101.025,0
12:25:10,-101.423,-101.423,0
12:25:10,-101.823,-101.823,0
12:25:10,-102.224,-102.224,0
12:25:10,-102.626,-102.626,0
12:25:10,-103.03,-103.03,0
12:25:11,-103.435,-103.435,0
12:25:11,-103.841,-103.841,0
12:25:11,-104.249,-104.249,0
12:25:11,-104.658,-104.658,0
12:25:11,-105.069,-105.069,0
12:25:11,-105.481,-105.481,0
12:25:11,-105.895,-105.895,0
12:25:11,-106.31,-106.31,0
12:25:11,-106.727,-106.727,0
12:25:11,-107.145,-107.145,0
12:25:11,-107.565,-107.565,0
12:25:11,-107.986,-107.986,0
12:25:11,-108.408,-108.408,0
12:25:11,-108.833,-108.833,0
12:25:11,-109.258,-109.258,0
12:25:11,-109.686,-109.686,0
12:25:11,-110.114,-110.114,0
12:25:11,-110.545,-110.545,0
12:25:11,-110.977,-110.977,0
