Time,Position_BTC,PnL_USD
22:13:36,0.01,0
22:13:36,0.02,0
22:13:36,0.03,0
22:13:36,0.04,1.45519e-13
22:13:36,0.05,2.91038e-13
22:13:36,0.06,4.36557e-13
22:13:36,0.07,5.82077e-13
22:13:36,0.08,7.27596e-13
22:13:36,0.09,8.73115e-13
22:13:36,0.1,1.16415e-12
22:13:36,0.11,1.45519e-12
22:13:36,0.12,1.74623e-12
22:13:36,0.13,2.03727e-12
22:13:36,0.14,2.32831e-12
22:13:36,0.15,2.47383e-12
22:13:36,0.16,2.61934e-12
22:13:36,0.17,2.76486e-12
22:13:36,0.18,2.76486e-12
22:13:36,0.19,2.61934e-12
22:13:36,0.2,2.47383e-12
22:13:36,0.21,2.32831e-12
22:13:36,0.22,2.03727e-12
22:13:36,0.23,1.74623e-12
22:13:36,0.24,1.45519e-12
22:13:36,0.25,1.01863e-12
22:13:36,0.26,7.27596e-13
22:13:36,0.27,4.36557e-13
22:13:36,0.28,2.52435e-29
22:13:36,0.29,-4.36557e-13
22:13:36,0.3,-8.73115e-13
22:13:36,0.31,-1.30967e-12
22:13:36,0.32,-1.74623e-12
22:13:36,0.33,-2.18279e-12
22:13:36,0.34,-2.61934e-12
22:13:36,0.35,-3.0559e-12
22:13:36,0.36,-3.49246e-12
22:13:36,0.37,-3.92902e-12
22:13:36,0.38,-4.51109e-12
22:13:36,0.39,-5.23869e-12
22:13:36,0.4,-6.1118e-12
22:13:36,0.41,-6.98492e-12
22:13:36,0.42,-7.85803e-12
22:13:36,0.43,-8.73115e-12
22:13:36,0.44,-9.45874e-12
22:13:36,0.45,-1.01863e-11
22:13:36,0.46,-1.09139e-11
22:13:36,0.47,-1.16415e-11
22:13:36,0.48,-1.23691e-11
22:13:36,0.49,-1.30967e-11
22:13:36,0.5,-1.38243e-11
22:13:36,0.51,-1.45519e-11
22:13:36,0.52,-1.52795e-11
22:13:36,0.53,-1.60071e-11
22:13:36,0.54,-1.67347e-11
22:13:36,0.55,-1.74623e-11
22:13:36,0.56,-1.81899e-11
22:13:36,0.57,-1.89175e-11
22:13:36,0.58,-1.96451e-11
22:13:36,0.59,-2.03727e-11
22:13:36,0.6,-2.11003e-11
22:13:36,0.61,-2.18279e-11
22:13:36,0.62,-2.25555e-11
22:13:36,0.63,-2.32831e-11
22:13:36,0.64,-2.40107e-11
22:13:36,0.65,-2.47383e-11
22:13:36,0.66,-2.54659e-11
22:13:36,0.67,-2.61934e-11
22:13:36,0.68,-2.6921e-11
22:13:36,0.69,-2.76486e-11
22:13:36,0.7,-2.83762e-11
22:13:36,0.71,-2.91038e-11
22:13:36,0.72,-2.98314e-11
22:13:36,0.73,-3.0559e-11
22:13:36,0.74,-3.12866e-11
22:13:36,0.75,-3.20142e-11
22:13:36,0.76,-3.25963e-11
22:13:36,0.77,-3.31784e-11
22:13:36,0.78,-3.37604e-11
22:13:36,0.79,-3.43425e-11
22:13:36,0.8,-3.49246e-11
22:13:36,0.81,-3.55067e-11
22:13:36,0.82,-3.59432e-11
22:13:36,0.83,-3.63798e-11
22:13:36,0.84,-3.68163e-11
22:13:36,0.85,-3.72529e-11
22:13:36,0.86,-3.76895e-11
22:13:36,0.87,-3.8126e-11
22:13:36,0.88,-3.85626e-11
22:13:36,0.89,-3.88536e-11
22:13:36,0.9,-3.91447e-11
22:13:36,0.91,-3.94357e-11
22:13:36,0.92,-3.97267e-11
22:13:36,0.93,-4.00178e-11
22:13:36,0.94,-4.03088e-11
22:13:36,0.95,-4.05998e-11
22:13:36,0.96,-4.08909e-11
22:13:36,0.97,-4.11819e-11
22:13:36,0.98,-4.16185e-11
22:13:36,0.99,-4.2055e-11
22:13:36,1,-4.24916e-11
22:13:36,1.01,-4.29281e-11
22:13:36,1.02,-4.33647e-11
22:13:36,1.01,-0.05135
22:13:36,1,-0.103208
22:13:36,0.99,-0.155585
22:13:36,0.98,-0.208491
22:13:36,0.97,-0.261937
22:13:36,0.96,-0.315934
22:13:36,0.95,-0.370494
22:13:36,0.94,-0.425627
22:13:36,0.93,-0.481348
22:13:36,0.92,-0.537667
22:13:36,0.91,-0.594598
22:13:36,0.9,-0.626456
22:13:36,0.89,-0.658667
22:13:36,0.88,-0.69124
22:13:36,0.87,-0.724183
22:13:36,0.86,-0.757505
22:13:36,0.85,-0.791214
22:13:36,0.84,-0.82532
22:13:36,0.83,-0.859832
22:13:36,0.82,-0.89476
22:13:36,0.83,-0.885056
22:13:36,0.84,-0.875469
22:13:36,0.85,-0.865997
22:13:36,0.86,-0.856635
22:13:36,0.87,-0.847383
22:13:36,0.88,-0.838237
22:13:36,0.89,-0.829195
22:13:36,0.9,-0.820255
22:13:36,0.91,-0.811413
22:13:36,0.92,-0.802669
22:13:36,0.93,-0.794021
22:13:36,0.94,-0.785465
22:13:36,0.95,-0.777
22:13:36,0.96,-0.768624
22:13:36,0.97,-0.760335
22:13:36,0.98,-0.752132
22:13:36,0.99,-0.744013
22:13:36,1,-0.735976
22:13:36,1.01,-0.728019
22:13:36,1.02,-0.72014
22:13:36,1.03,-0.712339
22:13:36,1.04,-0.704614
22:13:36,1.05,-0.696963
22:13:36,1.06,-0.689385
22:13:36,1.07,-0.681878
22:13:36,1.08,-0.674442
22:13:37,1.09,-0.667074
22:13:37,1.1,-0.659774
22:13:37,1.11,-0.652541
22:13:37,1.12,-0.645372
22:13:37,1.13,-0.638268
22:13:37,1.14,-0.631226
22:13:37,1.15,-0.624246
22:13:37,1.16,-0.617327
22:13:37,1.17,-0.610468
22:13:37,1.18,-0.603667
22:13:37,1.19,-0.596924
22:13:37,1.2,-0.590237
22:13:37,1.21,-0.583606
22:13:37,1.22,-0.57703
22:13:37,1.23,-0.570508
22:13:37,1.24,-0.564039
22:13:37,1.25,-0.557622
22:13:37,1.26,-0.551257
22:13:37,1.27,-0.544941
22:13:37,1.28,-0.538676
22:13:37,1.29,-0.53246
22:13:37,1.3,-0.526292
22:13:37,1.31,-0.520171
22:13:37,1.32,-0.514097
22:13:37,1.33,-0.508069
22:13:37,1.34,-0.502086
22:13:37,1.35,-0.496148
22:13:37,1.36,-0.490254
22:13:37,1.37,-0.484403
22:13:37,1.38,-0.478595
22:13:37,1.39,-0.472829
22:13:37,1.4,-0.467105
22:13:37,1.41,-0.461421
22:13:37,1.42,-0.455778
22:13:37,1.43,-0.450174
22:13:37,1.44,-0.44461
22:13:37,1.45,-0.439084
22:13:37,1.46,-0.433597
22:13:37,1.47,-0.428147
22:13:37,1.48,-0.422734
22:13:37,1.49,-0.417357
22:13:37,1.5,-0.412017
22:13:37,1.51,-0.406712
22:13:37,1.52,-0.401443
22:13:37,1.53,-0.396208
22:13:37,1.54,-0.391007
22:13:37,1.55,-0.385841
22:13:37,1.56,-0.380707
22:13:37,1.57,-0.375606
22:13:37,1.58,-0.370538
22:13:37,1.59,-0.365502
22:13:37,1.6,-0.360498
22:13:37,1.61,-0.355525
22:13:38,1.62,-0.350582
22:13:38,1.63,-0.345671
22:13:38,1.64,-0.340789
22:13:38,1.65,-0.335937
22:13:38,1.66,-0.331115
22:13:38,1.67,-0.326321
22:13:38,1.68,-0.321557
22:13:38,1.69,-0.31682
22:13:38,1.7,-0.312112
22:13:38,1.71,-0.307432
22:13:38,1.72,-0.302778
22:13:38,1.73,-0.298152
22:13:38,1.74,-0.293553
22:13:38,1.75,-0.28898
22:13:38,1.76,-0.284433
22:13:38,1.77,-0.279912
22:13:38,1.78,-0.275416
22:13:38,1.79,-0.270946
22:13:38,1.8,-0.266501
22:13:38,1.81,-0.26208
22:13:39,1.82,-0.257684
22:13:39,1.83,-0.253312
22:13:39,1.84,-0.248964
22:13:39,1.85,-0.24464
22:13:39,1.86,-0.240339
22:13:39,1.87,-0.236061
22:13:39,1.88,-0.231806
22:13:39,1.89,-0.227573
22:13:39,1.9,-0.223363
22:13:39,1.91,-0.219175
22:13:39,1.92,-0.215009
22:13:39,1.91,-0.219154
22:13:39,1.9,-0.223319
22:13:39,1.89,-0.227507
22:13:39,1.88,-0.231717
22:13:39,1.87,-0.23595
22:13:39,1.86,-0.240205
22:13:39,1.85,-0.244483
22:13:39,1.84,-0.248784
22:13:39,1.83,-0.253108
22:13:39,1.82,-0.257457
22:13:39,1.81,-0.261829
22:13:39,1.8,-0.266225
22:13:39,1.79,-0.270645
22:13:39,1.78,-0.27509
22:13:39,1.77,-0.279561
22:13:39,1.76,-0.284056
22:13:39,1.75,-0.288577
22:13:39,1.74,-0.293124
22:13:39,1.73,-0.302947
22:13:39,1.72,-0.326177
22:13:39,1.71,-0.356592
22:13:39,1.7,-0.389734
22:13:39,1.69,-0.426872
22:13:39,1.68,-0.464229
22:13:39,1.67,-0.501809
22:13:39,1.66,-0.539614
22:13:39,1.65,-0.577646
22:13:39,1.64,-0.615909
22:13:39,1.63,-0.654406
22:13:39,1.62,-0.693138
22:13:39,1.61,-0.73211
22:13:39,1.6,-0.771324
22:13:39,1.59,-0.810782
22:13:39,1.58,-0.850489
22:13:39,1.57,-0.890447
22:13:39,1.56,-0.93066
22:13:39,1.55,-1.00313
22:13:39,1.54,-1.07607
22:13:39,1.53,-1.14948
22:13:39,1.52,-1.22337
22:13:39,1.51,-1.29775
22:13:39,1.5,-1.37262
22:13:39,1.49,-1.44799
22:13:39,1.48,-1.52386
22:13:39,1.47,-1.60025
22:13:39,1.46,-1.67716
22:13:39,1.45,-1.75459
22:13:39,1.44,-1.83256
22:13:39,1.43,-1.91107
22:13:39,1.42,-1.99013
22:13:39,1.41,-2.0698
22:13:39,1.4,-2.16478
22:13:39,1.39,-2.26644
22:13:39,1.38,-2.36883
22:13:39,1.37,-2.47196
22:13:39,1.36,-2.57584
22:13:39,1.35,-2.68049
22:13:39,1.34,-2.78592
22:13:39,1.33,-2.89213
22:13:39,1.32,-2.99914
22:13:39,1.31,-3.10696
22:13:39,1.3,-3.2156
22:13:39,1.29,-3.32508
22:13:39,1.28,-3.45621
22:13:39,1.27,-3.58836
22:13:39,1.26,-3.72155
22:13:39,1.25,-3.8558
22:13:39,1.24,-3.99112
22:13:39,1.23,-4.12754
22:13:39,1.22,-4.26506
22:13:39,1.21,-4.40371
22:13:39,1.2,-4.54351
22:13:39,1.19,-4.68447
22:13:39,1.18,-4.82662
22:13:39,1.17,-4.96997
22:13:39,1.16,-5.11455
22:13:39,1.15,-5.26037
22:13:39,1.14,-5.40746
22:13:39,1.13,-5.55584
22:13:39,1.12,-5.70554
22:13:39,1.11,-5.85657
22:13:40,1.1,-6.00896
22:13:40,1.09,-6.16274
22:13:40,1.08,-6.31792
22:13:40,1.07,-6.47455
22:13:40,1.06,-6.63264
22:13:40,1.05,-6.79222
22:13:40,1.04,-6.95332
22:13:40,1.03,-7.11596
22:13:40,1.02,-7.28019
22:13:40,1.01,-7.44603
22:13:40,1,-7.61351
22:13:40,0.99,-7.78266
22:13:40,0.98,-7.95353
22:13:40,0.97,-8.12613
22:13:40,0.96,-8.30052
22:13:40,0.95,-8.47672
22:13:40,0.94,-8.65478
22:13:40,0.93,-8.83473
22:13:40,0.92,-9.01662
22:13:40,0.91,-9.20048
22:13:40,0.9,-9.38636
22:13:40,0.89,-9.57431
22:13:40,0.88,-9.76438
22:13:40,0.87,-9.9566
22:13:40,0.86,-10.151
22:13:40,0.85,-10.3477
22:13:40,0.84,-10.5467
22:13:40,0.83,-10.7481
22:13:40,0.82,-10.961
22:13:40,0.81,-11.1764
22:13:40,0.8,-11.3946
22:13:40,0.79,-11.6154
22:13:40,0.78,-11.839
22:13:40,0.77,-12.0655
22:13:40,0.76,-12.2949
22:13:40,0.75,-12.5274
22:13:40,0.74,-12.772
22:13:40,0.73,-13.0199
22:13:40,0.72,-13.2712
22:13:40,0.71,-13.526
22:13:40,0.7,-13.7844
22:13:40,0.69,-14.0465
22:13:40,0.68,-14.3138
22:13:40,0.67,-14.5991
22:13:40,0.66,-14.8886
22:13:40,0.65,-15.1826
22:13:40,0.64,-15.4811
22:13:40,0.63,-15.7842
22:13:40,0.62,-16.0921
22:13:40,0.61,-16.4051
22:13:40,0.6,-16.7386
22:13:40,0.59,-17.0777
22:13:40,0.58,-17.4226
22:13:40,0.57,-17.7734
22:13:40,0.56,-18.1303
22:13:40,0.55,-18.4936
22:13:40,0.54,-18.8636
22:13:41,0.53,-19.2404
22:13:41,0.52,-19.6242
22:13:41,0.51,-20.0155
22:13:41,0.5,-20.4145
22:13:41,0.49,-20.8214
22:13:41,0.48,-21.2366
22:13:41,0.47,-21.6605
22:13:41,0.46,-22.0934
22:13:41,0.45,-22.5357
22:13:41,0.44,-22.9879
22:13:41,0.43,-23.4503
22:13:41,0.42,-23.9234
22:13:41,0.41,-24.4079
22:13:41,0.4,-24.9041
22:13:41,0.39,-25.4128
22:13:41,0.38,-25.9345
22:13:41,0.37,-26.4699
22:13:41,0.36,-27.0198
22:13:41,0.35,-27.585
22:13:41,0.34,-28.1663
22:13:41,0.33,-28.7647
22:13:41,0.32,-29.3813
22:13:41,0.31,-30.0171
22:13:41,0.3,-30.6734
22:13:41,0.29,-31.3517
22:13:41,0.28,-32.0533
22:13:41,0.27,-32.7799
22:13:41,0.26,-33.5335
22:13:41,0.25,-34.316
22:13:41,0.24,-35.1299
22:13:41,0.23,-35.9776
22:13:41,0.22,-36.8623
22:13:41,0.21,-37.7871
22:13:41,0.2,-38.756
22:13:41,0.19,-39.7733
22:13:41,0.18,-40.8441
22:13:41,0.17,-41.9745
22:13:41,0.16,-43.1713
22:13:41,0.15,-44.443
22:13:41,0.14,-45.7994
22:13:41,0.13,-47.2527
22:13:41,0.12,-48.8178
22:13:41,0.11,-50.5133
22:13:41,0.1,-52.363
22:13:41,0.09,-54.3976
22:13:41,0.08,-56.6583
22:13:41,0.07,-59.2016
22:13:41,0.06,-62.1082
22:13:41,0.05,-65.4993
22:13:41,0.04,-69.5685
22:13:41,0.03,-74.6551
22:13:41,0.02,-81.4372
22:13:42,0.01,-91.6275
22:13:42,-8.67362e-17,-112.014
22:13:42,-0.01,801.598
22:13:42,-0.02,801.598
22:13:42,-0.03,801.598
22:13:42,-0.04,801.598
22:13:42,-0.05,801.598
22:13:42,-0.06,801.598
22:13:42,-0.07,801.598
22:13:42,-0.08,801.598
22:13:42,-0.09,801.598
22:13:42,-0.1,801.598
22:13:42,-0.11,801.598
22:13:42,-0.12,801.575
22:13:42,-0.13,801.554
22:13:42,-0.14,801.535
22:13:42,-0.15,801.517
22:13:42,-0.16,801.5
22:13:42,-0.17,801.484
22:13:42,-0.18,801.47
22:13:42,-0.19,801.456
22:13:42,-0.2,801.443
22:13:42,-0.21,801.43
22:13:42,-0.22,801.418
22:13:42,-0.23,801.407
22:13:42,-0.24,801.396
22:13:42,-0.25,801.385
22:13:42,-0.26,801.375
22:13:42,-0.27,801.366
22:13:42,-0.28,801.356
22:13:42,-0.29,801.347
22:13:42,-0.3,801.339
22:13:42,-0.31,801.33
22:13:42,-0.32,801.322
22:13:42,-0.33,801.315
22:13:42,-0.34,801.307
22:13:42,-0.35,801.3
22:13:42,-0.36,801.292
22:13:42,-0.37,801.285
22:13:42,-0.38,801.279
22:13:42,-0.39,801.272
22:13:42,-0.4,801.266
22:13:42,-0.41,801.259
22:13:42,-0.42,801.253
22:13:42,-0.43,801.247
22:13:42,-0.44,801.241
22:13:42,-0.45,801.236
22:13:42,-0.46,801.23
22:13:42,-0.47,801.225
22:13:42,-0.48,801.219
22:13:42,-0.49,801.214
22:13:42,-0.5,801.209
22:13:42,-0.51,801.204
22:13:42,-0.52,801.199
22:13:42,-0.53,801.194
22:13:42,-0.54,801.19
22:13:42,-0.55,801.185
22:13:42,-0.56,801.18
22:13:42,-0.57,801.176
22:13:42,-0.58,801.171
22:13:42,-0.59,801.167
22:13:42,-0.6,801.163
22:13:42,-0.61,801.159
22:13:42,-0.62,801.155
22:13:43,-0.63,801.151
22:13:43,-0.64,801.147
22:13:43,-0.65,801.143
22:13:43,-0.66,801.139
22:13:43,-0.67,801.135
22:13:43,-0.68,801.131
22:13:43,-0.69,801.128
22:13:43,-0.7,801.124
22:13:43,-0.71,801.12
22:13:43,-0.72,801.117
22:13:43,-0.73,801.113
22:13:43,-0.74,801.11
22:13:43,-0.75,801.106
22:13:43,-0.76,801.103
22:13:43,-0.77,801.1
22:13:43,-0.78,801.097
22:13:43,-0.79,801.093
22:13:43,-0.8,801.09
22:13:43,-0.81,801.087
22:13:43,-0.82,801.084
22:13:43,-0.83,801.081
22:13:43,-0.84,801.078
22:13:43,-0.85,801.075
22:13:43,-0.86,801.072
22:13:43,-0.87,801.069
22:13:43,-0.88,801.066
22:13:43,-0.89,801.063
22:13:44,-0.9,801.06
22:13:44,-0.91,801.058
22:13:44,-0.92,801.055
22:13:44,-0.93,801.052
22:13:44,-0.94,801.049
22:13:44,-0.95,801.047
22:13:44,-0.96,801.044
22:13:44,-0.97,801.042
22:13:44,-0.98,801.039
22:13:44,-0.99,801.036
22:13:44,-1,801.034
22:13:44,-1.01,801.031
22:13:44,-1.02,801.029
22:13:44,-1.03,801.026
22:13:44,-1.04,801.024
22:13:44,-1.05,801.022
22:13:44,-1.06,801.019
22:13:44,-1.07,801.017
22:13:44,-1.08,801.015
22:13:44,-1.09,801.012
22:13:44,-1.1,801.01
22:13:44,-1.11,801.008
22:13:44,-1.12,801.005
22:13:44,-1.13,801.003
22:13:44,-1.14,801.001
22:13:44,-1.15,800.999
22:13:44,-1.16,800.996
22:13:44,-1.17,800.994
22:13:44,-1.18,800.992
22:13:44,-1.19,800.99
22:13:44,-1.2,800.988
22:13:44,-1.21,800.986
22:13:45,-1.22,800.984
22:13:45,-1.23,800.982
22:13:45,-1.24,800.98
22:13:45,-1.25,800.978
22:13:45,-1.26,800.976
22:13:45,-1.27,800.974
22:13:45,-1.28,800.972
22:13:45,-1.29,800.97
22:13:45,-1.3,800.968
22:13:45,-1.31,800.966
22:13:45,-1.32,800.964
22:13:45,-1.33,800.962
22:13:45,-1.34,800.96
22:13:45,-1.35,800.958
22:13:45,-1.36,800.956
22:13:45,-1.37,800.955
22:13:45,-1.38,800.953
22:13:45,-1.39,800.951
22:13:45,-1.4,800.949
22:13:45,-1.41,800.947
22:13:45,-1.42,800.946
22:13:45,-1.43,800.944
22:13:45,-1.44,800.942
22:13:45,-1.45,800.94
22:13:45,-1.46,800.939
22:13:45,-1.47,800.937
22:13:45,-1.48,800.935
22:13:45,-1.49,800.933
22:13:45,-1.5,800.932
22:13:46,-1.51,800.93
22:13:46,-1.52,800.928
22:13:46,-1.53,800.927
22:13:46,-1.54,800.925
22:13:46,-1.55,800.924
22:13:46,-1.56,800.922
22:13:46,-1.57,800.92
22:13:46,-1.58,800.919
22:13:46,-1.59,800.917
22:13:46,-1.6,800.916
22:13:46,-1.61,800.914
22:13:46,-1.62,800.912
22:13:46,-1.63,800.911
22:13:46,-1.64,800.909
22:13:46,-1.65,800.908
22:13:46,-1.66,800.906
22:13:46,-1.67,800.905
22:13:46,-1.68,800.903
22:13:46,-1.69,800.902
22:13:47,-1.7,800.9
22:13:47,-1.71,800.899
22:13:47,-1.72,800.897
22:13:47,-1.73,800.896
22:13:47,-1.74,800.894
22:13:47,-1.75,800.893
22:13:47,-1.76,800.892
22:13:47,-1.77,800.89
22:13:47,-1.78,800.889
22:13:48,-1.79,800.887
22:13:48,-1.8,800.886
22:13:48,-1.81,800.885
22:13:48,-1.82,800.883
22:13:48,-1.83,800.882
22:13:48,-1.84,800.88
22:13:48,-1.85,800.879
22:13:48,-1.86,800.878
22:13:48,-1.87,800.876
22:13:48,-1.88,800.875
22:13:48,-1.89,800.874
22:13:48,-1.9,800.872
22:13:48,-1.91,800.871
22:13:48,-1.92,800.87
22:13:49,-1.93,800.868
22:13:49,-1.94,800.867
22:13:49,-1.95,800.866
22:13:49,-1.96,800.865
22:13:49,-1.97,800.863
22:13:49,-1.98,800.862
22:13:49,-1.99,800.861
22:13:49,-2,800.859
22:13:49,-2.01,800.858
22:13:49,-2.02,800.857
22:13:49,-2.03,800.856
22:13:49,-2.04,800.854
22:13:49,-2.05,800.853
22:13:49,-2.06,800.852
22:13:49,-2.07,800.851
22:13:49,-2.08,800.85
22:13:49,-2.09,800.848
22:13:49,-2.1,800.847
22:13:49,-2.11,800.846
22:13:49,-2.12,800.845
22:13:49,-2.13,800.844
22:13:49,-2.14,800.842
22:13:50,-2.15,800.841
22:13:50,-2.16,800.84
22:13:50,-2.17,800.839
22:13:50,-2.18,800.838
22:13:50,-2.19,800.837
22:13:50,-2.2,800.835
22:13:50,-2.21,800.834
22:13:50,-2.22,800.833
22:13:50,-2.23,800.832
22:13:50,-2.24,800.831
22:13:50,-2.25,800.83
22:13:50,-2.26,800.829
22:13:50,-2.27,800.828
22:13:50,-2.28,800.826
22:13:50,-2.29,800.825
22:13:50,-2.28,800.826
22:13:50,-2.27,800.828
22:13:50,-2.26,800.829
22:13:50,-2.25,800.83
22:13:50,-2.24,800.831
22:13:50,-2.23,800.832
22:13:50,-2.22,800.833
22:13:50,-2.21,800.834
22:13:50,-2.2,800.835
22:13:50,-2.19,800.837
22:13:50,-2.18,800.838
22:13:50,-2.17,800.839
22:13:50,-2.16,800.84
22:13:51,-2.15,800.841
22:13:51,-2.14,800.842
22:13:51,-2.13,800.844
22:13:51,-2.12,800.845
22:13:51,-2.11,800.846
22:13:51,-2.1,800.847
22:13:51,-2.09,800.848
22:13:51,-2.08,800.849
22:13:51,-2.07,800.851
22:13:51,-2.06,800.852
22:13:51,-2.05,800.853
22:13:51,-2.04,800.854
22:13:51,-2.03,800.856
22:13:51,-2.02,800.857
22:13:51,-2.01,800.858
22:13:51,-2,800.859
22:13:51,-1.99,800.861
22:13:51,-1.98,800.862
22:13:51,-1.97,800.863
22:13:51,-1.96,800.864
22:13:52,-1.95,800.866
22:13:52,-1.94,800.867
22:13:52,-1.93,800.868
22:13:52,-1.92,800.869
22:13:52,-1.91,800.871
22:13:52,-1.9,800.872
22:13:52,-1.89,800.873
22:13:52,-1.88,800.875
22:13:52,-1.87,800.876
22:13:52,-1.86,800.877
22:13:52,-1.85,800.879
22:13:52,-1.84,800.88
22:13:52,-1.83,800.881
22:13:52,-1.82,800.883
22:13:52,-1.81,800.884
22:13:52,-1.8,800.886
22:13:52,-1.79,800.887
22:13:52,-1.78,800.888
22:13:52,-1.77,800.89
22:13:52,-1.76,800.891
22:13:52,-1.75,800.893
22:13:52,-1.74,800.894
22:13:52,-1.73,800.896
22:13:52,-1.72,800.897
22:13:52,-1.71,800.898
22:13:52,-1.7,800.9
22:13:52,-1.69,800.901
22:13:52,-1.68,800.903
22:13:52,-1.67,800.904
22:13:52,-1.66,800.906
22:13:52,-1.65,800.907
22:13:52,-1.64,800.909
22:13:52,-1.63,800.91
22:13:52,-1.62,800.912
22:13:52,-1.61,800.913
22:13:52,-1.6,800.915
22:13:52,-1.59,800.916
22:13:52,-1.58,800.918
22:13:52,-1.57,800.919
22:13:52,-1.56,800.903
22:13:52,-1.55,800.867
22:13:52,-1.54,800.777
22:13:52,-1.53,800.687
22:13:52,-1.52,800.596
22:13:52,-1.51,800.504
22:13:52,-1.5,800.412
22:13:52,-1.49,800.319
22:13:52,-1.48,800.225
22:13:52,-1.47,800.131
22:13:52,-1.46,800.036
22:13:52,-1.45,799.941
22:13:52,-1.44,799.844
22:13:52,-1.43,799.748
22:13:52,-1.42,799.65
22:13:52,-1.41,799.552
22:13:52,-1.4,799.453
22:13:52,-1.39,799.354
22:13:52,-1.38,799.253
22:13:52,-1.37,799.152
22:13:52,-1.36,799.05
22:13:52,-1.35,798.948
22:13:52,-1.34,798.845
22:13:52,-1.35,798.949
22:13:52,-1.36,799.052
22:13:52,-1.37,799.154
22:13:52,-1.38,799.256
22:13:52,-1.39,799.357
22:13:52,-1.4,799.458
22:13:52,-1.41,799.557
22:13:52,-1.42,799.656
22:13:52,-1.43,799.754
22:13:52,-1.44,799.852
22:13:52,-1.45,799.948
22:13:52,-1.46,800.045
22:13:52,-1.47,800.14
22:13:52,-1.48,800.235
22:13:52,-1.47,800.132
22:13:52,-1.46,800.022
22:13:52,-1.47,800.136
22:13:52,-1.46,800.023
22:13:52,-1.45,799.909
22:13:52,-1.44,799.794
22:13:52,-1.43,799.678
22:13:52,-1.42,799.562
22:13:52,-1.41,799.445
22:13:52,-1.4,799.326
22:13:52,-1.39,799.208
22:13:52,-1.38,799.088
22:13:52,-1.37,798.967
22:13:52,-1.36,798.846
22:13:52,-1.35,798.723
22:13:52,-1.34,798.6
22:13:52,-1.33,798.475
22:13:52,-1.32,798.35
22:13:52,-1.31,798.224
22:13:52,-1.3,798.097
22:13:52,-1.29,797.969
22:13:52,-1.28,797.84
22:13:52,-1.27,797.71
22:13:52,-1.26,797.579
22:13:53,-1.25,797.447
22:13:53,-1.24,797.313
22:13:53,-1.23,797.179
22:13:53,-1.22,797.025
22:13:53,-1.21,796.87
22:13:53,-1.2,796.714
22:13:53,-1.19,796.556
22:13:53,-1.18,796.397
22:13:53,-1.17,796.237
22:13:53,-1.16,796.075
22:13:53,-1.15,795.912
22:13:53,-1.14,795.748
22:13:53,-1.13,795.582
22:13:53,-1.12,795.415
22:13:53,-1.11,795.246
22:13:53,-1.1,795.075
22:13:53,-1.09,794.903
22:13:53,-1.08,794.73
22:13:53,-1.07,794.555
22:13:53,-1.06,794.378
22:13:53,-1.05,794.193
22:13:53,-1.04,793.991
22:13:53,-1.03,793.779
22:13:53,-1.02,793.524
22:13:53,-1.01,793.266
22:13:53,-1,793.006
22:13:53,-0.99,792.743
22:13:53,-0.98,792.478
22:13:53,-0.97,792.21
22:13:53,-0.96,791.939
22:13:53,-0.95,791.666
22:13:53,-0.94,791.389
22:13:53,-0.93,791.11
22:13:53,-0.92,790.827
22:13:53,-0.91,790.542
22:13:53,-0.9,790.253
22:13:53,-0.89,789.961
22:13:53,-0.88,789.666
22:13:53,-0.87,789.368
22:13:53,-0.86,789.066
22:13:53,-0.85,788.76
22:13:53,-0.84,788.451
22:13:53,-0.83,788.139
22:13:53,-0.82,787.822
22:13:53,-0.81,787.502
22:13:53,-0.8,787.178
22:13:53,-0.79,786.849
22:13:53,-0.78,786.517
22:13:53,-0.77,786.18
22:13:53,-0.76,785.839
22:13:53,-0.75,785.493
22:13:53,-0.74,785.143
22:13:53,-0.73,784.788
22:13:53,-0.72,784.422
22:13:53,-0.71,784.05
22:13:53,-0.7,783.674
22:13:53,-0.69,783.292
22:13:53,-0.68,782.905
22:13:53,-0.67,782.512
22:13:53,-0.66,782.113
22:13:53,-0.65,781.708
22:13:53,-0.64,781.297
22:13:53,-0.63,780.879
22:13:53,-0.62,780.455
22:13:53,-0.61,780.024
22:13:53,-0.6,779.586
22:13:53,-0.59,779.14
22:13:53,-0.58,778.687
22:13:53,-0.57,778.227
22:13:53,-0.56,777.758
22:13:53,-0.55,777.281
22:13:53,-0.54,776.795
22:13:53,-0.53,776.3
22:13:53,-0.52,775.795
22:13:53,-0.51,775.282
22:13:53,-0.5,774.751
22:13:53,-0.49,774.21
22:13:53,-0.48,773.658
22:13:53,-0.47,773.095
22:13:53,-0.46,772.52
22:13:53,-0.45,771.932
22:13:53,-0.44,771.331
22:13:53,-0.43,770.716
22:13:53,-0.42,770.087
22:13:53,-0.41,769.443
22:13:53,-0.4,768.784
22:13:53,-0.39,768.107
22:13:53,-0.38,767.414
22:13:53,-0.37,766.702
22:13:53,-0.36,765.971
22:13:53,-0.35,765.22
22:13:53,-0.34,764.447
22:13:53,-0.33,763.647
22:13:53,-0.32,762.808
22:13:53,-0.31,761.93
22:13:53,-0.3,761.025
22:13:53,-0.29,760.089
22:13:53,-0.28,759.121
22:13:53,-0.27,758.118
22:13:53,-0.26,757.078
22:13:53,-0.25,755.999
22:13:53,-0.24,754.876
22:13:53,-0.23,753.706
22:13:53,-0.22,752.485
22:13:53,-0.21,751.209
22:13:53,-0.2,749.872
22:13:53,-0.19,748.469
22:13:53,-0.18,746.991
22:13:53,-0.17,745.432
22:13:53,-0.16,743.78
22:13:53,-0.15,742.025
22:13:53,-0.14,740.154
22:13:53,-0.13,738.149
22:13:53,-0.12,735.989
22:13:53,-0.11,733.65
22:13:53,-0.1,731.097
22:13:53,-0.09,728.29
22:13:53,-0.08,725.171
22:13:53,-0.07,721.661
22:13:53,-0.06,717.651
22:13:53,-0.05,712.972
22:13:53,-0.04,707.357
22:13:53,-0.03,700.339
22:13:53,-0.02,690.981
22:13:53,-0.01,676.944
22:13:53,3.08781e-16,648.87
22:13:53,0.01,-264.993
22:13:53,0.02,-264.993
22:13:53,0.03,-264.993
22:13:53,0.04,-264.993
22:13:53,0.05,-264.993
22:13:53,0.06,-264.993
22:13:53,0.07,-264.993
22:13:53,0.08,-264.993
22:13:53,0.09,-264.993
22:13:53,0.1,-264.993
22:13:53,0.11,-264.993
22:13:53,0.12,-264.993
22:13:53,0.13,-264.993
22:13:53,0.14,-264.993
22:13:53,0.15,-264.993
22:13:53,0.16,-264.993
22:13:53,0.17,-264.993
22:13:53,0.18,-264.993
22:13:53,0.19,-264.993
22:13:53,0.2,-264.993
22:13:53,0.21,-264.993
22:13:53,0.22,-264.993
22:13:53,0.23,-264.993
22:13:53,0.24,-264.993
22:13:53,0.25,-264.993
22:13:53,0.26,-264.993
22:13:53,0.27,-264.993
22:13:53,0.28,-264.993
22:13:53,0.29,-264.993
22:13:53,0.3,-264.993
22:13:53,0.31,-264.993
22:13:53,0.32,-264.993
22:13:53,0.33,-264.993
22:13:53,0.34,-264.993
22:13:53,0.35,-264.993
22:13:53,0.36,-264.993
22:13:53,0.37,-264.993
22:13:53,0.38,-264.993
22:13:53,0.39,-264.993
22:13:53,0.4,-264.993
22:13:53,0.41,-264.993
22:13:53,0.42,-264.993
22:13:53,0.43,-264.994
22:13:53,0.44,-264.994
22:13:53,0.45,-264.994
22:13:53,0.46,-264.994
22:13:53,0.47,-264.994
22:13:53,0.48,-264.994
22:13:53,0.49,-264.994
22:13:53,0.5,-264.994
22:13:53,0.51,-264.994
22:13:53,0.52,-264.999
22:13:53,0.53,-265.022
22:13:53,0.54,-265.054
22:13:53,0.55,-265.093
22:13:53,0.56,-265.14
22:13:53,0.57,-265.196
22:13:53,0.58,-265.257
22:13:53,0.59,-265.321
22:13:53,0.6,-265.384
22:13:53,0.61,-265.446
22:13:53,0.62,-265.506
22:13:53,0.63,-265.566
22:13:53,0.64,-265.625
22:13:53,0.65,-265.683
22:13:53,0.66,-265.74
22:13:53,0.67,-265.796
22:13:53,0.68,-265.851
22:13:53,0.69,-265.906
22:13:53,0.7,-265.96
22:13:53,0.71,-266.013
22:13:53,0.72,-266.065
22:13:53,0.73,-266.116
22:13:53,0.74,-266.167
22:13:53,0.75,-266.217
22:13:53,0.76,-266.267
22:13:53,0.77,-266.316
22:13:53,0.78,-266.364
22:13:53,0.79,-266.411
22:13:53,0.8,-266.458
22:13:53,0.81,-266.504
22:13:53,0.82,-266.55
22:13:53,0.83,-266.595
22:13:53,0.84,-266.64
22:13:53,0.85,-266.684
22:13:53,0.86,-266.728
22:13:53,0.87,-266.771
22:13:53,0.88,-266.814
22:13:53,0.89,-266.856
22:13:53,0.9,-266.897
22:13:53,0.91,-266.939
22:13:53,0.92,-266.979
22:13:53,0.93,-267.02
22:13:53,0.94,-267.059
22:13:53,0.95,-267.099
22:13:53,0.96,-267.138
22:13:53,0.97,-267.177
22:13:53,0.98,-267.215
22:13:53,0.99,-267.253
22:13:53,1,-267.29
22:13:53,1.01,-267.327
22:13:53,1.02,-267.364
22:13:53,1.03,-267.469
22:13:53,1.04,-267.573
22:13:53,1.05,-267.676
22:13:53,1.06,-267.778
22:13:53,1.07,-267.879
22:13:53,1.08,-267.979
22:13:53,1.09,-268.078
22:13:53,1.1,-268.176
22:13:53,1.11,-268.273
22:13:53,1.12,-268.37
22:13:53,1.13,-268.465
22:13:53,1.14,-268.56
22:13:53,1.15,-268.654
22:13:53,1.16,-268.747
22:13:53,1.17,-268.839
22:13:53,1.18,-268.931
22:13:53,1.19,-269.022
22:13:53,1.2,-269.111
22:13:53,1.21,-269.201
22:13:53,1.22,-269.289
22:13:53,1.23,-269.377
22:13:53,1.24,-269.464
22:13:53,1.25,-269.55
22:13:53,1.26,-269.646
22:13:53,1.27,-269.752
22:13:53,1.28,-269.866
22:13:53,1.29,-269.987
22:13:53,1.3,-270.119
22:13:53,1.31,-270.26
22:13:53,1.32,-270.4
22:13:53,1.33,-270.54
22:13:53,1.34,-270.678
22:13:53,1.35,-270.815
22:13:53,1.36,-270.951
22:13:53,1.37,-271.086
22:13:53,1.38,-271.221
22:13:53,1.39,-271.354
22:13:53,1.4,-271.486
22:13:53,1.41,-271.617
22:13:53,1.42,-271.748
22:13:53,1.43,-271.877
22:13:53,1.44,-272.006
22:13:53,1.45,-272.133
22:13:53,1.46,-272.26
22:13:53,1.47,-272.386
22:13:53,1.48,-272.511
22:13:53,1.49,-272.635
22:13:53,1.5,-272.759
22:13:53,1.51,-272.881
22:13:53,1.52,-273.003
22:13:53,1.53,-273.124
22:13:53,1.54,-273.304
22:13:53,1.55,-273.483
22:13:53,1.56,-273.661
22:13:53,1.57,-273.838
22:13:53,1.58,-274.014
22:13:53,1.59,-274.188
22:13:53,1.6,-274.362
22:13:53,1.61,-274.534
22:13:53,1.62,-274.706
22:13:53,1.63,-274.876
22:13:53,1.64,-275.045
22:13:53,1.65,-275.213
22:13:53,1.66,-275.381
22:13:53,1.67,-275.547
22:13:53,1.68,-275.712
22:13:53,1.69,-275.876
22:13:53,1.7,-276.039
22:13:53,1.71,-276.202
22:13:53,1.72,-276.363
22:13:53,1.73,-276.523
22:13:53,1.74,-276.683
22:13:53,1.75,-276.841
22:13:53,1.76,-276.999
22:13:53,1.77,-277.156
22:13:53,1.78,-277.311
22:13:53,1.79,-277.466
22:13:53,1.8,-277.621
22:13:53,1.81,-277.774
22:13:53,1.82,-277.926
22:13:53,1.83,-278.078
22:13:53,1.84,-278.228
22:13:53,1.85,-278.378
22:13:53,1.86,-278.528
22:13:53,1.87,-278.676
22:13:53,1.88,-278.823
22:13:53,1.89,-278.97
22:13:53,1.9,-279.116
22:13:53,1.91,-279.261
22:13:53,1.92,-279.406
22:13:53,1.93,-279.549
22:13:53,1.94,-279.692
22:13:53,1.95,-279.834
22:13:53,1.96,-279.976
22:13:53,1.97,-280.117
22:13:53,1.98,-280.257
22:13:53,1.99,-280.396
22:13:53,2,-280.535
22:13:54,2.01,-280.673
22:13:54,2.02,-280.81
22:13:54,2.03,-280.946
22:13:54,2.04,-281.082
22:13:54,2.05,-281.217
22:13:54,2.06,-281.352
22:13:54,2.07,-281.486
22:13:54,2.08,-281.619
22:13:54,2.09,-281.752
22:13:54,2.1,-281.884
22:13:54,2.11,-282.015
22:13:54,2.12,-282.146
22:13:54,2.13,-282.276
22:13:54,2.14,-282.406
22:13:54,2.15,-282.535
22:13:54,2.16,-282.663
22:13:54,2.17,-282.791
22:13:54,2.18,-282.925
22:13:54,2.19,-283.069
22:13:54,2.2,-283.226
22:13:54,2.21,-283.397
22:13:54,2.22,-283.574
22:13:54,2.23,-283.75
22:13:54,2.24,-283.926
22:13:54,2.25,-284.1
22:13:54,2.26,-284.274
22:13:54,2.27,-284.448
22:13:54,2.28,-284.62
22:13:54,2.29,-284.792
22:13:54,2.3,-284.963
22:13:54,2.31,-285.133
22:13:54,2.32,-285.302
22:13:54,2.33,-285.471
22:13:54,2.34,-285.639
22:13:54,2.35,-285.806
22:13:54,2.36,-285.973
22:13:54,2.37,-286.139
22:13:54,2.38,-286.304
22:13:54,2.39,-286.468
22:13:54,2.4,-286.632
22:13:54,2.41,-286.795
22:13:54,2.42,-286.957
22:13:54,2.43,-287.119
22:13:54,2.44,-287.333
22:13:54,2.45,-287.546
22:13:54,2.46,-287.758
22:13:54,2.47,-287.969
22:13:54,2.48,-288.179
22:13:54,2.49,-288.388
22:13:54,2.5,-288.597
22:13:54,2.51,-288.805
22:13:54,2.52,-289.012
22:13:54,2.53,-289.218
22:13:54,2.54,-289.423
22:13:54,2.55,-289.628
22:13:54,2.56,-289.831
22:13:54,2.57,-290.034
22:13:54,2.58,-290.236
22:13:54,2.59,-290.437
22:13:54,2.6,-290.638
22:13:54,2.61,-290.838
22:13:54,2.62,-291.037
22:13:54,2.63,-291.235
22:13:54,2.64,-291.432
22:13:54,2.65,-291.629
22:13:54,2.66,-291.825
22:13:54,2.67,-292.02
22:13:54,2.68,-292.215
22:13:54,2.69,-292.409
22:13:54,2.7,-292.602
22:13:54,2.71,-292.794
22:13:54,2.72,-292.986
22:13:54,2.73,-293.177
22:13:54,2.74,-293.367
22:13:54,2.75,-293.556
22:13:54,2.76,-293.745
22:13:54,2.77,-293.934
22:13:54,2.78,-294.121
22:13:54,2.79,-294.308
22:13:54,2.8,-294.494
22:13:54,2.81,-294.679
22:13:54,2.82,-294.864
22:13:54,2.83,-295.048
22:13:54,2.84,-295.232
22:13:54,2.85,-295.415
22:13:54,2.86,-295.597
22:13:54,2.87,-295.779
22:13:54,2.88,-295.96
22:13:54,2.89,-296.14
22:13:54,2.9,-296.32
22:13:54,2.91,-296.499
22:13:54,2.92,-296.677
22:13:54,2.93,-296.855
22:13:54,2.94,-297.032
22:13:54,2.95,-297.209
22:13:54,2.96,-297.385
22:13:54,2.97,-297.56
22:13:54,2.98,-297.735
22:13:54,2.99,-297.91
22:13:54,3,-298.083
22:13:54,3.01,-298.256
22:13:54,3.02,-298.429
22:13:54,3.03,-298.601
22:13:54,3.04,-298.772
22:13:54,3.05,-298.943
22:13:54,3.06,-299.113
22:13:54,3.07,-299.283
22:13:54,3.08,-299.452
22:13:54,3.09,-299.621
22:13:54,3.1,-299.789
22:13:54,3.11,-299.957
22:13:54,3.12,-300.124
22:13:54,3.13,-300.29
22:13:54,3.14,-300.456
22:13:54,3.15,-300.621
22:13:54,3.16,-300.786
22:13:54,3.17,-300.951
22:13:54,3.18,-301.114
22:13:54,3.19,-301.278
22:13:54,3.2,-301.441
22:13:54,3.21,-301.603
22:13:54,3.22,-301.765
22:13:54,3.23,-301.926
22:13:54,3.24,-302.087
22:13:54,3.25,-302.247
22:13:54,3.26,-302.407
22:13:54,3.27,-302.566
22:13:54,3.28,-302.725
22:13:54,3.29,-302.883
22:13:54,3.3,-303.041
22:13:54,3.31,-303.199
22:13:54,3.32,-303.355
22:13:54,3.33,-303.512
22:13:54,3.34,-303.668
22:13:54,3.35,-303.823
22:13:54,3.36,-303.978
22:13:54,3.37,-304.133
22:13:54,3.38,-304.287
22:13:54,3.39,-304.441
22:13:54,3.4,-304.594
22:13:54,3.41,-304.747
22:13:54,3.42,-304.899
22:13:54,3.43,-305.051
22:13:54,3.44,-305.202
22:13:54,3.45,-305.353
22:13:54,3.46,-305.504
22:13:54,3.47,-305.654
22:13:54,3.48,-305.803
22:13:54,3.49,-305.953
22:13:54,3.5,-306.102
22:13:54,3.51,-306.25
22:13:54,3.52,-306.398
22:13:54,3.53,-306.545
22:13:54,3.54,-306.693
22:13:54,3.55,-306.839
22:13:54,3.56,-306.986
22:13:55,3.57,-307.131
22:13:55,3.58,-307.277
22:13:55,3.59,-307.422
22:13:55,3.6,-307.567
22:13:55,3.61,-307.711
22:13:55,3.62,-307.855
22:13:55,3.63,-307.998
22:13:55,3.64,-308.141
22:13:55,3.65,-308.284
22:13:55,3.66,-308.426
22:13:55,3.67,-308.568
22:13:55,3.68,-308.71
22:13:55,3.69,-308.851
22:13:55,3.7,-308.992
22:13:55,3.71,-309.132
22:13:55,3.72,-309.272
22:13:55,3.73,-309.412
22:13:55,3.74,-309.551
22:13:55,3.75,-309.69
22:13:55,3.76,-309.828
22:13:55,3.77,-309.966
22:13:55,3.78,-310.104
22:13:55,3.79,-310.241
22:13:55,3.8,-310.378
22:13:55,3.81,-310.515
22:13:55,3.82,-310.651
22:13:55,3.83,-310.787
22:13:55,3.84,-310.923
22:13:55,3.85,-311.058
22:13:55,3.86,-311.193
22:13:55,3.87,-311.328
22:13:55,3.88,-311.462
22:13:55,3.89,-311.596
22:13:55,3.9,-311.729
22:13:55,3.91,-311.862
22:13:55,3.92,-311.995
22:13:55,3.93,-312.128
22:13:55,3.94,-312.26
22:13:55,3.95,-312.392
22:13:55,3.96,-312.523
22:13:56,3.97,-312.654
22:13:56,3.98,-312.785
22:13:56,3.99,-312.916
22:13:56,4,-313.046
22:13:56,4.01,-313.176
22:13:56,4.02,-313.305
22:13:56,4.03,-313.434
22:13:56,4.04,-313.563
22:13:56,4.05,-313.692
22:13:56,4.06,-313.82
22:13:56,4.07,-313.948
22:13:56,4.08,-314.076
22:13:56,4.09,-314.203
22:13:56,4.1,-314.33
22:13:56,4.11,-314.457
22:13:56,4.12,-314.583
22:13:56,4.13,-314.709
22:13:56,4.14,-314.835
22:13:56,4.15,-314.96
22:13:56,4.16,-315.086
22:13:56,4.17,-315.211
22:13:56,4.18,-315.341
22:13:56,4.19,-315.483
22:13:56,4.2,-315.625
22:13:56,4.21,-315.768
22:13:56,4.22,-315.91
22:13:56,4.23,-316.051
22:13:56,4.24,-316.192
22:13:56,4.25,-316.333
22:13:56,4.26,-316.474
22:13:56,4.27,-316.614
22:13:56,4.28,-316.754
22:13:56,4.29,-316.894
22:13:56,4.3,-317.033
22:13:56,4.31,-317.172
22:13:56,4.32,-317.31
22:13:56,4.33,-317.449
22:13:56,4.34,-317.587
22:13:56,4.35,-317.724
22:13:56,4.36,-317.862
22:13:56,4.37,-318.017
22:13:56,4.38,-318.173
22:13:56,4.39,-318.328
22:13:56,4.4,-318.482
22:13:56,4.41,-318.636
22:13:56,4.42,-318.79
22:13:56,4.43,-318.944
22:13:56,4.44,-319.097
22:13:56,4.45,-319.25
22:13:56,4.46,-319.402
22:13:56,4.47,-319.554
22:13:56,4.48,-319.706
22:13:56,4.49,-319.858
22:13:56,4.5,-320.009
22:13:56,4.51,-320.16
22:13:56,4.52,-320.31
22:13:56,4.53,-320.46
22:13:56,4.54,-320.61
22:13:56,4.55,-320.759
22:13:56,4.56,-320.909
22:13:56,4.57,-321.057
22:13:56,4.58,-321.206
22:13:56,4.59,-321.354
22:13:57,4.6,-321.502
22:13:57,4.61,-321.649
22:13:57,4.62,-321.797
22:13:57,4.63,-321.943
22:13:57,4.64,-322.09
22:13:57,4.65,-322.236
22:13:57,4.66,-322.382
22:13:57,4.67,-322.528
22:13:57,4.68,-322.673
22:13:57,4.69,-322.818
22:13:57,4.7,-322.963
22:13:57,4.71,-323.107
22:13:57,4.72,-323.251
22:13:57,4.73,-323.395
22:13:57,4.74,-323.538
22:13:57,4.75,-323.682
22:13:57,4.76,-323.824
22:13:57,4.77,-323.967
22:13:57,4.78,-324.109
22:13:57,4.79,-324.251
22:13:57,4.8,-324.393
22:13:57,4.81,-324.535
22:13:57,4.82,-324.682
22:13:57,4.83,-324.829
22:13:57,4.84,-324.976
22:13:57,4.85,-325.129
22:13:57,4.86,-325.281
22:13:57,4.87,-325.434
22:13:57,4.88,-325.586
22:13:57,4.89,-325.737
22:13:57,4.9,-325.889
22:13:57,4.91,-326.039
22:13:57,4.92,-326.19
22:13:57,4.93,-326.341
22:13:57,4.94,-326.491
22:13:57,4.95,-326.64
22:13:57,4.96,-326.79
22:13:57,4.97,-326.939
22:13:57,4.98,-327.088
22:13:57,4.99,-327.236
22:13:57,5,-327.385
22:13:57,5.01,-327.533
22:13:58,5.02,-327.68
22:13:58,5.03,-327.828
22:13:58,5.04,-327.975
22:13:58,5.05,-328.122
22:13:58,5.06,-328.268
22:13:58,5.07,-328.414
22:13:58,5.08,-328.56
22:13:58,5.09,-328.706
22:13:58,5.1,-328.851
22:13:58,5.11,-328.997
22:13:58,5.12,-329.141
22:13:58,5.13,-329.286
22:13:58,5.14,-329.43
22:13:58,5.15,-329.574
22:13:58,5.16,-329.718
22:13:58,5.17,-329.861
22:13:58,5.18,-330.013
22:13:58,5.19,-330.176
22:13:58,5.2,-330.347
22:13:58,5.21,-330.525
22:13:58,5.22,-330.703
22:13:58,5.23,-330.881
22:13:58,5.24,-331.058
22:13:58,5.25,-331.235
22:13:58,5.26,-331.412
22:13:58,5.27,-331.588
22:13:58,5.28,-331.764
22:13:58,5.29,-331.94
22:13:58,5.3,-332.115
22:13:58,5.31,-332.29
22:13:58,5.32,-332.465
22:13:58,5.33,-332.639
22:13:58,5.34,-332.813
22:13:58,5.35,-332.987
22:13:58,5.36,-333.16
22:13:58,5.37,-333.369
22:13:58,5.38,-333.578
22:13:58,5.39,-333.786
22:13:58,5.4,-333.994
22:13:58,5.41,-334.202
22:13:58,5.42,-334.409
22:13:58,5.43,-334.616
22:13:58,5.44,-334.822
22:13:58,5.45,-335.028
22:13:58,5.46,-335.234
22:13:58,5.47,-335.439
22:13:58,5.48,-335.644
22:13:58,5.49,-335.849
22:13:58,5.5,-336.053
22:13:58,5.51,-336.257
22:13:58,5.52,-336.46
22:13:58,5.53,-336.663
22:13:58,5.54,-336.866
22:13:58,5.55,-337.069
22:13:58,5.56,-337.27
22:13:58,5.57,-337.472
22:13:58,5.58,-337.673
22:13:58,5.59,-337.874
22:13:58,5.6,-338.075
22:13:58,5.61,-338.275
22:13:58,5.62,-338.475
22:13:58,5.63,-338.674
22:13:58,5.64,-338.873
22:13:58,5.65,-339.072
22:13:58,5.66,-339.271
22:13:58,5.67,-339.469
22:13:58,5.68,-339.666
22:13:58,5.69,-339.864
22:13:58,5.7,-340.061
22:13:58,5.71,-340.257
22:13:58,5.72,-340.454
22:13:58,5.73,-340.65
22:13:58,5.74,-340.845
22:13:58,5.75,-341.041
22:13:58,5.76,-341.236
22:13:58,5.77,-341.43
22:13:58,5.78,-341.624
22:13:58,5.79,-341.818
22:13:58,5.8,-342.012
22:13:58,5.81,-342.205
22:13:58,5.82,-342.398
22:13:58,5.83,-342.591
22:13:58,5.84,-342.783
22:13:58,5.85,-342.975
22:13:58,5.86,-343.167
22:13:58,5.87,-343.358
22:13:58,5.88,-343.549
22:13:58,5.89,-343.74
22:13:58,5.9,-343.93
22:13:58,5.91,-344.12
22:13:58,5.92,-344.31
22:13:58,5.93,-344.499
22:13:58,5.94,-344.688
22:13:58,5.95,-344.877
22:13:58,5.96,-345.065
22:13:58,5.97,-345.253
22:13:58,5.98,-345.441
22:13:59,5.99,-345.628
22:13:59,6,-345.816
22:13:59,6.01,-346.002
22:13:59,6.02,-346.189
22:13:59,6.03,-346.375
22:13:59,6.04,-346.561
22:13:59,6.05,-346.747
22:13:59,6.06,-346.932
22:13:59,6.07,-347.117
22:13:59,6.08,-347.302
22:13:59,6.09,-347.486
22:13:59,6.1,-347.67
22:13:59,6.11,-347.854
22:13:59,6.12,-348.037
22:13:59,6.13,-348.22
22:13:59,6.14,-348.403
22:13:59,6.15,-348.586
22:13:59,6.16,-348.768
22:13:59,6.17,-348.95
22:13:59,6.18,-349.132
22:13:59,6.19,-349.313
22:13:59,6.2,-349.494
22:13:59,6.21,-349.675
22:13:59,6.22,-349.856
22:13:59,6.23,-350.036
22:13:59,6.24,-350.216
22:13:59,6.25,-350.395
22:13:59,6.26,-350.575
22:13:59,6.27,-350.754
22:13:59,6.28,-350.933
22:13:59,6.29,-351.111
22:13:59,6.3,-351.289
22:13:59,6.31,-351.467
22:13:59,6.32,-351.645
22:13:59,6.33,-351.822
22:13:59,6.34,-351.999
22:13:59,6.35,-352.176
22:13:59,6.36,-352.353
22:13:59,6.37,-352.529
22:13:59,6.38,-352.705
22:13:59,6.39,-352.881
22:13:59,6.4,-353.056
22:13:59,6.41,-353.231
22:13:59,6.42,-353.406
22:13:59,6.43,-353.581
22:13:59,6.44,-353.755
22:13:59,6.45,-353.929
22:13:59,6.46,-354.103
22:13:59,6.47,-354.276
22:14:00,6.48,-354.45
22:14:00,6.49,-354.623
22:14:00,6.5,-354.795
22:14:00,6.51,-354.968
22:14:00,6.52,-355.14
22:14:00,6.53,-355.312
22:14:00,6.54,-355.484
22:14:00,6.55,-355.655
22:14:00,6.56,-355.826
22:14:00,6.57,-355.997
22:14:00,6.58,-356.168
22:14:00,6.59,-356.338
22:14:00,6.6,-356.509
22:14:00,6.61,-356.68
22:14:00,6.62,-356.865
22:14:00,6.63,-357.057
22:14:00,6.64,-357.256
22:14:00,6.65,-357.458
22:14:00,6.66,-357.659
22:14:00,6.67,-357.86
22:14:00,6.68,-358.06
22:14:00,6.69,-358.261
22:14:00,6.7,-358.461
22:14:00,6.71,-358.693
22:14:00,6.72,-358.925
22:14:00,6.73,-359.156
22:14:00,6.74,-359.388
22:14:00,6.75,-359.619
22:14:00,6.76,-359.849
22:14:00,6.77,-360.079
22:14:00,6.78,-360.309
22:14:00,6.79,-360.539
22:14:00,6.8,-360.768
22:14:00,6.81,-360.997
22:14:00,6.82,-361.226
22:14:00,6.83,-361.454
22:14:00,6.84,-361.682
22:14:00,6.85,-361.909
22:14:00,6.86,-362.137
22:14:00,6.87,-362.363
22:14:00,6.88,-362.59
22:14:00,6.89,-362.816
22:14:00,6.9,-363.042
22:14:00,6.91,-363.268
22:14:00,6.92,-363.493
22:14:00,6.93,-363.718
22:14:00,6.94,-363.943
22:14:00,6.95,-364.167
22:14:00,6.96,-364.391
22:14:00,6.97,-364.614
22:14:00,6.98,-364.838
22:14:00,6.99,-365.061
22:14:00,7,-365.283
22:14:00,7.01,-365.506
22:14:00,7.02,-365.728
22:14:00,7.03,-365.95
22:14:00,7.04,-366.171
22:14:00,7.05,-366.392
22:14:00,7.06,-366.613
22:14:00,7.07,-366.833
22:14:00,7.08,-367.053
22:14:00,7.09,-367.273
22:14:00,7.1,-367.493
22:14:00,7.11,-367.712
22:14:00,7.12,-367.931
22:14:00,7.13,-368.15
22:14:00,7.14,-368.368
22:14:00,7.15,-368.586
22:14:00,7.16,-368.804
22:14:00,7.17,-369.021
22:14:00,7.18,-369.238
22:14:01,7.19,-369.455
22:14:01,7.2,-369.671
22:14:01,7.21,-369.887
22:14:01,7.22,-370.103
22:14:01,7.23,-370.319
22:14:01,7.24,-370.534
22:14:01,7.25,-370.749
22:14:01,7.26,-370.964
22:14:01,7.27,-371.178
22:14:01,7.28,-371.392
22:14:01,7.29,-371.606
22:14:01,7.3,-371.82
22:14:01,7.31,-372.033
22:14:01,7.32,-372.246
22:14:01,7.33,-372.459
22:14:01,7.34,-372.671
22:14:01,7.35,-372.883
22:14:01,7.36,-373.095
22:14:01,7.37,-373.306
22:14:01,7.38,-373.517
22:14:01,7.39,-373.728
22:14:01,7.4,-373.939
22:14:01,7.41,-374.149
22:14:01,7.42,-374.359
22:14:01,7.43,-374.569
22:14:01,7.44,-374.779
22:14:01,7.45,-374.988
22:14:01,7.46,-375.197
22:14:01,7.47,-375.405
22:14:01,7.48,-375.614
22:14:01,7.49,-375.822
22:14:01,7.5,-376.03
22:14:01,7.51,-376.237
22:14:01,7.52,-376.45
22:14:01,7.53,-376.674
22:14:01,7.54,-376.903
22:14:01,7.55,-377.141
22:14:01,7.56,-377.39
22:14:01,7.57,-377.647
22:14:01,7.58,-377.91
22:14:01,7.59,-378.181
22:14:01,7.6,-378.465
22:14:01,7.61,-378.756
22:14:01,7.62,-379.054
22:14:01,7.63,-379.356
22:14:01,7.64,-379.666
22:14:01,7.65,-379.982
22:14:01,7.66,-380.303
22:14:01,7.67,-380.634
22:14:01,7.68,-380.969
22:14:01,7.69,-381.31
22:14:01,7.7,-381.651
22:14:01,7.71,-381.992
22:14:01,7.72,-382.332
22:14:01,7.73,-382.671
22:14:01,7.74,-383.011
22:14:01,7.75,-383.349
22:14:01,7.76,-383.688
22:14:01,7.77,-384.026
22:14:01,7.78,-384.363
22:14:01,7.79,-384.7
22:14:01,7.8,-385.037
22:14:01,7.81,-385.373
22:14:01,7.82,-385.708
22:14:01,7.83,-386.044
22:14:01,7.84,-386.379
22:14:01,7.85,-386.713
22:14:01,7.86,-387.047
22:14:01,7.87,-387.381
22:14:01,7.88,-387.714
22:14:01,7.89,-388.046
22:14:01,7.9,-388.379
22:14:01,7.91,-388.711
22:14:01,7.92,-389.042
22:14:01,7.93,-389.373
22:14:01,7.94,-389.704
22:14:01,7.95,-390.034
22:14:01,7.96,-390.364
22:14:01,7.97,-390.693
22:14:01,7.98,-391.022
22:14:01,7.99,-391.351
22:14:01,8,-391.679
22:14:01,8.01,-392.006
22:14:01,8.02,-392.334
22:14:01,8.03,-392.661
22:14:01,8.04,-392.987
22:14:01,8.05,-393.313
22:14:01,8.06,-393.639
22:14:01,8.07,-393.964
22:14:01,8.08,-394.289
22:14:01,8.09,-394.614
22:14:01,8.1,-394.938
22:14:01,8.11,-395.261
22:14:01,8.12,-395.585
22:14:01,8.13,-395.908
22:14:01,8.14,-396.23
22:14:01,8.15,-396.552
22:14:01,8.16,-396.874
22:14:01,8.17,-397.195
22:14:01,8.18,-397.516
22:14:01,8.19,-397.837
22:14:01,8.2,-398.157
22:14:01,8.21,-398.617
22:14:01,8.22,-399.076
22:14:01,8.23,-399.535
22:14:01,8.24,-399.993
22:14:01,8.25,-400.451
22:14:01,8.26,-400.908
22:14:01,8.27,-401.365
22:14:01,8.28,-401.821
22:14:01,8.29,-402.277
22:14:01,8.3,-402.732
22:14:01,8.31,-403.186
22:14:01,8.32,-403.64
22:14:01,8.33,-404.093
22:14:01,8.34,-404.546
22:14:01,8.35,-404.998
22:14:01,8.36,-405.45
22:14:02,8.37,-405.901
22:14:02,8.38,-406.352
22:14:02,8.39,-406.802
22:14:02,8.4,-407.252
22:14:02,8.41,-407.701
22:14:02,8.42,-408.149
22:14:02,8.43,-408.597
22:14:02,8.44,-409.045
22:14:02,8.45,-409.491
22:14:02,8.46,-409.938
22:14:02,8.47,-410.384
22:14:02,8.48,-410.829
22:14:02,8.49,-411.274
22:14:02,8.5,-411.718
22:14:02,8.51,-412.162
22:14:02,8.52,-412.605
22:14:02,8.53,-413.048
22:14:02,8.54,-413.49
22:14:02,8.55,-413.932
22:14:02,8.56,-414.373
22:14:02,8.57,-414.813
22:14:02,8.58,-415.254
22:14:02,8.59,-415.693
22:14:02,8.6,-416.132
22:14:02,8.61,-416.571
22:14:02,8.62,-417.009
22:14:02,8.63,-417.447
22:14:02,8.64,-417.884
22:14:02,8.65,-418.32
22:14:02,8.66,-418.756
22:14:02,8.67,-419.192
22:14:02,8.68,-419.627
22:14:02,8.69,-420.061
22:14:02,8.7,-420.495
22:14:02,8.71,-420.929
22:14:02,8.72,-421.362
22:14:02,8.73,-421.795
22:14:02,8.74,-422.227
22:14:02,8.75,-422.658
22:14:02,8.76,-423.089
22:14:02,8.77,-423.52
22:14:02,8.78,-423.95
22:14:02,8.79,-424.38
22:14:02,8.8,-424.809
22:14:02,8.81,-425.237
22:14:02,8.82,-425.666
22:14:02,8.83,-426.093
22:14:02,8.84,-426.52
22:14:02,8.85,-426.947
22:14:02,8.86,-427.373
22:14:02,8.87,-427.799
22:14:02,8.88,-428.224
22:14:02,8.89,-428.649
22:14:02,8.9,-429.073
22:14:02,8.91,-429.497
22:14:02,8.92,-429.92
22:14:02,8.93,-430.343
22:14:02,8.94,-430.766
22:14:02,8.95,-431.188
22:14:02,8.96,-431.609
22:14:02,8.97,-432.03
22:14:02,8.98,-432.45
22:14:02,8.99,-432.87
22:14:02,9,-433.29
22:14:02,9.01,-433.709
22:14:02,9.02,-434.128
22:14:02,9.03,-434.546
22:14:02,9.04,-434.964
22:14:02,9.05,-435.381
22:14:02,9.06,-435.798
22:14:02,9.07,-436.214
22:14:02,9.08,-436.63
22:14:02,9.09,-437.045
22:14:02,9.1,-437.46
22:14:02,9.11,-437.875
22:14:02,9.12,-438.289
22:14:02,9.13,-438.702
22:14:02,9.14,-439.115
22:14:02,9.15,-439.528
22:14:02,9.16,-439.94
22:14:02,9.17,-440.352
22:14:02,9.18,-440.764
22:14:02,9.19,-441.174
22:14:02,9.2,-441.585
22:14:02,9.21,-441.995
22:14:02,9.22,-442.404
22:14:02,9.23,-442.813
22:14:02,9.24,-443.222
22:14:02,9.25,-443.63
22:14:02,9.26,-444.038
22:14:02,9.27,-444.445
22:14:02,9.28,-444.852
22:14:02,9.29,-445.259
22:14:02,9.3,-445.665
22:14:02,9.31,-446.07
22:14:02,9.32,-446.476
22:14:02,9.33,-446.88
22:14:02,9.34,-447.285
22:14:02,9.35,-447.688
22:14:02,9.36,-448.092
22:14:02,9.37,-448.495
22:14:02,9.38,-448.897
22:14:02,9.39,-449.3
22:14:02,9.4,-449.701
22:14:02,9.41,-450.103
22:14:02,9.42,-450.503
22:14:02,9.43,-450.904
22:14:02,9.44,-451.304
22:14:02,9.45,-451.704
22:14:02,9.46,-452.103
22:14:02,9.47,-452.502
22:14:02,9.48,-452.906
22:14:02,9.49,-453.321
22:14:02,9.5,-453.765
22:14:02,9.51,-454.207
22:14:02,9.52,-454.649
22:14:02,9.53,-455.091
22:14:02,9.54,-455.533
22:14:02,9.55,-455.973
22:14:02,9.56,-456.414
22:14:02,9.57,-456.854
22:14:02,9.58,-457.293
22:14:02,9.59,-457.732
22:14:02,9.6,-458.17
22:14:02,9.61,-458.609
22:14:02,9.62,-459.046
22:14:02,9.63,-459.483
22:14:02,9.64,-459.92
22:14:02,9.65,-460.356
22:14:02,9.66,-460.792
22:14:02,9.67,-461.227
22:14:02,9.68,-461.662
22:14:02,9.69,-462.097
22:14:02,9.7,-462.531
22:14:02,9.71,-462.964
22:14:02,9.72,-463.397
22:14:02,9.73,-463.83
22:14:02,9.74,-464.262
22:14:02,9.75,-464.694
22:14:02,9.76,-465.125
22:14:02,9.77,-465.556
22:14:02,9.78,-465.987
22:14:02,9.79,-466.417
22:14:02,9.8,-466.846
22:14:02,9.81,-467.275
22:14:02,9.82,-467.704
22:14:02,9.83,-468.132
22:14:02,9.84,-468.56
22:14:02,9.85,-468.987
22:14:02,9.86,-469.414
22:14:02,9.87,-469.841
22:14:02,9.88,-470.267
22:14:02,9.89,-470.692
22:14:02,9.9,-471.118
22:14:02,9.91,-471.542
22:14:02,9.92,-471.967
22:14:02,9.93,-472.393
22:14:02,9.94,-472.828
22:14:02,9.95,-473.274
22:14:02,9.96,-473.726
22:14:02,9.97,-474.18
22:14:02,9.96,-473.716
22:14:02,9.97,-474.191
22:14:02,9.98,-474.675
22:14:02,9.99,-475.16
22:14:02,10,-475.645
22:14:02,10.01,-476.129
22:14:02,10.02,-476.613
22:14:02,10.03,-477.096
22:14:02,10.04,-477.579
22:14:02,10.05,-478.061
22:14:02,10.06,-478.543
22:14:02,10.07,-479.024
22:14:02,10.08,-479.505
22:14:02,10.09,-479.986
22:14:02,10.1,-480.466
22:14:02,10.11,-480.945
22:14:02,10.12,-481.424
22:14:02,10.13,-481.966
22:14:02,10.14,-482.508
22:14:02,10.15,-483.05
22:14:02,10.16,-483.59
22:14:02,10.17,-484.131
22:14:02,10.18,-484.67
22:14:02,10.19,-485.21
22:14:02,10.2,-485.748
22:14:02,10.21,-486.286
22:14:02,10.22,-486.824
22:14:02,10.23,-487.361
22:14:02,10.24,-487.898
22:14:02,10.25,-488.434
22:14:02,10.26,-488.969
22:14:02,10.27,-489.504
22:14:02,10.28,-490.039
22:14:02,10.29,-490.573
22:14:02,10.3,-491.106
22:14:02,10.31,-491.639
22:14:02,10.32,-492.171
22:14:02,10.33,-492.703
22:14:02,10.34,-493.235
22:14:02,10.35,-493.766
22:14:02,10.36,-494.296
22:14:02,10.37,-494.826
22:14:02,10.38,-495.355
22:14:02,10.39,-495.884
22:14:02,10.4,-496.412
22:14:02,10.41,-496.94
22:14:02,10.42,-497.467
22:14:02,10.43,-497.994
22:14:02,10.44,-498.52
22:14:02,10.45,-499.046
22:14:02,10.46,-499.571
22:14:02,10.47,-500.096
22:14:02,10.48,-500.62
22:14:02,10.49,-501.144
22:14:02,10.5,-501.667
22:14:02,10.51,-502.19
22:14:02,10.52,-502.712
22:14:02,10.53,-503.234
22:14:02,10.54,-503.755
22:14:02,10.55,-504.276
22:14:02,10.56,-504.797
22:14:03,10.57,-505.316
22:14:03,10.58,-505.836
22:14:03,10.59,-506.354
22:14:03,10.6,-506.873
22:14:03,10.61,-507.391
22:14:03,10.62,-507.908
22:14:03,10.63,-508.425
22:14:03,10.64,-508.941
22:14:03,10.65,-509.457
22:14:03,10.66,-509.972
22:14:03,10.67,-510.487
22:14:03,10.68,-511.002
22:14:03,10.69,-511.516
22:14:03,10.7,-512.029
22:14:03,10.71,-512.542
22:14:03,10.72,-513.055
22:14:03,10.73,-513.567
22:14:03,10.74,-514.078
22:14:03,10.75,-514.589
22:14:03,10.76,-515.1
22:14:03,10.77,-515.61
22:14:03,10.78,-516.12
22:14:03,10.79,-516.629
22:14:03,10.8,-517.138
22:14:03,10.81,-517.646
22:14:03,10.82,-518.154
22:14:03,10.83,-518.661
22:14:03,10.84,-519.168
22:14:03,10.85,-519.675
22:14:03,10.86,-520.188
22:14:03,10.87,-520.719
22:14:03,10.88,-521.288
22:14:03,10.89,-521.856
22:14:03,10.9,-522.424
22:14:03,10.91,-522.992
22:14:03,10.92,-523.559
22:14:03,10.93,-524.126
22:14:03,10.94,-524.692
22:14:03,10.95,-525.257
22:14:03,10.96,-525.822
22:14:03,10.97,-526.386
22:14:03,10.98,-526.95
22:14:03,10.99,-527.514
22:14:03,11,-528.077
22:14:03,11.01,-528.639
22:14:03,11.02,-529.201
22:14:03,11.03,-529.763
22:14:03,11.04,-530.323
22:14:03,11.05,-530.884
22:14:03,11.06,-531.444
22:14:03,11.07,-532.003
22:14:03,11.08,-532.562
22:14:03,11.09,-533.12
22:14:03,11.1,-533.678
22:14:03,11.11,-534.235
22:14:03,11.12,-534.792
22:14:03,11.13,-535.349
22:14:03,11.14,-535.904
22:14:03,11.15,-536.46
22:14:03,11.16,-537.015
22:14:03,11.17,-537.569
22:14:03,11.18,-538.123
22:14:03,11.19,-538.676
22:14:03,11.2,-539.229
22:14:03,11.21,-539.781
22:14:03,11.22,-540.333
22:14:03,11.23,-540.885
22:14:03,11.24,-541.436
22:14:03,11.25,-541.986
22:14:03,11.26,-542.536
22:14:03,11.27,-543.085
22:14:03,11.28,-543.634
22:14:03,11.29,-544.183
22:14:03,11.3,-544.731
22:14:03,11.31,-545.278
22:14:03,11.32,-545.825
22:14:03,11.33,-546.372
22:14:03,11.34,-546.918
22:14:03,11.35,-547.463
22:14:03,11.36,-548.008
22:14:03,11.37,-548.553
22:14:03,11.38,-549.097
22:14:03,11.39,-549.641
22:14:03,11.4,-550.184
22:14:03,11.41,-550.727
22:14:03,11.42,-551.269
22:14:03,11.43,-551.81
22:14:03,11.44,-552.352
22:14:03,11.45,-552.893
22:14:03,11.46,-553.433
22:14:03,11.47,-553.973
22:14:03,11.48,-554.512
22:14:03,11.49,-555.051
22:14:03,11.5,-555.589
22:14:03,11.51,-556.127
22:14:03,11.52,-556.665
22:14:03,11.53,-557.202
22:14:03,11.54,-557.738
22:14:03,11.55,-558.275
22:14:03,11.56,-558.81
22:14:03,11.57,-559.345
22:14:03,11.58,-559.88
22:14:03,11.59,-560.414
22:14:03,11.6,-560.948
22:14:03,11.61,-561.481
22:14:03,11.62,-562.014
22:14:03,11.63,-562.547
22:14:04,11.64,-563.079
22:14:04,11.65,-563.61
22:14:04,11.66,-564.141
22:14:04,11.67,-564.672
22:14:04,11.68,-565.202
22:14:04,11.67,-564.672
22:14:04,11.66,-564.142
22:14:04,11.65,-563.611
22:14:04,11.64,-563.08
22:14:04,11.63,-562.549
22:14:04,11.62,-562.017
22:14:04,11.61,-561.485
22:14:04,11.6,-560.952
22:14:04,11.59,-560.418
22:14:04,11.58,-559.885
22:14:04,11.57,-559.35
22:14:04,11.56,-558.816
22:14:04,11.55,-558.28
22:14:04,11.54,-557.745
22:14:04,11.53,-557.209
22:14:04,11.52,-556.672
22:14:04,11.51,-556.135
22:14:04,11.5,-555.598
22:14:04,11.49,-555.06
22:14:04,11.48,-554.521
22:14:04,11.47,-553.982
22:14:04,11.46,-553.443
22:14:04,11.45,-552.903
22:14:04,11.44,-552.363
22:14:04,11.43,-551.822
22:14:04,11.42,-551.281
22:14:04,11.41,-550.739
22:14:04,11.4,-550.197
22:14:04,11.39,-549.654
22:14:04,11.38,-549.111
22:14:04,11.37,-548.567
22:14:04,11.36,-548.023
22:14:04,11.35,-547.479
22:14:04,11.34,-546.934
22:14:04,11.33,-546.388
22:14:04,11.32,-545.842
22:14:04,11.31,-545.296
22:14:04,11.3,-544.749
22:14:04,11.29,-544.201
22:14:04,11.28,-543.653
22:14:04,11.27,-543.105
22:14:04,11.26,-542.556
22:14:04,11.25,-542.006
22:14:04,11.24,-541.456
22:14:04,11.23,-540.906
22:14:04,11.22,-540.355
22:14:04,11.21,-539.804
22:14:04,11.2,-539.252
22:14:04,11.19,-538.699
22:14:04,11.18,-538.147
22:14:04,11.17,-537.594
22:14:04,11.16,-537.056
22:14:04,11.15,-536.517
22:14:04,11.14,-535.978
22:14:04,11.13,-535.439
22:14:04,11.12,-534.899
22:14:04,11.11,-534.359
22:14:04,11.1,-533.818
22:14:04,11.09,-533.277
22:14:04,11.08,-532.735
22:14:04,11.07,-532.193
22:14:04,11.06,-531.65
22:14:04,11.05,-531.107
22:14:04,11.04,-530.579
22:14:04,11.03,-530.051
22:14:04,11.02,-529.522
22:14:04,11.01,-528.993
22:14:04,11,-528.463
22:14:04,10.99,-527.933
22:14:04,10.98,-527.402
22:14:04,10.97,-526.871
22:14:04,10.96,-526.339
22:14:04,10.95,-525.807
22:14:04,10.94,-525.275
22:14:04,10.93,-524.741
22:14:04,10.92,-524.208
22:14:04,10.91,-523.674
22:14:04,10.9,-523.139
22:14:04,10.89,-522.604
22:14:04,10.88,-522.069
22:14:04,10.87,-521.533
22:14:04,10.86,-520.996
22:14:04,10.85,-520.459
22:14:04,10.84,-519.921
22:14:05,10.83,-519.383
22:14:05,10.82,-518.845
22:14:05,10.81,-518.306
22:14:05,10.8,-517.766
22:14:05,10.79,-517.226
22:14:05,10.78,-516.686
22:14:05,10.77,-516.145
22:14:05,10.76,-515.603
22:14:05,10.75,-515.061
22:14:05,10.74,-514.519
22:14:05,10.73,-513.976
22:14:05,10.72,-513.432
22:14:05,10.71,-512.888
22:14:05,10.7,-512.344
22:14:05,10.69,-511.799
22:14:05,10.68,-511.253
22:14:05,10.67,-510.707
22:14:05,10.66,-510.16
22:14:05,10.65,-509.613
22:14:05,10.64,-509.066
22:14:05,10.63,-508.532
22:14:05,10.62,-508.018
22:14:05,10.61,-507.502
22:14:05,10.6,-506.987
22:14:05,10.59,-506.47
22:14:05,10.58,-505.954
22:14:05,10.57,-505.436
22:14:05,10.56,-504.919
22:14:05,10.55,-504.401
22:14:05,10.54,-503.882
22:14:05,10.53,-503.396
22:14:05,10.52,-502.911
22:14:05,10.51,-502.424
22:14:05,10.5,-501.938
22:14:05,10.49,-501.451
22:14:05,10.48,-500.963
22:14:05,10.47,-500.475
22:14:05,10.46,-499.986
22:14:05,10.45,-499.497
22:14:05,10.44,-499.008
22:14:05,10.43,-498.518
22:14:05,10.42,-498.027
22:14:05,10.41,-497.536
22:14:05,10.4,-497.045
22:14:05,10.39,-496.553
22:14:05,10.38,-496.061
22:14:05,10.37,-495.568
22:14:05,10.36,-495.075
22:14:05,10.35,-494.581
22:14:05,10.34,-494.087
22:14:05,10.33,-493.592
22:14:05,10.32,-493.097
22:14:05,10.31,-492.601
22:14:05,10.3,-492.105
22:14:05,10.29,-491.608
22:14:05,10.28,-491.111
22:14:05,10.27,-490.613
22:14:05,10.26,-490.115
22:14:05,10.25,-489.617
22:14:05,10.24,-489.118
22:14:05,10.23,-488.618
22:14:05,10.22,-488.118
22:14:05,10.21,-487.618
22:14:05,10.2,-487.117
22:14:05,10.19,-486.615
22:14:05,10.18,-486.113
22:14:05,10.17,-485.611
22:14:05,10.16,-485.108
22:14:05,10.15,-484.604
22:14:05,10.14,-484.1
22:14:05,10.13,-483.596
22:14:05,10.12,-483.091
22:14:05,10.11,-482.585
22:14:05,10.1,-482.079
22:14:05,10.09,-481.573
22:14:05,10.08,-481.066
22:14:05,10.07,-480.558
22:14:05,10.06,-480.05
22:14:05,10.05,-479.542
22:14:05,10.04,-479.033
22:14:05,10.03,-478.523
22:14:05,10.02,-478.029
22:14:05,10.01,-477.549
22:14:05,10,-477.084
22:14:05,9.99,-476.626
22:14:05,9.98,-476.177
22:14:05,9.97,-475.734
22:14:05,9.96,-475.29
22:14:05,9.95,-474.846
22:14:05,9.94,-474.402
22:14:05,9.93,-473.957
22:14:05,9.92,-473.511
22:14:05,9.91,-473.065
22:14:05,9.9,-472.619
22:14:05,9.89,-472.172
22:14:05,9.88,-471.725
22:14:05,9.87,-471.277
22:14:05,9.86,-470.829
22:14:05,9.85,-470.38
22:14:05,9.84,-469.931
22:14:05,9.83,-469.482
22:14:05,9.82,-469.031
22:14:05,9.81,-468.581
22:14:05,9.8,-468.13
22:14:05,9.79,-467.679
22:14:05,9.78,-467.227
22:14:05,9.77,-466.775
22:14:05,9.76,-466.322
22:14:05,9.75,-465.868
22:14:05,9.74,-465.415
22:14:05,9.73,-464.961
22:14:05,9.72,-464.575
22:14:05,9.71,-464.189
22:14:05,9.7,-463.803
22:14:05,9.69,-463.416
22:14:05,9.68,-463.029
22:14:05,9.67,-462.641
22:14:05,9.66,-462.253
22:14:05,9.65,-461.865
22:14:05,9.64,-461.476
22:14:05,9.63,-461.087
22:14:05,9.62,-460.698
22:14:05,9.61,-460.308
22:14:05,9.6,-459.917
22:14:05,9.59,-459.527
22:14:05,9.58,-459.135
22:14:05,9.57,-458.744
22:14:05,9.56,-458.352
22:14:05,9.55,-457.959
22:14:05,9.54,-457.567
22:14:05,9.53,-457.173
22:14:05,9.52,-456.78
22:14:05,9.51,-456.386
22:14:05,9.5,-455.991
22:14:05,9.49,-455.596
22:14:06,9.48,-455.201
22:14:06,9.47,-454.805
22:14:06,9.46,-454.409
22:14:06,9.45,-454.013
22:14:06,9.44,-453.616
22:14:06,9.43,-453.218
22:14:06,9.42,-452.821
22:14:06,9.41,-452.422
22:14:06,9.4,-452.024
22:14:06,9.39,-451.625
22:14:06,9.38,-451.225
22:14:06,9.37,-450.825
22:14:06,9.36,-450.425
22:14:06,9.35,-450.024
22:14:06,9.34,-449.623
22:14:06,9.33,-449.221
22:14:06,9.32,-448.819
22:14:06,9.31,-448.417
22:14:06,9.3,-448.014
22:14:06,9.29,-447.61
22:14:06,9.28,-447.206
22:14:06,9.27,-446.802
22:14:06,9.26,-446.398
22:14:06,9.25,-445.992
22:14:06,9.24,-445.587
22:14:06,9.23,-445.181
22:14:06,9.22,-444.774
22:14:06,9.21,-444.368
22:14:06,9.2,-443.96
22:14:06,9.19,-443.553
22:14:06,9.18,-443.144
22:14:06,9.17,-442.736
22:14:06,9.16,-442.334
22:14:06,9.15,-441.964
22:14:06,9.14,-441.595
22:14:06,9.13,-441.226
22:14:06,9.12,-440.856
22:14:06,9.11,-440.486
22:14:06,9.1,-440.116
22:14:06,9.09,-439.745
22:14:06,9.08,-439.374
22:14:06,9.07,-439.003
22:14:06,9.06,-438.631
22:14:06,9.05,-438.258
22:14:06,9.04,-437.885
22:14:06,9.03,-437.512
22:14:06,9.02,-437.139
22:14:06,9.01,-436.765
22:14:06,9,-436.39
22:14:06,8.99,-436.056
22:14:06,8.98,-435.722
22:14:06,8.97,-435.388
22:14:06,8.96,-435.053
22:14:06,8.95,-434.718
22:14:06,8.94,-434.382
22:14:06,8.93,-434.047
22:14:06,8.92,-433.71
22:14:06,8.91,-433.374
22:14:06,8.9,-433.037
22:14:06,8.89,-432.699
22:14:06,8.88,-432.361
22:14:06,8.87,-432.023
22:14:06,8.86,-431.685
22:14:06,8.85,-431.346
22:14:06,8.84,-431.006
22:14:06,8.83,-430.667
22:14:06,8.82,-430.326
22:14:06,8.81,-429.986
22:14:06,8.8,-429.645
22:14:06,8.79,-429.304
22:14:06,8.78,-428.962
22:14:06,8.77,-428.62
22:14:06,8.76,-428.278
22:14:06,8.75,-427.935
22:14:06,8.74,-427.592
22:14:06,8.73,-427.248
22:14:06,8.72,-426.904
22:14:06,8.71,-426.56
22:14:06,8.7,-426.215
22:14:06,8.69,-425.87
22:14:06,8.68,-425.524
22:14:06,8.67,-425.178
22:14:06,8.66,-424.832
22:14:06,8.65,-424.485
22:14:06,8.64,-424.138
22:14:06,8.63,-423.79
22:14:06,8.62,-423.442
22:14:06,8.61,-423.094
22:14:06,8.6,-422.745
22:14:06,8.59,-422.396
22:14:06,8.58,-422.046
22:14:06,8.57,-421.696
22:14:06,8.56,-421.346
22:14:06,8.55,-420.995
22:14:06,8.54,-420.644
22:14:06,8.53,-420.292
22:14:06,8.52,-419.94
22:14:06,8.51,-419.588
22:14:06,8.5,-419.235
22:14:06,8.49,-418.881
22:14:06,8.48,-418.528
22:14:06,8.47,-418.174
22:14:06,8.46,-417.819
22:14:06,8.45,-417.464
22:14:06,8.44,-417.109
22:14:06,8.43,-416.753
22:14:06,8.42,-416.397
22:14:06,8.41,-416.04
22:14:06,8.4,-415.683
22:14:06,8.39,-415.325
22:14:06,8.38,-414.967
22:14:06,8.37,-414.609
22:14:06,8.36,-414.25
22:14:06,8.35,-413.891
22:14:07,8.34,-413.531
22:14:07,8.33,-413.171
22:14:07,8.32,-412.811
22:14:07,8.31,-412.45
22:14:07,8.3,-412.088
22:14:07,8.29,-411.727
22:14:07,8.28,-411.364
22:14:07,8.27,-411.002
22:14:07,8.26,-410.638
22:14:07,8.25,-410.275
22:14:07,8.24,-409.911
22:14:07,8.23,-409.546
22:14:07,8.22,-409.182
22:14:07,8.21,-408.816
22:14:07,8.22,-409.182
22:14:07,8.23,-409.547
22:14:07,8.24,-409.912
22:14:07,8.25,-410.277
22:14:07,8.26,-410.641
22:14:07,8.27,-411.004
22:14:07,8.28,-411.367
22:14:07,8.29,-411.73
22:14:07,8.3,-412.092
22:14:07,8.31,-412.454
22:14:07,8.32,-412.816
22:14:07,8.33,-413.176
22:14:07,8.34,-413.537
22:14:07,8.35,-413.897
22:14:07,8.36,-414.257
22:14:07,8.37,-414.616
22:14:07,8.38,-414.975
22:14:07,8.39,-415.34
22:14:07,8.4,-415.721
22:14:07,8.41,-416.101
22:14:07,8.42,-416.481
22:14:07,8.43,-416.861
22:14:08,8.44,-417.262
22:14:08,8.45,-417.664
22:14:08,8.46,-418.065
22:14:08,8.47,-418.465
22:14:08,8.48,-418.865
22:14:08,8.49,-419.264
22:14:08,8.5,-419.663
22:14:08,8.51,-420.062
22:14:08,8.52,-420.46
22:14:08,8.53,-420.858
22:14:08,8.54,-421.255
22:14:08,8.55,-421.651
22:14:08,8.56,-422.047
22:14:08,8.57,-422.443
22:14:08,8.58,-422.838
22:14:08,8.59,-423.233
22:14:08,8.6,-423.628
22:14:08,8.61,-424.021
22:14:08,8.62,-424.415
22:14:08,8.63,-424.808
22:14:08,8.64,-425.2
22:14:08,8.65,-425.592
22:14:08,8.66,-425.984
22:14:08,8.67,-426.375
22:14:08,8.68,-426.766
22:14:08,8.69,-427.156
22:14:08,8.7,-427.546
22:14:08,8.71,-427.935
22:14:08,8.72,-428.324
22:14:08,8.73,-428.713
22:14:08,8.74,-429.101
22:14:08,8.75,-429.488
22:14:08,8.76,-429.875
22:14:08,8.77,-430.262
22:14:08,8.78,-430.648
22:14:08,8.79,-431.034
22:14:08,8.8,-431.419
22:14:08,8.81,-431.804
22:14:08,8.82,-432.189
22:14:08,8.83,-432.573
22:14:08,8.84,-432.957
22:14:08,8.85,-433.34
22:14:08,8.86,-433.722
22:14:08,8.87,-434.105
22:14:08,8.88,-434.487
22:14:08,8.89,-434.868
22:14:08,8.9,-435.249
22:14:08,8.91,-435.63
22:14:08,8.92,-436.01
22:14:08,8.93,-436.39
22:14:08,8.94,-436.769
22:14:08,8.95,-437.148
22:14:08,8.96,-437.526
22:14:08,8.97,-437.904
22:14:08,8.98,-438.282
22:14:09,8.99,-438.659
22:14:09,9,-439.036
22:14:09,9.01,-439.412
22:14:09,9.02,-439.788
22:14:09,9.03,-440.164
22:14:09,9.04,-440.539
22:14:09,9.05,-440.914
22:14:09,9.06,-441.288
22:14:09,9.07,-441.662
22:14:09,9.08,-442.035
22:14:09,9.09,-442.409
22:14:09,9.1,-442.781
22:14:09,9.11,-443.154
22:14:09,9.12,-443.544
22:14:09,9.11,-443.144
22:14:09,9.1,-442.744
22:14:09,9.09,-442.344
22:14:09,9.1,-442.773
22:14:09,9.11,-443.201
22:14:09,9.12,-443.629
22:14:09,9.13,-444.057
22:14:09,9.14,-444.484
22:14:09,9.15,-444.91
22:14:09,9.16,-445.336
22:14:09,9.17,-445.762
22:14:09,9.18,-446.187
22:14:09,9.19,-446.612
22:14:09,9.2,-447.036
22:14:09,9.21,-447.46
22:14:09,9.22,-447.883
22:14:09,9.23,-448.306
22:14:09,9.24,-448.729
22:14:09,9.25,-449.151
22:14:09,9.26,-449.572
22:14:10,9.27,-449.993
22:14:10,9.28,-450.414
22:14:10,9.27,-449.994
22:14:10,9.26,-449.573
22:14:10,9.25,-449.152
22:14:10,9.24,-448.73
22:14:10,9.23,-448.308
22:14:10,9.22,-447.886
22:14:10,9.21,-447.463
22:14:11,9.2,-447.04
22:14:11,9.19,-446.616
22:14:11,9.18,-446.192
22:14:11,9.17,-445.767
22:14:11,9.16,-445.342
22:14:11,9.15,-444.916
22:14:11,9.14,-444.49
22:14:11,9.13,-444.064
22:14:11,9.12,-443.637
22:14:11,9.11,-443.209
22:14:11,9.1,-442.781
22:14:11,9.09,-442.353
22:14:11,9.08,-441.924
22:14:11,9.07,-441.494
22:14:12,9.06,-441.064
22:14:12,9.05,-440.634
22:14:12,9.04,-440.203
22:14:12,9.03,-439.772
22:14:12,9.02,-439.34
22:14:12,9.01,-438.908
22:14:12,9,-438.475
22:14:12,8.99,-438.042
22:14:12,8.98,-437.608
22:14:12,8.97,-437.174
22:14:12,8.96,-436.739
22:14:12,8.95,-436.304
22:14:12,8.94,-435.869
22:14:12,8.93,-435.433
22:14:12,8.92,-434.996
22:14:12,8.91,-434.559
22:14:12,8.9,-434.127
22:14:12,8.89,-433.694
22:14:12,8.88,-433.261
22:14:12,8.87,-432.827
22:14:12,8.86,-432.393
22:14:12,8.85,-431.958
22:14:12,8.84,-431.523
22:14:12,8.83,-431.088
22:14:12,8.82,-430.652
22:14:12,8.81,-430.22
22:14:12,8.8,-429.789
22:14:12,8.79,-429.357
22:14:12,8.78,-428.924
22:14:12,8.77,-428.491
22:14:12,8.76,-428.057
22:14:12,8.75,-427.623
22:14:12,8.74,-427.188
22:14:12,8.73,-426.765
22:14:12,8.72,-426.342
22:14:12,8.71,-425.918
22:14:12,8.7,-425.493
22:14:12,8.69,-425.068
22:14:12,8.68,-424.643
22:14:12,8.67,-424.217
22:14:12,8.66,-423.79
22:14:12,8.65,-423.376
22:14:12,8.64,-422.96
22:14:12,8.63,-422.544
22:14:12,8.62,-422.128
22:14:12,8.61,-421.711
22:14:12,8.6,-421.294
22:14:12,8.59,-420.876
22:14:12,8.58,-420.458
22:14:12,8.57,-420.039
22:14:12,8.56,-419.62
22:14:12,8.55,-419.2
22:14:12,8.54,-418.78
22:14:12,8.53,-418.36
22:14:12,8.52,-417.938
22:14:12,8.51,-417.517
22:14:12,8.5,-417.095
22:14:12,8.49,-416.672
22:14:13,8.48,-416.249
22:14:13,8.47,-415.825
22:14:13,8.46,-415.401
22:14:13,8.45,-414.976
22:14:13,8.44,-414.551
22:14:13,8.43,-414.126
22:14:13,8.42,-413.699
22:14:13,8.41,-413.273
22:14:13,8.4,-412.845
22:14:13,8.39,-412.418
22:14:13,8.38,-411.99
22:14:13,8.37,-411.561
22:14:13,8.36,-411.132
22:14:13,8.35,-410.702
22:14:13,8.34,-410.272
22:14:13,8.33,-409.841
22:14:13,8.32,-409.41
22:14:13,8.31,-408.978
22:14:13,8.3,-408.546
22:14:13,8.29,-408.113
22:14:13,8.28,-407.679
22:14:13,8.27,-407.245
22:14:13,8.26,-406.811
22:14:13,8.25,-406.376
22:14:14,8.24,-405.941
22:14:14,8.23,-405.505
22:14:14,8.22,-405.068
22:14:14,8.21,-404.631
22:14:14,8.2,-404.193
22:14:14,8.19,-403.755
22:14:14,8.18,-403.317
22:14:14,8.17,-402.877
22:14:14,8.16,-402.438
22:14:14,8.15,-401.997
22:14:14,8.14,-401.557
22:14:14,8.13,-401.115
22:14:14,8.12,-400.673
22:14:14,8.11,-400.231
22:14:14,8.1,-399.788
22:14:14,8.09,-399.344
22:14:14,8.08,-398.9
22:14:14,8.07,-398.456
22:14:14,8.06,-398.011
22:14:14,8.05,-397.565
22:14:14,8.04,-397.119
22:14:15,8.03,-396.672
22:14:15,8.02,-396.224
22:14:15,8.01,-395.776
22:14:15,8,-395.328
22:14:15,7.99,-394.879
22:14:15,7.98,-394.429
22:14:15,7.97,-393.979
22:14:15,7.96,-393.528
22:14:15,7.95,-393.077
22:14:15,7.94,-392.625
22:14:15,7.93,-392.172
22:14:15,7.92,-391.719
22:14:15,7.91,-391.266
22:14:15,7.9,-390.812
22:14:15,7.89,-390.357
22:14:15,7.88,-389.902
22:14:15,7.87,-389.446
22:14:15,7.86,-388.989
22:14:15,7.85,-388.532
22:14:15,7.84,-388.074
22:14:15,7.83,-387.616
22:14:15,7.82,-387.157
22:14:15,7.81,-386.698
22:14:16,7.8,-386.238
22:14:16,7.79,-385.777
22:14:16,7.78,-385.316
22:14:16,7.77,-384.854
22:14:16,7.76,-384.392
22:14:16,7.75,-383.929
22:14:16,7.74,-383.466
22:14:16,7.73,-383.001
22:14:16,7.72,-382.537
22:14:16,7.71,-382.071
22:14:16,7.7,-381.605
22:14:16,7.69,-381.139
22:14:16,7.68,-380.672
22:14:16,7.67,-380.204
22:14:16,7.66,-379.735
22:14:16,7.65,-379.266
22:14:17,7.64,-378.797
22:14:17,7.63,-378.326
22:14:17,7.62,-377.856
22:14:17,7.61,-377.384
22:14:17,7.6,-376.912
22:14:17,7.59,-376.439
22:14:17,7.58,-375.966
22:14:17,7.57,-375.492
22:14:17,7.56,-375.017
22:14:17,7.55,-374.542
22:14:17,7.54,-374.066
22:14:17,7.53,-373.59
22:14:17,7.52,-373.113
22:14:17,7.51,-372.635
22:14:17,7.5,-372.157
22:14:17,7.49,-371.678
22:14:17,7.48,-371.198
22:14:17,7.47,-370.718
22:14:17,7.46,-370.237
22:14:17,7.45,-369.755
22:14:17,7.44,-369.273
22:14:17,7.43,-368.79
22:14:17,7.42,-368.307
22:14:17,7.41,-367.822
22:14:17,7.4,-367.338
22:14:17,7.39,-366.852
22:14:18,7.38,-366.366
22:14:18,7.37,-365.879
22:14:18,7.36,-365.392
22:14:18,7.35,-364.906
22:14:18,7.34,-364.432
22:14:18,7.33,-363.957
22:14:18,7.32,-363.481
22:14:18,7.31,-363.005
22:14:18,7.3,-362.528
22:14:18,7.29,-362.051
22:14:18,7.28,-361.573
22:14:18,7.27,-361.094
22:14:18,7.26,-360.629
22:14:18,7.25,-360.163
22:14:18,7.24,-359.697
22:14:18,7.23,-359.23
22:14:18,7.22,-358.763
22:14:18,7.21,-358.295
22:14:18,7.2,-357.826
22:14:18,7.19,-357.36
22:14:18,7.18,-356.894
22:14:18,7.17,-356.428
22:14:18,7.16,-355.962
22:14:18,7.15,-355.494
22:14:18,7.14,-355.026
22:14:18,7.13,-354.558
22:14:18,7.12,-354.088
22:14:18,7.11,-353.618
22:14:18,7.1,-353.148
22:14:18,7.09,-352.677
22:14:18,7.08,-352.205
22:14:18,7.07,-351.732
22:14:18,7.06,-351.259
22:14:18,7.05,-350.785
22:14:18,7.04,-350.31
22:14:18,7.03,-349.84
22:14:18,7.02,-349.368
22:14:18,7.01,-348.896
22:14:18,7,-348.424
22:14:18,6.99,-347.951
22:14:18,6.98,-347.477
22:14:18,6.97,-347.002
22:14:18,6.96,-346.527
22:14:18,6.95,-346.051
22:14:18,6.94,-345.574
22:14:18,6.93,-345.097
22:14:18,6.92,-344.628
22:14:18,6.91,-344.16
22:14:18,6.9,-343.69
22:14:18,6.89,-343.22
22:14:18,6.88,-342.749
22:14:18,6.87,-342.278
22:14:18,6.86,-341.806
22:14:18,6.85,-341.333
22:14:18,6.84,-340.87
22:14:18,6.83,-340.405
22:14:18,6.82,-339.94
22:14:18,6.81,-339.475
22:14:18,6.8,-339.009
