Time,GrossPnL_USD,NetPnL_USD,Fees_USD
22:13:36,0,0,0
22:13:36,0,0,0
22:13:36,0,0,0
22:13:36,1.45519e-13,1.45519e-13,0
22:13:36,2.91038e-13,2.91038e-13,0
22:13:36,4.36557e-13,4.36557e-13,0
22:13:36,5.82077e-13,5.82077e-13,0
22:13:36,7.27596e-13,7.27596e-13,0
22:13:36,8.73115e-13,8.73115e-13,0
22:13:36,1.16415e-12,1.16415e-12,0
22:13:36,1.45519e-12,1.45519e-12,0
22:13:36,1.74623e-12,1.74623e-12,0
22:13:36,2.03727e-12,2.03727e-12,0
22:13:36,2.32831e-12,2.32831e-12,0
22:13:36,2.47383e-12,2.47383e-12,0
22:13:36,2.61934e-12,2.61934e-12,0
22:13:36,2.76486e-12,2.76486e-12,0
22:13:36,2.76486e-12,2.76486e-12,0
22:13:36,2.61934e-12,2.61934e-12,0
22:13:36,2.47383e-12,2.47383e-12,0
22:13:36,2.32831e-12,2.32831e-12,0
22:13:36,2.03727e-12,2.03727e-12,0
22:13:36,1.74623e-12,1.74623e-12,0
22:13:36,1.45519e-12,1.45519e-12,0
22:13:36,1.01863e-12,1.01863e-12,0
22:13:36,7.27596e-13,7.27596e-13,0
22:13:36,4.36557e-13,4.36557e-13,0
22:13:36,2.52435e-29,2.52435e-29,0
22:13:36,-4.36557e-13,-4.36557e-13,0
22:13:36,-8.73115e-13,-8.73115e-13,0
22:13:36,-1.30967e-12,-1.30967e-12,0
22:13:36,-1.74623e-12,-1.74623e-12,0
22:13:36,-2.18279e-12,-2.18279e-12,0
22:13:36,-2.61934e-12,-2.61934e-12,0
22:13:36,-3.0559e-12,-3.0559e-12,0
22:13:36,-3.49246e-12,-3.49246e-12,0
22:13:36,-3.92902e-12,-3.92902e-12,0
22:13:36,-4.51109e-12,-4.51109e-12,0
22:13:36,-5.23869e-12,-5.23869e-12,0
22:13:36,-6.1118e-12,-6.1118e-12,0
22:13:36,-6.98492e-12,-6.98492e-12,0
22:13:36,-7.85803e-12,-7.85803e-12,0
22:13:36,-8.73115e-12,-8.73115e-12,0
22:13:36,-9.45874e-12,-9.45874e-12,0
22:13:36,-1.01863e-11,-1.01863e-11,0
22:13:36,-1.09139e-11,-1.09139e-11,0
22:13:36,-1.16415e-11,-1.16415e-11,0
22:13:36,-1.23691e-11,-1.23691e-11,0
22:13:36,-1.30967e-11,-1.30967e-11,0
22:13:36,-1.38243e-11,-1.38243e-11,0
22:13:36,-1.45519e-11,-1.45519e-11,0
22:13:36,-1.52795e-11,-1.52795e-11,0
22:13:36,-1.60071e-11,-1.60071e-11,0
22:13:36,-1.67347e-11,-1.67347e-11,0
22:13:36,-1.74623e-11,-1.74623e-11,0
22:13:36,-1.81899e-11,-1.81899e-11,0
22:13:36,-1.89175e-11,-1.89175e-11,0
22:13:36,-1.96451e-11,-1.96451e-11,0
22:13:36,-2.03727e-11,-2.03727e-11,0
22:13:36,-2.11003e-11,-2.11003e-11,0
22:13:36,-2.18279e-11,-2.18279e-11,0
22:13:36,-2.25555e-11,-2.25555e-11,0
22:13:36,-2.32831e-11,-2.32831e-11,0
22:13:36,-2.40107e-11,-2.40107e-11,0
22:13:36,-2.47383e-11,-2.47383e-11,0
22:13:36,-2.54659e-11,-2.54659e-11,0
22:13:36,-2.61934e-11,-2.61934e-11,0
22:13:36,-2.6921e-11,-2.6921e-11,0
22:13:36,-2.76486e-11,-2.76486e-11,0
22:13:36,-2.83762e-11,-2.83762e-11,0
22:13:36,-2.91038e-11,-2.91038e-11,0
22:13:36,-2.98314e-11,-2.98314e-11,0
22:13:36,-3.0559e-11,-3.0559e-11,0
22:13:36,-3.12866e-11,-3.12866e-11,0
22:13:36,-3.20142e-11,-3.20142e-11,0
22:13:36,-3.25963e-11,-3.25963e-11,0
22:13:36,-3.31784e-11,-3.31784e-11,0
22:13:36,-3.37604e-11,-3.37604e-11,0
22:13:36,-3.43425e-11,-3.43425e-11,0
22:13:36,-3.49246e-11,-3.49246e-11,0
22:13:36,-3.55067e-11,-3.55067e-11,0
22:13:36,-3.59432e-11,-3.59432e-11,0
22:13:36,-3.63798e-11,-3.63798e-11,0
22:13:36,-3.68163e-11,-3.68163e-11,0
22:13:36,-3.72529e-11,-3.72529e-11,0
22:13:36,-3.76895e-11,-3.76895e-11,0
22:13:36,-3.8126e-11,-3.8126e-11,0
22:13:36,-3.85626e-11,-3.85626e-11,0
22:13:36,-3.88536e-11,-3.88536e-11,0
22:13:36,-3.91447e-11,-3.91447e-11,0
22:13:36,-3.94357e-11,-3.94357e-11,0
22:13:36,-3.97267e-11,-3.97267e-11,0
22:13:36,-4.00178e-11,-4.00178e-11,0
22:13:36,-4.03088e-11,-4.03088e-11,0
22:13:36,-4.05998e-11,-4.05998e-11,0
22:13:36,-4.08909e-11,-4.08909e-11,0
22:13:36,-4.11819e-11,-4.11819e-11,0
22:13:36,-4.16185e-11,-4.16185e-11,0
22:13:36,-4.2055e-11,-4.2055e-11,0
22:13:36,-4.24916e-11,-4.24916e-11,0
22:13:36,-4.29281e-11,-4.29281e-11,0
22:13:36,-4.33647e-11,-4.33647e-11,0
22:13:36,-0.05135,-0.05135,0
22:13:36,-0.103208,-0.103208,0
22:13:36,-0.155585,-0.155585,0
22:13:36,-0.208491,-0.208491,0
22:13:36,-0.261937,-0.261937,0
22:13:36,-0.315934,-0.315934,0
22:13:36,-0.370494,-0.370494,0
22:13:36,-0.425627,-0.425627,0
22:13:36,-0.481348,-0.481348,0
22:13:36,-0.537667,-0.537667,0
22:13:36,-0.594598,-0.594598,0
22:13:36,-0.626456,-0.626456,0
22:13:36,-0.658667,-0.658667,0
22:13:36,-0.69124,-0.69124,0
22:13:36,-0.724183,-0.724183,0
22:13:36,-0.757505,-0.757505,0
22:13:36,-0.791214,-0.791214,0
22:13:36,-0.82532,-0.82532,0
22:13:36,-0.859832,-0.859832,0
22:13:36,-0.89476,-0.89476,0
22:13:36,-0.885056,-0.885056,0
22:13:36,-0.875469,-0.875469,0
22:13:36,-0.865997,-0.865997,0
22:13:36,-0.856635,-0.856635,0
22:13:36,-0.847383,-0.847383,0
22:13:36,-0.838237,-0.838237,0
22:13:36,-0.829195,-0.829195,0
22:13:36,-0.820255,-0.820255,0
22:13:36,-0.811413,-0.811413,0
22:13:36,-0.802669,-0.802669,0
22:13:36,-0.794021,-0.794021,0
22:13:36,-0.785465,-0.785465,0
22:13:36,-0.777,-0.777,0
22:13:36,-0.768624,-0.768624,0
22:13:36,-0.760335,-0.760335,0
22:13:36,-0.752132,-0.752132,0
22:13:36,-0.744013,-0.744013,0
22:13:36,-0.735976,-0.735976,0
22:13:36,-0.728019,-0.728019,0
22:13:36,-0.72014,-0.72014,0
22:13:36,-0.712339,-0.712339,0
22:13:36,-0.704614,-0.704614,0
22:13:36,-0.696963,-0.696963,0
22:13:36,-0.689385,-0.689385,0
22:13:36,-0.681878,-0.681878,0
22:13:36,-0.674442,-0.674442,0
22:13:37,-0.667074,-0.667074,0
22:13:37,-0.659774,-0.659774,0
22:13:37,-0.652541,-0.652541,0
22:13:37,-0.645372,-0.645372,0
22:13:37,-0.638268,-0.638268,0
22:13:37,-0.631226,-0.631226,0
22:13:37,-0.624246,-0.624246,0
22:13:37,-0.617327,-0.617327,0
22:13:37,-0.610468,-0.610468,0
22:13:37,-0.603667,-0.603667,0
22:13:37,-0.596924,-0.596924,0
22:13:37,-0.590237,-0.590237,0
22:13:37,-0.583606,-0.583606,0
22:13:37,-0.57703,-0.57703,0
22:13:37,-0.570508,-0.570508,0
22:13:37,-0.564039,-0.564039,0
22:13:37,-0.557622,-0.557622,0
22:13:37,-0.551257,-0.551257,0
22:13:37,-0.544941,-0.544941,0
22:13:37,-0.538676,-0.538676,0
22:13:37,-0.53246,-0.53246,0
22:13:37,-0.526292,-0.526292,0
22:13:37,-0.520171,-0.520171,0
22:13:37,-0.514097,-0.514097,0
22:13:37,-0.508069,-0.508069,0
22:13:37,-0.502086,-0.502086,0
22:13:37,-0.496148,-0.496148,0
22:13:37,-0.490254,-0.490254,0
22:13:37,-0.484403,-0.484403,0
22:13:37,-0.478595,-0.478595,0
22:13:37,-0.472829,-0.472829,0
22:13:37,-0.467105,-0.467105,0
22:13:37,-0.461421,-0.461421,0
22:13:37,-0.455778,-0.455778,0
22:13:37,-0.450174,-0.450174,0
22:13:37,-0.44461,-0.44461,0
22:13:37,-0.439084,-0.439084,0
22:13:37,-0.433597,-0.433597,0
22:13:37,-0.428147,-0.428147,0
22:13:37,-0.422734,-0.422734,0
22:13:37,-0.417357,-0.417357,0
22:13:37,-0.412017,-0.412017,0
22:13:37,-0.406712,-0.406712,0
22:13:37,-0.401443,-0.401443,0
22:13:37,-0.396208,-0.396208,0
22:13:37,-0.391007,-0.391007,0
22:13:37,-0.385841,-0.385841,0
22:13:37,-0.380707,-0.380707,0
22:13:37,-0.375606,-0.375606,0
22:13:37,-0.370538,-0.370538,0
22:13:37,-0.365502,-0.365502,0
22:13:37,-0.360498,-0.360498,0
22:13:37,-0.355525,-0.355525,0
22:13:38,-0.350582,-0.350582,0
22:13:38,-0.345671,-0.345671,0
22:13:38,-0.340789,-0.340789,0
22:13:38,-0.335937,-0.335937,0
22:13:38,-0.331115,-0.331115,0
22:13:38,-0.326321,-0.326321,0
22:13:38,-0.321557,-0.321557,0
22:13:38,-0.31682,-0.31682,0
22:13:38,-0.312112,-0.312112,0
22:13:38,-0.307432,-0.307432,0
22:13:38,-0.302778,-0.302778,0
22:13:38,-0.298152,-0.298152,0
22:13:38,-0.293553,-0.293553,0
22:13:38,-0.28898,-0.28898,0
22:13:38,-0.284433,-0.284433,0
22:13:38,-0.279912,-0.279912,0
22:13:38,-0.275416,-0.275416,0
22:13:38,-0.270946,-0.270946,0
22:13:38,-0.266501,-0.266501,0
22:13:38,-0.26208,-0.26208,0
22:13:39,-0.257684,-0.257684,0
22:13:39,-0.253312,-0.253312,0
22:13:39,-0.248964,-0.248964,0
22:13:39,-0.24464,-0.24464,0
22:13:39,-0.240339,-0.240339,0
22:13:39,-0.236061,-0.236061,0
22:13:39,-0.231806,-0.231806,0
22:13:39,-0.227573,-0.227573,0
22:13:39,-0.223363,-0.223363,0
22:13:39,-0.219175,-0.219175,0
22:13:39,-0.215009,-0.215009,0
22:13:39,-0.219154,-0.219154,0
22:13:39,-0.223319,-0.223319,0
22:13:39,-0.227507,-0.227507,0
22:13:39,-0.231717,-0.231717,0
22:13:39,-0.23595,-0.23595,0
22:13:39,-0.240205,-0.240205,0
22:13:39,-0.244483,-0.244483,0
22:13:39,-0.248784,-0.248784,0
22:13:39,-0.253108,-0.253108,0
22:13:39,-0.257457,-0.257457,0
22:13:39,-0.261829,-0.261829,0
22:13:39,-0.266225,-0.266225,0
22:13:39,-0.270645,-0.270645,0
22:13:39,-0.27509,-0.27509,0
22:13:39,-0.279561,-0.279561,0
22:13:39,-0.284056,-0.284056,0
22:13:39,-0.288577,-0.288577,0
22:13:39,-0.293124,-0.293124,0
22:13:39,-0.302947,-0.302947,0
22:13:39,-0.326177,-0.326177,0
22:13:39,-0.356592,-0.356592,0
22:13:39,-0.389734,-0.389734,0
22:13:39,-0.426872,-0.426872,0
22:13:39,-0.464229,-0.464229,0
22:13:39,-0.501809,-0.501809,0
22:13:39,-0.539614,-0.539614,0
22:13:39,-0.577646,-0.577646,0
22:13:39,-0.615909,-0.615909,0
22:13:39,-0.654406,-0.654406,0
22:13:39,-0.693138,-0.693138,0
22:13:39,-0.73211,-0.73211,0
22:13:39,-0.771324,-0.771324,0
22:13:39,-0.810782,-0.810782,0
22:13:39,-0.850489,-0.850489,0
22:13:39,-0.890447,-0.890447,0
22:13:39,-0.93066,-0.93066,0
22:13:39,-1.00313,-1.00313,0
22:13:39,-1.07607,-1.07607,0
22:13:39,-1.14948,-1.14948,0
22:13:39,-1.22337,-1.22337,0
22:13:39,-1.29775,-1.29775,0
22:13:39,-1.37262,-1.37262,0
22:13:39,-1.44799,-1.44799,0
22:13:39,-1.52386,-1.52386,0
22:13:39,-1.60025,-1.60025,0
22:13:39,-1.67716,-1.67716,0
22:13:39,-1.75459,-1.75459,0
22:13:39,-1.83256,-1.83256,0
22:13:39,-1.91107,-1.91107,0
22:13:39,-1.99013,-1.99013,0
22:13:39,-2.0698,-2.0698,0
22:13:39,-2.16478,-2.16478,0
22:13:39,-2.26644,-2.26644,0
22:13:39,-2.36883,-2.36883,0
22:13:39,-2.47196,-2.47196,0
22:13:39,-2.57584,-2.57584,0
22:13:39,-2.68049,-2.68049,0
22:13:39,-2.78592,-2.78592,0
22:13:39,-2.89213,-2.89213,0
22:13:39,-2.99914,-2.99914,0
22:13:39,-3.10696,-3.10696,0
22:13:39,-3.2156,-3.2156,0
22:13:39,-3.32508,-3.32508,0
22:13:39,-3.45621,-3.45621,0
22:13:39,-3.58836,-3.58836,0
22:13:39,-3.72155,-3.72155,0
22:13:39,-3.8558,-3.8558,0
22:13:39,-3.99112,-3.99112,0
22:13:39,-4.12754,-4.12754,0
22:13:39,-4.26506,-4.26506,0
22:13:39,-4.40371,-4.40371,0
22:13:39,-4.54351,-4.54351,0
22:13:39,-4.68447,-4.68447,0
22:13:39,-4.82662,-4.82662,0
22:13:39,-4.96997,-4.96997,0
22:13:39,-5.11455,-5.11455,0
22:13:39,-5.26037,-5.26037,0
22:13:39,-5.40746,-5.40746,0
22:13:39,-5.55584,-5.55584,0
22:13:39,-5.70554,-5.70554,0
22:13:39,-5.85657,-5.85657,0
22:13:40,-6.00896,-6.00896,0
22:13:40,-6.16274,-6.16274,0
22:13:40,-6.31792,-6.31792,0
22:13:40,-6.47455,-6.47455,0
22:13:40,-6.63264,-6.63264,0
22:13:40,-6.79222,-6.79222,0
22:13:40,-6.95332,-6.95332,0
22:13:40,-7.11596,-7.11596,0
22:13:40,-7.28019,-7.28019,0
22:13:40,-7.44603,-7.44603,0
22:13:40,-7.61351,-7.61351,0
22:13:40,-7.78266,-7.78266,0
22:13:40,-7.95353,-7.95353,0
22:13:40,-8.12613,-8.12613,0
22:13:40,-8.30052,-8.30052,0
22:13:40,-8.47672,-8.47672,0
22:13:40,-8.65478,-8.65478,0
22:13:40,-8.83473,-8.83473,0
22:13:40,-9.01662,-9.01662,0
22:13:40,-9.20048,-9.20048,0
22:13:40,-9.38636,-9.38636,0
22:13:40,-9.57431,-9.57431,0
22:13:40,-9.76438,-9.76438,0
22:13:40,-9.9566,-9.9566,0
22:13:40,-10.151,-10.151,0
22:13:40,-10.3477,-10.3477,0
22:13:40,-10.5467,-10.5467,0
22:13:40,-10.7481,-10.7481,0
22:13:40,-10.961,-10.961,0
22:13:40,-11.1764,-11.1764,0
22:13:40,-11.3946,-11.3946,0
22:13:40,-11.6154,-11.6154,0
22:13:40,-11.839,-11.839,0
22:13:40,-12.0655,-12.0655,0
22:13:40,-12.2949,-12.2949,0
22:13:40,-12.5274,-12.5274,0
22:13:40,-12.772,-12.772,0
22:13:40,-13.0199,-13.0199,0
22:13:40,-13.2712,-13.2712,0
22:13:40,-13.526,-13.526,0
22:13:40,-13.7844,-13.7844,0
22:13:40,-14.0465,-14.0465,0
22:13:40,-14.3138,-14.3138,0
22:13:40,-14.5991,-14.5991,0
22:13:40,-14.8886,-14.8886,0
22:13:40,-15.1826,-15.1826,0
22:13:40,-15.4811,-15.4811,0
22:13:40,-15.7842,-15.7842,0
22:13:40,-16.0921,-16.0921,0
22:13:40,-16.4051,-16.4051,0
22:13:40,-16.7386,-16.7386,0
22:13:40,-17.0777,-17.0777,0
22:13:40,-17.4226,-17.4226,0
22:13:40,-17.7734,-17.7734,0
22:13:40,-18.1303,-18.1303,0
22:13:40,-18.4936,-18.4936,0
22:13:40,-18.8636,-18.8636,0
22:13:41,-19.2404,-19.2404,0
22:13:41,-19.6242,-19.6242,0
22:13:41,-20.0155,-20.0155,0
22:13:41,-20.4145,-20.4145,0
22:13:41,-20.8214,-20.8214,0
22:13:41,-21.2366,-21.2366,0
22:13:41,-21.6605,-21.6605,0
22:13:41,-22.0934,-22.0934,0
22:13:41,-22.5357,-22.5357,0
22:13:41,-22.9879,-22.9879,0
22:13:41,-23.4503,-23.4503,0
22:13:41,-23.9234,-23.9234,0
22:13:41,-24.4079,-24.4079,0
22:13:41,-24.9041,-24.9041,0
22:13:41,-25.4128,-25.4128,0
22:13:41,-25.9345,-25.9345,0
22:13:41,-26.4699,-26.4699,0
22:13:41,-27.0198,-27.0198,0
22:13:41,-27.585,-27.585,0
22:13:41,-28.1663,-28.1663,0
22:13:41,-28.7647,-28.7647,0
22:13:41,-29.3813,-29.3813,0
22:13:41,-30.0171,-30.0171,0
22:13:41,-30.6734,-30.6734,0
22:13:41,-31.3517,-31.3517,0
22:13:41,-32.0533,-32.0533,0
22:13:41,-32.7799,-32.7799,0
22:13:41,-33.5335,-33.5335,0
22:13:41,-34.316,-34.316,0
22:13:41,-35.1299,-35.1299,0
22:13:41,-35.9776,-35.9776,0
22:13:41,-36.8623,-36.8623,0
22:13:41,-37.7871,-37.7871,0
22:13:41,-38.756,-38.756,0
22:13:41,-39.7733,-39.7733,0
22:13:41,-40.8441,-40.8441,0
22:13:41,-41.9745,-41.9745,0
22:13:41,-43.1713,-43.1713,0
22:13:41,-44.443,-44.443,0
22:13:41,-45.7994,-45.7994,0
22:13:41,-47.2527,-47.2527,0
22:13:41,-48.8178,-48.8178,0
22:13:41,-50.5133,-50.5133,0
22:13:41,-52.363,-52.363,0
22:13:41,-54.3976,-54.3976,0
22:13:41,-56.6583,-56.6583,0
22:13:41,-59.2016,-59.2016,0
22:13:41,-62.1082,-62.1082,0
22:13:41,-65.4993,-65.4993,0
22:13:41,-69.5685,-69.5685,0
22:13:41,-74.6551,-74.6551,0
22:13:41,-81.4372,-81.4372,0
22:13:42,-91.6275,-91.6275,0
22:13:42,-112.014,-112.014,0
22:13:42,801.598,801.598,0
22:13:42,801.598,801.598,0
22:13:42,801.598,801.598,0
22:13:42,801.598,801.598,0
22:13:42,801.598,801.598,0
22:13:42,801.598,801.598,0
22:13:42,801.598,801.598,0
22:13:42,801.598,801.598,0
22:13:42,801.598,801.598,0
22:13:42,801.598,801.598,0
22:13:42,801.598,801.598,0
22:13:42,801.575,801.575,0
22:13:42,801.554,801.554,0
22:13:42,801.535,801.535,0
22:13:42,801.517,801.517,0
22:13:42,801.5,801.5,0
22:13:42,801.484,801.484,0
22:13:42,801.47,801.47,0
22:13:42,801.456,801.456,0
22:13:42,801.443,801.443,0
22:13:42,801.43,801.43,0
22:13:42,801.418,801.418,0
22:13:42,801.407,801.407,0
22:13:42,801.396,801.396,0
22:13:42,801.385,801.385,0
22:13:42,801.375,801.375,0
22:13:42,801.366,801.366,0
22:13:42,801.356,801.356,0
22:13:42,801.347,801.347,0
22:13:42,801.339,801.339,0
22:13:42,801.33,801.33,0
22:13:42,801.322,801.322,0
22:13:42,801.315,801.315,0
22:13:42,801.307,801.307,0
22:13:42,801.3,801.3,0
22:13:42,801.292,801.292,0
22:13:42,801.285,801.285,0
22:13:42,801.279,801.279,0
22:13:42,801.272,801.272,0
22:13:42,801.266,801.266,0
22:13:42,801.259,801.259,0
22:13:42,801.253,801.253,0
22:13:42,801.247,801.247,0
22:13:42,801.241,801.241,0
22:13:42,801.236,801.236,0
22:13:42,801.23,801.23,0
22:13:42,801.225,801.225,0
22:13:42,801.219,801.219,0
22:13:42,801.214,801.214,0
22:13:42,801.209,801.209,0
22:13:42,801.204,801.204,0
22:13:42,801.199,801.199,0
22:13:42,801.194,801.194,0
22:13:42,801.19,801.19,0
22:13:42,801.185,801.185,0
22:13:42,801.18,801.18,0
22:13:42,801.176,801.176,0
22:13:42,801.171,801.171,0
22:13:42,801.167,801.167,0
22:13:42,801.163,801.163,0
22:13:42,801.159,801.159,0
22:13:42,801.155,801.155,0
22:13:43,801.151,801.151,0
22:13:43,801.147,801.147,0
22:13:43,801.143,801.143,0
22:13:43,801.139,801.139,0
22:13:43,801.135,801.135,0
22:13:43,801.131,801.131,0
22:13:43,801.128,801.128,0
22:13:43,801.124,801.124,0
22:13:43,801.12,801.12,0
22:13:43,801.117,801.117,0
22:13:43,801.113,801.113,0
22:13:43,801.11,801.11,0
22:13:43,801.106,801.106,0
22:13:43,801.103,801.103,0
22:13:43,801.1,801.1,0
22:13:43,801.097,801.097,0
22:13:43,801.093,801.093,0
22:13:43,801.09,801.09,0
22:13:43,801.087,801.087,0
22:13:43,801.084,801.084,0
22:13:43,801.081,801.081,0
22:13:43,801.078,801.078,0
22:13:43,801.075,801.075,0
22:13:43,801.072,801.072,0
22:13:43,801.069,801.069,0
22:13:43,801.066,801.066,0
22:13:43,801.063,801.063,0
22:13:44,801.06,801.06,0
22:13:44,801.058,801.058,0
22:13:44,801.055,801.055,0
22:13:44,801.052,801.052,0
22:13:44,801.049,801.049,0
22:13:44,801.047,801.047,0
22:13:44,801.044,801.044,0
22:13:44,801.042,801.042,0
22:13:44,801.039,801.039,0
22:13:44,801.036,801.036,0
22:13:44,801.034,801.034,0
22:13:44,801.031,801.031,0
22:13:44,801.029,801.029,0
22:13:44,801.026,801.026,0
22:13:44,801.024,801.024,0
22:13:44,801.022,801.022,0
22:13:44,801.019,801.019,0
22:13:44,801.017,801.017,0
22:13:44,801.015,801.015,0
22:13:44,801.012,801.012,0
22:13:44,801.01,801.01,0
22:13:44,801.008,801.008,0
22:13:44,801.005,801.005,0
22:13:44,801.003,801.003,0
22:13:44,801.001,801.001,0
22:13:44,800.999,800.999,0
22:13:44,800.996,800.996,0
22:13:44,800.994,800.994,0
22:13:44,800.992,800.992,0
22:13:44,800.99,800.99,0
22:13:44,800.988,800.988,0
22:13:44,800.986,800.986,0
22:13:45,800.984,800.984,0
22:13:45,800.982,800.982,0
22:13:45,800.98,800.98,0
22:13:45,800.978,800.978,0
22:13:45,800.976,800.976,0
22:13:45,800.974,800.974,0
22:13:45,800.972,800.972,0
22:13:45,800.97,800.97,0
22:13:45,800.968,800.968,0
22:13:45,800.966,800.966,0
22:13:45,800.964,800.964,0
22:13:45,800.962,800.962,0
22:13:45,800.96,800.96,0
22:13:45,800.958,800.958,0
22:13:45,800.956,800.956,0
22:13:45,800.955,800.955,0
22:13:45,800.953,800.953,0
22:13:45,800.951,800.951,0
22:13:45,800.949,800.949,0
22:13:45,800.947,800.947,0
22:13:45,800.946,800.946,0
22:13:45,800.944,800.944,0
22:13:45,800.942,800.942,0
22:13:45,800.94,800.94,0
22:13:45,800.939,800.939,0
22:13:45,800.937,800.937,0
22:13:45,800.935,800.935,0
22:13:45,800.933,800.933,0
22:13:45,800.932,800.932,0
22:13:46,800.93,800.93,0
22:13:46,800.928,800.928,0
22:13:46,800.927,800.927,0
22:13:46,800.925,800.925,0
22:13:46,800.924,800.924,0
22:13:46,800.922,800.922,0
22:13:46,800.92,800.92,0
22:13:46,800.919,800.919,0
22:13:46,800.917,800.917,0
22:13:46,800.916,800.916,0
22:13:46,800.914,800.914,0
22:13:46,800.912,800.912,0
22:13:46,800.911,800.911,0
22:13:46,800.909,800.909,0
22:13:46,800.908,800.908,0
22:13:46,800.906,800.906,0
22:13:46,800.905,800.905,0
22:13:46,800.903,800.903,0
22:13:46,800.902,800.902,0
22:13:47,800.9,800.9,0
22:13:47,800.899,800.899,0
22:13:47,800.897,800.897,0
22:13:47,800.896,800.896,0
22:13:47,800.894,800.894,0
22:13:47,800.893,800.893,0
22:13:47,800.892,800.892,0
22:13:47,800.89,800.89,0
22:13:47,800.889,800.889,0
22:13:48,800.887,800.887,0
22:13:48,800.886,800.886,0
22:13:48,800.885,800.885,0
22:13:48,800.883,800.883,0
22:13:48,800.882,800.882,0
22:13:48,800.88,800.88,0
22:13:48,800.879,800.879,0
22:13:48,800.878,800.878,0
22:13:48,800.876,800.876,0
22:13:48,800.875,800.875,0
22:13:48,800.874,800.874,0
22:13:48,800.872,800.872,0
22:13:48,800.871,800.871,0
22:13:48,800.87,800.87,0
22:13:49,800.868,800.868,0
22:13:49,800.867,800.867,0
22:13:49,800.866,800.866,0
22:13:49,800.865,800.865,0
22:13:49,800.863,800.863,0
22:13:49,800.862,800.862,0
22:13:49,800.861,800.861,0
22:13:49,800.859,800.859,0
22:13:49,800.858,800.858,0
22:13:49,800.857,800.857,0
22:13:49,800.856,800.856,0
22:13:49,800.854,800.854,0
22:13:49,800.853,800.853,0
22:13:49,800.852,800.852,0
22:13:49,800.851,800.851,0
22:13:49,800.85,800.85,0
22:13:49,800.848,800.848,0
22:13:49,800.847,800.847,0
22:13:49,800.846,800.846,0
22:13:49,800.845,800.845,0
22:13:49,800.844,800.844,0
22:13:49,800.842,800.842,0
22:13:50,800.841,800.841,0
22:13:50,800.84,800.84,0
22:13:50,800.839,800.839,0
22:13:50,800.838,800.838,0
22:13:50,800.837,800.837,0
22:13:50,800.835,800.835,0
22:13:50,800.834,800.834,0
22:13:50,800.833,800.833,0
22:13:50,800.832,800.832,0
22:13:50,800.831,800.831,0
22:13:50,800.83,800.83,0
22:13:50,800.829,800.829,0
22:13:50,800.828,800.828,0
22:13:50,800.826,800.826,0
22:13:50,800.825,800.825,0
22:13:50,800.826,800.826,0
22:13:50,800.828,800.828,0
22:13:50,800.829,800.829,0
22:13:50,800.83,800.83,0
22:13:50,800.831,800.831,0
22:13:50,800.832,800.832,0
22:13:50,800.833,800.833,0
22:13:50,800.834,800.834,0
22:13:50,800.835,800.835,0
22:13:50,800.837,800.837,0
22:13:50,800.838,800.838,0
22:13:50,800.839,800.839,0
22:13:50,800.84,800.84,0
22:13:51,800.841,800.841,0
22:13:51,800.842,800.842,0
22:13:51,800.844,800.844,0
22:13:51,800.845,800.845,0
22:13:51,800.846,800.846,0
22:13:51,800.847,800.847,0
22:13:51,800.848,800.848,0
22:13:51,800.849,800.849,0
22:13:51,800.851,800.851,0
22:13:51,800.852,800.852,0
22:13:51,800.853,800.853,0
22:13:51,800.854,800.854,0
22:13:51,800.856,800.856,0
22:13:51,800.857,800.857,0
22:13:51,800.858,800.858,0
22:13:51,800.859,800.859,0
22:13:51,800.861,800.861,0
22:13:51,800.862,800.862,0
22:13:51,800.863,800.863,0
22:13:51,800.864,800.864,0
22:13:52,800.866,800.866,0
22:13:52,800.867,800.867,0
22:13:52,800.868,800.868,0
22:13:52,800.869,800.869,0
22:13:52,800.871,800.871,0
22:13:52,800.872,800.872,0
22:13:52,800.873,800.873,0
22:13:52,800.875,800.875,0
22:13:52,800.876,800.876,0
22:13:52,800.877,800.877,0
22:13:52,800.879,800.879,0
22:13:52,800.88,800.88,0
22:13:52,800.881,800.881,0
22:13:52,800.883,800.883,0
22:13:52,800.884,800.884,0
22:13:52,800.886,800.886,0
22:13:52,800.887,800.887,0
22:13:52,800.888,800.888,0
22:13:52,800.89,800.89,0
22:13:52,800.891,800.891,0
22:13:52,800.893,800.893,0
22:13:52,800.894,800.894,0
22:13:52,800.896,800.896,0
22:13:52,800.897,800.897,0
22:13:52,800.898,800.898,0
22:13:52,800.9,800.9,0
22:13:52,800.901,800.901,0
22:13:52,800.903,800.903,0
22:13:52,800.904,800.904,0
22:13:52,800.906,800.906,0
22:13:52,800.907,800.907,0
22:13:52,800.909,800.909,0
22:13:52,800.91,800.91,0
22:13:52,800.912,800.912,0
22:13:52,800.913,800.913,0
22:13:52,800.915,800.915,0
22:13:52,800.916,800.916,0
22:13:52,800.918,800.918,0
22:13:52,800.919,800.919,0
22:13:52,800.903,800.903,0
22:13:52,800.867,800.867,0
22:13:52,800.777,800.777,0
22:13:52,800.687,800.687,0
22:13:52,800.596,800.596,0
22:13:52,800.504,800.504,0
22:13:52,800.412,800.412,0
22:13:52,800.319,800.319,0
22:13:52,800.225,800.225,0
22:13:52,800.131,800.131,0
22:13:52,800.036,800.036,0
22:13:52,799.941,799.941,0
22:13:52,799.844,799.844,0
22:13:52,799.748,799.748,0
22:13:52,799.65,799.65,0
22:13:52,799.552,799.552,0
22:13:52,799.453,799.453,0
22:13:52,799.354,799.354,0
22:13:52,799.253,799.253,0
22:13:52,799.152,799.152,0
22:13:52,799.05,799.05,0
22:13:52,798.948,798.948,0
22:13:52,798.845,798.845,0
22:13:52,798.949,798.949,0
22:13:52,799.052,799.052,0
22:13:52,799.154,799.154,0
22:13:52,799.256,799.256,0
22:13:52,799.357,799.357,0
22:13:52,799.458,799.458,0
22:13:52,799.557,799.557,0
22:13:52,799.656,799.656,0
22:13:52,799.754,799.754,0
22:13:52,799.852,799.852,0
22:13:52,799.948,799.948,0
22:13:52,800.045,800.045,0
22:13:52,800.14,800.14,0
22:13:52,800.235,800.235,0
22:13:52,800.132,800.132,0
22:13:52,800.022,800.022,0
22:13:52,800.136,800.136,0
22:13:52,800.023,800.023,0
22:13:52,799.909,799.909,0
22:13:52,799.794,799.794,0
22:13:52,799.678,799.678,0
22:13:52,799.562,799.562,0
22:13:52,799.445,799.445,0
22:13:52,799.326,799.326,0
22:13:52,799.208,799.208,0
22:13:52,799.088,799.088,0
22:13:52,798.967,798.967,0
22:13:52,798.846,798.846,0
22:13:52,798.723,798.723,0
22:13:52,798.6,798.6,0
22:13:52,798.475,798.475,0
22:13:52,798.35,798.35,0
22:13:52,798.224,798.224,0
22:13:52,798.097,798.097,0
22:13:52,797.969,797.969,0
22:13:52,797.84,797.84,0
22:13:52,797.71,797.71,0
22:13:52,797.579,797.579,0
22:13:53,797.447,797.447,0
22:13:53,797.313,797.313,0
22:13:53,797.179,797.179,0
22:13:53,797.025,797.025,0
22:13:53,796.87,796.87,0
22:13:53,796.714,796.714,0
22:13:53,796.556,796.556,0
22:13:53,796.397,796.397,0
22:13:53,796.237,796.237,0
22:13:53,796.075,796.075,0
22:13:53,795.912,795.912,0
22:13:53,795.748,795.748,0
22:13:53,795.582,795.582,0
22:13:53,795.415,795.415,0
22:13:53,795.246,795.246,0
22:13:53,795.075,795.075,0
22:13:53,794.903,794.903,0
22:13:53,794.73,794.73,0
22:13:53,794.555,794.555,0
22:13:53,794.378,794.378,0
22:13:53,794.193,794.193,0
22:13:53,793.991,793.991,0
22:13:53,793.779,793.779,0
22:13:53,793.524,793.524,0
22:13:53,793.266,793.266,0
22:13:53,793.006,793.006,0
22:13:53,792.743,792.743,0
22:13:53,792.478,792.478,0
22:13:53,792.21,792.21,0
22:13:53,791.939,791.939,0
22:13:53,791.666,791.666,0
22:13:53,791.389,791.389,0
22:13:53,791.11,791.11,0
22:13:53,790.827,790.827,0
22:13:53,790.542,790.542,0
22:13:53,790.253,790.253,0
22:13:53,789.961,789.961,0
22:13:53,789.666,789.666,0
22:13:53,789.368,789.368,0
22:13:53,789.066,789.066,0
22:13:53,788.76,788.76,0
22:13:53,788.451,788.451,0
22:13:53,788.139,788.139,0
22:13:53,787.822,787.822,0
22:13:53,787.502,787.502,0
22:13:53,787.178,787.178,0
22:13:53,786.849,786.849,0
22:13:53,786.517,786.517,0
22:13:53,786.18,786.18,0
22:13:53,785.839,785.839,0
22:13:53,785.493,785.493,0
22:13:53,785.143,785.143,0
22:13:53,784.788,784.788,0
22:13:53,784.422,784.422,0
22:13:53,784.05,784.05,0
22:13:53,783.674,783.674,0
22:13:53,783.292,783.292,0
22:13:53,782.905,782.905,0
22:13:53,782.512,782.512,0
22:13:53,782.113,782.113,0
22:13:53,781.708,781.708,0
22:13:53,781.297,781.297,0
22:13:53,780.879,780.879,0
22:13:53,780.455,780.455,0
22:13:53,780.024,780.024,0
22:13:53,779.586,779.586,0
22:13:53,779.14,779.14,0
22:13:53,778.687,778.687,0
22:13:53,778.227,778.227,0
22:13:53,777.758,777.758,0
22:13:53,777.281,777.281,0
22:13:53,776.795,776.795,0
22:13:53,776.3,776.3,0
22:13:53,775.795,775.795,0
22:13:53,775.282,775.282,0
22:13:53,774.751,774.751,0
22:13:53,774.21,774.21,0
22:13:53,773.658,773.658,0
22:13:53,773.095,773.095,0
22:13:53,772.52,772.52,0
22:13:53,771.932,771.932,0
22:13:53,771.331,771.331,0
22:13:53,770.716,770.716,0
22:13:53,770.087,770.087,0
22:13:53,769.443,769.443,0
22:13:53,768.784,768.784,0
22:13:53,768.107,768.107,0
22:13:53,767.414,767.414,0
22:13:53,766.702,766.702,0
22:13:53,765.971,765.971,0
22:13:53,765.22,765.22,0
22:13:53,764.447,764.447,0
22:13:53,763.647,763.647,0
22:13:53,762.808,762.808,0
22:13:53,761.93,761.93,0
22:13:53,761.025,761.025,0
22:13:53,760.089,760.089,0
22:13:53,759.121,759.121,0
22:13:53,758.118,758.118,0
22:13:53,757.078,757.078,0
22:13:53,755.999,755.999,0
22:13:53,754.876,754.876,0
22:13:53,753.706,753.706,0
22:13:53,752.485,752.485,0
22:13:53,751.209,751.209,0
22:13:53,749.872,749.872,0
22:13:53,748.469,748.469,0
22:13:53,746.991,746.991,0
22:13:53,745.432,745.432,0
22:13:53,743.78,743.78,0
22:13:53,742.025,742.025,0
22:13:53,740.154,740.154,0
22:13:53,738.149,738.149,0
22:13:53,735.989,735.989,0
22:13:53,733.65,733.65,0
22:13:53,731.097,731.097,0
22:13:53,728.29,728.29,0
22:13:53,725.171,725.171,0
22:13:53,721.661,721.661,0
22:13:53,717.651,717.651,0
22:13:53,712.972,712.972,0
22:13:53,707.357,707.357,0
22:13:53,700.339,700.339,0
22:13:53,690.981,690.981,0
22:13:53,676.944,676.944,0
22:13:53,648.87,648.87,0
22:13:53,-264.993,-264.993,0
22:13:53,-264.993,-264.993,0
22:13:53,-264.993,-264.993,0
22:13:53,-264.993,-264.993,0
22:13:53,-264.993,-264.993,0
22:13:53,-264.993,-264.993,0
22:13:53,-264.993,-264.993,0
22:13:53,-264.993,-264.993,0
22:13:53,-264.993,-264.993,0
22:13:53,-264.993,-264.993,0
22:13:53,-264.993,-264.993,0
22:13:53,-264.993,-264.993,0
22:13:53,-264.993,-264.993,0
22:13:53,-264.993,-264.993,0
22:13:53,-264.993,-264.993,0
22:13:53,-264.993,-264.993,0
22:13:53,-264.993,-264.993,0
22:13:53,-264.993,-264.993,0
22:13:53,-264.993,-264.993,0
22:13:53,-264.993,-264.993,0
22:13:53,-264.993,-264.993,0
22:13:53,-264.993,-264.993,0
22:13:53,-264.993,-264.993,0
22:13:53,-264.993,-264.993,0
22:13:53,-264.993,-264.993,0
22:13:53,-264.993,-264.993,0
22:13:53,-264.993,-264.993,0
22:13:53,-264.993,-264.993,0
22:13:53,-264.993,-264.993,0
22:13:53,-264.993,-264.993,0
22:13:53,-264.993,-264.993,0
22:13:53,-264.993,-264.993,0
22:13:53,-264.993,-264.993,0
22:13:53,-264.993,-264.993,0
22:13:53,-264.993,-264.993,0
22:13:53,-264.993,-264.993,0
22:13:53,-264.993,-264.993,0
22:13:53,-264.993,-264.993,0
22:13:53,-264.993,-264.993,0
22:13:53,-264.993,-264.993,0
22:13:53,-264.993,-264.993,0
22:13:53,-264.993,-264.993,0
22:13:53,-264.994,-264.994,0
22:13:53,-264.994,-264.994,0
22:13:53,-264.994,-264.994,0
22:13:53,-264.994,-264.994,0
22:13:53,-264.994,-264.994,0
22:13:53,-264.994,-264.994,0
22:13:53,-264.994,-264.994,0
22:13:53,-264.994,-264.994,0
22:13:53,-264.994,-264.994,0
22:13:53,-264.999,-264.999,0
22:13:53,-265.022,-265.022,0
22:13:53,-265.054,-265.054,0
22:13:53,-265.093,-265.093,0
22:13:53,-265.14,-265.14,0
22:13:53,-265.196,-265.196,0
22:13:53,-265.257,-265.257,0
22:13:53,-265.321,-265.321,0
22:13:53,-265.384,-265.384,0
22:13:53,-265.446,-265.446,0
22:13:53,-265.506,-265.506,0
22:13:53,-265.566,-265.566,0
22:13:53,-265.625,-265.625,0
22:13:53,-265.683,-265.683,0
22:13:53,-265.74,-265.74,0
22:13:53,-265.796,-265.796,0
22:13:53,-265.851,-265.851,0
22:13:53,-265.906,-265.906,0
22:13:53,-265.96,-265.96,0
22:13:53,-266.013,-266.013,0
22:13:53,-266.065,-266.065,0
22:13:53,-266.116,-266.116,0
22:13:53,-266.167,-266.167,0
22:13:53,-266.217,-266.217,0
22:13:53,-266.267,-266.267,0
22:13:53,-266.316,-266.316,0
22:13:53,-266.364,-266.364,0
22:13:53,-266.411,-266.411,0
22:13:53,-266.458,-266.458,0
22:13:53,-266.504,-266.504,0
22:13:53,-266.55,-266.55,0
22:13:53,-266.595,-266.595,0
22:13:53,-266.64,-266.64,0
22:13:53,-266.684,-266.684,0
22:13:53,-266.728,-266.728,0
22:13:53,-266.771,-266.771,0
22:13:53,-266.814,-266.814,0
22:13:53,-266.856,-266.856,0
22:13:53,-266.897,-266.897,0
22:13:53,-266.939,-266.939,0
22:13:53,-266.979,-266.979,0
22:13:53,-267.02,-267.02,0
22:13:53,-267.059,-267.059,0
22:13:53,-267.099,-267.099,0
22:13:53,-267.138,-267.138,0
22:13:53,-267.177,-267.177,0
22:13:53,-267.215,-267.215,0
22:13:53,-267.253,-267.253,0
22:13:53,-267.29,-267.29,0
22:13:53,-267.327,-267.327,0
22:13:53,-267.364,-267.364,0
22:13:53,-267.469,-267.469,0
22:13:53,-267.573,-267.573,0
22:13:53,-267.676,-267.676,0
22:13:53,-267.778,-267.778,0
22:13:53,-267.879,-267.879,0
22:13:53,-267.979,-267.979,0
22:13:53,-268.078,-268.078,0
22:13:53,-268.176,-268.176,0
22:13:53,-268.273,-268.273,0
22:13:53,-268.37,-268.37,0
22:13:53,-268.465,-268.465,0
22:13:53,-268.56,-268.56,0
22:13:53,-268.654,-268.654,0
22:13:53,-268.747,-268.747,0
22:13:53,-268.839,-268.839,0
22:13:53,-268.931,-268.931,0
22:13:53,-269.022,-269.022,0
22:13:53,-269.111,-269.111,0
22:13:53,-269.201,-269.201,0
22:13:53,-269.289,-269.289,0
22:13:53,-269.377,-269.377,0
22:13:53,-269.464,-269.464,0
22:13:53,-269.55,-269.55,0
22:13:53,-269.646,-269.646,0
22:13:53,-269.752,-269.752,0
22:13:53,-269.866,-269.866,0
22:13:53,-269.987,-269.987,0
22:13:53,-270.119,-270.119,0
22:13:53,-270.26,-270.26,0
22:13:53,-270.4,-270.4,0
22:13:53,-270.54,-270.54,0
22:13:53,-270.678,-270.678,0
22:13:53,-270.815,-270.815,0
22:13:53,-270.951,-270.951,0
22:13:53,-271.086,-271.086,0
22:13:53,-271.221,-271.221,0
22:13:53,-271.354,-271.354,0
22:13:53,-271.486,-271.486,0
22:13:53,-271.617,-271.617,0
22:13:53,-271.748,-271.748,0
22:13:53,-271.877,-271.877,0
22:13:53,-272.006,-272.006,0
22:13:53,-272.133,-272.133,0
22:13:53,-272.26,-272.26,0
22:13:53,-272.386,-272.386,0
22:13:53,-272.511,-272.511,0
22:13:53,-272.635,-272.635,0
22:13:53,-272.759,-272.759,0
22:13:53,-272.881,-272.881,0
22:13:53,-273.003,-273.003,0
22:13:53,-273.124,-273.124,0
22:13:53,-273.304,-273.304,0
22:13:53,-273.483,-273.483,0
22:13:53,-273.661,-273.661,0
22:13:53,-273.838,-273.838,0
22:13:53,-274.014,-274.014,0
22:13:53,-274.188,-274.188,0
22:13:53,-274.362,-274.362,0
22:13:53,-274.534,-274.534,0
22:13:53,-274.706,-274.706,0
22:13:53,-274.876,-274.876,0
22:13:53,-275.045,-275.045,0
22:13:53,-275.213,-275.213,0
22:13:53,-275.381,-275.381,0
22:13:53,-275.547,-275.547,0
22:13:53,-275.712,-275.712,0
22:13:53,-275.876,-275.876,0
22:13:53,-276.039,-276.039,0
22:13:53,-276.202,-276.202,0
22:13:53,-276.363,-276.363,0
22:13:53,-276.523,-276.523,0
22:13:53,-276.683,-276.683,0
22:13:53,-276.841,-276.841,0
22:13:53,-276.999,-276.999,0
22:13:53,-277.156,-277.156,0
22:13:53,-277.311,-277.311,0
22:13:53,-277.466,-277.466,0
22:13:53,-277.621,-277.621,0
22:13:53,-277.774,-277.774,0
22:13:53,-277.926,-277.926,0
22:13:53,-278.078,-278.078,0
22:13:53,-278.228,-278.228,0
22:13:53,-278.378,-278.378,0
22:13:53,-278.528,-278.528,0
22:13:53,-278.676,-278.676,0
22:13:53,-278.823,-278.823,0
22:13:53,-278.97,-278.97,0
22:13:53,-279.116,-279.116,0
22:13:53,-279.261,-279.261,0
22:13:53,-279.406,-279.406,0
22:13:53,-279.549,-279.549,0
22:13:53,-279.692,-279.692,0
22:13:53,-279.834,-279.834,0
22:13:53,-279.976,-279.976,0
22:13:53,-280.117,-280.117,0
22:13:53,-280.257,-280.257,0
22:13:53,-280.396,-280.396,0
22:13:53,-280.535,-280.535,0
22:13:54,-280.673,-280.673,0
22:13:54,-280.81,-280.81,0
22:13:54,-280.946,-280.946,0
22:13:54,-281.082,-281.082,0
22:13:54,-281.217,-281.217,0
22:13:54,-281.352,-281.352,0
22:13:54,-281.486,-281.486,0
22:13:54,-281.619,-281.619,0
22:13:54,-281.752,-281.752,0
22:13:54,-281.884,-281.884,0
22:13:54,-282.015,-282.015,0
22:13:54,-282.146,-282.146,0
22:13:54,-282.276,-282.276,0
22:13:54,-282.406,-282.406,0
22:13:54,-282.535,-282.535,0
22:13:54,-282.663,-282.663,0
22:13:54,-282.791,-282.791,0
22:13:54,-282.925,-282.925,0
22:13:54,-283.069,-283.069,0
22:13:54,-283.226,-283.226,0
22:13:54,-283.397,-283.397,0
22:13:54,-283.574,-283.574,0
22:13:54,-283.75,-283.75,0
22:13:54,-283.926,-283.926,0
22:13:54,-284.1,-284.1,0
22:13:54,-284.274,-284.274,0
22:13:54,-284.448,-284.448,0
22:13:54,-284.62,-284.62,0
22:13:54,-284.792,-284.792,0
22:13:54,-284.963,-284.963,0
22:13:54,-285.133,-285.133,0
22:13:54,-285.302,-285.302,0
22:13:54,-285.471,-285.471,0
22:13:54,-285.639,-285.639,0
22:13:54,-285.806,-285.806,0
22:13:54,-285.973,-285.973,0
22:13:54,-286.139,-286.139,0
22:13:54,-286.304,-286.304,0
22:13:54,-286.468,-286.468,0
22:13:54,-286.632,-286.632,0
22:13:54,-286.795,-286.795,0
22:13:54,-286.957,-286.957,0
22:13:54,-287.119,-287.119,0
22:13:54,-287.333,-287.333,0
22:13:54,-287.546,-287.546,0
22:13:54,-287.758,-287.758,0
22:13:54,-287.969,-287.969,0
22:13:54,-288.179,-288.179,0
22:13:54,-288.388,-288.388,0
22:13:54,-288.597,-288.597,0
22:13:54,-288.805,-288.805,0
22:13:54,-289.012,-289.012,0
22:13:54,-289.218,-289.218,0
22:13:54,-289.423,-289.423,0
22:13:54,-289.628,-289.628,0
22:13:54,-289.831,-289.831,0
22:13:54,-290.034,-290.034,0
22:13:54,-290.236,-290.236,0
22:13:54,-290.437,-290.437,0
22:13:54,-290.638,-290.638,0
22:13:54,-290.838,-290.838,0
22:13:54,-291.037,-291.037,0
22:13:54,-291.235,-291.235,0
22:13:54,-291.432,-291.432,0
22:13:54,-291.629,-291.629,0
22:13:54,-291.825,-291.825,0
22:13:54,-292.02,-292.02,0
22:13:54,-292.215,-292.215,0
22:13:54,-292.409,-292.409,0
22:13:54,-292.602,-292.602,0
22:13:54,-292.794,-292.794,0
22:13:54,-292.986,-292.986,0
22:13:54,-293.177,-293.177,0
22:13:54,-293.367,-293.367,0
22:13:54,-293.556,-293.556,0
22:13:54,-293.745,-293.745,0
22:13:54,-293.934,-293.934,0
22:13:54,-294.121,-294.121,0
22:13:54,-294.308,-294.308,0
22:13:54,-294.494,-294.494,0
22:13:54,-294.679,-294.679,0
22:13:54,-294.864,-294.864,0
22:13:54,-295.048,-295.048,0
22:13:54,-295.232,-295.232,0
22:13:54,-295.415,-295.415,0
22:13:54,-295.597,-295.597,0
22:13:54,-295.779,-295.779,0
22:13:54,-295.96,-295.96,0
22:13:54,-296.14,-296.14,0
22:13:54,-296.32,-296.32,0
22:13:54,-296.499,-296.499,0
22:13:54,-296.677,-296.677,0
22:13:54,-296.855,-296.855,0
22:13:54,-297.032,-297.032,0
22:13:54,-297.209,-297.209,0
22:13:54,-297.385,-297.385,0
22:13:54,-297.56,-297.56,0
22:13:54,-297.735,-297.735,0
22:13:54,-297.91,-297.91,0
22:13:54,-298.083,-298.083,0
22:13:54,-298.256,-298.256,0
22:13:54,-298.429,-298.429,0
22:13:54,-298.601,-298.601,0
22:13:54,-298.772,-298.772,0
22:13:54,-298.943,-298.943,0
22:13:54,-299.113,-299.113,0
22:13:54,-299.283,-299.283,0
22:13:54,-299.452,-299.452,0
22:13:54,-299.621,-299.621,0
22:13:54,-299.789,-299.789,0
22:13:54,-299.957,-299.957,0
22:13:54,-300.124,-300.124,0
22:13:54,-300.29,-300.29,0
22:13:54,-300.456,-300.456,0
22:13:54,-300.621,-300.621,0
22:13:54,-300.786,-300.786,0
22:13:54,-300.951,-300.951,0
22:13:54,-301.114,-301.114,0
22:13:54,-301.278,-301.278,0
22:13:54,-301.441,-301.441,0
22:13:54,-301.603,-301.603,0
22:13:54,-301.765,-301.765,0
22:13:54,-301.926,-301.926,0
22:13:54,-302.087,-302.087,0
22:13:54,-302.247,-302.247,0
22:13:54,-302.407,-302.407,0
22:13:54,-302.566,-302.566,0
22:13:54,-302.725,-302.725,0
22:13:54,-302.883,-302.883,0
22:13:54,-303.041,-303.041,0
22:13:54,-303.199,-303.199,0
22:13:54,-303.355,-303.355,0
22:13:54,-303.512,-303.512,0
22:13:54,-303.668,-303.668,0
22:13:54,-303.823,-303.823,0
22:13:54,-303.978,-303.978,0
22:13:54,-304.133,-304.133,0
22:13:54,-304.287,-304.287,0
22:13:54,-304.441,-304.441,0
22:13:54,-304.594,-304.594,0
22:13:54,-304.747,-304.747,0
22:13:54,-304.899,-304.899,0
22:13:54,-305.051,-305.051,0
22:13:54,-305.202,-305.202,0
22:13:54,-305.353,-305.353,0
22:13:54,-305.504,-305.504,0
22:13:54,-305.654,-305.654,0
22:13:54,-305.803,-305.803,0
22:13:54,-305.953,-305.953,0
22:13:54,-306.102,-306.102,0
22:13:54,-306.25,-306.25,0
22:13:54,-306.398,-306.398,0
22:13:54,-306.545,-306.545,0
22:13:54,-306.693,-306.693,0
22:13:54,-306.839,-306.839,0
22:13:54,-306.986,-306.986,0
22:13:55,-307.131,-307.131,0
22:13:55,-307.277,-307.277,0
22:13:55,-307.422,-307.422,0
22:13:55,-307.567,-307.567,0
22:13:55,-307.711,-307.711,0
22:13:55,-307.855,-307.855,0
22:13:55,-307.998,-307.998,0
22:13:55,-308.141,-308.141,0
22:13:55,-308.284,-308.284,0
22:13:55,-308.426,-308.426,0
22:13:55,-308.568,-308.568,0
22:13:55,-308.71,-308.71,0
22:13:55,-308.851,-308.851,0
22:13:55,-308.992,-308.992,0
22:13:55,-309.132,-309.132,0
22:13:55,-309.272,-309.272,0
22:13:55,-309.412,-309.412,0
22:13:55,-309.551,-309.551,0
22:13:55,-309.69,-309.69,0
22:13:55,-309.828,-309.828,0
22:13:55,-309.966,-309.966,0
22:13:55,-310.104,-310.104,0
22:13:55,-310.241,-310.241,0
22:13:55,-310.378,-310.378,0
22:13:55,-310.515,-310.515,0
22:13:55,-310.651,-310.651,0
22:13:55,-310.787,-310.787,0
22:13:55,-310.923,-310.923,0
22:13:55,-311.058,-311.058,0
22:13:55,-311.193,-311.193,0
22:13:55,-311.328,-311.328,0
22:13:55,-311.462,-311.462,0
22:13:55,-311.596,-311.596,0
22:13:55,-311.729,-311.729,0
22:13:55,-311.862,-311.862,0
22:13:55,-311.995,-311.995,0
22:13:55,-312.128,-312.128,0
22:13:55,-312.26,-312.26,0
22:13:55,-312.392,-312.392,0
22:13:55,-312.523,-312.523,0
22:13:56,-312.654,-312.654,0
22:13:56,-312.785,-312.785,0
22:13:56,-312.916,-312.916,0
22:13:56,-313.046,-313.046,0
22:13:56,-313.176,-313.176,0
22:13:56,-313.305,-313.305,0
22:13:56,-313.434,-313.434,0
22:13:56,-313.563,-313.563,0
22:13:56,-313.692,-313.692,0
22:13:56,-313.82,-313.82,0
22:13:56,-313.948,-313.948,0
22:13:56,-314.076,-314.076,0
22:13:56,-314.203,-314.203,0
22:13:56,-314.33,-314.33,0
22:13:56,-314.457,-314.457,0
22:13:56,-314.583,-314.583,0
22:13:56,-314.709,-314.709,0
22:13:56,-314.835,-314.835,0
22:13:56,-314.96,-314.96,0
22:13:56,-315.086,-315.086,0
22:13:56,-315.211,-315.211,0
22:13:56,-315.341,-315.341,0
22:13:56,-315.483,-315.483,0
22:13:56,-315.625,-315.625,0
22:13:56,-315.768,-315.768,0
22:13:56,-315.91,-315.91,0
22:13:56,-316.051,-316.051,0
22:13:56,-316.192,-316.192,0
22:13:56,-316.333,-316.333,0
22:13:56,-316.474,-316.474,0
22:13:56,-316.614,-316.614,0
22:13:56,-316.754,-316.754,0
22:13:56,-316.894,-316.894,0
22:13:56,-317.033,-317.033,0
22:13:56,-317.172,-317.172,0
22:13:56,-317.31,-317.31,0
22:13:56,-317.449,-317.449,0
22:13:56,-317.587,-317.587,0
22:13:56,-317.724,-317.724,0
22:13:56,-317.862,-317.862,0
22:13:56,-318.017,-318.017,0
22:13:56,-318.173,-318.173,0
22:13:56,-318.328,-318.328,0
22:13:56,-318.482,-318.482,0
22:13:56,-318.636,-318.636,0
22:13:56,-318.79,-318.79,0
22:13:56,-318.944,-318.944,0
22:13:56,-319.097,-319.097,0
22:13:56,-319.25,-319.25,0
22:13:56,-319.402,-319.402,0
22:13:56,-319.554,-319.554,0
22:13:56,-319.706,-319.706,0
22:13:56,-319.858,-319.858,0
22:13:56,-320.009,-320.009,0
22:13:56,-320.16,-320.16,0
22:13:56,-320.31,-320.31,0
22:13:56,-320.46,-320.46,0
22:13:56,-320.61,-320.61,0
22:13:56,-320.759,-320.759,0
22:13:56,-320.909,-320.909,0
22:13:56,-321.057,-321.057,0
22:13:56,-321.206,-321.206,0
22:13:56,-321.354,-321.354,0
22:13:57,-321.502,-321.502,0
22:13:57,-321.649,-321.649,0
22:13:57,-321.797,-321.797,0
22:13:57,-321.943,-321.943,0
22:13:57,-322.09,-322.09,0
22:13:57,-322.236,-322.236,0
22:13:57,-322.382,-322.382,0
22:13:57,-322.528,-322.528,0
22:13:57,-322.673,-322.673,0
22:13:57,-322.818,-322.818,0
22:13:57,-322.963,-322.963,0
22:13:57,-323.107,-323.107,0
22:13:57,-323.251,-323.251,0
22:13:57,-323.395,-323.395,0
22:13:57,-323.538,-323.538,0
22:13:57,-323.682,-323.682,0
22:13:57,-323.824,-323.824,0
22:13:57,-323.967,-323.967,0
22:13:57,-324.109,-324.109,0
22:13:57,-324.251,-324.251,0
22:13:57,-324.393,-324.393,0
22:13:57,-324.535,-324.535,0
22:13:57,-324.682,-324.682,0
22:13:57,-324.829,-324.829,0
22:13:57,-324.976,-324.976,0
22:13:57,-325.129,-325.129,0
22:13:57,-325.281,-325.281,0
22:13:57,-325.434,-325.434,0
22:13:57,-325.586,-325.586,0
22:13:57,-325.737,-325.737,0
22:13:57,-325.889,-325.889,0
22:13:57,-326.039,-326.039,0
22:13:57,-326.19,-326.19,0
22:13:57,-326.341,-326.341,0
22:13:57,-326.491,-326.491,0
22:13:57,-326.64,-326.64,0
22:13:57,-326.79,-326.79,0
22:13:57,-326.939,-326.939,0
22:13:57,-327.088,-327.088,0
22:13:57,-327.236,-327.236,0
22:13:57,-327.385,-327.385,0
22:13:57,-327.533,-327.533,0
22:13:58,-327.68,-327.68,0
22:13:58,-327.828,-327.828,0
22:13:58,-327.975,-327.975,0
22:13:58,-328.122,-328.122,0
22:13:58,-328.268,-328.268,0
22:13:58,-328.414,-328.414,0
22:13:58,-328.56,-328.56,0
22:13:58,-328.706,-328.706,0
22:13:58,-328.851,-328.851,0
22:13:58,-328.997,-328.997,0
22:13:58,-329.141,-329.141,0
22:13:58,-329.286,-329.286,0
22:13:58,-329.43,-329.43,0
22:13:58,-329.574,-329.574,0
22:13:58,-329.718,-329.718,0
22:13:58,-329.861,-329.861,0
22:13:58,-330.013,-330.013,0
22:13:58,-330.176,-330.176,0
22:13:58,-330.347,-330.347,0
22:13:58,-330.525,-330.525,0
22:13:58,-330.703,-330.703,0
22:13:58,-330.881,-330.881,0
22:13:58,-331.058,-331.058,0
22:13:58,-331.235,-331.235,0
22:13:58,-331.412,-331.412,0
22:13:58,-331.588,-331.588,0
22:13:58,-331.764,-331.764,0
22:13:58,-331.94,-331.94,0
22:13:58,-332.115,-332.115,0
22:13:58,-332.29,-332.29,0
22:13:58,-332.465,-332.465,0
22:13:58,-332.639,-332.639,0
22:13:58,-332.813,-332.813,0
22:13:58,-332.987,-332.987,0
22:13:58,-333.16,-333.16,0
22:13:58,-333.369,-333.369,0
22:13:58,-333.578,-333.578,0
22:13:58,-333.786,-333.786,0
22:13:58,-333.994,-333.994,0
22:13:58,-334.202,-334.202,0
22:13:58,-334.409,-334.409,0
22:13:58,-334.616,-334.616,0
22:13:58,-334.822,-334.822,0
22:13:58,-335.028,-335.028,0
22:13:58,-335.234,-335.234,0
22:13:58,-335.439,-335.439,0
22:13:58,-335.644,-335.644,0
22:13:58,-335.849,-335.849,0
22:13:58,-336.053,-336.053,0
22:13:58,-336.257,-336.257,0
22:13:58,-336.46,-336.46,0
22:13:58,-336.663,-336.663,0
22:13:58,-336.866,-336.866,0
22:13:58,-337.069,-337.069,0
22:13:58,-337.27,-337.27,0
22:13:58,-337.472,-337.472,0
22:13:58,-337.673,-337.673,0
22:13:58,-337.874,-337.874,0
22:13:58,-338.075,-338.075,0
22:13:58,-338.275,-338.275,0
22:13:58,-338.475,-338.475,0
22:13:58,-338.674,-338.674,0
22:13:58,-338.873,-338.873,0
22:13:58,-339.072,-339.072,0
22:13:58,-339.271,-339.271,0
22:13:58,-339.469,-339.469,0
22:13:58,-339.666,-339.666,0
22:13:58,-339.864,-339.864,0
22:13:58,-340.061,-340.061,0
22:13:58,-340.257,-340.257,0
22:13:58,-340.454,-340.454,0
22:13:58,-340.65,-340.65,0
22:13:58,-340.845,-340.845,0
22:13:58,-341.041,-341.041,0
22:13:58,-341.236,-341.236,0
22:13:58,-341.43,-341.43,0
22:13:58,-341.624,-341.624,0
22:13:58,-341.818,-341.818,0
22:13:58,-342.012,-342.012,0
22:13:58,-342.205,-342.205,0
22:13:58,-342.398,-342.398,0
22:13:58,-342.591,-342.591,0
22:13:58,-342.783,-342.783,0
22:13:58,-342.975,-342.975,0
22:13:58,-343.167,-343.167,0
22:13:58,-343.358,-343.358,0
22:13:58,-343.549,-343.549,0
22:13:58,-343.74,-343.74,0
22:13:58,-343.93,-343.93,0
22:13:58,-344.12,-344.12,0
22:13:58,-344.31,-344.31,0
22:13:58,-344.499,-344.499,0
22:13:58,-344.688,-344.688,0
22:13:58,-344.877,-344.877,0
22:13:58,-345.065,-345.065,0
22:13:58,-345.253,-345.253,0
22:13:58,-345.441,-345.441,0
22:13:59,-345.628,-345.628,0
22:13:59,-345.816,-345.816,0
22:13:59,-346.002,-346.002,0
22:13:59,-346.189,-346.189,0
22:13:59,-346.375,-346.375,0
22:13:59,-346.561,-346.561,0
22:13:59,-346.747,-346.747,0
22:13:59,-346.932,-346.932,0
22:13:59,-347.117,-347.117,0
22:13:59,-347.302,-347.302,0
22:13:59,-347.486,-347.486,0
22:13:59,-347.67,-347.67,0
22:13:59,-347.854,-347.854,0
22:13:59,-348.037,-348.037,0
22:13:59,-348.22,-348.22,0
22:13:59,-348.403,-348.403,0
22:13:59,-348.586,-348.586,0
22:13:59,-348.768,-348.768,0
22:13:59,-348.95,-348.95,0
22:13:59,-349.132,-349.132,0
22:13:59,-349.313,-349.313,0
22:13:59,-349.494,-349.494,0
22:13:59,-349.675,-349.675,0
22:13:59,-349.856,-349.856,0
22:13:59,-350.036,-350.036,0
22:13:59,-350.216,-350.216,0
22:13:59,-350.395,-350.395,0
22:13:59,-350.575,-350.575,0
22:13:59,-350.754,-350.754,0
22:13:59,-350.933,-350.933,0
22:13:59,-351.111,-351.111,0
22:13:59,-351.289,-351.289,0
22:13:59,-351.467,-351.467,0
22:13:59,-351.645,-351.645,0
22:13:59,-351.822,-351.822,0
22:13:59,-351.999,-351.999,0
22:13:59,-352.176,-352.176,0
22:13:59,-352.353,-352.353,0
22:13:59,-352.529,-352.529,0
22:13:59,-352.705,-352.705,0
22:13:59,-352.881,-352.881,0
22:13:59,-353.056,-353.056,0
22:13:59,-353.231,-353.231,0
22:13:59,-353.406,-353.406,0
22:13:59,-353.581,-353.581,0
22:13:59,-353.755,-353.755,0
22:13:59,-353.929,-353.929,0
22:13:59,-354.103,-354.103,0
22:13:59,-354.276,-354.276,0
22:14:00,-354.45,-354.45,0
22:14:00,-354.623,-354.623,0
22:14:00,-354.795,-354.795,0
22:14:00,-354.968,-354.968,0
22:14:00,-355.14,-355.14,0
22:14:00,-355.312,-355.312,0
22:14:00,-355.484,-355.484,0
22:14:00,-355.655,-355.655,0
22:14:00,-355.826,-355.826,0
22:14:00,-355.997,-355.997,0
22:14:00,-356.168,-356.168,0
22:14:00,-356.338,-356.338,0
22:14:00,-356.509,-356.509,0
22:14:00,-356.68,-356.68,0
22:14:00,-356.865,-356.865,0
22:14:00,-357.057,-357.057,0
22:14:00,-357.256,-357.256,0
22:14:00,-357.458,-357.458,0
22:14:00,-357.659,-357.659,0
22:14:00,-357.86,-357.86,0
22:14:00,-358.06,-358.06,0
22:14:00,-358.261,-358.261,0
22:14:00,-358.461,-358.461,0
22:14:00,-358.693,-358.693,0
22:14:00,-358.925,-358.925,0
22:14:00,-359.156,-359.156,0
22:14:00,-359.388,-359.388,0
22:14:00,-359.619,-359.619,0
22:14:00,-359.849,-359.849,0
22:14:00,-360.079,-360.079,0
22:14:00,-360.309,-360.309,0
22:14:00,-360.539,-360.539,0
22:14:00,-360.768,-360.768,0
22:14:00,-360.997,-360.997,0
22:14:00,-361.226,-361.226,0
22:14:00,-361.454,-361.454,0
22:14:00,-361.682,-361.682,0
22:14:00,-361.909,-361.909,0
22:14:00,-362.137,-362.137,0
22:14:00,-362.363,-362.363,0
22:14:00,-362.59,-362.59,0
22:14:00,-362.816,-362.816,0
22:14:00,-363.042,-363.042,0
22:14:00,-363.268,-363.268,0
22:14:00,-363.493,-363.493,0
22:14:00,-363.718,-363.718,0
22:14:00,-363.943,-363.943,0
22:14:00,-364.167,-364.167,0
22:14:00,-364.391,-364.391,0
22:14:00,-364.614,-364.614,0
22:14:00,-364.838,-364.838,0
22:14:00,-365.061,-365.061,0
22:14:00,-365.283,-365.283,0
22:14:00,-365.506,-365.506,0
22:14:00,-365.728,-365.728,0
22:14:00,-365.95,-365.95,0
22:14:00,-366.171,-366.171,0
22:14:00,-366.392,-366.392,0
22:14:00,-366.613,-366.613,0
22:14:00,-366.833,-366.833,0
22:14:00,-367.053,-367.053,0
22:14:00,-367.273,-367.273,0
22:14:00,-367.493,-367.493,0
22:14:00,-367.712,-367.712,0
22:14:00,-367.931,-367.931,0
22:14:00,-368.15,-368.15,0
22:14:00,-368.368,-368.368,0
22:14:00,-368.586,-368.586,0
22:14:00,-368.804,-368.804,0
22:14:00,-369.021,-369.021,0
22:14:00,-369.238,-369.238,0
22:14:01,-369.455,-369.455,0
22:14:01,-369.671,-369.671,0
22:14:01,-369.887,-369.887,0
22:14:01,-370.103,-370.103,0
22:14:01,-370.319,-370.319,0
22:14:01,-370.534,-370.534,0
22:14:01,-370.749,-370.749,0
22:14:01,-370.964,-370.964,0
22:14:01,-371.178,-371.178,0
22:14:01,-371.392,-371.392,0
22:14:01,-371.606,-371.606,0
22:14:01,-371.82,-371.82,0
22:14:01,-372.033,-372.033,0
22:14:01,-372.246,-372.246,0
22:14:01,-372.459,-372.459,0
22:14:01,-372.671,-372.671,0
22:14:01,-372.883,-372.883,0
22:14:01,-373.095,-373.095,0
22:14:01,-373.306,-373.306,0
22:14:01,-373.517,-373.517,0
22:14:01,-373.728,-373.728,0
22:14:01,-373.939,-373.939,0
22:14:01,-374.149,-374.149,0
22:14:01,-374.359,-374.359,0
22:14:01,-374.569,-374.569,0
22:14:01,-374.779,-374.779,0
22:14:01,-374.988,-374.988,0
22:14:01,-375.197,-375.197,0
22:14:01,-375.405,-375.405,0
22:14:01,-375.614,-375.614,0
22:14:01,-375.822,-375.822,0
22:14:01,-376.03,-376.03,0
22:14:01,-376.237,-376.237,0
22:14:01,-376.45,-376.45,0
22:14:01,-376.674,-376.674,0
22:14:01,-376.903,-376.903,0
22:14:01,-377.141,-377.141,0
22:14:01,-377.39,-377.39,0
22:14:01,-377.647,-377.647,0
22:14:01,-377.91,-377.91,0
22:14:01,-378.181,-378.181,0
22:14:01,-378.465,-378.465,0
22:14:01,-378.756,-378.756,0
22:14:01,-379.054,-379.054,0
22:14:01,-379.356,-379.356,0
22:14:01,-379.666,-379.666,0
22:14:01,-379.982,-379.982,0
22:14:01,-380.303,-380.303,0
22:14:01,-380.634,-380.634,0
22:14:01,-380.969,-380.969,0
22:14:01,-381.31,-381.31,0
22:14:01,-381.651,-381.651,0
22:14:01,-381.992,-381.992,0
22:14:01,-382.332,-382.332,0
22:14:01,-382.671,-382.671,0
22:14:01,-383.011,-383.011,0
22:14:01,-383.349,-383.349,0
22:14:01,-383.688,-383.688,0
22:14:01,-384.026,-384.026,0
22:14:01,-384.363,-384.363,0
22:14:01,-384.7,-384.7,0
22:14:01,-385.037,-385.037,0
22:14:01,-385.373,-385.373,0
22:14:01,-385.708,-385.708,0
22:14:01,-386.044,-386.044,0
22:14:01,-386.379,-386.379,0
22:14:01,-386.713,-386.713,0
22:14:01,-387.047,-387.047,0
22:14:01,-387.381,-387.381,0
22:14:01,-387.714,-387.714,0
22:14:01,-388.046,-388.046,0
22:14:01,-388.379,-388.379,0
22:14:01,-388.711,-388.711,0
22:14:01,-389.042,-389.042,0
22:14:01,-389.373,-389.373,0
22:14:01,-389.704,-389.704,0
22:14:01,-390.034,-390.034,0
22:14:01,-390.364,-390.364,0
22:14:01,-390.693,-390.693,0
22:14:01,-391.022,-391.022,0
22:14:01,-391.351,-391.351,0
22:14:01,-391.679,-391.679,0
22:14:01,-392.006,-392.006,0
22:14:01,-392.334,-392.334,0
22:14:01,-392.661,-392.661,0
22:14:01,-392.987,-392.987,0
22:14:01,-393.313,-393.313,0
22:14:01,-393.639,-393.639,0
22:14:01,-393.964,-393.964,0
22:14:01,-394.289,-394.289,0
22:14:01,-394.614,-394.614,0
22:14:01,-394.938,-394.938,0
22:14:01,-395.261,-395.261,0
22:14:01,-395.585,-395.585,0
22:14:01,-395.908,-395.908,0
22:14:01,-396.23,-396.23,0
22:14:01,-396.552,-396.552,0
22:14:01,-396.874,-396.874,0
22:14:01,-397.195,-397.195,0
22:14:01,-397.516,-397.516,0
22:14:01,-397.837,-397.837,0
22:14:01,-398.157,-398.157,0
22:14:01,-398.617,-398.617,0
22:14:01,-399.076,-399.076,0
22:14:01,-399.535,-399.535,0
22:14:01,-399.993,-399.993,0
22:14:01,-400.451,-400.451,0
22:14:01,-400.908,-400.908,0
22:14:01,-401.365,-401.365,0
22:14:01,-401.821,-401.821,0
22:14:01,-402.277,-402.277,0
22:14:01,-402.732,-402.732,0
22:14:01,-403.186,-403.186,0
22:14:01,-403.64,-403.64,0
22:14:01,-404.093,-404.093,0
22:14:01,-404.546,-404.546,0
22:14:01,-404.998,-404.998,0
22:14:01,-405.45,-405.45,0
22:14:02,-405.901,-405.901,0
22:14:02,-406.352,-406.352,0
22:14:02,-406.802,-406.802,0
22:14:02,-407.252,-407.252,0
22:14:02,-407.701,-407.701,0
22:14:02,-408.149,-408.149,0
22:14:02,-408.597,-408.597,0
22:14:02,-409.045,-409.045,0
22:14:02,-409.491,-409.491,0
22:14:02,-409.938,-409.938,0
22:14:02,-410.384,-410.384,0
22:14:02,-410.829,-410.829,0
22:14:02,-411.274,-411.274,0
22:14:02,-411.718,-411.718,0
22:14:02,-412.162,-412.162,0
22:14:02,-412.605,-412.605,0
22:14:02,-413.048,-413.048,0
22:14:02,-413.49,-413.49,0
22:14:02,-413.932,-413.932,0
22:14:02,-414.373,-414.373,0
22:14:02,-414.813,-414.813,0
22:14:02,-415.254,-415.254,0
22:14:02,-415.693,-415.693,0
22:14:02,-416.132,-416.132,0
22:14:02,-416.571,-416.571,0
22:14:02,-417.009,-417.009,0
22:14:02,-417.447,-417.447,0
22:14:02,-417.884,-417.884,0
22:14:02,-418.32,-418.32,0
22:14:02,-418.756,-418.756,0
22:14:02,-419.192,-419.192,0
22:14:02,-419.627,-419.627,0
22:14:02,-420.061,-420.061,0
22:14:02,-420.495,-420.495,0
22:14:02,-420.929,-420.929,0
22:14:02,-421.362,-421.362,0
22:14:02,-421.795,-421.795,0
22:14:02,-422.227,-422.227,0
22:14:02,-422.658,-422.658,0
22:14:02,-423.089,-423.089,0
22:14:02,-423.52,-423.52,0
22:14:02,-423.95,-423.95,0
22:14:02,-424.38,-424.38,0
22:14:02,-424.809,-424.809,0
22:14:02,-425.237,-425.237,0
22:14:02,-425.666,-425.666,0
22:14:02,-426.093,-426.093,0
22:14:02,-426.52,-426.52,0
22:14:02,-426.947,-426.947,0
22:14:02,-427.373,-427.373,0
22:14:02,-427.799,-427.799,0
22:14:02,-428.224,-428.224,0
22:14:02,-428.649,-428.649,0
22:14:02,-429.073,-429.073,0
22:14:02,-429.497,-429.497,0
22:14:02,-429.92,-429.92,0
22:14:02,-430.343,-430.343,0
22:14:02,-430.766,-430.766,0
22:14:02,-431.188,-431.188,0
22:14:02,-431.609,-431.609,0
22:14:02,-432.03,-432.03,0
22:14:02,-432.45,-432.45,0
22:14:02,-432.87,-432.87,0
22:14:02,-433.29,-433.29,0
22:14:02,-433.709,-433.709,0
22:14:02,-434.128,-434.128,0
22:14:02,-434.546,-434.546,0
22:14:02,-434.964,-434.964,0
22:14:02,-435.381,-435.381,0
22:14:02,-435.798,-435.798,0
22:14:02,-436.214,-436.214,0
22:14:02,-436.63,-436.63,0
22:14:02,-437.045,-437.045,0
22:14:02,-437.46,-437.46,0
22:14:02,-437.875,-437.875,0
22:14:02,-438.289,-438.289,0
22:14:02,-438.702,-438.702,0
22:14:02,-439.115,-439.115,0
22:14:02,-439.528,-439.528,0
22:14:02,-439.94,-439.94,0
22:14:02,-440.352,-440.352,0
22:14:02,-440.764,-440.764,0
22:14:02,-441.174,-441.174,0
22:14:02,-441.585,-441.585,0
22:14:02,-441.995,-441.995,0
22:14:02,-442.404,-442.404,0
22:14:02,-442.813,-442.813,0
22:14:02,-443.222,-443.222,0
22:14:02,-443.63,-443.63,0
22:14:02,-444.038,-444.038,0
22:14:02,-444.445,-444.445,0
22:14:02,-444.852,-444.852,0
22:14:02,-445.259,-445.259,0
22:14:02,-445.665,-445.665,0
22:14:02,-446.07,-446.07,0
22:14:02,-446.476,-446.476,0
22:14:02,-446.88,-446.88,0
22:14:02,-447.285,-447.285,0
22:14:02,-447.688,-447.688,0
22:14:02,-448.092,-448.092,0
22:14:02,-448.495,-448.495,0
22:14:02,-448.897,-448.897,0
22:14:02,-449.3,-449.3,0
22:14:02,-449.701,-449.701,0
22:14:02,-450.103,-450.103,0
22:14:02,-450.503,-450.503,0
22:14:02,-450.904,-450.904,0
22:14:02,-451.304,-451.304,0
22:14:02,-451.704,-451.704,0
22:14:02,-452.103,-452.103,0
22:14:02,-452.502,-452.502,0
22:14:02,-452.906,-452.906,0
22:14:02,-453.321,-453.321,0
22:14:02,-453.765,-453.765,0
22:14:02,-454.207,-454.207,0
22:14:02,-454.649,-454.649,0
22:14:02,-455.091,-455.091,0
22:14:02,-455.533,-455.533,0
22:14:02,-455.973,-455.973,0
22:14:02,-456.414,-456.414,0
22:14:02,-456.854,-456.854,0
22:14:02,-457.293,-457.293,0
22:14:02,-457.732,-457.732,0
22:14:02,-458.17,-458.17,0
22:14:02,-458.609,-458.609,0
22:14:02,-459.046,-459.046,0
22:14:02,-459.483,-459.483,0
22:14:02,-459.92,-459.92,0
22:14:02,-460.356,-460.356,0
22:14:02,-460.792,-460.792,0
22:14:02,-461.227,-461.227,0
22:14:02,-461.662,-461.662,0
22:14:02,-462.097,-462.097,0
22:14:02,-462.531,-462.531,0
22:14:02,-462.964,-462.964,0
22:14:02,-463.397,-463.397,0
22:14:02,-463.83,-463.83,0
22:14:02,-464.262,-464.262,0
22:14:02,-464.694,-464.694,0
22:14:02,-465.125,-465.125,0
22:14:02,-465.556,-465.556,0
22:14:02,-465.987,-465.987,0
22:14:02,-466.417,-466.417,0
22:14:02,-466.846,-466.846,0
22:14:02,-467.275,-467.275,0
22:14:02,-467.704,-467.704,0
22:14:02,-468.132,-468.132,0
22:14:02,-468.56,-468.56,0
22:14:02,-468.987,-468.987,0
22:14:02,-469.414,-469.414,0
22:14:02,-469.841,-469.841,0
22:14:02,-470.267,-470.267,0
22:14:02,-470.692,-470.692,0
22:14:02,-471.118,-471.118,0
22:14:02,-471.542,-471.542,0
22:14:02,-471.967,-471.967,0
22:14:02,-472.393,-472.393,0
22:14:02,-472.828,-472.828,0
22:14:02,-473.274,-473.274,0
22:14:02,-473.726,-473.726,0
22:14:02,-474.18,-474.18,0
22:14:02,-473.716,-473.716,0
22:14:02,-474.191,-474.191,0
22:14:02,-474.675,-474.675,0
22:14:02,-475.16,-475.16,0
22:14:02,-475.645,-475.645,0
22:14:02,-476.129,-476.129,0
22:14:02,-476.613,-476.613,0
22:14:02,-477.096,-477.096,0
22:14:02,-477.579,-477.579,0
22:14:02,-478.061,-478.061,0
22:14:02,-478.543,-478.543,0
22:14:02,-479.024,-479.024,0
22:14:02,-479.505,-479.505,0
22:14:02,-479.986,-479.986,0
22:14:02,-480.466,-480.466,0
22:14:02,-480.945,-480.945,0
22:14:02,-481.424,-481.424,0
22:14:02,-481.966,-481.966,0
22:14:02,-482.508,-482.508,0
22:14:02,-483.05,-483.05,0
22:14:02,-483.59,-483.59,0
22:14:02,-484.131,-484.131,0
22:14:02,-484.67,-484.67,0
22:14:02,-485.21,-485.21,0
22:14:02,-485.748,-485.748,0
22:14:02,-486.286,-486.286,0
22:14:02,-486.824,-486.824,0
22:14:02,-487.361,-487.361,0
22:14:02,-487.898,-487.898,0
22:14:02,-488.434,-488.434,0
22:14:02,-488.969,-488.969,0
22:14:02,-489.504,-489.504,0
22:14:02,-490.039,-490.039,0
22:14:02,-490.573,-490.573,0
22:14:02,-491.106,-491.106,0
22:14:02,-491.639,-491.639,0
22:14:02,-492.171,-492.171,0
22:14:02,-492.703,-492.703,0
22:14:02,-493.235,-493.235,0
22:14:02,-493.766,-493.766,0
22:14:02,-494.296,-494.296,0
22:14:02,-494.826,-494.826,0
22:14:02,-495.355,-495.355,0
22:14:02,-495.884,-495.884,0
22:14:02,-496.412,-496.412,0
22:14:02,-496.94,-496.94,0
22:14:02,-497.467,-497.467,0
22:14:02,-497.994,-497.994,0
22:14:02,-498.52,-498.52,0
22:14:02,-499.046,-499.046,0
22:14:02,-499.571,-499.571,0
22:14:02,-500.096,-500.096,0
22:14:02,-500.62,-500.62,0
22:14:02,-501.144,-501.144,0
22:14:02,-501.667,-501.667,0
22:14:02,-502.19,-502.19,0
22:14:02,-502.712,-502.712,0
22:14:02,-503.234,-503.234,0
22:14:02,-503.755,-503.755,0
22:14:02,-504.276,-504.276,0
22:14:02,-504.797,-504.797,0
22:14:03,-505.316,-505.316,0
22:14:03,-505.836,-505.836,0
22:14:03,-506.354,-506.354,0
22:14:03,-506.873,-506.873,0
22:14:03,-507.391,-507.391,0
22:14:03,-507.908,-507.908,0
22:14:03,-508.425,-508.425,0
22:14:03,-508.941,-508.941,0
22:14:03,-509.457,-509.457,0
22:14:03,-509.972,-509.972,0
22:14:03,-510.487,-510.487,0
22:14:03,-511.002,-511.002,0
22:14:03,-511.516,-511.516,0
22:14:03,-512.029,-512.029,0
22:14:03,-512.542,-512.542,0
22:14:03,-513.055,-513.055,0
22:14:03,-513.567,-513.567,0
22:14:03,-514.078,-514.078,0
22:14:03,-514.589,-514.589,0
22:14:03,-515.1,-515.1,0
22:14:03,-515.61,-515.61,0
22:14:03,-516.12,-516.12,0
22:14:03,-516.629,-516.629,0
22:14:03,-517.138,-517.138,0
22:14:03,-517.646,-517.646,0
22:14:03,-518.154,-518.154,0
22:14:03,-518.661,-518.661,0
22:14:03,-519.168,-519.168,0
22:14:03,-519.675,-519.675,0
22:14:03,-520.188,-520.188,0
22:14:03,-520.719,-520.719,0
22:14:03,-521.288,-521.288,0
22:14:03,-521.856,-521.856,0
22:14:03,-522.424,-522.424,0
22:14:03,-522.992,-522.992,0
22:14:03,-523.559,-523.559,0
22:14:03,-524.126,-524.126,0
22:14:03,-524.692,-524.692,0
22:14:03,-525.257,-525.257,0
22:14:03,-525.822,-525.822,0
22:14:03,-526.386,-526.386,0
22:14:03,-526.95,-526.95,0
22:14:03,-527.514,-527.514,0
22:14:03,-528.077,-528.077,0
22:14:03,-528.639,-528.639,0
22:14:03,-529.201,-529.201,0
22:14:03,-529.763,-529.763,0
22:14:03,-530.323,-530.323,0
22:14:03,-530.884,-530.884,0
22:14:03,-531.444,-531.444,0
22:14:03,-532.003,-532.003,0
22:14:03,-532.562,-532.562,0
22:14:03,-533.12,-533.12,0
22:14:03,-533.678,-533.678,0
22:14:03,-534.235,-534.235,0
22:14:03,-534.792,-534.792,0
22:14:03,-535.349,-535.349,0
22:14:03,-535.904,-535.904,0
22:14:03,-536.46,-536.46,0
22:14:03,-537.015,-537.015,0
22:14:03,-537.569,-537.569,0
22:14:03,-538.123,-538.123,0
22:14:03,-538.676,-538.676,0
22:14:03,-539.229,-539.229,0
22:14:03,-539.781,-539.781,0
22:14:03,-540.333,-540.333,0
22:14:03,-540.885,-540.885,0
22:14:03,-541.436,-541.436,0
22:14:03,-541.986,-541.986,0
22:14:03,-542.536,-542.536,0
22:14:03,-543.085,-543.085,0
22:14:03,-543.634,-543.634,0
22:14:03,-544.183,-544.183,0
22:14:03,-544.731,-544.731,0
22:14:03,-545.278,-545.278,0
22:14:03,-545.825,-545.825,0
22:14:03,-546.372,-546.372,0
22:14:03,-546.918,-546.918,0
22:14:03,-547.463,-547.463,0
22:14:03,-548.008,-548.008,0
22:14:03,-548.553,-548.553,0
22:14:03,-549.097,-549.097,0
22:14:03,-549.641,-549.641,0
22:14:03,-550.184,-550.184,0
22:14:03,-550.727,-550.727,0
22:14:03,-551.269,-551.269,0
22:14:03,-551.81,-551.81,0
22:14:03,-552.352,-552.352,0
22:14:03,-552.893,-552.893,0
22:14:03,-553.433,-553.433,0
22:14:03,-553.973,-553.973,0
22:14:03,-554.512,-554.512,0
22:14:03,-555.051,-555.051,0
22:14:03,-555.589,-555.589,0
22:14:03,-556.127,-556.127,0
22:14:03,-556.665,-556.665,0
22:14:03,-557.202,-557.202,0
22:14:03,-557.738,-557.738,0
22:14:03,-558.275,-558.275,0
22:14:03,-558.81,-558.81,0
22:14:03,-559.345,-559.345,0
22:14:03,-559.88,-559.88,0
22:14:03,-560.414,-560.414,0
22:14:03,-560.948,-560.948,0
22:14:03,-561.481,-561.481,0
22:14:03,-562.014,-562.014,0
22:14:03,-562.547,-562.547,0
22:14:04,-563.079,-563.079,0
22:14:04,-563.61,-563.61,0
22:14:04,-564.141,-564.141,0
22:14:04,-564.672,-564.672,0
22:14:04,-565.202,-565.202,0
22:14:04,-564.672,-564.672,0
22:14:04,-564.142,-564.142,0
22:14:04,-563.611,-563.611,0
22:14:04,-563.08,-563.08,0
22:14:04,-562.549,-562.549,0
22:14:04,-562.017,-562.017,0
22:14:04,-561.485,-561.485,0
22:14:04,-560.952,-560.952,0
22:14:04,-560.418,-560.418,0
22:14:04,-559.885,-559.885,0
22:14:04,-559.35,-559.35,0
22:14:04,-558.816,-558.816,0
22:14:04,-558.28,-558.28,0
22:14:04,-557.745,-557.745,0
22:14:04,-557.209,-557.209,0
22:14:04,-556.672,-556.672,0
22:14:04,-556.135,-556.135,0
22:14:04,-555.598,-555.598,0
22:14:04,-555.06,-555.06,0
22:14:04,-554.521,-554.521,0
22:14:04,-553.982,-553.982,0
22:14:04,-553.443,-553.443,0
22:14:04,-552.903,-552.903,0
22:14:04,-552.363,-552.363,0
22:14:04,-551.822,-551.822,0
22:14:04,-551.281,-551.281,0
22:14:04,-550.739,-550.739,0
22:14:04,-550.197,-550.197,0
22:14:04,-549.654,-549.654,0
22:14:04,-549.111,-549.111,0
22:14:04,-548.567,-548.567,0
22:14:04,-548.023,-548.023,0
22:14:04,-547.479,-547.479,0
22:14:04,-546.934,-546.934,0
22:14:04,-546.388,-546.388,0
22:14:04,-545.842,-545.842,0
22:14:04,-545.296,-545.296,0
22:14:04,-544.749,-544.749,0
22:14:04,-544.201,-544.201,0
22:14:04,-543.653,-543.653,0
22:14:04,-543.105,-543.105,0
22:14:04,-542.556,-542.556,0
22:14:04,-542.006,-542.006,0
22:14:04,-541.456,-541.456,0
22:14:04,-540.906,-540.906,0
22:14:04,-540.355,-540.355,0
22:14:04,-539.804,-539.804,0
22:14:04,-539.252,-539.252,0
22:14:04,-538.699,-538.699,0
22:14:04,-538.147,-538.147,0
22:14:04,-537.594,-537.594,0
22:14:04,-537.056,-537.056,0
22:14:04,-536.517,-536.517,0
22:14:04,-535.978,-535.978,0
22:14:04,-535.439,-535.439,0
22:14:04,-534.899,-534.899,0
22:14:04,-534.359,-534.359,0
22:14:04,-533.818,-533.818,0
22:14:04,-533.277,-533.277,0
22:14:04,-532.735,-532.735,0
22:14:04,-532.193,-532.193,0
22:14:04,-531.65,-531.65,0
22:14:04,-531.107,-531.107,0
22:14:04,-530.579,-530.579,0
22:14:04,-530.051,-530.051,0
22:14:04,-529.522,-529.522,0
22:14:04,-528.993,-528.993,0
22:14:04,-528.463,-528.463,0
22:14:04,-527.933,-527.933,0
22:14:04,-527.402,-527.402,0
22:14:04,-526.871,-526.871,0
22:14:04,-526.339,-526.339,0
22:14:04,-525.807,-525.807,0
22:14:04,-525.275,-525.275,0
22:14:04,-524.741,-524.741,0
22:14:04,-524.208,-524.208,0
22:14:04,-523.674,-523.674,0
22:14:04,-523.139,-523.139,0
22:14:04,-522.604,-522.604,0
22:14:04,-522.069,-522.069,0
22:14:04,-521.533,-521.533,0
22:14:04,-520.996,-520.996,0
22:14:04,-520.459,-520.459,0
22:14:04,-519.921,-519.921,0
22:14:05,-519.383,-519.383,0
22:14:05,-518.845,-518.845,0
22:14:05,-518.306,-518.306,0
22:14:05,-517.766,-517.766,0
22:14:05,-517.226,-517.226,0
22:14:05,-516.686,-516.686,0
22:14:05,-516.145,-516.145,0
22:14:05,-515.603,-515.603,0
22:14:05,-515.061,-515.061,0
22:14:05,-514.519,-514.519,0
22:14:05,-513.976,-513.976,0
22:14:05,-513.432,-513.432,0
22:14:05,-512.888,-512.888,0
22:14:05,-512.344,-512.344,0
22:14:05,-511.799,-511.799,0
22:14:05,-511.253,-511.253,0
22:14:05,-510.707,-510.707,0
22:14:05,-510.16,-510.16,0
22:14:05,-509.613,-509.613,0
22:14:05,-509.066,-509.066,0
22:14:05,-508.532,-508.532,0
22:14:05,-508.018,-508.018,0
22:14:05,-507.502,-507.502,0
22:14:05,-506.987,-506.987,0
22:14:05,-506.47,-506.47,0
22:14:05,-505.954,-505.954,0
22:14:05,-505.436,-505.436,0
22:14:05,-504.919,-504.919,0
22:14:05,-504.401,-504.401,0
22:14:05,-503.882,-503.882,0
22:14:05,-503.396,-503.396,0
22:14:05,-502.911,-502.911,0
22:14:05,-502.424,-502.424,0
22:14:05,-501.938,-501.938,0
22:14:05,-501.451,-501.451,0
22:14:05,-500.963,-500.963,0
22:14:05,-500.475,-500.475,0
22:14:05,-499.986,-499.986,0
22:14:05,-499.497,-499.497,0
22:14:05,-499.008,-499.008,0
22:14:05,-498.518,-498.518,0
22:14:05,-498.027,-498.027,0
22:14:05,-497.536,-497.536,0
22:14:05,-497.045,-497.045,0
22:14:05,-496.553,-496.553,0
22:14:05,-496.061,-496.061,0
22:14:05,-495.568,-495.568,0
22:14:05,-495.075,-495.075,0
22:14:05,-494.581,-494.581,0
22:14:05,-494.087,-494.087,0
22:14:05,-493.592,-493.592,0
22:14:05,-493.097,-493.097,0
22:14:05,-492.601,-492.601,0
22:14:05,-492.105,-492.105,0
22:14:05,-491.608,-491.608,0
22:14:05,-491.111,-491.111,0
22:14:05,-490.613,-490.613,0
22:14:05,-490.115,-490.115,0
22:14:05,-489.617,-489.617,0
22:14:05,-489.118,-489.118,0
22:14:05,-488.618,-488.618,0
22:14:05,-488.118,-488.118,0
22:14:05,-487.618,-487.618,0
22:14:05,-487.117,-487.117,0
22:14:05,-486.615,-486.615,0
22:14:05,-486.113,-486.113,0
22:14:05,-485.611,-485.611,0
22:14:05,-485.108,-485.108,0
22:14:05,-484.604,-484.604,0
22:14:05,-484.1,-484.1,0
22:14:05,-483.596,-483.596,0
22:14:05,-483.091,-483.091,0
22:14:05,-482.585,-482.585,0
22:14:05,-482.079,-482.079,0
22:14:05,-481.573,-481.573,0
22:14:05,-481.066,-481.066,0
22:14:05,-480.558,-480.558,0
22:14:05,-480.05,-480.05,0
22:14:05,-479.542,-479.542,0
22:14:05,-479.033,-479.033,0
22:14:05,-478.523,-478.523,0
22:14:05,-478.029,-478.029,0
22:14:05,-477.549,-477.549,0
22:14:05,-477.084,-477.084,0
22:14:05,-476.626,-476.626,0
22:14:05,-476.177,-476.177,0
22:14:05,-475.734,-475.734,0
22:14:05,-475.29,-475.29,0
22:14:05,-474.846,-474.846,0
22:14:05,-474.402,-474.402,0
22:14:05,-473.957,-473.957,0
22:14:05,-473.511,-473.511,0
22:14:05,-473.065,-473.065,0
22:14:05,-472.619,-472.619,0
22:14:05,-472.172,-472.172,0
22:14:05,-471.725,-471.725,0
22:14:05,-471.277,-471.277,0
22:14:05,-470.829,-470.829,0
22:14:05,-470.38,-470.38,0
22:14:05,-469.931,-469.931,0
22:14:05,-469.482,-469.482,0
22:14:05,-469.031,-469.031,0
22:14:05,-468.581,-468.581,0
22:14:05,-468.13,-468.13,0
22:14:05,-467.679,-467.679,0
22:14:05,-467.227,-467.227,0
22:14:05,-466.775,-466.775,0
22:14:05,-466.322,-466.322,0
22:14:05,-465.868,-465.868,0
22:14:05,-465.415,-465.415,0
22:14:05,-464.961,-464.961,0
22:14:05,-464.575,-464.575,0
22:14:05,-464.189,-464.189,0
22:14:05,-463.803,-463.803,0
22:14:05,-463.416,-463.416,0
22:14:05,-463.029,-463.029,0
22:14:05,-462.641,-462.641,0
22:14:05,-462.253,-462.253,0
22:14:05,-461.865,-461.865,0
22:14:05,-461.476,-461.476,0
22:14:05,-461.087,-461.087,0
22:14:05,-460.698,-460.698,0
22:14:05,-460.308,-460.308,0
22:14:05,-459.917,-459.917,0
22:14:05,-459.527,-459.527,0
22:14:05,-459.135,-459.135,0
22:14:05,-458.744,-458.744,0
22:14:05,-458.352,-458.352,0
22:14:05,-457.959,-457.959,0
22:14:05,-457.567,-457.567,0
22:14:05,-457.173,-457.173,0
22:14:05,-456.78,-456.78,0
22:14:05,-456.386,-456.386,0
22:14:05,-455.991,-455.991,0
22:14:05,-455.596,-455.596,0
22:14:06,-455.201,-455.201,0
22:14:06,-454.805,-454.805,0
22:14:06,-454.409,-454.409,0
22:14:06,-454.013,-454.013,0
22:14:06,-453.616,-453.616,0
22:14:06,-453.218,-453.218,0
22:14:06,-452.821,-452.821,0
22:14:06,-452.422,-452.422,0
22:14:06,-452.024,-452.024,0
22:14:06,-451.625,-451.625,0
22:14:06,-451.225,-451.225,0
22:14:06,-450.825,-450.825,0
22:14:06,-450.425,-450.425,0
22:14:06,-450.024,-450.024,0
22:14:06,-449.623,-449.623,0
22:14:06,-449.221,-449.221,0
22:14:06,-448.819,-448.819,0
22:14:06,-448.417,-448.417,0
22:14:06,-448.014,-448.014,0
22:14:06,-447.61,-447.61,0
22:14:06,-447.206,-447.206,0
22:14:06,-446.802,-446.802,0
22:14:06,-446.398,-446.398,0
22:14:06,-445.992,-445.992,0
22:14:06,-445.587,-445.587,0
22:14:06,-445.181,-445.181,0
22:14:06,-444.774,-444.774,0
22:14:06,-444.368,-444.368,0
22:14:06,-443.96,-443.96,0
22:14:06,-443.553,-443.553,0
22:14:06,-443.144,-443.144,0
22:14:06,-442.736,-442.736,0
22:14:06,-442.334,-442.334,0
22:14:06,-441.964,-441.964,0
22:14:06,-441.595,-441.595,0
22:14:06,-441.226,-441.226,0
22:14:06,-440.856,-440.856,0
22:14:06,-440.486,-440.486,0
22:14:06,-440.116,-440.116,0
22:14:06,-439.745,-439.745,0
22:14:06,-439.374,-439.374,0
22:14:06,-439.003,-439.003,0
22:14:06,-438.631,-438.631,0
22:14:06,-438.258,-438.258,0
22:14:06,-437.885,-437.885,0
22:14:06,-437.512,-437.512,0
22:14:06,-437.139,-437.139,0
22:14:06,-436.765,-436.765,0
22:14:06,-436.39,-436.39,0
22:14:06,-436.056,-436.056,0
22:14:06,-435.722,-435.722,0
22:14:06,-435.388,-435.388,0
22:14:06,-435.053,-435.053,0
22:14:06,-434.718,-434.718,0
22:14:06,-434.382,-434.382,0
22:14:06,-434.047,-434.047,0
22:14:06,-433.71,-433.71,0
22:14:06,-433.374,-433.374,0
22:14:06,-433.037,-433.037,0
22:14:06,-432.699,-432.699,0
22:14:06,-432.361,-432.361,0
22:14:06,-432.023,-432.023,0
22:14:06,-431.685,-431.685,0
22:14:06,-431.346,-431.346,0
22:14:06,-431.006,-431.006,0
22:14:06,-430.667,-430.667,0
22:14:06,-430.326,-430.326,0
22:14:06,-429.986,-429.986,0
22:14:06,-429.645,-429.645,0
22:14:06,-429.304,-429.304,0
22:14:06,-428.962,-428.962,0
22:14:06,-428.62,-428.62,0
22:14:06,-428.278,-428.278,0
22:14:06,-427.935,-427.935,0
22:14:06,-427.592,-427.592,0
22:14:06,-427.248,-427.248,0
22:14:06,-426.904,-426.904,0
22:14:06,-426.56,-426.56,0
22:14:06,-426.215,-426.215,0
22:14:06,-425.87,-425.87,0
22:14:06,-425.524,-425.524,0
22:14:06,-425.178,-425.178,0
22:14:06,-424.832,-424.832,0
22:14:06,-424.485,-424.485,0
22:14:06,-424.138,-424.138,0
22:14:06,-423.79,-423.79,0
22:14:06,-423.442,-423.442,0
22:14:06,-423.094,-423.094,0
22:14:06,-422.745,-422.745,0
22:14:06,-422.396,-422.396,0
22:14:06,-422.046,-422.046,0
22:14:06,-421.696,-421.696,0
22:14:06,-421.346,-421.346,0
22:14:06,-420.995,-420.995,0
22:14:06,-420.644,-420.644,0
22:14:06,-420.292,-420.292,0
22:14:06,-419.94,-419.94,0
22:14:06,-419.588,-419.588,0
22:14:06,-419.235,-419.235,0
22:14:06,-418.881,-418.881,0
22:14:06,-418.528,-418.528,0
22:14:06,-418.174,-418.174,0
22:14:06,-417.819,-417.819,0
22:14:06,-417.464,-417.464,0
22:14:06,-417.109,-417.109,0
22:14:06,-416.753,-416.753,0
22:14:06,-416.397,-416.397,0
22:14:06,-416.04,-416.04,0
22:14:06,-415.683,-415.683,0
22:14:06,-415.325,-415.325,0
22:14:06,-414.967,-414.967,0
22:14:06,-414.609,-414.609,0
22:14:06,-414.25,-414.25,0
22:14:06,-413.891,-413.891,0
22:14:07,-413.531,-413.531,0
22:14:07,-413.171,-413.171,0
22:14:07,-412.811,-412.811,0
22:14:07,-412.45,-412.45,0
22:14:07,-412.088,-412.088,0
22:14:07,-411.727,-411.727,0
22:14:07,-411.364,-411.364,0
22:14:07,-411.002,-411.002,0
22:14:07,-410.638,-410.638,0
22:14:07,-410.275,-410.275,0
22:14:07,-409.911,-409.911,0
22:14:07,-409.546,-409.546,0
22:14:07,-409.182,-409.182,0
22:14:07,-408.816,-408.816,0
22:14:07,-409.182,-409.182,0
22:14:07,-409.547,-409.547,0
22:14:07,-409.912,-409.912,0
22:14:07,-410.277,-410.277,0
22:14:07,-410.641,-410.641,0
22:14:07,-411.004,-411.004,0
22:14:07,-411.367,-411.367,0
22:14:07,-411.73,-411.73,0
22:14:07,-412.092,-412.092,0
22:14:07,-412.454,-412.454,0
22:14:07,-412.816,-412.816,0
22:14:07,-413.176,-413.176,0
22:14:07,-413.537,-413.537,0
22:14:07,-413.897,-413.897,0
22:14:07,-414.257,-414.257,0
22:14:07,-414.616,-414.616,0
22:14:07,-414.975,-414.975,0
22:14:07,-415.34,-415.34,0
22:14:07,-415.721,-415.721,0
22:14:07,-416.101,-416.101,0
22:14:07,-416.481,-416.481,0
22:14:07,-416.861,-416.861,0
22:14:08,-417.262,-417.262,0
22:14:08,-417.664,-417.664,0
22:14:08,-418.065,-418.065,0
22:14:08,-418.465,-418.465,0
22:14:08,-418.865,-418.865,0
22:14:08,-419.264,-419.264,0
22:14:08,-419.663,-419.663,0
22:14:08,-420.062,-420.062,0
22:14:08,-420.46,-420.46,0
22:14:08,-420.858,-420.858,0
22:14:08,-421.255,-421.255,0
22:14:08,-421.651,-421.651,0
22:14:08,-422.047,-422.047,0
22:14:08,-422.443,-422.443,0
22:14:08,-422.838,-422.838,0
22:14:08,-423.233,-423.233,0
22:14:08,-423.628,-423.628,0
22:14:08,-424.021,-424.021,0
22:14:08,-424.415,-424.415,0
22:14:08,-424.808,-424.808,0
22:14:08,-425.2,-425.2,0
22:14:08,-425.592,-425.592,0
22:14:08,-425.984,-425.984,0
22:14:08,-426.375,-426.375,0
22:14:08,-426.766,-426.766,0
22:14:08,-427.156,-427.156,0
22:14:08,-427.546,-427.546,0
22:14:08,-427.935,-427.935,0
22:14:08,-428.324,-428.324,0
22:14:08,-428.713,-428.713,0
22:14:08,-429.101,-429.101,0
22:14:08,-429.488,-429.488,0
22:14:08,-429.875,-429.875,0
22:14:08,-430.262,-430.262,0
22:14:08,-430.648,-430.648,0
22:14:08,-431.034,-431.034,0
22:14:08,-431.419,-431.419,0
22:14:08,-431.804,-431.804,0
22:14:08,-432.189,-432.189,0
22:14:08,-432.573,-432.573,0
22:14:08,-432.957,-432.957,0
22:14:08,-433.34,-433.34,0
22:14:08,-433.722,-433.722,0
22:14:08,-434.105,-434.105,0
22:14:08,-434.487,-434.487,0
22:14:08,-434.868,-434.868,0
22:14:08,-435.249,-435.249,0
22:14:08,-435.63,-435.63,0
22:14:08,-436.01,-436.01,0
22:14:08,-436.39,-436.39,0
22:14:08,-436.769,-436.769,0
22:14:08,-437.148,-437.148,0
22:14:08,-437.526,-437.526,0
22:14:08,-437.904,-437.904,0
22:14:08,-438.282,-438.282,0
22:14:09,-438.659,-438.659,0
22:14:09,-439.036,-439.036,0
22:14:09,-439.412,-439.412,0
22:14:09,-439.788,-439.788,0
22:14:09,-440.164,-440.164,0
22:14:09,-440.539,-440.539,0
22:14:09,-440.914,-440.914,0
22:14:09,-441.288,-441.288,0
22:14:09,-441.662,-441.662,0
22:14:09,-442.035,-442.035,0
22:14:09,-442.409,-442.409,0
22:14:09,-442.781,-442.781,0
22:14:09,-443.154,-443.154,0
22:14:09,-443.544,-443.544,0
22:14:09,-443.144,-443.144,0
22:14:09,-442.744,-442.744,0
22:14:09,-442.344,-442.344,0
22:14:09,-442.773,-442.773,0
22:14:09,-443.201,-443.201,0
22:14:09,-443.629,-443.629,0
22:14:09,-444.057,-444.057,0
22:14:09,-444.484,-444.484,0
22:14:09,-444.91,-444.91,0
22:14:09,-445.336,-445.336,0
22:14:09,-445.762,-445.762,0
22:14:09,-446.187,-446.187,0
22:14:09,-446.612,-446.612,0
22:14:09,-447.036,-447.036,0
22:14:09,-447.46,-447.46,0
22:14:09,-447.883,-447.883,0
22:14:09,-448.306,-448.306,0
22:14:09,-448.729,-448.729,0
22:14:09,-449.151,-449.151,0
22:14:09,-449.572,-449.572,0
22:14:10,-449.993,-449.993,0
22:14:10,-450.414,-450.414,0
22:14:10,-449.994,-449.994,0
22:14:10,-449.573,-449.573,0
22:14:10,-449.152,-449.152,0
22:14:10,-448.73,-448.73,0
22:14:10,-448.308,-448.308,0
22:14:10,-447.886,-447.886,0
22:14:10,-447.463,-447.463,0
22:14:11,-447.04,-447.04,0
22:14:11,-446.616,-446.616,0
22:14:11,-446.192,-446.192,0
22:14:11,-445.767,-445.767,0
22:14:11,-445.342,-445.342,0
22:14:11,-444.916,-444.916,0
22:14:11,-444.49,-444.49,0
22:14:11,-444.064,-444.064,0
22:14:11,-443.637,-443.637,0
22:14:11,-443.209,-443.209,0
22:14:11,-442.781,-442.781,0
22:14:11,-442.353,-442.353,0
22:14:11,-441.924,-441.924,0
22:14:11,-441.494,-441.494,0
22:14:12,-441.064,-441.064,0
22:14:12,-440.634,-440.634,0
22:14:12,-440.203,-440.203,0
22:14:12,-439.772,-439.772,0
22:14:12,-439.34,-439.34,0
22:14:12,-438.908,-438.908,0
22:14:12,-438.475,-438.475,0
22:14:12,-438.042,-438.042,0
22:14:12,-437.608,-437.608,0
22:14:12,-437.174,-437.174,0
22:14:12,-436.739,-436.739,0
22:14:12,-436.304,-436.304,0
22:14:12,-435.869,-435.869,0
22:14:12,-435.433,-435.433,0
22:14:12,-434.996,-434.996,0
22:14:12,-434.559,-434.559,0
22:14:12,-434.127,-434.127,0
22:14:12,-433.694,-433.694,0
22:14:12,-433.261,-433.261,0
22:14:12,-432.827,-432.827,0
22:14:12,-432.393,-432.393,0
22:14:12,-431.958,-431.958,0
22:14:12,-431.523,-431.523,0
22:14:12,-431.088,-431.088,0
22:14:12,-430.652,-430.652,0
22:14:12,-430.22,-430.22,0
22:14:12,-429.789,-429.789,0
22:14:12,-429.357,-429.357,0
22:14:12,-428.924,-428.924,0
22:14:12,-428.491,-428.491,0
22:14:12,-428.057,-428.057,0
22:14:12,-427.623,-427.623,0
22:14:12,-427.188,-427.188,0
22:14:12,-426.765,-426.765,0
22:14:12,-426.342,-426.342,0
22:14:12,-425.918,-425.918,0
22:14:12,-425.493,-425.493,0
22:14:12,-425.068,-425.068,0
22:14:12,-424.643,-424.643,0
22:14:12,-424.217,-424.217,0
22:14:12,-423.79,-423.79,0
22:14:12,-423.376,-423.376,0
22:14:12,-422.96,-422.96,0
22:14:12,-422.544,-422.544,0
22:14:12,-422.128,-422.128,0
22:14:12,-421.711,-421.711,0
22:14:12,-421.294,-421.294,0
22:14:12,-420.876,-420.876,0
22:14:12,-420.458,-420.458,0
22:14:12,-420.039,-420.039,0
22:14:12,-419.62,-419.62,0
22:14:12,-419.2,-419.2,0
22:14:12,-418.78,-418.78,0
22:14:12,-418.36,-418.36,0
22:14:12,-417.938,-417.938,0
22:14:12,-417.517,-417.517,0
22:14:12,-417.095,-417.095,0
22:14:12,-416.672,-416.672,0
22:14:13,-416.249,-416.249,0
22:14:13,-415.825,-415.825,0
22:14:13,-415.401,-415.401,0
22:14:13,-414.976,-414.976,0
22:14:13,-414.551,-414.551,0
22:14:13,-414.126,-414.126,0
22:14:13,-413.699,-413.699,0
22:14:13,-413.273,-413.273,0
22:14:13,-412.845,-412.845,0
22:14:13,-412.418,-412.418,0
22:14:13,-411.99,-411.99,0
22:14:13,-411.561,-411.561,0
22:14:13,-411.132,-411.132,0
22:14:13,-410.702,-410.702,0
22:14:13,-410.272,-410.272,0
22:14:13,-409.841,-409.841,0
22:14:13,-409.41,-409.41,0
22:14:13,-408.978,-408.978,0
22:14:13,-408.546,-408.546,0
22:14:13,-408.113,-408.113,0
22:14:13,-407.679,-407.679,0
22:14:13,-407.245,-407.245,0
22:14:13,-406.811,-406.811,0
22:14:13,-406.376,-406.376,0
22:14:14,-405.941,-405.941,0
22:14:14,-405.505,-405.505,0
22:14:14,-405.068,-405.068,0
22:14:14,-404.631,-404.631,0
22:14:14,-404.193,-404.193,0
22:14:14,-403.755,-403.755,0
22:14:14,-403.317,-403.317,0
22:14:14,-402.877,-402.877,0
22:14:14,-402.438,-402.438,0
22:14:14,-401.997,-401.997,0
22:14:14,-401.557,-401.557,0
22:14:14,-401.115,-401.115,0
22:14:14,-400.673,-400.673,0
22:14:14,-400.231,-400.231,0
22:14:14,-399.788,-399.788,0
22:14:14,-399.344,-399.344,0
22:14:14,-398.9,-398.9,0
22:14:14,-398.456,-398.456,0
22:14:14,-398.011,-398.011,0
22:14:14,-397.565,-397.565,0
22:14:14,-397.119,-397.119,0
22:14:15,-396.672,-396.672,0
22:14:15,-396.224,-396.224,0
22:14:15,-395.776,-395.776,0
22:14:15,-395.328,-395.328,0
22:14:15,-394.879,-394.879,0
22:14:15,-394.429,-394.429,0
22:14:15,-393.979,-393.979,0
22:14:15,-393.528,-393.528,0
22:14:15,-393.077,-393.077,0
22:14:15,-392.625,-392.625,0
22:14:15,-392.172,-392.172,0
22:14:15,-391.719,-391.719,0
22:14:15,-391.266,-391.266,0
22:14:15,-390.812,-390.812,0
22:14:15,-390.357,-390.357,0
22:14:15,-389.902,-389.902,0
22:14:15,-389.446,-389.446,0
22:14:15,-388.989,-388.989,0
22:14:15,-388.532,-388.532,0
22:14:15,-388.074,-388.074,0
22:14:15,-387.616,-387.616,0
22:14:15,-387.157,-387.157,0
22:14:15,-386.698,-386.698,0
22:14:16,-386.238,-386.238,0
22:14:16,-385.777,-385.777,0
22:14:16,-385.316,-385.316,0
22:14:16,-384.854,-384.854,0
22:14:16,-384.392,-384.392,0
22:14:16,-383.929,-383.929,0
22:14:16,-383.466,-383.466,0
22:14:16,-383.001,-383.001,0
22:14:16,-382.537,-382.537,0
22:14:16,-382.071,-382.071,0
22:14:16,-381.605,-381.605,0
22:14:16,-381.139,-381.139,0
22:14:16,-380.672,-380.672,0
22:14:16,-380.204,-380.204,0
22:14:16,-379.735,-379.735,0
22:14:16,-379.266,-379.266,0
22:14:17,-378.797,-378.797,0
22:14:17,-378.326,-378.326,0
22:14:17,-377.856,-377.856,0
22:14:17,-377.384,-377.384,0
22:14:17,-376.912,-376.912,0
22:14:17,-376.439,-376.439,0
22:14:17,-375.966,-375.966,0
22:14:17,-375.492,-375.492,0
22:14:17,-375.017,-375.017,0
22:14:17,-374.542,-374.542,0
22:14:17,-374.066,-374.066,0
22:14:17,-373.59,-373.59,0
22:14:17,-373.113,-373.113,0
22:14:17,-372.635,-372.635,0
22:14:17,-372.157,-372.157,0
22:14:17,-371.678,-371.678,0
22:14:17,-371.198,-371.198,0
22:14:17,-370.718,-370.718,0
22:14:17,-370.237,-370.237,0
22:14:17,-369.755,-369.755,0
22:14:17,-369.273,-369.273,0
22:14:17,-368.79,-368.79,0
22:14:17,-368.307,-368.307,0
22:14:17,-367.822,-367.822,0
22:14:17,-367.338,-367.338,0
22:14:17,-366.852,-366.852,0
22:14:18,-366.366,-366.366,0
22:14:18,-365.879,-365.879,0
22:14:18,-365.392,-365.392,0
22:14:18,-364.906,-364.906,0
22:14:18,-364.432,-364.432,0
22:14:18,-363.957,-363.957,0
22:14:18,-363.481,-363.481,0
22:14:18,-363.005,-363.005,0
22:14:18,-362.528,-362.528,0
22:14:18,-362.051,-362.051,0
22:14:18,-361.573,-361.573,0
22:14:18,-361.094,-361.094,0
22:14:18,-360.629,-360.629,0
22:14:18,-360.163,-360.163,0
22:14:18,-359.697,-359.697,0
22:14:18,-359.23,-359.23,0
22:14:18,-358.763,-358.763,0
22:14:18,-358.295,-358.295,0
22:14:18,-357.826,-357.826,0
22:14:18,-357.36,-357.36,0
22:14:18,-356.894,-356.894,0
22:14:18,-356.428,-356.428,0
22:14:18,-355.962,-355.962,0
22:14:18,-355.494,-355.494,0
22:14:18,-355.026,-355.026,0
22:14:18,-354.558,-354.558,0
22:14:18,-354.088,-354.088,0
22:14:18,-353.618,-353.618,0
22:14:18,-353.148,-353.148,0
22:14:18,-352.677,-352.677,0
22:14:18,-352.205,-352.205,0
22:14:18,-351.732,-351.732,0
22:14:18,-351.259,-351.259,0
22:14:18,-350.785,-350.785,0
22:14:18,-350.31,-350.31,0
22:14:18,-349.84,-349.84,0
22:14:18,-349.368,-349.368,0
22:14:18,-348.896,-348.896,0
22:14:18,-348.424,-348.424,0
22:14:18,-347.951,-347.951,0
22:14:18,-347.477,-347.477,0
22:14:18,-347.002,-347.002,0
22:14:18,-346.527,-346.527,0
22:14:18,-346.051,-346.051,0
22:14:18,-345.574,-345.574,0
22:14:18,-345.097,-345.097,0
22:14:18,-344.628,-344.628,0
22:14:18,-344.16,-344.16,0
22:14:18,-343.69,-343.69,0
22:14:18,-343.22,-343.22,0
22:14:18,-342.749,-342.749,0
22:14:18,-342.278,-342.278,0
22:14:18,-341.806,-341.806,0
22:14:18,-341.333,-341.333,0
22:14:18,-340.87,-340.87,0
22:14:18,-340.405,-340.405,0
22:14:18,-339.94,-339.94,0
22:14:18,-339.475,-339.475,0
22:14:18,-339.009,-339.009,0
