Time,Position_BTC,PnL_USD
16:06:16,0.01,0
16:06:16,0.02,0
16:06:16,0.03,0
16:06:16,0.04,0
16:06:16,0.05,0
16:06:16,0.06,0
16:06:16,0.07,0
16:06:16,0.08,-1.45519e-13
16:06:16,0.09,-1.45519e-13
16:06:16,0.1,-1.45519e-13
16:06:16,0.11,0
16:06:16,0.12,1.45519e-13
16:06:16,0.13,2.91038e-13
16:06:16,0.14,4.36557e-13
16:06:16,0.15,5.82077e-13
16:06:16,0.16,5.82077e-13
16:06:16,0.17,5.82077e-13
16:06:16,0.18,5.82077e-13
16:06:16,0.19,4.36557e-13
16:06:16,0.2,2.91038e-13
16:06:16,0.21,1.45519e-13
16:06:16,0.22,-5.04871e-29
16:06:16,0.23,-2.91038e-13
16:06:16,0.24,-5.82077e-13
16:06:16,0.25,-8.73115e-13
16:06:16,0.26,-1.01863e-12
16:06:16,0.27,-1.30967e-12
16:06:16,0.28,-1.60071e-12
16:06:16,0.29,-1.89175e-12
16:06:16,0.3,-2.18279e-12
16:06:16,0.31,-2.47383e-12
16:06:16,0.32,-2.76486e-12
16:06:16,0.33,-3.0559e-12
16:06:16,0.34,-3.34694e-12
16:06:16,0.35,-3.63798e-12
16:06:16,0.36,-3.92902e-12
16:06:16,0.37,-4.36557e-12
16:06:16,0.38,-4.80213e-12
16:06:16,0.39,-5.23869e-12
16:06:16,0.4,-5.82077e-12
16:06:16,0.41,-6.40284e-12
16:06:16,0.42,-6.98492e-12
16:06:16,0.43,-7.567e-12
16:06:16,0.44,-8.14907e-12
16:06:16,0.45,-8.73115e-12
16:06:16,0.46,-9.31323e-12
16:06:16,0.47,-9.8953e-12
16:06:16,0.48,-1.04774e-11
16:06:16,0.49,-1.10595e-11
16:06:16,0.5,-1.16415e-11
16:06:16,0.51,-1.22236e-11
16:06:16,0.52,-1.28057e-11
16:06:16,0.53,-1.33878e-11
16:06:16,0.54,-1.39698e-11
16:06:16,0.55,-1.45519e-11
16:06:16,0.56,-1.5134e-11
16:06:16,0.57,-1.57161e-11
16:06:16,0.58,-1.62981e-11
16:06:16,0.59,-1.68802e-11
16:06:16,0.6,-1.74623e-11
16:06:16,0.61,-1.80444e-11
16:06:16,0.62,-1.86265e-11
16:06:16,0.63,-1.92085e-11
16:06:16,0.64,-1.97906e-11
16:06:16,0.65,-2.03727e-11
16:06:16,0.66,-2.09548e-11
16:06:16,0.67,-2.15368e-11
16:06:16,0.68,-2.21189e-11
16:06:16,0.69,-2.2701e-11
16:06:16,0.7,-2.32831e-11
16:06:16,0.71,-2.38651e-11
16:06:16,0.72,-2.44472e-11
16:06:16,0.73,-2.50293e-11
16:06:16,0.74,-2.57569e-11
16:06:16,0.75,-2.6339e-11
16:06:16,0.76,-2.6921e-11
16:06:16,0.77,-2.75031e-11
16:06:16,0.78,-2.79397e-11
16:06:16,0.79,-2.83762e-11
16:06:16,0.8,-2.88128e-11
16:06:16,0.81,-2.92493e-11
16:06:16,0.82,-2.98314e-11
16:06:16,0.83,-3.04135e-11
16:06:16,0.84,-3.09956e-11
16:06:16,0.85,-3.15777e-11
16:06:16,0.86,-3.21597e-11
16:06:16,0.87,-3.28873e-11
16:06:16,0.88,-3.36149e-11
16:06:16,0.89,-3.43425e-11
16:06:16,0.9,-3.50701e-11
16:06:16,0.91,-3.57977e-11
16:06:16,0.92,-3.65253e-11
16:06:16,0.93,-3.72529e-11
16:06:16,0.94,-3.79805e-11
16:06:16,0.95,-3.87081e-11
16:06:16,0.96,-3.94357e-11
16:06:16,0.97,-4.01633e-11
16:06:16,0.98,-4.08909e-11
16:06:16,0.99,-4.16185e-11
16:06:16,1,-4.23461e-11
16:06:16,1.01,-4.30737e-11
16:06:16,1.02,-4.38013e-11
16:06:16,1.03,-4.45289e-11
16:06:16,1.04,-4.52565e-11
16:06:16,1.05,-4.59841e-11
16:06:16,1.06,-4.67116e-11
16:06:16,1.07,-4.74392e-11
16:06:16,1.08,-4.81668e-11
16:06:16,1.09,-4.88944e-11
16:06:16,1.1,-4.9622e-11
16:06:17,1.11,-5.03496e-11
16:06:17,1.12,-5.10772e-11
16:06:17,1.13,-5.18048e-11
16:06:17,1.14,-5.25324e-11
16:06:18,1.15,-5.326e-11
16:06:18,1.16,-5.39876e-11
16:06:18,1.17,-5.47152e-11
16:06:18,1.18,-5.54428e-11
16:06:18,1.19,-5.61704e-11
16:06:18,1.2,-5.6898e-11
16:06:18,1.21,-5.76256e-11
16:06:18,1.22,-5.83532e-11
16:06:18,1.23,-5.90808e-11
16:06:18,1.24,-5.98084e-11
16:06:18,1.25,-6.0536e-11
16:06:18,1.26,-6.12636e-11
16:06:18,1.27,-6.19912e-11
16:06:18,1.28,-6.27188e-11
16:06:19,1.29,-6.34464e-11
16:06:19,1.3,-6.41739e-11
16:06:19,1.31,-6.49015e-11
16:06:19,1.32,-6.56291e-11
16:06:19,1.33,-6.63567e-11
16:06:19,1.34,-6.70843e-11
16:06:19,1.35,-6.78119e-11
16:06:19,1.36,-6.85395e-11
16:06:21,1.35,-6.78119e-11
16:06:21,1.34,-6.70843e-11
16:06:21,1.33,-6.63567e-11
16:06:21,1.32,-6.56291e-11
16:06:21,1.31,-6.49015e-11
16:06:21,1.3,-6.41739e-11
16:06:21,1.29,-6.34464e-11
16:06:21,1.28,-6.27188e-11
16:06:21,1.27,-6.19912e-11
16:06:21,1.26,-6.12636e-11
16:06:21,1.25,-6.0536e-11
16:06:21,1.24,-5.98084e-11
16:06:21,1.23,-5.90808e-11
16:06:21,1.22,-5.83532e-11
16:06:22,1.21,-5.76256e-11
16:06:22,1.2,-5.6898e-11
16:06:22,1.19,-5.61704e-11
16:06:22,1.18,-5.54428e-11
16:06:22,1.17,-5.47152e-11
16:06:22,1.16,-5.39876e-11
16:06:22,1.15,-5.326e-11
16:06:22,1.14,-5.25324e-11
16:06:22,1.13,-5.18048e-11
16:06:22,1.12,-5.10772e-11
16:06:22,1.11,-5.03496e-11
16:06:22,1.1,-4.9622e-11
16:06:22,1.09,-4.88944e-11
16:06:22,1.08,-4.81668e-11
16:06:22,1.07,-4.74392e-11
16:06:22,1.06,-4.67116e-11
16:06:22,1.05,-4.59841e-11
16:06:22,1.04,-4.52565e-11
16:06:22,1.03,-4.45289e-11
16:06:22,1.02,-4.38013e-11
16:06:22,1.01,-4.30737e-11
16:06:22,1,-4.23461e-11
16:06:22,0.99,-4.16185e-11
16:06:22,0.98,-4.08909e-11
16:06:22,0.97,-4.01633e-11
16:06:22,0.96,-3.94357e-11
16:06:22,0.95,-3.87081e-11
16:06:22,0.94,-3.79805e-11
16:06:22,0.93,-3.72529e-11
16:06:22,0.92,-3.65253e-11
16:06:22,0.91,-3.57977e-11
16:06:22,0.9,-3.50701e-11
16:06:22,0.89,-3.43425e-11
16:06:22,0.88,-3.36149e-11
16:06:22,0.87,-3.28873e-11
16:06:22,0.86,-3.21597e-11
16:06:22,0.85,-3.14321e-11
16:06:22,0.84,-3.07045e-11
16:06:22,0.83,-2.99769e-11
16:06:22,0.82,-2.92493e-11
16:06:23,0.81,-2.86673e-11
16:06:23,0.8,-2.80852e-11
16:06:23,0.79,-2.75031e-11
16:06:23,0.78,-2.6921e-11
16:06:23,0.77,-2.6339e-11
16:06:23,0.76,-2.59024e-11
16:06:23,0.75,-2.56114e-11
16:06:23,0.74,-2.54659e-11
16:06:23,0.73,-2.54659e-11
16:06:23,0.72,-2.53203e-11
16:06:23,0.71,-2.51748e-11
16:06:23,0.7,-2.50293e-11
16:06:23,0.69,-2.48838e-11
16:06:23,0.68,-2.47383e-11
16:06:23,0.67,-2.45927e-11
16:06:23,0.66,-2.44472e-11
16:06:24,0.65,-2.43017e-11
16:06:24,0.64,-2.41562e-11
16:06:24,0.63,-2.40107e-11
16:06:24,0.62,-2.38651e-11
16:06:24,0.61,-2.37196e-11
16:06:24,0.6,-2.35741e-11
16:06:24,0.59,-2.34286e-11
16:06:24,0.58,-2.32831e-11
16:06:24,0.57,-2.31375e-11
16:06:24,0.56,-2.2992e-11
16:06:24,0.55,-2.28465e-11
16:06:24,0.54,-2.2701e-11
16:06:24,0.53,-2.25555e-11
16:06:24,0.52,-2.24099e-11
16:06:24,0.51,-2.22644e-11
16:06:24,0.5,-2.21189e-11
16:06:24,0.49,-2.19734e-11
16:06:24,0.48,-2.18279e-11
16:06:24,0.47,-2.16824e-11
16:06:24,0.46,-2.15368e-11
16:06:24,0.45,-2.15368e-11
16:06:24,0.44,-2.15368e-11
16:06:24,0.43,-2.15368e-11
16:06:24,0.42,-2.16824e-11
16:06:24,0.41,-2.18279e-11
16:06:24,0.4,-2.19734e-11
16:06:24,0.39,-2.22644e-11
16:06:24,0.38,-2.25555e-11
16:06:25,0.37,-2.28465e-11
16:06:25,0.36,-2.31375e-11
16:06:25,0.35,-2.34286e-11
16:06:25,0.34,-2.37196e-11
16:06:25,0.33,-2.40107e-11
16:06:25,0.32,-2.43017e-11
16:06:25,0.31,-2.45927e-11
16:06:25,0.3,-2.48838e-11
16:06:26,0.29,-2.51748e-11
16:06:26,0.28,-2.56114e-11
16:06:26,0.27,-2.60479e-11
16:06:26,0.26,-2.64845e-11
16:06:26,0.25,-2.70666e-11
16:06:26,0.24,-2.76486e-11
16:06:27,0.23,-2.82307e-11
16:06:27,0.22,-2.89583e-11
16:06:27,0.21,-2.96859e-11
16:06:27,0.2,-3.0559e-11
16:06:27,0.19,-3.14321e-11
16:06:27,0.18,-3.24508e-11
16:06:27,0.17,-3.36149e-11
16:06:28,0.16,-3.49246e-11
16:06:28,0.15,-3.63798e-11
16:06:28,0.14,-3.79805e-11
16:06:28,0.13,-3.97267e-11
16:06:28,0.12,-4.1764e-11
16:06:29,0.11,-4.39468e-11
16:06:29,0.1,-4.62751e-11
16:06:29,0.09,-4.87489e-11
16:06:29,0.08,-5.15138e-11
16:06:29,0.07,-5.45697e-11
16:06:29,0.06,-5.80621e-11
16:06:29,0.05,-6.21367e-11
16:06:29,0.04,-6.70843e-11
16:06:29,0.03,-7.33417e-11
16:06:29,0.02,-8.16362e-11
16:06:29,0.01,-9.41509e-11
16:06:30,-8.67362e-17,-1.1918e-10
16:06:30,-0.01,915.278
16:06:30,-0.02,915.278
16:06:30,-0.03,915.278
16:06:30,-0.04,915.278
16:06:30,-0.05,915.278
16:06:30,-0.06,915.278
16:06:30,-0.07,915.278
16:06:30,-0.08,915.278
16:06:30,-0.09,915.278
16:06:31,-0.1,915.278
16:06:31,-0.11,915.278
16:06:31,-0.12,915.278
16:06:31,-0.13,915.278
16:06:31,-0.14,915.278
16:06:32,-0.15,915.278
16:06:32,-0.16,915.278
16:06:32,-0.17,915.278
16:06:32,-0.18,915.278
16:06:32,-0.19,915.278
16:06:32,-0.2,915.278
16:06:32,-0.21,915.278
16:06:32,-0.22,915.278
16:06:32,-0.23,915.278
16:06:32,-0.24,915.278
16:06:33,-0.25,915.278
16:06:33,-0.26,915.278
16:06:33,-0.27,915.278
16:06:33,-0.28,915.278
16:06:33,-0.29,915.278
16:06:33,-0.3,915.278
16:06:33,-0.31,915.278
16:06:33,-0.32,915.278
16:06:33,-0.33,915.278
16:06:33,-0.34,915.278
16:06:33,-0.35,915.278
16:06:33,-0.36,915.278
16:06:34,-0.37,915.278
16:06:34,-0.38,915.278
16:06:34,-0.39,915.278
16:06:34,-0.4,915.278
16:06:34,-0.41,915.278
16:06:34,-0.42,915.278
16:06:34,-0.43,915.278
16:06:34,-0.44,915.275
16:06:34,-0.45,915.272
16:06:34,-0.46,915.27
16:06:34,-0.47,915.267
16:06:34,-0.48,915.264
16:06:34,-0.49,915.262
16:06:34,-0.5,915.257
16:06:34,-0.51,915.252
16:06:34,-0.52,915.247
16:06:34,-0.53,915.242
16:06:34,-0.54,915.237
16:06:34,-0.55,915.232
16:06:34,-0.56,915.228
16:06:34,-0.57,915.223
16:06:34,-0.58,915.217
16:06:34,-0.59,915.205
16:06:34,-0.6,915.193
16:06:34,-0.61,915.182
16:06:34,-0.62,915.171
16:06:34,-0.63,915.16
16:06:34,-0.64,915.142
16:06:34,-0.65,915.124
16:06:34,-0.66,915.107
16:06:34,-0.67,915.089
16:06:34,-0.68,915.071
16:06:34,-0.69,915.054
16:06:34,-0.7,915.037
16:06:34,-0.71,915.02
16:06:34,-0.72,915.003
16:06:34,-0.73,914.987
16:06:34,-0.74,914.97
16:06:34,-0.75,914.954
16:06:34,-0.76,914.928
16:06:34,-0.77,914.902
16:06:34,-0.78,914.877
16:06:34,-0.79,914.851
16:06:34,-0.8,914.827
16:06:34,-0.81,914.792
16:06:34,-0.82,914.758
16:06:34,-0.83,914.725
16:06:34,-0.84,914.692
16:06:34,-0.85,914.659
16:06:34,-0.86,914.627
16:06:34,-0.87,914.595
16:06:34,-0.88,914.563
16:06:34,-0.89,914.532
16:06:34,-0.9,914.501
16:06:34,-0.91,914.47
16:06:34,-0.92,914.44
16:06:34,-0.93,914.41
16:06:34,-0.94,914.381
16:06:34,-0.95,914.351
16:06:34,-0.96,914.322
16:06:34,-0.97,914.294
16:06:34,-0.98,914.265
16:06:34,-0.99,914.237
16:06:34,-1,914.21
16:06:34,-1.01,914.182
16:06:34,-1.02,914.155
16:06:34,-1.03,914.128
16:06:34,-1.04,914.101
16:06:34,-1.05,914.075
16:06:34,-1.06,914.048
16:06:34,-1.07,914.023
16:06:34,-1.08,913.997
16:06:34,-1.09,913.971
16:06:34,-1.1,913.946
16:06:34,-1.11,913.921
16:06:34,-1.12,913.896
16:06:34,-1.13,913.872
16:06:35,-1.14,913.847
16:06:35,-1.15,913.823
16:06:35,-1.16,913.799
16:06:35,-1.17,913.776
16:06:35,-1.18,913.752
16:06:35,-1.19,913.729
16:06:35,-1.2,913.706
16:06:35,-1.21,913.683
16:06:35,-1.22,913.66
16:06:35,-1.23,913.638
16:06:35,-1.24,913.615
16:06:35,-1.25,913.593
16:06:35,-1.26,913.571
16:06:36,-1.27,913.549
16:06:36,-1.28,913.527
16:06:36,-1.29,913.506
16:06:36,-1.3,913.485
16:06:36,-1.31,913.463
16:06:36,-1.32,913.442
16:06:36,-1.33,913.422
16:06:36,-1.34,913.401
16:06:36,-1.35,913.38
16:06:36,-1.36,913.36
16:06:36,-1.37,913.34
16:06:36,-1.38,913.32
16:06:36,-1.39,913.3
16:06:36,-1.4,913.28
16:06:36,-1.41,913.26
16:06:37,-1.42,913.241
16:06:37,-1.43,913.222
16:06:37,-1.44,913.202
16:06:37,-1.45,913.183
16:06:37,-1.46,913.164
16:06:37,-1.47,913.145
16:06:37,-1.48,913.127
16:06:37,-1.49,913.108
16:06:37,-1.5,913.09
16:06:37,-1.51,913.071
16:06:37,-1.52,913.053
16:06:37,-1.53,913.035
16:06:37,-1.54,913.017
16:06:38,-1.55,912.999
16:06:38,-1.56,912.981
16:06:38,-1.57,912.964
16:06:38,-1.58,912.946
16:06:38,-1.59,912.929
16:06:38,-1.6,912.912
16:06:38,-1.61,912.894
16:06:38,-1.62,912.877
16:06:38,-1.63,912.86
16:06:39,-1.64,912.843
16:06:39,-1.65,912.827
16:06:39,-1.66,912.81
16:06:39,-1.67,912.793
16:06:39,-1.68,912.777
16:06:39,-1.69,912.761
16:06:39,-1.7,912.744
16:06:39,-1.71,912.728
16:06:39,-1.72,912.712
16:06:40,-1.73,912.696
16:06:40,-1.74,912.68
16:06:40,-1.75,912.664
16:06:40,-1.76,912.649
16:06:40,-1.77,912.633
16:06:40,-1.78,912.617
16:06:40,-1.79,912.602
16:06:40,-1.8,912.587
16:06:40,-1.81,912.571
16:06:41,-1.82,912.556
16:06:41,-1.83,912.541
16:06:41,-1.84,912.526
16:06:41,-1.85,912.511
16:06:42,-1.86,912.496
16:06:42,-1.87,912.481
16:06:42,-1.88,912.467
16:06:42,-1.89,912.452
16:06:42,-1.9,912.437
16:06:43,-1.91,912.423
16:06:43,-1.92,912.409
16:06:43,-1.93,912.394
16:06:43,-1.94,912.38
16:06:43,-1.95,912.366
16:06:43,-1.96,912.352
16:06:44,-1.97,912.338
16:06:44,-1.98,912.324
16:06:44,-1.99,912.31
16:06:44,-2,912.296
16:06:44,-2.01,912.282
16:06:44,-2.02,912.269
16:06:44,-2.03,912.255
16:06:44,-2.04,912.241
16:06:44,-2.05,912.228
16:06:45,-2.06,912.215
16:06:45,-2.07,912.201
16:06:45,-2.08,912.188
16:06:45,-2.09,912.175
16:06:45,-2.1,912.161
16:06:45,-2.11,912.148
16:06:45,-2.12,912.135
16:06:45,-2.13,912.122
16:06:45,-2.14,912.109
16:06:45,-2.15,912.097
16:06:45,-2.16,912.084
16:06:45,-2.17,912.071
16:06:46,-2.18,912.058
16:06:46,-2.19,912.046
16:06:46,-2.2,912.033
16:06:46,-2.21,912.021
16:06:46,-2.22,912.008
16:06:46,-2.23,911.996
16:06:46,-2.24,911.984
16:06:46,-2.25,911.971
16:06:46,-2.26,911.959
16:06:47,-2.27,911.947
16:06:47,-2.28,911.935
16:06:47,-2.29,911.923
16:06:47,-2.3,911.911
16:06:47,-2.31,911.899
16:06:47,-2.32,911.887
16:06:47,-2.33,911.875
16:06:47,-2.34,911.863
16:06:47,-2.35,911.851
16:06:47,-2.36,911.84
16:06:47,-2.37,911.828
16:06:47,-2.38,911.816
16:06:48,-2.39,911.805
16:06:48,-2.4,911.793
16:06:48,-2.41,911.782
16:06:48,-2.42,911.77
16:06:48,-2.43,911.759
16:06:48,-2.44,911.748
16:06:48,-2.45,911.737
16:06:48,-2.46,911.725
16:06:48,-2.47,911.714
16:06:48,-2.48,911.703
16:06:48,-2.49,911.68
16:06:48,-2.5,911.65
16:06:48,-2.51,911.605
16:06:48,-2.52,911.551
16:06:48,-2.53,911.487
16:06:48,-2.54,911.416
16:06:48,-2.55,911.33
16:06:48,-2.56,911.243
16:06:48,-2.57,911.156
16:06:48,-2.58,911.069
16:06:48,-2.59,910.982
16:06:48,-2.6,910.896
16:06:48,-2.61,910.81
16:06:48,-2.62,910.725
16:06:48,-2.63,910.64
16:06:48,-2.64,910.555
16:06:48,-2.65,910.47
16:06:48,-2.66,910.386
16:06:48,-2.67,910.302
16:06:48,-2.68,910.141
16:06:48,-2.69,909.98
16:06:48,-2.7,909.819
16:06:48,-2.71,909.66
16:06:48,-2.72,909.501
16:06:48,-2.73,909.342
16:06:48,-2.74,909.184
16:06:48,-2.75,909.027
16:06:48,-2.76,908.87
16:06:48,-2.77,908.714
16:06:48,-2.78,908.558
16:06:48,-2.79,908.403
16:06:48,-2.8,908.249
16:06:48,-2.81,908.095
16:06:48,-2.82,907.941
16:06:48,-2.83,907.788
16:06:48,-2.84,907.636
16:06:48,-2.85,907.484
16:06:48,-2.86,907.333
16:06:48,-2.87,907.182
16:06:48,-2.88,907.032
16:06:48,-2.89,906.882
16:06:48,-2.9,906.733
16:06:48,-2.91,906.584
16:06:48,-2.92,906.436
16:06:48,-2.93,906.288
16:06:48,-2.94,906.141
16:06:48,-2.95,905.995
16:06:48,-2.96,905.848
16:06:48,-2.97,905.703
16:06:48,-2.98,905.558
16:06:48,-2.99,905.413
16:06:48,-3,905.269
16:06:48,-3.01,905.125
16:06:48,-3.02,904.982
16:06:48,-3.03,904.839
16:06:48,-3.04,904.697
16:06:48,-3.05,904.555
16:06:48,-3.06,904.413
16:06:48,-3.07,904.273
16:06:48,-3.08,904.132
16:06:48,-3.09,903.992
16:06:48,-3.1,903.853
16:06:48,-3.11,903.713
16:06:49,-3.12,903.575
16:06:49,-3.13,903.437
16:06:49,-3.14,903.299
16:06:49,-3.15,903.162
16:06:49,-3.16,903.025
16:06:49,-3.17,902.888
16:06:49,-3.18,902.752
16:06:49,-3.19,902.617
16:06:49,-3.2,902.482
16:06:49,-3.21,902.347
16:06:49,-3.22,902.212
16:06:49,-3.23,902.079
16:06:49,-3.24,901.945
16:06:49,-3.25,901.812
16:06:49,-3.26,901.679
16:06:49,-3.27,901.547
16:06:49,-3.28,901.415
16:06:49,-3.29,901.284
16:06:49,-3.3,901.153
16:06:49,-3.31,901.022
16:06:49,-3.32,900.892
16:06:49,-3.33,900.762
16:06:49,-3.34,900.632
16:06:49,-3.35,900.503
16:06:49,-3.36,900.375
16:06:49,-3.37,900.246
16:06:49,-3.38,900.118
16:06:49,-3.39,899.991
16:06:49,-3.4,899.864
16:06:49,-3.41,899.737
16:06:49,-3.42,899.61
16:06:49,-3.43,899.484
16:06:49,-3.44,899.359
16:06:49,-3.45,899.233
16:06:49,-3.46,899.108
16:06:49,-3.47,898.984
16:06:49,-3.48,898.859
16:06:49,-3.49,898.736
16:06:49,-3.5,898.612
16:06:49,-3.51,898.489
16:06:49,-3.52,898.366
16:06:49,-3.53,898.244
16:06:49,-3.54,898.121
16:06:49,-3.55,898
16:06:50,-3.56,897.878
16:06:50,-3.57,897.757
16:06:50,-3.58,897.636
16:06:50,-3.59,897.516
16:06:50,-3.6,897.396
16:06:50,-3.61,897.276
16:06:50,-3.62,897.156
16:06:50,-3.63,897.037
16:06:50,-3.64,896.919
16:06:50,-3.65,896.8
16:06:50,-3.66,896.682
16:06:50,-3.67,896.564
16:06:50,-3.68,896.447
16:06:50,-3.69,896.33
16:06:50,-3.7,896.213
16:06:50,-3.71,896.096
16:06:50,-3.72,895.98
16:06:50,-3.73,895.864
16:06:50,-3.74,895.748
16:06:50,-3.75,895.633
16:06:50,-3.76,895.518
16:06:50,-3.77,895.404
16:06:50,-3.78,895.289
16:06:50,-3.79,895.175
16:06:50,-3.8,895.061
16:06:50,-3.81,894.948
16:06:50,-3.82,894.835
16:06:50,-3.83,894.722
16:06:50,-3.84,894.609
16:06:50,-3.85,894.497
16:06:50,-3.86,894.385
16:06:50,-3.87,894.273
16:06:50,-3.88,894.161
16:06:50,-3.89,894.05
16:06:50,-3.9,893.939
16:06:50,-3.91,893.829
16:06:50,-3.92,893.718
16:06:50,-3.93,893.608
16:06:50,-3.94,893.498
16:06:50,-3.95,893.389
16:06:50,-3.96,893.28
16:06:50,-3.97,893.171
16:06:50,-3.98,893.062
16:06:50,-3.99,892.953
16:06:50,-4,892.845
16:06:51,-4.01,892.737
16:06:51,-4.02,892.63
16:06:51,-4.03,892.522
16:06:51,-4.04,892.415
16:06:51,-4.05,892.309
16:06:51,-4.06,892.202
16:06:51,-4.07,892.096
16:06:51,-4.08,891.99
16:06:51,-4.09,891.884
16:06:51,-4.1,891.778
16:06:51,-4.11,891.673
16:06:51,-4.12,891.568
16:06:51,-4.13,891.463
16:06:51,-4.14,891.359
16:06:51,-4.15,891.255
16:06:51,-4.16,891.151
16:06:52,-4.17,891.047
16:06:52,-4.18,890.943
16:06:52,-4.19,890.84
16:06:52,-4.2,890.737
16:06:52,-4.21,890.634
16:06:52,-4.22,890.532
16:06:52,-4.23,890.43
16:06:52,-4.24,890.328
16:06:52,-4.25,890.226
16:06:53,-4.26,890.124
16:06:53,-4.27,890.023
16:06:53,-4.28,889.922
16:06:53,-4.29,889.821
16:06:53,-4.3,889.721
16:06:53,-4.31,889.62
16:06:53,-4.32,889.52
16:06:53,-4.33,889.42
16:06:53,-4.34,889.32
16:06:54,-4.35,889.221
16:06:54,-4.36,889.122
16:06:54,-4.37,889.023
16:06:54,-4.38,888.924
16:06:54,-4.39,888.826
16:06:54,-4.4,888.727
16:06:54,-4.41,888.629
16:06:54,-4.42,888.531
16:06:54,-4.43,888.434
16:06:55,-4.44,888.336
16:06:55,-4.45,888.239
16:06:55,-4.46,888.142
16:06:55,-4.47,888.045
16:06:55,-4.48,887.949
16:06:55,-4.49,887.853
16:06:55,-4.5,887.756
16:06:55,-4.51,887.661
16:06:55,-4.52,887.565
16:06:55,-4.53,887.469
16:06:56,-4.54,887.374
16:06:56,-4.55,887.279
16:06:56,-4.56,887.184
16:06:56,-4.57,887.09
16:06:56,-4.58,886.995
16:06:56,-4.59,886.901
16:06:56,-4.6,886.807
16:06:56,-4.61,886.713
16:06:56,-4.62,886.619
16:06:56,-4.63,886.526
16:06:57,-4.64,886.433
16:06:57,-4.65,886.34
16:06:57,-4.66,886.247
16:06:57,-4.67,886.154
16:06:57,-4.68,886.062
16:06:57,-4.69,885.97
16:06:57,-4.7,885.878
16:06:57,-4.71,885.786
16:06:57,-4.72,885.694
16:06:57,-4.73,885.603
16:06:57,-4.74,885.512
16:06:57,-4.75,885.421
16:06:57,-4.76,885.33
16:06:58,-4.77,885.239
16:06:58,-4.78,885.149
16:06:58,-4.79,885.058
16:06:58,-4.8,884.968
16:06:58,-4.81,884.878
16:06:58,-4.82,884.789
16:06:58,-4.83,884.699
16:06:58,-4.84,884.61
16:06:58,-4.85,884.521
16:06:59,-4.86,884.432
16:06:59,-4.87,884.343
16:06:59,-4.88,884.254
16:06:59,-4.89,884.166
16:06:59,-4.9,884.078
16:06:59,-4.91,883.989
16:06:59,-4.92,883.902
16:06:59,-4.93,883.814
16:07:00,-4.94,883.726
16:07:00,-4.95,883.639
16:07:00,-4.96,883.552
16:07:00,-4.97,883.465
16:07:00,-4.98,883.378
16:07:00,-4.99,883.291
16:07:00,-5,883.205
16:07:01,-5.01,883.119
16:07:01,-5.02,883.032
16:07:01,-5.03,882.946
16:07:01,-5.04,882.861
16:07:01,-5.05,882.775
16:07:01,-5.06,882.69
16:07:01,-5.07,882.604
16:07:02,-5.08,882.519
16:07:02,-5.09,882.434
16:07:02,-5.1,882.349
16:07:02,-5.11,882.265
16:07:02,-5.12,882.18
16:07:02,-5.13,882.096
16:07:02,-5.14,882.012
16:07:03,-5.15,881.928
16:07:03,-5.16,881.844
16:07:03,-5.17,881.761
16:07:03,-5.18,881.677
16:07:03,-5.19,881.594
16:07:03,-5.2,881.511
16:07:04,-5.21,881.428
16:07:04,-5.22,881.345
16:07:04,-5.23,881.262
16:07:04,-5.24,881.18
16:07:04,-5.25,881.097
16:07:04,-5.26,881.015
16:07:05,-5.27,880.933
16:07:05,-5.28,880.851
16:07:05,-5.29,880.769
16:07:05,-5.3,880.688
16:07:05,-5.31,880.606
16:07:05,-5.32,880.525
16:07:05,-5.33,880.444
16:07:05,-5.34,880.363
16:07:05,-5.35,880.282
16:07:05,-5.36,880.202
16:07:06,-5.37,880.121
16:07:06,-5.38,880.041
16:07:06,-5.39,879.961
16:07:06,-5.4,879.88
16:07:06,-5.41,879.801
16:07:06,-5.42,879.721
16:07:06,-5.43,879.641
16:07:06,-5.44,879.562
16:07:06,-5.45,879.482
16:07:06,-5.46,879.403
16:07:06,-5.47,879.324
16:07:06,-5.48,879.245
16:07:06,-5.49,879.166
16:07:07,-5.5,879.088
16:07:07,-5.51,879.009
16:07:07,-5.52,878.931
16:07:07,-5.53,878.853
16:07:07,-5.54,878.775
16:07:07,-5.55,878.697
16:07:07,-5.56,878.619
16:07:07,-5.57,878.542
16:07:07,-5.58,878.464
16:07:07,-5.59,878.385
16:07:07,-5.6,878.305
16:07:07,-5.61,878.226
16:07:07,-5.62,878.147
16:07:07,-5.63,878.068
16:07:07,-5.64,877.989
16:07:07,-5.65,877.91
16:07:07,-5.66,877.832
16:07:07,-5.67,877.753
16:07:07,-5.68,877.673
16:07:07,-5.69,877.593
16:07:07,-5.7,877.512
16:07:07,-5.71,877.432
16:07:07,-5.72,877.352
16:07:07,-5.73,877.273
16:07:07,-5.74,877.193
16:07:07,-5.75,877.109
16:07:07,-5.76,877.015
16:07:07,-5.77,876.908
16:07:07,-5.78,876.791
16:07:07,-5.79,876.674
16:07:07,-5.8,876.557
16:07:07,-5.81,876.441
16:07:07,-5.82,876.324
16:07:07,-5.83,876.208
16:07:07,-5.84,876.092
16:07:07,-5.85,875.977
16:07:07,-5.86,875.861
16:07:07,-5.87,875.746
16:07:07,-5.88,875.631
16:07:07,-5.89,875.516
16:07:07,-5.9,875.401
16:07:07,-5.91,875.287
16:07:07,-5.92,875.172
16:07:07,-5.93,875.058
16:07:07,-5.94,874.944
16:07:07,-5.95,874.83
16:07:07,-5.96,874.717
16:07:07,-5.97,874.604
16:07:07,-5.98,874.49
16:07:07,-5.99,874.377
16:07:07,-6,874.226
16:07:07,-6.01,874.076
16:07:07,-6.02,873.925
16:07:07,-6.03,873.775
16:07:07,-6.04,873.625
16:07:07,-6.05,873.476
16:07:07,-6.06,873.326
16:07:07,-6.07,873.177
16:07:07,-6.08,873.028
16:07:07,-6.09,872.88
16:07:07,-6.1,872.731
16:07:07,-6.11,872.583
16:07:07,-6.12,872.435
16:07:07,-6.13,872.287
16:07:07,-6.14,872.14
16:07:07,-6.15,871.993
16:07:07,-6.16,871.846
16:07:07,-6.17,871.699
16:07:07,-6.18,871.553
16:07:07,-6.19,871.406
16:07:07,-6.2,871.26
16:07:07,-6.21,871.114
16:07:07,-6.22,870.969
16:07:07,-6.23,870.824
16:07:07,-6.24,870.679
16:07:07,-6.25,870.534
16:07:07,-6.26,870.389
16:07:07,-6.27,870.245
16:07:07,-6.28,870.1
16:07:07,-6.29,869.957
16:07:07,-6.3,869.813
16:07:07,-6.31,869.669
16:07:07,-6.32,869.526
16:07:07,-6.33,869.383
16:07:07,-6.34,869.24
16:07:07,-6.35,869.098
16:07:07,-6.36,868.955
16:07:07,-6.37,868.813
16:07:07,-6.38,868.671
16:07:07,-6.39,868.53
16:07:07,-6.4,868.388
16:07:07,-6.41,868.247
16:07:07,-6.42,868.106
16:07:07,-6.43,867.965
16:07:07,-6.44,867.825
16:07:07,-6.45,867.684
16:07:07,-6.46,867.541
16:07:07,-6.47,867.401
16:07:07,-6.48,867.261
16:07:07,-6.49,867.121
16:07:07,-6.5,866.982
16:07:07,-6.51,866.843
16:07:07,-6.52,866.704
16:07:07,-6.53,866.565
16:07:07,-6.54,866.423
16:07:07,-6.55,866.273
16:07:07,-6.56,866.112
16:07:07,-6.57,865.951
16:07:07,-6.58,865.79
16:07:07,-6.59,865.63
16:07:07,-6.6,865.47
16:07:07,-6.61,865.31
16:07:07,-6.62,865.15
16:07:07,-6.63,864.991
16:07:07,-6.64,864.832
16:07:07,-6.65,864.673
16:07:07,-6.66,864.514
16:07:07,-6.67,864.356
16:07:07,-6.68,864.198
16:07:07,-6.69,864.019
16:07:07,-6.7,863.84
16:07:07,-6.71,863.661
16:07:07,-6.72,863.483
16:07:07,-6.73,863.305
16:07:07,-6.74,863.127
16:07:07,-6.75,862.949
16:07:07,-6.76,862.772
16:07:07,-6.77,862.595
16:07:08,-6.78,862.417
16:07:08,-6.79,862.231
16:07:08,-6.8,862.034
16:07:08,-6.81,861.837
16:07:08,-6.82,861.641
16:07:08,-6.83,861.445
16:07:08,-6.84,861.249
16:07:08,-6.85,861.053
16:07:08,-6.86,860.858
16:07:08,-6.87,860.663
16:07:08,-6.88,860.468
16:07:08,-6.89,860.274
16:07:08,-6.9,860.079
16:07:08,-6.91,859.885
16:07:08,-6.92,859.692
16:07:08,-6.93,859.498
16:07:08,-6.94,859.305
16:07:08,-6.95,859.113
16:07:08,-6.96,858.898
16:07:08,-6.97,858.683
16:07:08,-6.98,858.469
16:07:08,-6.99,858.255
16:07:08,-7,858.041
16:07:08,-7.01,857.827
16:07:08,-7.02,857.614
16:07:08,-7.03,857.401
16:07:08,-7.04,857.189
16:07:08,-7.05,856.977
16:07:08,-7.06,856.765
16:07:08,-7.07,856.553
16:07:08,-7.08,856.342
16:07:08,-7.09,856.131
16:07:08,-7.1,855.92
16:07:08,-7.11,855.71
16:07:08,-7.12,855.499
16:07:08,-7.13,855.29
16:07:08,-7.14,855.08
16:07:08,-7.15,854.871
16:07:08,-7.16,854.662
16:07:08,-7.17,854.453
16:07:08,-7.18,854.245
16:07:08,-7.19,854.037
16:07:08,-7.2,853.829
16:07:08,-7.21,853.621
16:07:08,-7.22,853.414
16:07:08,-7.23,853.207
16:07:08,-7.24,853
16:07:08,-7.25,852.794
16:07:08,-7.26,852.588
16:07:08,-7.27,852.382
16:07:08,-7.28,852.177
16:07:08,-7.29,851.971
16:07:08,-7.3,851.767
16:07:08,-7.31,851.562
16:07:08,-7.32,851.357
16:07:08,-7.33,851.153
16:07:08,-7.34,850.95
16:07:08,-7.35,850.746
16:07:08,-7.36,850.543
16:07:08,-7.37,850.34
16:07:08,-7.38,850.137
16:07:08,-7.39,849.935
16:07:08,-7.4,849.732
16:07:08,-7.41,849.53
16:07:08,-7.42,849.329
16:07:08,-7.43,849.127
16:07:08,-7.44,848.926
16:07:08,-7.45,848.726
16:07:08,-7.46,848.525
16:07:08,-7.47,848.325
16:07:08,-7.48,848.125
16:07:08,-7.49,847.925
16:07:08,-7.5,847.725
16:07:08,-7.51,847.526
16:07:08,-7.52,847.327
16:07:08,-7.53,847.129
16:07:08,-7.54,846.93
16:07:08,-7.55,846.732
16:07:08,-7.56,846.534
16:07:08,-7.57,846.337
16:07:09,-7.58,846.139
16:07:09,-7.59,845.942
16:07:09,-7.6,845.745
16:07:09,-7.61,845.549
16:07:09,-7.62,845.352
16:07:09,-7.63,845.156
16:07:09,-7.64,844.96
16:07:09,-7.65,844.765
16:07:09,-7.66,844.57
16:07:09,-7.67,844.374
16:07:09,-7.68,844.18
16:07:09,-7.69,843.985
16:07:09,-7.7,843.791
16:07:09,-7.71,843.597
16:07:09,-7.72,843.403
16:07:09,-7.73,843.209
16:07:09,-7.74,843.016
16:07:09,-7.75,842.823
16:07:09,-7.76,842.63
16:07:09,-7.77,842.438
16:07:10,-7.78,842.246
16:07:10,-7.79,842.054
16:07:10,-7.8,841.862
16:07:10,-7.81,841.67
16:07:10,-7.82,841.479
16:07:10,-7.83,841.288
16:07:10,-7.84,841.097
16:07:10,-7.85,840.906
16:07:10,-7.86,840.716
16:07:10,-7.87,840.526
16:07:10,-7.88,840.336
16:07:10,-7.89,840.147
16:07:11,-7.9,839.957
16:07:11,-7.91,839.768
16:07:11,-7.92,839.579
16:07:11,-7.93,839.391
16:07:11,-7.94,839.202
16:07:11,-7.95,839.014
16:07:11,-7.96,838.826
16:07:11,-7.97,838.638
16:07:11,-7.98,838.451
16:07:11,-7.99,838.264
16:07:11,-8,838.077
16:07:11,-8.01,837.89
16:07:11,-8.02,837.703
16:07:11,-8.03,837.517
16:07:12,-8.04,837.331
16:07:12,-8.05,837.145
16:07:12,-8.06,836.96
16:07:12,-8.07,836.774
16:07:12,-8.08,836.589
16:07:12,-8.09,836.404
16:07:12,-8.1,836.219
16:07:12,-8.11,836.035
16:07:12,-8.12,835.851
16:07:12,-8.13,835.667
16:07:12,-8.14,835.483
16:07:12,-8.15,835.299
16:07:12,-8.16,835.116
16:07:12,-8.17,834.933
16:07:12,-8.18,834.75
16:07:12,-8.19,834.567
16:07:12,-8.2,834.385
16:07:12,-8.21,834.203
16:07:12,-8.22,834.021
16:07:12,-8.23,833.839
16:07:12,-8.24,833.658
16:07:12,-8.25,833.476
16:07:12,-8.26,833.295
16:07:12,-8.27,833.114
16:07:12,-8.28,832.934
16:07:12,-8.29,832.753
16:07:12,-8.3,832.573
16:07:12,-8.31,832.393
16:07:12,-8.32,832.213
16:07:12,-8.33,832.034
16:07:12,-8.34,831.854
16:07:12,-8.35,831.675
16:07:12,-8.36,831.496
16:07:12,-8.37,831.317
16:07:12,-8.38,831.139
16:07:12,-8.39,830.961
16:07:12,-8.4,830.782
16:07:12,-8.41,830.598
16:07:12,-8.42,830.409
16:07:12,-8.43,830.219
16:07:12,-8.44,830.03
16:07:12,-8.45,829.841
16:07:12,-8.46,829.653
16:07:12,-8.47,829.464
16:07:12,-8.48,829.276
16:07:12,-8.49,829.088
16:07:12,-8.5,828.9
16:07:12,-8.51,828.712
16:07:12,-8.52,828.525
16:07:12,-8.53,828.338
16:07:12,-8.54,828.151
16:07:12,-8.55,827.952
16:07:12,-8.56,827.754
16:07:12,-8.57,827.556
16:07:12,-8.58,827.358
16:07:12,-8.59,827.16
16:07:12,-8.6,826.963
16:07:12,-8.61,826.765
16:07:12,-8.62,826.568
16:07:12,-8.63,826.371
16:07:12,-8.64,826.175
16:07:12,-8.65,825.978
16:07:12,-8.66,825.782
16:07:13,-8.67,825.575
16:07:13,-8.68,825.368
16:07:13,-8.69,825.161
16:07:13,-8.7,824.954
16:07:13,-8.71,824.748
16:07:13,-8.72,824.542
16:07:13,-8.73,824.336
16:07:13,-8.74,824.13
16:07:13,-8.75,823.925
16:07:13,-8.76,823.708
16:07:13,-8.77,823.492
16:07:13,-8.78,823.275
16:07:13,-8.79,823.059
16:07:13,-8.8,822.844
16:07:13,-8.81,822.628
16:07:13,-8.82,822.413
16:07:13,-8.83,822.198
16:07:13,-8.84,821.983
16:07:13,-8.85,821.769
16:07:13,-8.86,821.555
16:07:13,-8.87,821.341
16:07:13,-8.88,821.127
16:07:13,-8.89,820.913
16:07:13,-8.9,820.7
16:07:13,-8.91,820.487
16:07:13,-8.92,820.274
16:07:13,-8.93,820.062
16:07:13,-8.94,819.85
16:07:13,-8.95,819.637
16:07:13,-8.96,819.426
16:07:13,-8.97,819.214
16:07:13,-8.98,819.003
16:07:13,-8.99,818.792
16:07:13,-9,818.581
16:07:13,-9.01,818.37
16:07:13,-9.02,818.16
16:07:13,-9.03,817.949
16:07:13,-9.04,817.739
16:07:13,-9.05,817.53
16:07:13,-9.06,817.32
16:07:13,-9.07,817.111
16:07:13,-9.08,816.902
16:07:13,-9.09,816.693
16:07:13,-9.1,816.485
16:07:14,-9.11,816.276
16:07:14,-9.12,816.068
16:07:14,-9.13,815.86
16:07:14,-9.14,815.652
16:07:14,-9.15,815.445
16:07:14,-9.16,815.238
16:07:14,-9.17,815.031
16:07:14,-9.18,814.824
16:07:14,-9.19,814.618
16:07:14,-9.2,814.411
16:07:14,-9.21,814.205
16:07:14,-9.22,813.999
16:07:15,-9.23,813.794
16:07:15,-9.24,813.588
16:07:15,-9.25,813.383
16:07:15,-9.26,813.178
16:07:15,-9.27,812.973
16:07:15,-9.28,812.769
16:07:15,-9.29,812.565
16:07:15,-9.3,812.361
16:07:15,-9.31,812.157
16:07:15,-9.32,811.953
16:07:15,-9.33,811.75
16:07:15,-9.34,811.546
16:07:15,-9.35,811.343
16:07:15,-9.36,811.141
16:07:15,-9.37,810.938
16:07:15,-9.38,810.736
16:07:15,-9.39,810.534
16:07:15,-9.4,810.332
16:07:15,-9.41,810.13
16:07:15,-9.42,809.929
16:07:15,-9.43,809.727
16:07:15,-9.44,809.526
16:07:15,-9.45,809.325
16:07:15,-9.46,809.125
16:07:15,-9.47,808.924
16:07:15,-9.48,808.724
16:07:15,-9.49,808.524
16:07:15,-9.5,808.324
16:07:15,-9.51,808.125
16:07:15,-9.52,807.925
16:07:15,-9.53,807.726
16:07:15,-9.54,807.527
16:07:15,-9.55,807.329
16:07:15,-9.56,807.13
16:07:15,-9.57,806.932
16:07:16,-9.58,806.734
16:07:16,-9.59,806.536
16:07:16,-9.6,806.338
16:07:16,-9.61,806.135
16:07:16,-9.62,805.916
16:07:16,-9.63,805.689
16:07:16,-9.64,805.459
16:07:16,-9.65,805.23
16:07:16,-9.66,805.001
16:07:16,-9.67,804.772
16:07:16,-9.68,804.543
16:07:16,-9.69,804.315
16:07:16,-9.7,804.087
16:07:16,-9.71,803.859
16:07:16,-9.72,803.631
16:07:16,-9.73,803.404
16:07:16,-9.74,803.176
16:07:16,-9.75,802.949
16:07:16,-9.76,802.722
16:07:16,-9.77,802.496
16:07:16,-9.78,802.27
16:07:16,-9.79,802.043
16:07:16,-9.8,801.785
16:07:16,-9.81,801.526
16:07:16,-9.82,801.268
16:07:16,-9.83,801.01
16:07:16,-9.84,800.753
16:07:16,-9.85,800.495
16:07:16,-9.86,800.238
16:07:16,-9.87,799.982
16:07:16,-9.88,799.725
16:07:16,-9.89,799.469
16:07:16,-9.9,799.213
16:07:16,-9.91,798.957
16:07:16,-9.92,798.701
16:07:16,-9.93,798.446
16:07:16,-9.94,798.191
16:07:16,-9.95,797.936
16:07:16,-9.96,797.682
16:07:16,-9.97,797.427
16:07:16,-9.98,797.173
16:07:16,-9.99,796.92
16:07:16,-10,796.666
16:07:16,-10.01,796.413
16:07:16,-10.02,796.16
16:07:16,-10.03,795.907
16:07:16,-10.04,795.655
16:07:16,-10.05,795.403
16:07:16,-10.06,795.151
16:07:16,-10.07,794.899
16:07:16,-10.08,794.647
16:07:16,-10.09,794.396
16:07:16,-10.1,794.145
16:07:16,-10.11,793.894
16:07:16,-10.12,793.644
16:07:16,-10.13,793.394
16:07:16,-10.14,793.144
16:07:16,-10.15,792.894
16:07:16,-10.16,792.645
16:07:16,-10.17,792.395
16:07:16,-10.18,792.146
16:07:16,-10.19,791.898
16:07:16,-10.2,791.649
16:07:16,-10.21,791.401
16:07:16,-10.22,791.153
16:07:16,-10.23,790.905
16:07:16,-10.24,790.657
16:07:16,-10.25,790.41
16:07:16,-10.26,790.163
16:07:16,-10.27,789.916
16:07:16,-10.28,789.67
16:07:16,-10.29,789.423
16:07:16,-10.3,789.177
16:07:17,-10.31,788.931
16:07:17,-10.32,788.686
16:07:17,-10.33,788.44
16:07:17,-10.34,788.195
16:07:17,-10.35,787.95
16:07:17,-10.36,787.706
16:07:17,-10.37,787.461
16:07:17,-10.38,787.217
16:07:17,-10.39,786.973
16:07:17,-10.4,786.729
16:07:17,-10.41,786.486
16:07:17,-10.42,786.243
16:07:17,-10.43,786
16:07:17,-10.44,785.757
16:07:17,-10.45,785.514
16:07:17,-10.46,785.272
16:07:17,-10.47,785.021
16:07:17,-10.48,784.771
16:07:17,-10.49,784.521
16:07:17,-10.5,784.271
16:07:17,-10.51,784.022
16:07:17,-10.52,783.773
16:07:17,-10.53,783.523
16:07:17,-10.54,783.275
16:07:17,-10.55,783.026
16:07:17,-10.56,782.778
16:07:17,-10.57,782.53
16:07:17,-10.58,782.282
16:07:17,-10.59,782.034
16:07:17,-10.6,781.787
16:07:17,-10.61,781.539
16:07:17,-10.62,781.292
16:07:17,-10.63,781.037
16:07:17,-10.64,780.782
16:07:17,-10.65,780.528
16:07:17,-10.66,780.273
16:07:17,-10.67,780.019
16:07:17,-10.68,779.765
16:07:17,-10.69,779.512
16:07:17,-10.7,779.258
16:07:17,-10.71,779.005
16:07:17,-10.72,778.752
16:07:17,-10.73,778.499
16:07:17,-10.74,778.247
16:07:17,-10.75,777.994
16:07:17,-10.76,777.742
16:07:17,-10.77,777.491
16:07:17,-10.78,777.239
16:07:17,-10.79,776.988
16:07:17,-10.8,776.737
16:07:17,-10.81,776.486
16:07:17,-10.82,776.235
16:07:17,-10.83,775.985
16:07:17,-10.84,775.734
16:07:17,-10.85,775.485
16:07:17,-10.86,775.235
16:07:17,-10.87,774.985
16:07:17,-10.88,774.736
16:07:17,-10.89,774.487
16:07:17,-10.9,774.238
16:07:17,-10.91,773.99
16:07:17,-10.92,773.741
16:07:17,-10.93,773.493
16:07:17,-10.94,773.245
16:07:17,-10.95,772.998
16:07:17,-10.96,772.75
16:07:17,-10.97,772.503
16:07:17,-10.98,772.256
16:07:17,-10.99,772.009
16:07:17,-11,771.763
16:07:17,-11.01,771.516
16:07:17,-11.02,771.27
16:07:17,-11.03,771.025
16:07:17,-11.04,770.779
16:07:17,-11.05,770.533
16:07:17,-11.06,770.288
16:07:17,-11.07,770.043
16:07:17,-11.08,769.799
16:07:17,-11.09,769.554
16:07:17,-11.1,769.31
16:07:18,-11.11,769.066
16:07:18,-11.12,768.822
16:07:18,-11.13,768.578
16:07:18,-11.14,768.335
16:07:18,-11.15,768.091
16:07:18,-11.16,767.848
16:07:18,-11.17,767.606
16:07:18,-11.18,767.363
16:07:18,-11.19,767.121
16:07:18,-11.2,766.879
16:07:18,-11.21,766.637
16:07:18,-11.22,766.395
16:07:18,-11.23,766.154
16:07:18,-11.24,765.912
16:07:18,-11.25,765.671
16:07:18,-11.26,765.43
16:07:18,-11.27,765.19
16:07:18,-11.28,764.949
16:07:18,-11.29,764.709
16:07:18,-11.3,764.469
16:07:18,-11.31,764.229
16:07:18,-11.32,763.99
16:07:18,-11.33,763.751
16:07:18,-11.34,763.511
16:07:18,-11.35,763.272
16:07:18,-11.36,763.034
16:07:19,-11.37,762.795
16:07:19,-11.38,762.557
16:07:19,-11.39,762.319
16:07:19,-11.4,762.081
16:07:19,-11.41,761.843
16:07:19,-11.42,761.606
16:07:19,-11.43,761.369
16:07:19,-11.44,761.132
16:07:19,-11.45,760.895
16:07:19,-11.46,760.658
16:07:19,-11.47,760.422
16:07:19,-11.48,760.185
16:07:19,-11.49,759.949
16:07:19,-11.5,759.714
16:07:19,-11.51,759.478
16:07:19,-11.52,759.243
16:07:19,-11.53,759.007
16:07:19,-11.54,758.772
16:07:19,-11.55,758.538
16:07:19,-11.56,758.303
16:07:19,-11.57,758.069
16:07:19,-11.58,757.835
16:07:19,-11.59,757.601
16:07:19,-11.6,757.367
16:07:19,-11.61,757.133
16:07:19,-11.62,756.9
16:07:19,-11.63,756.667
16:07:19,-11.64,756.434
16:07:19,-11.65,756.201
16:07:19,-11.66,755.968
16:07:19,-11.67,755.736
16:07:19,-11.68,755.504
16:07:19,-11.69,755.272
16:07:20,-11.7,755.04
16:07:20,-11.71,754.809
16:07:20,-11.72,754.577
16:07:20,-11.73,754.346
16:07:20,-11.74,754.115
16:07:20,-11.75,753.884
16:07:20,-11.76,753.654
16:07:20,-11.77,753.423
16:07:20,-11.78,753.193
16:07:20,-11.79,752.963
16:07:20,-11.8,752.733
16:07:20,-11.81,752.504
16:07:20,-11.82,752.274
16:07:20,-11.83,752.045
16:07:20,-11.84,751.816
16:07:20,-11.85,751.587
16:07:20,-11.86,751.359
16:07:20,-11.87,751.13
16:07:20,-11.88,750.902
16:07:20,-11.89,750.674
16:07:20,-11.9,750.446
16:07:20,-11.91,750.218
16:07:21,-11.92,749.991
16:07:21,-11.93,749.763
16:07:21,-11.94,749.536
16:07:21,-11.95,749.309
16:07:21,-11.96,749.083
16:07:21,-11.97,748.856
16:07:21,-11.98,748.63
16:07:21,-11.99,748.404
16:07:21,-12,748.178
16:07:21,-12.01,747.952
16:07:21,-12.02,747.726
16:07:21,-12.03,747.501
16:07:21,-12.04,747.276
16:07:21,-12.05,747.051
16:07:21,-12.06,746.826
16:07:21,-12.07,746.601
16:07:21,-12.08,746.377
16:07:21,-12.09,746.152
16:07:21,-12.1,745.928
16:07:22,-12.11,745.704
16:07:22,-12.12,745.481
16:07:22,-12.13,745.257
16:07:22,-12.14,745.034
16:07:22,-12.15,744.81
16:07:22,-12.16,744.587
16:07:22,-12.17,744.365
16:07:22,-12.18,744.142
16:07:22,-12.19,743.92
16:07:23,-12.2,743.697
16:07:23,-12.21,743.475
16:07:23,-12.22,743.253
16:07:23,-12.23,743.032
16:07:23,-12.24,742.81
16:07:23,-12.25,742.589
16:07:23,-12.26,742.368
16:07:23,-12.27,742.147
16:07:23,-12.28,741.926
16:07:23,-12.29,741.705
16:07:23,-12.3,741.485
16:07:23,-12.31,741.264
16:07:23,-12.32,741.044
16:07:23,-12.33,740.824
16:07:23,-12.34,740.605
16:07:23,-12.35,740.385
16:07:23,-12.36,740.166
16:07:23,-12.37,739.946
16:07:23,-12.38,739.727
16:07:24,-12.39,739.509
16:07:24,-12.4,739.29
16:07:24,-12.41,739.071
16:07:24,-12.42,738.853
16:07:24,-12.43,738.635
16:07:24,-12.44,738.417
16:07:24,-12.45,738.199
16:07:24,-12.46,737.982
16:07:24,-12.47,737.764
16:07:24,-12.48,737.547
16:07:24,-12.49,737.33
16:07:24,-12.5,737.113
16:07:24,-12.51,736.896
16:07:24,-12.52,736.679
16:07:24,-12.53,736.463
16:07:25,-12.52,736.679
16:07:25,-12.51,736.896
16:07:25,-12.5,737.112
16:07:25,-12.49,737.329
16:07:25,-12.48,737.546
16:07:25,-12.47,737.763
16:07:25,-12.46,737.98
16:07:25,-12.45,738.198
16:07:25,-12.44,738.415
16:07:25,-12.43,738.633
16:07:25,-12.42,738.851
16:07:25,-12.41,739.069
16:07:25,-12.4,739.288
16:07:25,-12.39,739.506
16:07:25,-12.38,739.725
16:07:25,-12.37,739.944
16:07:25,-12.36,740.163
16:07:25,-12.35,740.382
16:07:25,-12.34,740.601
16:07:25,-12.33,740.821
16:07:25,-12.32,741.041
16:07:25,-12.31,741.261
16:07:25,-12.3,741.481
16:07:25,-12.29,741.701
16:07:26,-12.28,741.921
16:07:26,-12.27,742.142
16:07:26,-12.26,742.363
16:07:26,-12.25,742.584
16:07:27,-12.24,742.805
16:07:27,-12.23,743.026
16:07:27,-12.22,743.248
16:07:27,-12.21,743.47
16:07:27,-12.2,743.691
16:07:27,-12.19,743.914
16:07:27,-12.18,744.136
16:07:27,-12.17,744.358
16:07:27,-12.16,744.581
16:07:28,-12.15,744.804
16:07:29,-12.14,745.027
16:07:29,-12.13,745.25
16:07:29,-12.12,745.473
16:07:29,-12.11,745.697
16:07:29,-12.1,745.921
16:07:29,-12.09,746.144
16:07:29,-12.08,746.369
16:07:29,-12.07,746.593
16:07:29,-12.06,746.817
16:07:29,-12.05,747.042
16:07:30,-12.04,747.267
16:07:30,-12.03,747.492
16:07:30,-12.02,747.717
16:07:30,-12.01,747.942
16:07:30,-12,748.168
16:07:30,-11.99,748.394
16:07:30,-11.98,748.62
16:07:30,-11.97,748.846
16:07:30,-11.96,749.072
16:07:30,-11.95,749.299
16:07:30,-11.94,749.526
16:07:30,-11.93,749.753
16:07:30,-11.92,749.98
16:07:30,-11.91,750.207
16:07:30,-11.9,750.434
16:07:30,-11.89,750.662
16:07:31,-11.88,750.89
16:07:31,-11.87,751.118
16:07:31,-11.86,751.346
16:07:31,-11.85,751.575
16:07:31,-11.84,751.803
16:07:31,-11.83,752.032
16:07:31,-11.82,752.261
16:07:31,-11.81,752.49
16:07:31,-11.8,752.72
16:07:31,-11.79,752.95
16:07:31,-11.78,753.179
16:07:31,-11.77,753.409
16:07:32,-11.76,753.64
16:07:37,-11.77,753.409
16:07:37,-11.78,753.179
16:07:37,-11.79,752.949
16:07:38,-11.8,752.719
16:07:38,-11.81,752.489
16:07:38,-11.82,752.26
16:07:38,-11.83,752.031
16:07:38,-11.84,751.802
16:07:38,-11.85,751.573
16:07:38,-11.86,751.344
16:07:38,-11.87,751.116
16:07:38,-11.88,750.888
16:07:38,-11.89,750.66
16:07:38,-11.9,750.432
16:07:38,-11.91,750.204
16:07:38,-11.92,749.977
16:07:38,-11.93,749.749
16:07:38,-11.94,749.522
16:07:38,-11.95,749.295
16:07:38,-11.96,749.068
16:07:38,-11.97,748.842
16:07:38,-11.98,748.616
16:07:38,-11.99,748.389
16:07:38,-12,748.163
16:07:39,-12.01,747.938
16:07:39,-12.02,747.712
16:07:39,-12.03,747.487
16:07:39,-12.04,747.261
16:07:39,-12.05,747.036
16:07:39,-12.06,746.812
16:07:49,-12.05,747.036
16:07:49,-12.04,747.261
16:07:49,-12.03,747.486
16:07:50,-12.02,747.711
16:08:00,-12.01,747.937
16:08:02,-12,748.162
16:08:03,-11.99,748.388
16:08:03,-11.98,748.614
16:08:03,-11.97,748.84
16:08:03,-11.96,749.067
16:08:03,-11.95,749.293
16:08:03,-11.94,749.52
16:08:03,-11.93,749.747
16:08:03,-11.92,749.974
16:08:03,-11.91,750.201
16:08:03,-11.9,750.429
16:08:03,-11.89,750.656
16:08:04,-11.88,750.884
16:08:04,-11.87,751.112
16:08:04,-11.86,751.341
16:08:04,-11.85,751.569
16:08:04,-11.84,751.798
16:08:04,-11.83,752.026
16:08:04,-11.82,752.255
16:08:04,-11.81,752.485
16:08:04,-11.8,752.714
16:08:04,-11.79,752.944
16:08:04,-11.78,753.173
16:08:04,-11.77,753.403
16:08:04,-11.76,753.633
16:08:04,-11.75,753.864
16:08:04,-11.74,754.094
16:08:04,-11.73,754.325
16:08:04,-11.72,754.556
16:08:04,-11.71,754.787
16:08:04,-11.7,755.018
16:08:04,-11.69,755.25
16:08:04,-11.68,755.481
16:08:04,-11.67,755.713
16:08:04,-11.66,755.945
16:08:04,-11.65,756.177
16:08:04,-11.64,756.41
16:08:04,-11.63,756.643
16:08:04,-11.62,756.875
16:08:04,-11.61,757.108
16:08:04,-11.6,757.342
16:08:04,-11.59,757.575
16:08:04,-11.58,757.809
16:08:04,-11.57,758.043
16:08:04,-11.56,758.268
16:08:04,-11.55,758.494
16:08:04,-11.54,758.72
16:08:04,-11.53,758.947
16:08:04,-11.52,759.173
16:08:04,-11.51,759.4
16:08:04,-11.5,759.627
16:08:04,-11.49,759.854
16:08:04,-11.48,760.081
16:08:04,-11.47,760.303
16:08:04,-11.46,760.522
16:08:04,-11.45,760.742
16:08:04,-11.44,760.962
16:08:04,-11.43,761.181
16:08:04,-11.42,761.402
16:08:04,-11.41,761.622
16:08:04,-11.4,761.842
16:08:04,-11.39,762.063
16:08:04,-11.38,762.284
16:08:04,-11.37,762.505
16:08:04,-11.36,762.726
16:08:04,-11.35,762.948
16:08:04,-11.34,763.169
16:08:04,-11.33,763.391
16:08:04,-11.32,763.613
16:08:04,-11.31,763.836
16:08:04,-11.3,764.058
16:08:04,-11.29,764.281
16:08:04,-11.28,764.503
16:08:04,-11.27,764.726
16:08:04,-11.26,764.95
16:08:04,-11.25,765.173
16:08:04,-11.24,765.397
16:08:04,-11.23,765.621
16:08:04,-11.22,765.845
16:08:04,-11.21,766.069
16:08:04,-11.2,766.293
16:08:05,-11.19,766.518
16:08:05,-11.18,766.743
16:08:05,-11.17,766.968
16:08:05,-11.16,767.193
16:08:05,-11.15,767.418
16:08:05,-11.14,767.644
16:08:05,-11.13,767.87
16:08:05,-11.12,768.096
16:08:05,-11.11,768.322
16:08:05,-11.1,768.549
16:08:05,-11.09,768.775
16:08:05,-11.08,769.002
16:08:05,-11.07,769.229
16:08:05,-11.06,769.456
16:08:05,-11.05,769.684
16:08:05,-11.04,769.911
16:08:05,-11.03,770.139
16:08:05,-11.02,770.367
16:08:05,-11.01,770.596
16:08:05,-11,770.824
16:08:05,-10.99,771.053
16:08:05,-10.98,771.282
16:08:05,-10.97,771.511
16:08:05,-10.96,771.74
16:08:06,-10.95,771.97
16:08:06,-10.94,772.2
16:08:06,-10.93,772.43
16:08:06,-10.92,772.66
16:08:06,-10.91,772.854
16:08:06,-10.9,773.048
16:08:06,-10.89,773.242
16:08:06,-10.88,773.437
16:08:06,-10.87,773.631
16:08:06,-10.86,773.826
16:08:06,-10.85,774.021
16:08:06,-10.84,774.217
16:08:06,-10.83,774.412
16:08:06,-10.82,774.608
16:08:06,-10.81,774.803
16:08:06,-10.8,774.995
16:08:06,-10.79,775.168
16:08:06,-10.78,775.328
16:08:06,-10.77,775.488
16:08:06,-10.76,775.648
16:08:06,-10.75,775.808
16:08:06,-10.74,775.969
16:08:06,-10.73,776.129
16:08:06,-10.72,776.29
16:08:06,-10.71,776.451
16:08:06,-10.7,776.612
16:08:06,-10.69,776.773
16:08:06,-10.68,776.935
16:08:06,-10.67,777.096
16:08:06,-10.66,777.258
16:08:06,-10.65,777.42
16:08:06,-10.64,777.582
16:08:06,-10.63,777.744
16:08:06,-10.62,777.906
16:08:06,-10.61,778.069
16:08:06,-10.6,778.231
16:08:06,-10.59,778.394
16:08:06,-10.58,778.557
16:08:06,-10.57,778.72
16:08:06,-10.56,778.883
16:08:06,-10.55,779.047
16:08:06,-10.54,779.21
16:08:06,-10.53,779.374
16:08:06,-10.52,779.538
16:08:06,-10.51,779.702
16:08:06,-10.5,779.866
16:08:06,-10.49,780.03
16:08:06,-10.48,780.195
16:08:06,-10.47,780.359
16:08:06,-10.46,780.524
16:08:06,-10.45,780.689
16:08:06,-10.44,780.854
16:08:06,-10.43,781.019
16:08:06,-10.42,781.185
16:08:06,-10.41,781.35
16:08:06,-10.4,781.516
16:08:06,-10.39,781.682
16:08:06,-10.38,781.848
16:08:06,-10.37,782.014
16:08:06,-10.36,782.181
16:08:06,-10.35,782.347
16:08:07,-10.34,782.514
16:08:07,-10.33,782.681
16:08:07,-10.32,782.848
16:08:07,-10.31,783.015
16:08:07,-10.3,783.182
16:08:07,-10.29,783.35
16:08:07,-10.28,783.517
16:08:07,-10.27,783.685
16:08:07,-10.26,783.853
16:08:07,-10.25,784.021
16:08:07,-10.24,784.19
16:08:07,-10.23,784.358
16:08:07,-10.22,784.527
16:08:07,-10.21,784.696
16:08:07,-10.2,784.865
16:08:07,-10.19,785.034
16:08:07,-10.18,785.203
16:08:07,-10.17,785.373
16:08:07,-10.16,785.542
16:08:07,-10.15,785.712
16:08:07,-10.14,785.882
16:08:07,-10.13,786.052
16:08:08,-10.12,786.222
16:08:08,-10.11,786.393
16:08:08,-10.1,786.564
16:08:08,-10.09,786.734
16:08:08,-10.08,786.905
16:08:08,-10.07,787.077
16:08:08,-10.06,787.248
16:08:08,-10.05,787.419
16:08:08,-10.04,787.591
16:08:08,-10.03,787.763
16:08:08,-10.02,787.935
16:08:49,-10.01,788.107
16:08:49,-10,788.279
16:08:49,-9.99,788.452
16:08:49,-9.98,788.625
16:08:49,-9.97,788.798
16:08:49,-9.96,788.971
16:08:49,-9.95,789.144
16:08:49,-9.94,789.317
16:08:49,-9.93,789.491
16:08:49,-9.92,789.664
16:08:50,-9.91,789.838
16:08:50,-9.9,790.013
16:08:50,-9.89,790.187
16:08:50,-9.88,790.361
16:08:50,-9.87,790.536
16:08:50,-9.86,790.711
16:08:50,-9.85,790.886
16:08:50,-9.84,791.061
16:08:50,-9.83,791.236
16:08:50,-9.82,791.412
16:08:50,-9.81,791.587
16:08:50,-9.8,791.763
