Time,BestBid_USD,BestAsk_USD,MidPrice_USD,Spread_USD,Imbalance
16:06:16,91527.8,91527.8,91527.8,0.01,0.509595
16:06:16,91527.8,91527.8,91527.8,0.01,0.508758
16:06:16,91527.8,91527.8,91527.8,0.01,0.508758
16:06:16,91527.8,91527.8,91527.8,0.01,0.508758
16:06:16,91527.8,91527.8,91527.8,0.01,0.508758
16:06:16,91527.8,91527.8,91527.8,0.01,0.508758
16:06:16,91527.8,91527.8,91527.8,0.01,0.508758
16:06:16,91527.8,91527.8,91527.8,0.01,0.508758
16:06:16,91527.8,91527.8,91527.8,0.01,0.508758
16:06:16,91527.8,91527.8,91527.8,0.01,0.508758
16:06:16,91527.8,91527.8,91527.8,0.01,0.51959
16:06:17,91527.8,91527.8,91527.8,0.01,0.530145
16:06:18,91527.8,91527.8,91527.8,0.01,0.53096
16:06:19,91527.8,91527.8,91527.8,0.01,0.523009
16:06:19,91527.8,91527.8,91527.8,0.01,0.045185
16:06:19,91527.8,91527.8,91527.8,0.01,-0.00499058
16:06:20,91527.8,91527.8,91527.8,0.01,-0.218433
16:06:20,91527.8,91527.8,91527.8,0.01,-0.232681
16:06:21,91527.8,91527.8,91527.8,0.01,-0.849789
16:06:21,91527.8,91527.8,91527.8,0.01,-0.85932
16:06:22,91527.8,91527.8,91527.8,0.01,-0.922678
16:06:22,91527.8,91527.8,91527.8,0.01,-0.779997
16:06:22,91527.8,91527.8,91527.8,0.01,-0.776037
16:06:22,91527.8,91527.8,91527.8,0.01,-0.777462
16:06:23,91527.8,91527.8,91527.8,0.01,-0.774211
16:06:24,91527.8,91527.8,91527.8,0.01,-0.779565
16:06:24,91527.8,91527.8,91527.8,0.01,-0.738528
16:06:24,91527.8,91527.8,91527.8,0.01,-0.645013
16:06:25,91527.8,91527.8,91527.8,0.01,-0.722052
16:06:27,91527.8,91527.8,91527.8,0.01,-0.722735
16:06:28,91527.8,91527.8,91527.8,0.01,-0.718075
16:06:29,91527.8,91527.8,91527.8,0.01,-0.565214
16:06:30,91527.8,91527.8,91527.8,0.01,-0.455834
16:06:32,91527.8,91527.8,91527.8,0.01,-0.56136
16:06:33,91527.8,91527.8,91527.8,0.01,-0.554066
16:06:34,91527.8,91527.8,91527.8,0.01,-0.993552
16:06:34,91527.2,91527.8,91527.5,0.56,-0.998192
16:06:34,91527.2,91527.2,91527.2,0.01,-0.99885
16:06:34,91525.7,91525.8,91525.7,0.08,-0.990245
16:06:34,91523.6,91525.6,91524.6,2,-0.917564
16:06:34,91523.6,91523.7,91523.7,0.01,-0.934852
16:06:34,91523.6,91523.7,91523.7,0.01,-0.99251
16:06:34,91523.6,91523.7,91523.7,0.01,-0.992808
16:06:35,91523.6,91523.7,91523.7,0.01,-0.921679
16:06:36,91523.6,91523.7,91523.7,0.01,-0.935937
16:06:36,91523.6,91523.7,91523.7,0.01,-0.817513
16:06:37,91523.6,91523.7,91523.7,0.01,-0.874219
16:06:38,91523.6,91523.7,91523.7,0.01,-0.848112
16:06:39,91523.6,91523.7,91523.7,0.01,-0.829243
16:06:40,91523.6,91523.7,91523.7,0.01,-0.877014
16:06:42,91523.6,91523.7,91523.7,0.01,-0.876599
16:06:44,91523.6,91523.7,91523.7,0.01,-0.877013
16:06:45,91523.6,91523.7,91523.7,0.01,-0.854975
16:06:45,91523.6,91523.7,91523.7,0.01,-0.811535
16:06:47,91523.6,91523.7,91523.7,0.01,-0.827438
16:06:47,91523.6,91523.7,91523.7,0.01,-0.850727
16:06:48,91523.6,91523.7,91523.7,0.01,-0.915149
16:06:48,91508.1,91523.7,91515.9,15.59,-0.477038
16:06:48,91508.1,91523.7,91515.9,15.59,-0.477038
16:06:48,91508.1,91508.1,91508.1,0.01,-0.0348185
16:06:48,91508.1,91508.1,91508.1,0.01,-0.284692
16:06:48,91508.1,91508.1,91508.1,0.01,-0.284692
16:06:48,91508.1,91508.1,91508.1,0.01,-0.527964
16:06:48,91508.1,91508.1,91508.1,0.01,-0.527964
16:06:48,91508.1,91508.1,91508.1,0.01,-0.735939
16:06:48,91508.1,91508.1,91508.1,0.01,-0.713187
16:06:49,91508.1,91508.1,91508.1,0.01,-0.715846
16:06:49,91508.1,91508.1,91508.1,0.01,-0.86869
16:06:49,91508.1,91508.1,91508.1,0.01,-0.998701
16:06:49,91508.1,91508.1,91508.1,0.01,-0.995246
16:06:49,91508.1,91508.1,91508.1,0.01,-0.895195
16:06:50,91508.1,91508.1,91508.1,0.01,-0.993135
16:06:50,91508.1,91508.1,91508.1,0.01,-0.993462
16:06:50,91508.1,91508.1,91508.1,0.02,-0.835578
16:06:50,91508.1,91508.1,91508.1,0.01,-0.91517
16:06:51,91508.1,91508.1,91508.1,0.01,-0.930161
16:06:51,91508.1,91508.1,91508.1,0.01,-0.92654
16:06:52,91508.1,91508.1,91508.1,0.01,-0.933076
16:06:53,91508.1,91508.1,91508.1,0.01,-0.93316
16:06:54,91508.1,91508.1,91508.1,0.01,-0.941257
16:06:55,91508.1,91508.1,91508.1,0.01,-0.952412
16:06:56,91508.1,91508.1,91508.1,0.01,-0.999265
16:06:57,91508.1,91508.1,91508.1,0.01,-0.941318
16:06:58,91508.1,91508.1,91508.1,0.01,-0.915343
16:06:59,91508.1,91508.1,91508.1,0.01,-0.874009
16:07:01,91508.1,91508.1,91508.1,0.01,-0.888205
16:07:02,91508.1,91508.1,91508.1,0.01,-0.956137
16:07:04,91508.1,91508.1,91508.1,0.01,-0.946873
16:07:05,91508.1,91508.1,91508.1,0.01,-0.880965
16:07:06,91508.1,91508.1,91508.1,0.01,-0.958087
16:07:07,91508.1,91508.1,91508.1,0.01,-0.999456
16:07:07,91507.6,91508.1,91507.8,0.45,-0.999746
16:07:07,91507.6,91507.6,91507.6,0.01,-0.999855
16:07:07,91500,91507.6,91503.8,7.63,-0.971893
16:07:07,91500,91507.6,91503.8,7.63,-0.971893
16:07:07,91500,91500,91500,0.01,-0.879659
16:07:07,91500,91500,91500,0.01,-0.879659
16:07:07,91500,91500,91500,0.01,-0.88603
16:07:07,91500,91500,91500,0.01,-0.893342
16:07:07,91500,91500,91500,0.01,-0.896447
16:07:07,91500,91500,91500,0.01,-0.999655
16:07:07,91495.4,91500,91497.7,4.59,-0.999796
16:07:07,91495.4,91495.7,91495.6,0.34,-0.999661
16:07:08,91491.2,91495.7,91493.5,4.5,-0.818883
16:07:08,91491.2,91495.7,91493.5,4.5,-0.818883
16:07:08,91491.2,91491.2,91491.2,0.01,-0.77337
16:07:08,91491.2,91491.2,91491.2,0.01,-0.77337
16:07:08,91491.2,91491.2,91491.2,0.01,-0.764159
16:07:08,91491.2,91491.2,91491.2,0.01,-0.763924
16:07:08,91491.2,91491.2,91491.2,0.01,-0.808724
16:07:08,91491.2,91491.2,91491.2,0.01,-0.809483
16:07:09,91491.2,91491.2,91491.2,0.01,-0.829812
16:07:09,91491.2,91491.2,91491.2,0.01,-0.826935
16:07:10,91491.2,91491.2,91491.2,0.01,-0.803677
16:07:11,91491.2,91491.2,91491.2,0.01,-0.828124
16:07:11,91491.2,91491.2,91491.2,0.01,-0.835772
16:07:12,91491.2,91491.2,91491.2,0.01,-0.999655
16:07:12,91491.2,91491.2,91491.2,0.01,-0.9996
16:07:12,91491.2,91491.2,91491.2,0.01,-0.999595
16:07:12,91488.9,91491.2,91490.1,2.4,-0.9989
16:07:12,91488.9,91491.2,91490.1,2.4,-0.9989
16:07:12,91488.9,91488.9,91488.9,0.01,-0.999406
16:07:13,91486.6,91488.9,91487.7,2.3,-0.969596
16:07:13,91486.6,91486.6,91486.6,0.01,-0.941498
16:07:13,91486.6,91486.6,91486.6,0.01,-0.939234
16:07:13,91486.6,91486.6,91486.6,0.01,-0.937671
16:07:14,91486.6,91486.6,91486.6,0.01,-0.927556
16:07:15,91486.6,91486.6,91486.6,0.01,-0.927721
16:07:15,91486.6,91486.6,91486.6,0.01,-0.996817
16:07:15,91486.6,91486.6,91486.6,0.01,-0.996838
16:07:15,91486.6,91486.6,91486.6,0.01,-0.996969
16:07:16,91480.5,91486.6,91483.6,6.03,-0.999664
16:07:16,91480,91486.6,91483.3,6.57,-0.909098
16:07:16,91480,91480,91480,0.01,-0.859925
16:07:16,91480,91480,91480,0.01,-0.859925
16:07:16,91480,91480,91480,0.01,-0.845873
16:07:16,91480,91480,91480,0.01,-0.843216
16:07:16,91480,91480,91480,0.01,-0.828198
16:07:17,91480,91480,91480,0.01,-0.834156
16:07:17,91480,91480,91480,0.01,-0.996821
16:07:17,91478.3,91480,91479.2,1.69,-0.999217
16:07:17,91478.3,91478.3,91478.3,0.01,-0.99975
16:07:17,91478.3,91478.3,91478.3,0.01,-0.99975
16:07:17,91478.3,91478.3,91478.3,0.01,-0.999739
16:07:17,91478.3,91478.3,91478.3,0.01,-0.999527
16:07:17,91478.3,91478.3,91478.3,0.01,-0.999545
16:07:18,91478.3,91478.3,91478.3,0.01,-0.999633
16:07:18,91478.3,91478.3,91478.3,0.01,-0.964782
16:07:18,91478.3,91478.3,91478.3,0.01,-0.964789
16:07:19,91478.3,91478.3,91478.3,0.01,-0.966675
16:07:19,91478.3,91478.3,91478.3,0.01,-0.674382
16:07:19,91478.3,91478.3,91478.3,0.01,-0.602924
16:07:20,91478.3,91478.3,91478.3,0.01,-0.637956
16:07:20,91478.3,91478.3,91478.3,0.01,-0.508544
16:07:21,91478.3,91478.3,91478.3,0.01,-0.538965
16:07:21,91478.3,91478.3,91478.3,0.01,-0.602891
16:07:22,91478.3,91478.3,91478.3,0.01,-0.603667
16:07:23,91478.3,91478.3,91478.3,0.01,-0.607989
16:07:23,91478.3,91478.3,91478.3,0.01,-0.589467
16:07:24,91478.3,91478.3,91478.3,0.01,-0.45176
16:07:24,91478.3,91478.3,91478.3,0.01,-0.348563
16:07:24,91478.3,91478.3,91478.3,0.01,-0.00608304
16:07:25,91478.3,91478.3,91478.3,0.01,0.104129
16:07:25,91478.3,91478.3,91478.3,0.01,0.111413
16:07:25,91478.3,91478.3,91478.3,0.01,0.3748
16:07:25,91478.3,91478.3,91478.3,0.01,0.3748
16:07:25,91478.3,91478.3,91478.3,0.01,0.376533
16:07:26,91478.3,91478.3,91478.3,0.01,0.278242
16:07:27,91478.3,91478.3,91478.3,0.01,0.371752
16:07:28,91478.3,91478.3,91478.3,0.01,0.349482
16:07:28,91478.3,91478.3,91478.3,0.01,0.280458
16:07:29,91478.3,91478.3,91478.3,0.01,0.422218
16:07:30,91478.3,91478.3,91478.3,0.01,0.42087
16:07:31,91478.3,91478.3,91478.3,0.01,0.326296
16:07:31,91478.3,91478.3,91478.3,0.01,0.328045
16:07:32,91478.3,91478.3,91478.3,0.01,-0.0458738
16:07:34,91478.3,91478.3,91478.3,0.01,-0.0347021
16:07:36,91478.3,91478.3,91478.3,0.01,0.00899305
16:07:37,91478.3,91478.3,91478.3,0.01,-0.0401697
16:07:37,91478.3,91478.3,91478.3,0.01,-0.186151
16:07:38,91478.3,91478.3,91478.3,0.01,-0.343735
16:07:38,91478.3,91478.3,91478.3,0.01,-0.335574
16:07:38,91478.3,91478.3,91478.3,0.01,-0.396046
16:07:39,91478.3,91478.3,91478.3,0.01,-0.286708
16:07:40,91478.3,91478.3,91478.3,0.01,-0.136873
16:07:41,91478.3,91478.3,91478.3,0.01,-0.110005
16:07:41,91478.3,91478.3,91478.3,0.01,0.186673
16:07:42,91478.3,91478.3,91478.3,0.01,0.179953
16:07:43,91478.3,91478.3,91478.3,0.01,0.178321
16:07:44,91478.3,91478.3,91478.3,0.01,0.185563
16:07:46,91478.3,91478.3,91478.3,0.01,0.18539
16:07:47,91478.3,91478.3,91478.3,0.01,0.10601
16:07:48,91478.3,91478.3,91478.3,0.01,0.152336
16:07:49,91478.3,91478.3,91478.3,0.01,0.216096
16:07:50,91478.3,91478.3,91478.3,0.01,0.168932
16:07:51,91478.3,91478.3,91478.3,0.01,0.0779018
16:07:51,91478.3,91478.3,91478.3,0.01,-0.228398
16:07:52,91478.3,91478.3,91478.3,0.01,-0.0705832
16:07:54,91478.3,91478.3,91478.3,0.01,-0.231623
16:07:55,91478.3,91478.3,91478.3,0.01,-0.232351
16:07:56,91478.3,91478.3,91478.3,0.01,-0.195736
16:07:56,91478.3,91478.3,91478.3,0.01,-0.0415256
16:07:57,91478.3,91478.3,91478.3,0.01,0.217757
16:07:58,91478.3,91478.3,91478.3,0.01,0.217868
16:07:59,91478.3,91478.3,91478.3,0.01,0.226151
16:08:00,91478.3,91478.3,91478.3,0.01,0.257221
16:08:02,91478.3,91478.3,91478.3,0.01,0.257241
16:08:03,91478.3,91478.3,91478.3,0.01,0.307999
16:08:04,91478.3,91478.3,91478.3,0.01,0.320643
16:08:04,91478.3,91478.3,91478.3,0,0.832656
16:08:04,91478.3,91478.3,91478.3,0.01,0.996325
16:08:04,91478.3,91478.3,91478.3,0.01,0.996325
16:08:04,91480,91478.3,91479.2,-1.66,0.996306
16:08:04,91480,91480,91480,0.01,0.990613
16:08:04,91480,91480,91480,0.01,0.961834
16:08:05,91480,91480,91480,0.01,0.963327
16:08:05,91480,91480,91480,0.01,0.961173
16:08:05,91480,91480,91480,0.01,0.961693
16:08:06,91487.3,91480,91483.6,-7.27,0.9726
16:08:06,91487.3,91487.3,91487.3,0,0.962909
16:08:06,91487.3,91487.3,91487.3,0.01,0.979237
16:08:06,91487.3,91487.3,91487.3,0.01,0.977448
16:08:06,91487.3,91487.3,91487.3,0.01,0.978983
16:08:06,91487.3,91487.3,91487.3,0.01,0.977825
16:08:07,91487.3,91487.3,91487.3,0.01,0.847225
16:08:07,91487.3,91487.3,91487.3,0.01,0.796078
16:08:08,91487.3,91487.3,91487.3,0.01,0.777523
16:08:08,91487.3,91487.3,91487.3,0.01,0.165544
16:08:09,91487.3,91487.3,91487.3,0.01,0.0928492
16:08:09,91487.3,91487.3,91487.3,0.01,0.0692696
16:08:09,91487.3,91487.3,91487.3,0.01,-0.0523974
16:08:11,91487.3,91487.3,91487.3,0.01,-0.0400301
16:08:11,91487.3,91487.3,91487.3,0.01,-0.0455021
16:08:12,91487.3,91487.3,91487.3,0.01,0.130601
16:08:13,91487.3,91487.3,91487.3,0.01,0.0870385
16:08:15,91487.3,91487.3,91487.3,0.01,0.0942845
16:08:16,91487.3,91487.3,91487.3,0.01,0.0661325
16:08:17,91487.3,91487.3,91487.3,0.01,0.0910866
16:08:19,91487.3,91487.3,91487.3,0.01,0.105405
16:08:20,91487.3,91487.3,91487.3,0.01,0.09428
16:08:21,91487.3,91487.3,91487.3,0.01,0.0944965
16:08:22,91487.3,91487.3,91487.3,0.01,0.0952257
16:08:24,91487.3,91487.3,91487.3,0.01,-0.0717962
16:08:24,91487.3,91487.3,91487.3,0.01,-0.160943
16:08:24,91487.3,91487.3,91487.3,0.01,-0.195807
16:08:25,91487.3,91487.3,91487.3,0.01,-0.1189
16:08:27,91487.3,91487.3,91487.3,0.01,0.0114246
16:08:28,91487.3,91487.3,91487.3,0.01,0.0107743
16:08:29,91487.3,91487.3,91487.3,0.01,0.0530493
16:08:31,91487.3,91487.3,91487.3,0.01,0.0465684
16:08:33,91487.3,91487.3,91487.3,0.01,0.0467496
16:08:34,91487.3,91487.3,91487.3,0.01,0.0628274
16:08:34,91487.3,91487.3,91487.3,0.01,0.165709
16:08:35,91487.3,91487.3,91487.3,0.01,0.211552
16:08:36,91487.3,91487.3,91487.3,0.01,0.183302
16:08:37,91487.3,91487.3,91487.3,0.01,0.148967
16:08:38,91487.3,91487.3,91487.3,0.01,0.113603
16:08:39,91487.3,91487.3,91487.3,0.01,0.129948
16:08:40,91487.3,91487.3,91487.3,0.01,0.212125
16:08:42,91487.3,91487.3,91487.3,0.01,0.149569
16:08:42,91487.3,91487.3,91487.3,0.01,0.0513662
16:08:44,91487.3,91487.3,91487.3,0.01,0.0889866
16:08:45,91487.3,91487.3,91487.3,0.01,0.211116
16:08:45,91487.3,91487.3,91487.3,0.01,0.175138
16:08:46,91487.3,91487.3,91487.3,0.01,0.159092
16:08:47,91487.3,91487.3,91487.3,0.01,0.17515
16:08:47,91487.3,91487.3,91487.3,0.01,0.180413
16:08:48,91487.3,91487.3,91487.3,0.01,0.18045
16:08:49,91487.3,91487.3,91487.3,0.01,0.395591
16:08:50,91487.3,91487.3,91487.3,0.01,0.379283
