Time,GrossPnL_USD,NetPnL_USD,Fees_USD
16:06:16,0,0,0
16:06:16,0,0,0
16:06:16,0,0,0
16:06:16,0,0,0
16:06:16,0,0,0
16:06:16,0,0,0
16:06:16,0,0,0
16:06:16,-1.45519e-13,-1.45519e-13,0
16:06:16,-1.45519e-13,-1.45519e-13,0
16:06:16,-1.45519e-13,-1.45519e-13,0
16:06:16,0,0,0
16:06:16,1.45519e-13,1.45519e-13,0
16:06:16,2.91038e-13,2.91038e-13,0
16:06:16,4.36557e-13,4.36557e-13,0
16:06:16,5.82077e-13,5.82077e-13,0
16:06:16,5.82077e-13,5.82077e-13,0
16:06:16,5.82077e-13,5.82077e-13,0
16:06:16,5.82077e-13,5.82077e-13,0
16:06:16,4.36557e-13,4.36557e-13,0
16:06:16,2.91038e-13,2.91038e-13,0
16:06:16,1.45519e-13,1.45519e-13,0
16:06:16,-5.04871e-29,-5.04871e-29,0
16:06:16,-2.91038e-13,-2.91038e-13,0
16:06:16,-5.82077e-13,-5.82077e-13,0
16:06:16,-8.73115e-13,-8.73115e-13,0
16:06:16,-1.01863e-12,-1.01863e-12,0
16:06:16,-1.30967e-12,-1.30967e-12,0
16:06:16,-1.60071e-12,-1.60071e-12,0
16:06:16,-1.89175e-12,-1.89175e-12,0
16:06:16,-2.18279e-12,-2.18279e-12,0
16:06:16,-2.47383e-12,-2.47383e-12,0
16:06:16,-2.76486e-12,-2.76486e-12,0
16:06:16,-3.0559e-12,-3.0559e-12,0
16:06:16,-3.34694e-12,-3.34694e-12,0
16:06:16,-3.63798e-12,-3.63798e-12,0
16:06:16,-3.92902e-12,-3.92902e-12,0
16:06:16,-4.36557e-12,-4.36557e-12,0
16:06:16,-4.80213e-12,-4.80213e-12,0
16:06:16,-5.23869e-12,-5.23869e-12,0
16:06:16,-5.82077e-12,-5.82077e-12,0
16:06:16,-6.40284e-12,-6.40284e-12,0
16:06:16,-6.98492e-12,-6.98492e-12,0
16:06:16,-7.567e-12,-7.567e-12,0
16:06:16,-8.14907e-12,-8.14907e-12,0
16:06:16,-8.73115e-12,-8.73115e-12,0
16:06:16,-9.31323e-12,-9.31323e-12,0
16:06:16,-9.8953e-12,-9.8953e-12,0
16:06:16,-1.04774e-11,-1.04774e-11,0
16:06:16,-1.10595e-11,-1.10595e-11,0
16:06:16,-1.16415e-11,-1.16415e-11,0
16:06:16,-1.22236e-11,-1.22236e-11,0
16:06:16,-1.28057e-11,-1.28057e-11,0
16:06:16,-1.33878e-11,-1.33878e-11,0
16:06:16,-1.39698e-11,-1.39698e-11,0
16:06:16,-1.45519e-11,-1.45519e-11,0
16:06:16,-1.5134e-11,-1.5134e-11,0
16:06:16,-1.57161e-11,-1.57161e-11,0
16:06:16,-1.62981e-11,-1.62981e-11,0
16:06:16,-1.68802e-11,-1.68802e-11,0
16:06:16,-1.74623e-11,-1.74623e-11,0
16:06:16,-1.80444e-11,-1.80444e-11,0
16:06:16,-1.86265e-11,-1.86265e-11,0
16:06:16,-1.92085e-11,-1.92085e-11,0
16:06:16,-1.97906e-11,-1.97906e-11,0
16:06:16,-2.03727e-11,-2.03727e-11,0
16:06:16,-2.09548e-11,-2.09548e-11,0
16:06:16,-2.15368e-11,-2.15368e-11,0
16:06:16,-2.21189e-11,-2.21189e-11,0
16:06:16,-2.2701e-11,-2.2701e-11,0
16:06:16,-2.32831e-11,-2.32831e-11,0
16:06:16,-2.38651e-11,-2.38651e-11,0
16:06:16,-2.44472e-11,-2.44472e-11,0
16:06:16,-2.50293e-11,-2.50293e-11,0
16:06:16,-2.57569e-11,-2.57569e-11,0
16:06:16,-2.6339e-11,-2.6339e-11,0
16:06:16,-2.6921e-11,-2.6921e-11,0
16:06:16,-2.75031e-11,-2.75031e-11,0
16:06:16,-2.79397e-11,-2.79397e-11,0
16:06:16,-2.83762e-11,-2.83762e-11,0
16:06:16,-2.88128e-11,-2.88128e-11,0
16:06:16,-2.92493e-11,-2.92493e-11,0
16:06:16,-2.98314e-11,-2.98314e-11,0
16:06:16,-3.04135e-11,-3.04135e-11,0
16:06:16,-3.09956e-11,-3.09956e-11,0
16:06:16,-3.15777e-11,-3.15777e-11,0
16:06:16,-3.21597e-11,-3.21597e-11,0
16:06:16,-3.28873e-11,-3.28873e-11,0
16:06:16,-3.36149e-11,-3.36149e-11,0
16:06:16,-3.43425e-11,-3.43425e-11,0
16:06:16,-3.50701e-11,-3.50701e-11,0
16:06:16,-3.57977e-11,-3.57977e-11,0
16:06:16,-3.65253e-11,-3.65253e-11,0
16:06:16,-3.72529e-11,-3.72529e-11,0
16:06:16,-3.79805e-11,-3.79805e-11,0
16:06:16,-3.87081e-11,-3.87081e-11,0
16:06:16,-3.94357e-11,-3.94357e-11,0
16:06:16,-4.01633e-11,-4.01633e-11,0
16:06:16,-4.08909e-11,-4.08909e-11,0
16:06:16,-4.16185e-11,-4.16185e-11,0
16:06:16,-4.23461e-11,-4.23461e-11,0
16:06:16,-4.30737e-11,-4.30737e-11,0
16:06:16,-4.38013e-11,-4.38013e-11,0
16:06:16,-4.45289e-11,-4.45289e-11,0
16:06:16,-4.52565e-11,-4.52565e-11,0
16:06:16,-4.59841e-11,-4.59841e-11,0
16:06:16,-4.67116e-11,-4.67116e-11,0
16:06:16,-4.74392e-11,-4.74392e-11,0
16:06:16,-4.81668e-11,-4.81668e-11,0
16:06:16,-4.88944e-11,-4.88944e-11,0
16:06:16,-4.9622e-11,-4.9622e-11,0
16:06:17,-5.03496e-11,-5.03496e-11,0
16:06:17,-5.10772e-11,-5.10772e-11,0
16:06:17,-5.18048e-11,-5.18048e-11,0
16:06:17,-5.25324e-11,-5.25324e-11,0
16:06:18,-5.326e-11,-5.326e-11,0
16:06:18,-5.39876e-11,-5.39876e-11,0
16:06:18,-5.47152e-11,-5.47152e-11,0
16:06:18,-5.54428e-11,-5.54428e-11,0
16:06:18,-5.61704e-11,-5.61704e-11,0
16:06:18,-5.6898e-11,-5.6898e-11,0
16:06:18,-5.76256e-11,-5.76256e-11,0
16:06:18,-5.83532e-11,-5.83532e-11,0
16:06:18,-5.90808e-11,-5.90808e-11,0
16:06:18,-5.98084e-11,-5.98084e-11,0
16:06:18,-6.0536e-11,-6.0536e-11,0
16:06:18,-6.12636e-11,-6.12636e-11,0
16:06:18,-6.19912e-11,-6.19912e-11,0
16:06:18,-6.27188e-11,-6.27188e-11,0
16:06:19,-6.34464e-11,-6.34464e-11,0
16:06:19,-6.41739e-11,-6.41739e-11,0
16:06:19,-6.49015e-11,-6.49015e-11,0
16:06:19,-6.56291e-11,-6.56291e-11,0
16:06:19,-6.63567e-11,-6.63567e-11,0
16:06:19,-6.70843e-11,-6.70843e-11,0
16:06:19,-6.78119e-11,-6.78119e-11,0
16:06:19,-6.85395e-11,-6.85395e-11,0
16:06:21,-6.78119e-11,-6.78119e-11,0
16:06:21,-6.70843e-11,-6.70843e-11,0
16:06:21,-6.63567e-11,-6.63567e-11,0
16:06:21,-6.56291e-11,-6.56291e-11,0
16:06:21,-6.49015e-11,-6.49015e-11,0
16:06:21,-6.41739e-11,-6.41739e-11,0
16:06:21,-6.34464e-11,-6.34464e-11,0
16:06:21,-6.27188e-11,-6.27188e-11,0
16:06:21,-6.19912e-11,-6.19912e-11,0
16:06:21,-6.12636e-11,-6.12636e-11,0
16:06:21,-6.0536e-11,-6.0536e-11,0
16:06:21,-5.98084e-11,-5.98084e-11,0
16:06:21,-5.90808e-11,-5.90808e-11,0
16:06:21,-5.83532e-11,-5.83532e-11,0
16:06:22,-5.76256e-11,-5.76256e-11,0
16:06:22,-5.6898e-11,-5.6898e-11,0
16:06:22,-5.61704e-11,-5.61704e-11,0
16:06:22,-5.54428e-11,-5.54428e-11,0
16:06:22,-5.47152e-11,-5.47152e-11,0
16:06:22,-5.39876e-11,-5.39876e-11,0
16:06:22,-5.326e-11,-5.326e-11,0
16:06:22,-5.25324e-11,-5.25324e-11,0
16:06:22,-5.18048e-11,-5.18048e-11,0
16:06:22,-5.10772e-11,-5.10772e-11,0
16:06:22,-5.03496e-11,-5.03496e-11,0
16:06:22,-4.9622e-11,-4.9622e-11,0
16:06:22,-4.88944e-11,-4.88944e-11,0
16:06:22,-4.81668e-11,-4.81668e-11,0
16:06:22,-4.74392e-11,-4.74392e-11,0
16:06:22,-4.67116e-11,-4.67116e-11,0
16:06:22,-4.59841e-11,-4.59841e-11,0
16:06:22,-4.52565e-11,-4.52565e-11,0
16:06:22,-4.45289e-11,-4.45289e-11,0
16:06:22,-4.38013e-11,-4.38013e-11,0
16:06:22,-4.30737e-11,-4.30737e-11,0
16:06:22,-4.23461e-11,-4.23461e-11,0
16:06:22,-4.16185e-11,-4.16185e-11,0
16:06:22,-4.08909e-11,-4.08909e-11,0
16:06:22,-4.01633e-11,-4.01633e-11,0
16:06:22,-3.94357e-11,-3.94357e-11,0
16:06:22,-3.87081e-11,-3.87081e-11,0
16:06:22,-3.79805e-11,-3.79805e-11,0
16:06:22,-3.72529e-11,-3.72529e-11,0
16:06:22,-3.65253e-11,-3.65253e-11,0
16:06:22,-3.57977e-11,-3.57977e-11,0
16:06:22,-3.50701e-11,-3.50701e-11,0
16:06:22,-3.43425e-11,-3.43425e-11,0
16:06:22,-3.36149e-11,-3.36149e-11,0
16:06:22,-3.28873e-11,-3.28873e-11,0
16:06:22,-3.21597e-11,-3.21597e-11,0
16:06:22,-3.14321e-11,-3.14321e-11,0
16:06:22,-3.07045e-11,-3.07045e-11,0
16:06:22,-2.99769e-11,-2.99769e-11,0
16:06:22,-2.92493e-11,-2.92493e-11,0
16:06:23,-2.86673e-11,-2.86673e-11,0
16:06:23,-2.80852e-11,-2.80852e-11,0
16:06:23,-2.75031e-11,-2.75031e-11,0
16:06:23,-2.6921e-11,-2.6921e-11,0
16:06:23,-2.6339e-11,-2.6339e-11,0
16:06:23,-2.59024e-11,-2.59024e-11,0
16:06:23,-2.56114e-11,-2.56114e-11,0
16:06:23,-2.54659e-11,-2.54659e-11,0
16:06:23,-2.54659e-11,-2.54659e-11,0
16:06:23,-2.53203e-11,-2.53203e-11,0
16:06:23,-2.51748e-11,-2.51748e-11,0
16:06:23,-2.50293e-11,-2.50293e-11,0
16:06:23,-2.48838e-11,-2.48838e-11,0
16:06:23,-2.47383e-11,-2.47383e-11,0
16:06:23,-2.45927e-11,-2.45927e-11,0
16:06:23,-2.44472e-11,-2.44472e-11,0
16:06:24,-2.43017e-11,-2.43017e-11,0
16:06:24,-2.41562e-11,-2.41562e-11,0
16:06:24,-2.40107e-11,-2.40107e-11,0
16:06:24,-2.38651e-11,-2.38651e-11,0
16:06:24,-2.37196e-11,-2.37196e-11,0
16:06:24,-2.35741e-11,-2.35741e-11,0
16:06:24,-2.34286e-11,-2.34286e-11,0
16:06:24,-2.32831e-11,-2.32831e-11,0
16:06:24,-2.31375e-11,-2.31375e-11,0
16:06:24,-2.2992e-11,-2.2992e-11,0
16:06:24,-2.28465e-11,-2.28465e-11,0
16:06:24,-2.2701e-11,-2.2701e-11,0
16:06:24,-2.25555e-11,-2.25555e-11,0
16:06:24,-2.24099e-11,-2.24099e-11,0
16:06:24,-2.22644e-11,-2.22644e-11,0
16:06:24,-2.21189e-11,-2.21189e-11,0
16:06:24,-2.19734e-11,-2.19734e-11,0
16:06:24,-2.18279e-11,-2.18279e-11,0
16:06:24,-2.16824e-11,-2.16824e-11,0
16:06:24,-2.15368e-11,-2.15368e-11,0
16:06:24,-2.15368e-11,-2.15368e-11,0
16:06:24,-2.15368e-11,-2.15368e-11,0
16:06:24,-2.15368e-11,-2.15368e-11,0
16:06:24,-2.16824e-11,-2.16824e-11,0
16:06:24,-2.18279e-11,-2.18279e-11,0
16:06:24,-2.19734e-11,-2.19734e-11,0
16:06:24,-2.22644e-11,-2.22644e-11,0
16:06:24,-2.25555e-11,-2.25555e-11,0
16:06:25,-2.28465e-11,-2.28465e-11,0
16:06:25,-2.31375e-11,-2.31375e-11,0
16:06:25,-2.34286e-11,-2.34286e-11,0
16:06:25,-2.37196e-11,-2.37196e-11,0
16:06:25,-2.40107e-11,-2.40107e-11,0
16:06:25,-2.43017e-11,-2.43017e-11,0
16:06:25,-2.45927e-11,-2.45927e-11,0
16:06:25,-2.48838e-11,-2.48838e-11,0
16:06:26,-2.51748e-11,-2.51748e-11,0
16:06:26,-2.56114e-11,-2.56114e-11,0
16:06:26,-2.60479e-11,-2.60479e-11,0
16:06:26,-2.64845e-11,-2.64845e-11,0
16:06:26,-2.70666e-11,-2.70666e-11,0
16:06:26,-2.76486e-11,-2.76486e-11,0
16:06:27,-2.82307e-11,-2.82307e-11,0
16:06:27,-2.89583e-11,-2.89583e-11,0
16:06:27,-2.96859e-11,-2.96859e-11,0
16:06:27,-3.0559e-11,-3.0559e-11,0
16:06:27,-3.14321e-11,-3.14321e-11,0
16:06:27,-3.24508e-11,-3.24508e-11,0
16:06:27,-3.36149e-11,-3.36149e-11,0
16:06:28,-3.49246e-11,-3.49246e-11,0
16:06:28,-3.63798e-11,-3.63798e-11,0
16:06:28,-3.79805e-11,-3.79805e-11,0
16:06:28,-3.97267e-11,-3.97267e-11,0
16:06:28,-4.1764e-11,-4.1764e-11,0
16:06:29,-4.39468e-11,-4.39468e-11,0
16:06:29,-4.62751e-11,-4.62751e-11,0
16:06:29,-4.87489e-11,-4.87489e-11,0
16:06:29,-5.15138e-11,-5.15138e-11,0
16:06:29,-5.45697e-11,-5.45697e-11,0
16:06:29,-5.80621e-11,-5.80621e-11,0
16:06:29,-6.21367e-11,-6.21367e-11,0
16:06:29,-6.70843e-11,-6.70843e-11,0
16:06:29,-7.33417e-11,-7.33417e-11,0
16:06:29,-8.16362e-11,-8.16362e-11,0
16:06:29,-9.41509e-11,-9.41509e-11,0
16:06:30,-1.1918e-10,-1.1918e-10,0
16:06:30,915.278,915.278,0
16:06:30,915.278,915.278,0
16:06:30,915.278,915.278,0
16:06:30,915.278,915.278,0
16:06:30,915.278,915.278,0
16:06:30,915.278,915.278,0
16:06:30,915.278,915.278,0
16:06:30,915.278,915.278,0
16:06:30,915.278,915.278,0
16:06:31,915.278,915.278,0
16:06:31,915.278,915.278,0
16:06:31,915.278,915.278,0
16:06:31,915.278,915.278,0
16:06:31,915.278,915.278,0
16:06:32,915.278,915.278,0
16:06:32,915.278,915.278,0
16:06:32,915.278,915.278,0
16:06:32,915.278,915.278,0
16:06:32,915.278,915.278,0
16:06:32,915.278,915.278,0
16:06:32,915.278,915.278,0
16:06:32,915.278,915.278,0
16:06:32,915.278,915.278,0
16:06:32,915.278,915.278,0
16:06:33,915.278,915.278,0
16:06:33,915.278,915.278,0
16:06:33,915.278,915.278,0
16:06:33,915.278,915.278,0
16:06:33,915.278,915.278,0
16:06:33,915.278,915.278,0
16:06:33,915.278,915.278,0
16:06:33,915.278,915.278,0
16:06:33,915.278,915.278,0
16:06:33,915.278,915.278,0
16:06:33,915.278,915.278,0
16:06:33,915.278,915.278,0
16:06:34,915.278,915.278,0
16:06:34,915.278,915.278,0
16:06:34,915.278,915.278,0
16:06:34,915.278,915.278,0
16:06:34,915.278,915.278,0
16:06:34,915.278,915.278,0
16:06:34,915.278,915.278,0
16:06:34,915.275,915.275,0
16:06:34,915.272,915.272,0
16:06:34,915.27,915.27,0
16:06:34,915.267,915.267,0
16:06:34,915.264,915.264,0
16:06:34,915.262,915.262,0
16:06:34,915.257,915.257,0
16:06:34,915.252,915.252,0
16:06:34,915.247,915.247,0
16:06:34,915.242,915.242,0
16:06:34,915.237,915.237,0
16:06:34,915.232,915.232,0
16:06:34,915.228,915.228,0
16:06:34,915.223,915.223,0
16:06:34,915.217,915.217,0
16:06:34,915.205,915.205,0
16:06:34,915.193,915.193,0
16:06:34,915.182,915.182,0
16:06:34,915.171,915.171,0
16:06:34,915.16,915.16,0
16:06:34,915.142,915.142,0
16:06:34,915.124,915.124,0
16:06:34,915.107,915.107,0
16:06:34,915.089,915.089,0
16:06:34,915.071,915.071,0
16:06:34,915.054,915.054,0
16:06:34,915.037,915.037,0
16:06:34,915.02,915.02,0
16:06:34,915.003,915.003,0
16:06:34,914.987,914.987,0
16:06:34,914.97,914.97,0
16:06:34,914.954,914.954,0
16:06:34,914.928,914.928,0
16:06:34,914.902,914.902,0
16:06:34,914.877,914.877,0
16:06:34,914.851,914.851,0
16:06:34,914.827,914.827,0
16:06:34,914.792,914.792,0
16:06:34,914.758,914.758,0
16:06:34,914.725,914.725,0
16:06:34,914.692,914.692,0
16:06:34,914.659,914.659,0
16:06:34,914.627,914.627,0
16:06:34,914.595,914.595,0
16:06:34,914.563,914.563,0
16:06:34,914.532,914.532,0
16:06:34,914.501,914.501,0
16:06:34,914.47,914.47,0
16:06:34,914.44,914.44,0
16:06:34,914.41,914.41,0
16:06:34,914.381,914.381,0
16:06:34,914.351,914.351,0
16:06:34,914.322,914.322,0
16:06:34,914.294,914.294,0
16:06:34,914.265,914.265,0
16:06:34,914.237,914.237,0
16:06:34,914.21,914.21,0
16:06:34,914.182,914.182,0
16:06:34,914.155,914.155,0
16:06:34,914.128,914.128,0
16:06:34,914.101,914.101,0
16:06:34,914.075,914.075,0
16:06:34,914.048,914.048,0
16:06:34,914.023,914.023,0
16:06:34,913.997,913.997,0
16:06:34,913.971,913.971,0
16:06:34,913.946,913.946,0
16:06:34,913.921,913.921,0
16:06:34,913.896,913.896,0
16:06:34,913.872,913.872,0
16:06:35,913.847,913.847,0
16:06:35,913.823,913.823,0
16:06:35,913.799,913.799,0
16:06:35,913.776,913.776,0
16:06:35,913.752,913.752,0
16:06:35,913.729,913.729,0
16:06:35,913.706,913.706,0
16:06:35,913.683,913.683,0
16:06:35,913.66,913.66,0
16:06:35,913.638,913.638,0
16:06:35,913.615,913.615,0
16:06:35,913.593,913.593,0
16:06:35,913.571,913.571,0
16:06:36,913.549,913.549,0
16:06:36,913.527,913.527,0
16:06:36,913.506,913.506,0
16:06:36,913.485,913.485,0
16:06:36,913.463,913.463,0
16:06:36,913.442,913.442,0
16:06:36,913.422,913.422,0
16:06:36,913.401,913.401,0
16:06:36,913.38,913.38,0
16:06:36,913.36,913.36,0
16:06:36,913.34,913.34,0
16:06:36,913.32,913.32,0
16:06:36,913.3,913.3,0
16:06:36,913.28,913.28,0
16:06:36,913.26,913.26,0
16:06:37,913.241,913.241,0
16:06:37,913.222,913.222,0
16:06:37,913.202,913.202,0
16:06:37,913.183,913.183,0
16:06:37,913.164,913.164,0
16:06:37,913.145,913.145,0
16:06:37,913.127,913.127,0
16:06:37,913.108,913.108,0
16:06:37,913.09,913.09,0
16:06:37,913.071,913.071,0
16:06:37,913.053,913.053,0
16:06:37,913.035,913.035,0
16:06:37,913.017,913.017,0
16:06:38,912.999,912.999,0
16:06:38,912.981,912.981,0
16:06:38,912.964,912.964,0
16:06:38,912.946,912.946,0
16:06:38,912.929,912.929,0
16:06:38,912.912,912.912,0
16:06:38,912.894,912.894,0
16:06:38,912.877,912.877,0
16:06:38,912.86,912.86,0
16:06:39,912.843,912.843,0
16:06:39,912.827,912.827,0
16:06:39,912.81,912.81,0
16:06:39,912.793,912.793,0
16:06:39,912.777,912.777,0
16:06:39,912.761,912.761,0
16:06:39,912.744,912.744,0
16:06:39,912.728,912.728,0
16:06:39,912.712,912.712,0
16:06:40,912.696,912.696,0
16:06:40,912.68,912.68,0
16:06:40,912.664,912.664,0
16:06:40,912.649,912.649,0
16:06:40,912.633,912.633,0
16:06:40,912.617,912.617,0
16:06:40,912.602,912.602,0
16:06:40,912.587,912.587,0
16:06:40,912.571,912.571,0
16:06:41,912.556,912.556,0
16:06:41,912.541,912.541,0
16:06:41,912.526,912.526,0
16:06:41,912.511,912.511,0
16:06:42,912.496,912.496,0
16:06:42,912.481,912.481,0
16:06:42,912.467,912.467,0
16:06:42,912.452,912.452,0
16:06:42,912.437,912.437,0
16:06:43,912.423,912.423,0
16:06:43,912.409,912.409,0
16:06:43,912.394,912.394,0
16:06:43,912.38,912.38,0
16:06:43,912.366,912.366,0
16:06:43,912.352,912.352,0
16:06:44,912.338,912.338,0
16:06:44,912.324,912.324,0
16:06:44,912.31,912.31,0
16:06:44,912.296,912.296,0
16:06:44,912.282,912.282,0
16:06:44,912.269,912.269,0
16:06:44,912.255,912.255,0
16:06:44,912.241,912.241,0
16:06:44,912.228,912.228,0
16:06:45,912.215,912.215,0
16:06:45,912.201,912.201,0
16:06:45,912.188,912.188,0
16:06:45,912.175,912.175,0
16:06:45,912.161,912.161,0
16:06:45,912.148,912.148,0
16:06:45,912.135,912.135,0
16:06:45,912.122,912.122,0
16:06:45,912.109,912.109,0
16:06:45,912.097,912.097,0
16:06:45,912.084,912.084,0
16:06:45,912.071,912.071,0
16:06:46,912.058,912.058,0
16:06:46,912.046,912.046,0
16:06:46,912.033,912.033,0
16:06:46,912.021,912.021,0
16:06:46,912.008,912.008,0
16:06:46,911.996,911.996,0
16:06:46,911.984,911.984,0
16:06:46,911.971,911.971,0
16:06:46,911.959,911.959,0
16:06:47,911.947,911.947,0
16:06:47,911.935,911.935,0
16:06:47,911.923,911.923,0
16:06:47,911.911,911.911,0
16:06:47,911.899,911.899,0
16:06:47,911.887,911.887,0
16:06:47,911.875,911.875,0
16:06:47,911.863,911.863,0
16:06:47,911.851,911.851,0
16:06:47,911.84,911.84,0
16:06:47,911.828,911.828,0
16:06:47,911.816,911.816,0
16:06:48,911.805,911.805,0
16:06:48,911.793,911.793,0
16:06:48,911.782,911.782,0
16:06:48,911.77,911.77,0
16:06:48,911.759,911.759,0
16:06:48,911.748,911.748,0
16:06:48,911.737,911.737,0
16:06:48,911.725,911.725,0
16:06:48,911.714,911.714,0
16:06:48,911.703,911.703,0
16:06:48,911.68,911.68,0
16:06:48,911.65,911.65,0
16:06:48,911.605,911.605,0
16:06:48,911.551,911.551,0
16:06:48,911.487,911.487,0
16:06:48,911.416,911.416,0
16:06:48,911.33,911.33,0
16:06:48,911.243,911.243,0
16:06:48,911.156,911.156,0
16:06:48,911.069,911.069,0
16:06:48,910.982,910.982,0
16:06:48,910.896,910.896,0
16:06:48,910.81,910.81,0
16:06:48,910.725,910.725,0
16:06:48,910.64,910.64,0
16:06:48,910.555,910.555,0
16:06:48,910.47,910.47,0
16:06:48,910.386,910.386,0
16:06:48,910.302,910.302,0
16:06:48,910.141,910.141,0
16:06:48,909.98,909.98,0
16:06:48,909.819,909.819,0
16:06:48,909.66,909.66,0
16:06:48,909.501,909.501,0
16:06:48,909.342,909.342,0
16:06:48,909.184,909.184,0
16:06:48,909.027,909.027,0
16:06:48,908.87,908.87,0
16:06:48,908.714,908.714,0
16:06:48,908.558,908.558,0
16:06:48,908.403,908.403,0
16:06:48,908.249,908.249,0
16:06:48,908.095,908.095,0
16:06:48,907.941,907.941,0
16:06:48,907.788,907.788,0
16:06:48,907.636,907.636,0
16:06:48,907.484,907.484,0
16:06:48,907.333,907.333,0
16:06:48,907.182,907.182,0
16:06:48,907.032,907.032,0
16:06:48,906.882,906.882,0
16:06:48,906.733,906.733,0
16:06:48,906.584,906.584,0
16:06:48,906.436,906.436,0
16:06:48,906.288,906.288,0
16:06:48,906.141,906.141,0
16:06:48,905.995,905.995,0
16:06:48,905.848,905.848,0
16:06:48,905.703,905.703,0
16:06:48,905.558,905.558,0
16:06:48,905.413,905.413,0
16:06:48,905.269,905.269,0
16:06:48,905.125,905.125,0
16:06:48,904.982,904.982,0
16:06:48,904.839,904.839,0
16:06:48,904.697,904.697,0
16:06:48,904.555,904.555,0
16:06:48,904.413,904.413,0
16:06:48,904.273,904.273,0
16:06:48,904.132,904.132,0
16:06:48,903.992,903.992,0
16:06:48,903.853,903.853,0
16:06:48,903.713,903.713,0
16:06:49,903.575,903.575,0
16:06:49,903.437,903.437,0
16:06:49,903.299,903.299,0
16:06:49,903.162,903.162,0
16:06:49,903.025,903.025,0
16:06:49,902.888,902.888,0
16:06:49,902.752,902.752,0
16:06:49,902.617,902.617,0
16:06:49,902.482,902.482,0
16:06:49,902.347,902.347,0
16:06:49,902.212,902.212,0
16:06:49,902.079,902.079,0
16:06:49,901.945,901.945,0
16:06:49,901.812,901.812,0
16:06:49,901.679,901.679,0
16:06:49,901.547,901.547,0
16:06:49,901.415,901.415,0
16:06:49,901.284,901.284,0
16:06:49,901.153,901.153,0
16:06:49,901.022,901.022,0
16:06:49,900.892,900.892,0
16:06:49,900.762,900.762,0
16:06:49,900.632,900.632,0
16:06:49,900.503,900.503,0
16:06:49,900.375,900.375,0
16:06:49,900.246,900.246,0
16:06:49,900.118,900.118,0
16:06:49,899.991,899.991,0
16:06:49,899.864,899.864,0
16:06:49,899.737,899.737,0
16:06:49,899.61,899.61,0
16:06:49,899.484,899.484,0
16:06:49,899.359,899.359,0
16:06:49,899.233,899.233,0
16:06:49,899.108,899.108,0
16:06:49,898.984,898.984,0
16:06:49,898.859,898.859,0
16:06:49,898.736,898.736,0
16:06:49,898.612,898.612,0
16:06:49,898.489,898.489,0
16:06:49,898.366,898.366,0
16:06:49,898.244,898.244,0
16:06:49,898.121,898.121,0
16:06:49,898,898,0
16:06:50,897.878,897.878,0
16:06:50,897.757,897.757,0
16:06:50,897.636,897.636,0
16:06:50,897.516,897.516,0
16:06:50,897.396,897.396,0
16:06:50,897.276,897.276,0
16:06:50,897.156,897.156,0
16:06:50,897.037,897.037,0
16:06:50,896.919,896.919,0
16:06:50,896.8,896.8,0
16:06:50,896.682,896.682,0
16:06:50,896.564,896.564,0
16:06:50,896.447,896.447,0
16:06:50,896.33,896.33,0
16:06:50,896.213,896.213,0
16:06:50,896.096,896.096,0
16:06:50,895.98,895.98,0
16:06:50,895.864,895.864,0
16:06:50,895.748,895.748,0
16:06:50,895.633,895.633,0
16:06:50,895.518,895.518,0
16:06:50,895.404,895.404,0
16:06:50,895.289,895.289,0
16:06:50,895.175,895.175,0
16:06:50,895.061,895.061,0
16:06:50,894.948,894.948,0
16:06:50,894.835,894.835,0
16:06:50,894.722,894.722,0
16:06:50,894.609,894.609,0
16:06:50,894.497,894.497,0
16:06:50,894.385,894.385,0
16:06:50,894.273,894.273,0
16:06:50,894.161,894.161,0
16:06:50,894.05,894.05,0
16:06:50,893.939,893.939,0
16:06:50,893.829,893.829,0
16:06:50,893.718,893.718,0
16:06:50,893.608,893.608,0
16:06:50,893.498,893.498,0
16:06:50,893.389,893.389,0
16:06:50,893.28,893.28,0
16:06:50,893.171,893.171,0
16:06:50,893.062,893.062,0
16:06:50,892.953,892.953,0
16:06:50,892.845,892.845,0
16:06:51,892.737,892.737,0
16:06:51,892.63,892.63,0
16:06:51,892.522,892.522,0
16:06:51,892.415,892.415,0
16:06:51,892.309,892.309,0
16:06:51,892.202,892.202,0
16:06:51,892.096,892.096,0
16:06:51,891.99,891.99,0
16:06:51,891.884,891.884,0
16:06:51,891.778,891.778,0
16:06:51,891.673,891.673,0
16:06:51,891.568,891.568,0
16:06:51,891.463,891.463,0
16:06:51,891.359,891.359,0
16:06:51,891.255,891.255,0
16:06:51,891.151,891.151,0
16:06:52,891.047,891.047,0
16:06:52,890.943,890.943,0
16:06:52,890.84,890.84,0
16:06:52,890.737,890.737,0
16:06:52,890.634,890.634,0
16:06:52,890.532,890.532,0
16:06:52,890.43,890.43,0
16:06:52,890.328,890.328,0
16:06:52,890.226,890.226,0
16:06:53,890.124,890.124,0
16:06:53,890.023,890.023,0
16:06:53,889.922,889.922,0
16:06:53,889.821,889.821,0
16:06:53,889.721,889.721,0
16:06:53,889.62,889.62,0
16:06:53,889.52,889.52,0
16:06:53,889.42,889.42,0
16:06:53,889.32,889.32,0
16:06:54,889.221,889.221,0
16:06:54,889.122,889.122,0
16:06:54,889.023,889.023,0
16:06:54,888.924,888.924,0
16:06:54,888.826,888.826,0
16:06:54,888.727,888.727,0
16:06:54,888.629,888.629,0
16:06:54,888.531,888.531,0
16:06:54,888.434,888.434,0
16:06:55,888.336,888.336,0
16:06:55,888.239,888.239,0
16:06:55,888.142,888.142,0
16:06:55,888.045,888.045,0
16:06:55,887.949,887.949,0
16:06:55,887.853,887.853,0
16:06:55,887.756,887.756,0
16:06:55,887.661,887.661,0
16:06:55,887.565,887.565,0
16:06:55,887.469,887.469,0
16:06:56,887.374,887.374,0
16:06:56,887.279,887.279,0
16:06:56,887.184,887.184,0
16:06:56,887.09,887.09,0
16:06:56,886.995,886.995,0
16:06:56,886.901,886.901,0
16:06:56,886.807,886.807,0
16:06:56,886.713,886.713,0
16:06:56,886.619,886.619,0
16:06:56,886.526,886.526,0
16:06:57,886.433,886.433,0
16:06:57,886.34,886.34,0
16:06:57,886.247,886.247,0
16:06:57,886.154,886.154,0
16:06:57,886.062,886.062,0
16:06:57,885.97,885.97,0
16:06:57,885.878,885.878,0
16:06:57,885.786,885.786,0
16:06:57,885.694,885.694,0
16:06:57,885.603,885.603,0
16:06:57,885.512,885.512,0
16:06:57,885.421,885.421,0
16:06:57,885.33,885.33,0
16:06:58,885.239,885.239,0
16:06:58,885.149,885.149,0
16:06:58,885.058,885.058,0
16:06:58,884.968,884.968,0
16:06:58,884.878,884.878,0
16:06:58,884.789,884.789,0
16:06:58,884.699,884.699,0
16:06:58,884.61,884.61,0
16:06:58,884.521,884.521,0
16:06:59,884.432,884.432,0
16:06:59,884.343,884.343,0
16:06:59,884.254,884.254,0
16:06:59,884.166,884.166,0
16:06:59,884.078,884.078,0
16:06:59,883.989,883.989,0
16:06:59,883.902,883.902,0
16:06:59,883.814,883.814,0
16:07:00,883.726,883.726,0
16:07:00,883.639,883.639,0
16:07:00,883.552,883.552,0
16:07:00,883.465,883.465,0
16:07:00,883.378,883.378,0
16:07:00,883.291,883.291,0
16:07:00,883.205,883.205,0
16:07:01,883.119,883.119,0
16:07:01,883.032,883.032,0
16:07:01,882.946,882.946,0
16:07:01,882.861,882.861,0
16:07:01,882.775,882.775,0
16:07:01,882.69,882.69,0
16:07:01,882.604,882.604,0
16:07:02,882.519,882.519,0
16:07:02,882.434,882.434,0
16:07:02,882.349,882.349,0
16:07:02,882.265,882.265,0
16:07:02,882.18,882.18,0
16:07:02,882.096,882.096,0
16:07:02,882.012,882.012,0
16:07:03,881.928,881.928,0
16:07:03,881.844,881.844,0
16:07:03,881.761,881.761,0
16:07:03,881.677,881.677,0
16:07:03,881.594,881.594,0
16:07:03,881.511,881.511,0
16:07:04,881.428,881.428,0
16:07:04,881.345,881.345,0
16:07:04,881.262,881.262,0
16:07:04,881.18,881.18,0
16:07:04,881.097,881.097,0
16:07:04,881.015,881.015,0
16:07:05,880.933,880.933,0
16:07:05,880.851,880.851,0
16:07:05,880.769,880.769,0
16:07:05,880.688,880.688,0
16:07:05,880.606,880.606,0
16:07:05,880.525,880.525,0
16:07:05,880.444,880.444,0
16:07:05,880.363,880.363,0
16:07:05,880.282,880.282,0
16:07:05,880.202,880.202,0
16:07:06,880.121,880.121,0
16:07:06,880.041,880.041,0
16:07:06,879.961,879.961,0
16:07:06,879.88,879.88,0
16:07:06,879.801,879.801,0
16:07:06,879.721,879.721,0
16:07:06,879.641,879.641,0
16:07:06,879.562,879.562,0
16:07:06,879.482,879.482,0
16:07:06,879.403,879.403,0
16:07:06,879.324,879.324,0
16:07:06,879.245,879.245,0
16:07:06,879.166,879.166,0
16:07:07,879.088,879.088,0
16:07:07,879.009,879.009,0
16:07:07,878.931,878.931,0
16:07:07,878.853,878.853,0
16:07:07,878.775,878.775,0
16:07:07,878.697,878.697,0
16:07:07,878.619,878.619,0
16:07:07,878.542,878.542,0
16:07:07,878.464,878.464,0
16:07:07,878.385,878.385,0
16:07:07,878.305,878.305,0
16:07:07,878.226,878.226,0
16:07:07,878.147,878.147,0
16:07:07,878.068,878.068,0
16:07:07,877.989,877.989,0
16:07:07,877.91,877.91,0
16:07:07,877.832,877.832,0
16:07:07,877.753,877.753,0
16:07:07,877.673,877.673,0
16:07:07,877.593,877.593,0
16:07:07,877.512,877.512,0
16:07:07,877.432,877.432,0
16:07:07,877.352,877.352,0
16:07:07,877.273,877.273,0
16:07:07,877.193,877.193,0
16:07:07,877.109,877.109,0
16:07:07,877.015,877.015,0
16:07:07,876.908,876.908,0
16:07:07,876.791,876.791,0
16:07:07,876.674,876.674,0
16:07:07,876.557,876.557,0
16:07:07,876.441,876.441,0
16:07:07,876.324,876.324,0
16:07:07,876.208,876.208,0
16:07:07,876.092,876.092,0
16:07:07,875.977,875.977,0
16:07:07,875.861,875.861,0
16:07:07,875.746,875.746,0
16:07:07,875.631,875.631,0
16:07:07,875.516,875.516,0
16:07:07,875.401,875.401,0
16:07:07,875.287,875.287,0
16:07:07,875.172,875.172,0
16:07:07,875.058,875.058,0
16:07:07,874.944,874.944,0
16:07:07,874.83,874.83,0
16:07:07,874.717,874.717,0
16:07:07,874.604,874.604,0
16:07:07,874.49,874.49,0
16:07:07,874.377,874.377,0
16:07:07,874.226,874.226,0
16:07:07,874.076,874.076,0
16:07:07,873.925,873.925,0
16:07:07,873.775,873.775,0
16:07:07,873.625,873.625,0
16:07:07,873.476,873.476,0
16:07:07,873.326,873.326,0
16:07:07,873.177,873.177,0
16:07:07,873.028,873.028,0
16:07:07,872.88,872.88,0
16:07:07,872.731,872.731,0
16:07:07,872.583,872.583,0
16:07:07,872.435,872.435,0
16:07:07,872.287,872.287,0
16:07:07,872.14,872.14,0
16:07:07,871.993,871.993,0
16:07:07,871.846,871.846,0
16:07:07,871.699,871.699,0
16:07:07,871.553,871.553,0
16:07:07,871.406,871.406,0
16:07:07,871.26,871.26,0
16:07:07,871.114,871.114,0
16:07:07,870.969,870.969,0
16:07:07,870.824,870.824,0
16:07:07,870.679,870.679,0
16:07:07,870.534,870.534,0
16:07:07,870.389,870.389,0
16:07:07,870.245,870.245,0
16:07:07,870.1,870.1,0
16:07:07,869.957,869.957,0
16:07:07,869.813,869.813,0
16:07:07,869.669,869.669,0
16:07:07,869.526,869.526,0
16:07:07,869.383,869.383,0
16:07:07,869.24,869.24,0
16:07:07,869.098,869.098,0
16:07:07,868.955,868.955,0
16:07:07,868.813,868.813,0
16:07:07,868.671,868.671,0
16:07:07,868.53,868.53,0
16:07:07,868.388,868.388,0
16:07:07,868.247,868.247,0
16:07:07,868.106,868.106,0
16:07:07,867.965,867.965,0
16:07:07,867.825,867.825,0
16:07:07,867.684,867.684,0
16:07:07,867.541,867.541,0
16:07:07,867.401,867.401,0
16:07:07,867.261,867.261,0
16:07:07,867.121,867.121,0
16:07:07,866.982,866.982,0
16:07:07,866.843,866.843,0
16:07:07,866.704,866.704,0
16:07:07,866.565,866.565,0
16:07:07,866.423,866.423,0
16:07:07,866.273,866.273,0
16:07:07,866.112,866.112,0
16:07:07,865.951,865.951,0
16:07:07,865.79,865.79,0
16:07:07,865.63,865.63,0
16:07:07,865.47,865.47,0
16:07:07,865.31,865.31,0
16:07:07,865.15,865.15,0
16:07:07,864.991,864.991,0
16:07:07,864.832,864.832,0
16:07:07,864.673,864.673,0
16:07:07,864.514,864.514,0
16:07:07,864.356,864.356,0
16:07:07,864.198,864.198,0
16:07:07,864.019,864.019,0
16:07:07,863.84,863.84,0
16:07:07,863.661,863.661,0
16:07:07,863.483,863.483,0
16:07:07,863.305,863.305,0
16:07:07,863.127,863.127,0
16:07:07,862.949,862.949,0
16:07:07,862.772,862.772,0
16:07:07,862.595,862.595,0
16:07:08,862.417,862.417,0
16:07:08,862.231,862.231,0
16:07:08,862.034,862.034,0
16:07:08,861.837,861.837,0
16:07:08,861.641,861.641,0
16:07:08,861.445,861.445,0
16:07:08,861.249,861.249,0
16:07:08,861.053,861.053,0
16:07:08,860.858,860.858,0
16:07:08,860.663,860.663,0
16:07:08,860.468,860.468,0
16:07:08,860.274,860.274,0
16:07:08,860.079,860.079,0
16:07:08,859.885,859.885,0
16:07:08,859.692,859.692,0
16:07:08,859.498,859.498,0
16:07:08,859.305,859.305,0
16:07:08,859.113,859.113,0
16:07:08,858.898,858.898,0
16:07:08,858.683,858.683,0
16:07:08,858.469,858.469,0
16:07:08,858.255,858.255,0
16:07:08,858.041,858.041,0
16:07:08,857.827,857.827,0
16:07:08,857.614,857.614,0
16:07:08,857.401,857.401,0
16:07:08,857.189,857.189,0
16:07:08,856.977,856.977,0
16:07:08,856.765,856.765,0
16:07:08,856.553,856.553,0
16:07:08,856.342,856.342,0
16:07:08,856.131,856.131,0
16:07:08,855.92,855.92,0
16:07:08,855.71,855.71,0
16:07:08,855.499,855.499,0
16:07:08,855.29,855.29,0
16:07:08,855.08,855.08,0
16:07:08,854.871,854.871,0
16:07:08,854.662,854.662,0
16:07:08,854.453,854.453,0
16:07:08,854.245,854.245,0
16:07:08,854.037,854.037,0
16:07:08,853.829,853.829,0
16:07:08,853.621,853.621,0
16:07:08,853.414,853.414,0
16:07:08,853.207,853.207,0
16:07:08,853,853,0
16:07:08,852.794,852.794,0
16:07:08,852.588,852.588,0
16:07:08,852.382,852.382,0
16:07:08,852.177,852.177,0
16:07:08,851.971,851.971,0
16:07:08,851.767,851.767,0
16:07:08,851.562,851.562,0
16:07:08,851.357,851.357,0
16:07:08,851.153,851.153,0
16:07:08,850.95,850.95,0
16:07:08,850.746,850.746,0
16:07:08,850.543,850.543,0
16:07:08,850.34,850.34,0
16:07:08,850.137,850.137,0
16:07:08,849.935,849.935,0
16:07:08,849.732,849.732,0
16:07:08,849.53,849.53,0
16:07:08,849.329,849.329,0
16:07:08,849.127,849.127,0
16:07:08,848.926,848.926,0
16:07:08,848.726,848.726,0
16:07:08,848.525,848.525,0
16:07:08,848.325,848.325,0
16:07:08,848.125,848.125,0
16:07:08,847.925,847.925,0
16:07:08,847.725,847.725,0
16:07:08,847.526,847.526,0
16:07:08,847.327,847.327,0
16:07:08,847.129,847.129,0
16:07:08,846.93,846.93,0
16:07:08,846.732,846.732,0
16:07:08,846.534,846.534,0
16:07:08,846.337,846.337,0
16:07:09,846.139,846.139,0
16:07:09,845.942,845.942,0
16:07:09,845.745,845.745,0
16:07:09,845.549,845.549,0
16:07:09,845.352,845.352,0
16:07:09,845.156,845.156,0
16:07:09,844.96,844.96,0
16:07:09,844.765,844.765,0
16:07:09,844.57,844.57,0
16:07:09,844.374,844.374,0
16:07:09,844.18,844.18,0
16:07:09,843.985,843.985,0
16:07:09,843.791,843.791,0
16:07:09,843.597,843.597,0
16:07:09,843.403,843.403,0
16:07:09,843.209,843.209,0
16:07:09,843.016,843.016,0
16:07:09,842.823,842.823,0
16:07:09,842.63,842.63,0
16:07:09,842.438,842.438,0
16:07:10,842.246,842.246,0
16:07:10,842.054,842.054,0
16:07:10,841.862,841.862,0
16:07:10,841.67,841.67,0
16:07:10,841.479,841.479,0
16:07:10,841.288,841.288,0
16:07:10,841.097,841.097,0
16:07:10,840.906,840.906,0
16:07:10,840.716,840.716,0
16:07:10,840.526,840.526,0
16:07:10,840.336,840.336,0
16:07:10,840.147,840.147,0
16:07:11,839.957,839.957,0
16:07:11,839.768,839.768,0
16:07:11,839.579,839.579,0
16:07:11,839.391,839.391,0
16:07:11,839.202,839.202,0
16:07:11,839.014,839.014,0
16:07:11,838.826,838.826,0
16:07:11,838.638,838.638,0
16:07:11,838.451,838.451,0
16:07:11,838.264,838.264,0
16:07:11,838.077,838.077,0
16:07:11,837.89,837.89,0
16:07:11,837.703,837.703,0
16:07:11,837.517,837.517,0
16:07:12,837.331,837.331,0
16:07:12,837.145,837.145,0
16:07:12,836.96,836.96,0
16:07:12,836.774,836.774,0
16:07:12,836.589,836.589,0
16:07:12,836.404,836.404,0
16:07:12,836.219,836.219,0
16:07:12,836.035,836.035,0
16:07:12,835.851,835.851,0
16:07:12,835.667,835.667,0
16:07:12,835.483,835.483,0
16:07:12,835.299,835.299,0
16:07:12,835.116,835.116,0
16:07:12,834.933,834.933,0
16:07:12,834.75,834.75,0
16:07:12,834.567,834.567,0
16:07:12,834.385,834.385,0
16:07:12,834.203,834.203,0
16:07:12,834.021,834.021,0
16:07:12,833.839,833.839,0
16:07:12,833.658,833.658,0
16:07:12,833.476,833.476,0
16:07:12,833.295,833.295,0
16:07:12,833.114,833.114,0
16:07:12,832.934,832.934,0
16:07:12,832.753,832.753,0
16:07:12,832.573,832.573,0
16:07:12,832.393,832.393,0
16:07:12,832.213,832.213,0
16:07:12,832.034,832.034,0
16:07:12,831.854,831.854,0
16:07:12,831.675,831.675,0
16:07:12,831.496,831.496,0
16:07:12,831.317,831.317,0
16:07:12,831.139,831.139,0
16:07:12,830.961,830.961,0
16:07:12,830.782,830.782,0
16:07:12,830.598,830.598,0
16:07:12,830.409,830.409,0
16:07:12,830.219,830.219,0
16:07:12,830.03,830.03,0
16:07:12,829.841,829.841,0
16:07:12,829.653,829.653,0
16:07:12,829.464,829.464,0
16:07:12,829.276,829.276,0
16:07:12,829.088,829.088,0
16:07:12,828.9,828.9,0
16:07:12,828.712,828.712,0
16:07:12,828.525,828.525,0
16:07:12,828.338,828.338,0
16:07:12,828.151,828.151,0
16:07:12,827.952,827.952,0
16:07:12,827.754,827.754,0
16:07:12,827.556,827.556,0
16:07:12,827.358,827.358,0
16:07:12,827.16,827.16,0
16:07:12,826.963,826.963,0
16:07:12,826.765,826.765,0
16:07:12,826.568,826.568,0
16:07:12,826.371,826.371,0
16:07:12,826.175,826.175,0
16:07:12,825.978,825.978,0
16:07:12,825.782,825.782,0
16:07:13,825.575,825.575,0
16:07:13,825.368,825.368,0
16:07:13,825.161,825.161,0
16:07:13,824.954,824.954,0
16:07:13,824.748,824.748,0
16:07:13,824.542,824.542,0
16:07:13,824.336,824.336,0
16:07:13,824.13,824.13,0
16:07:13,823.925,823.925,0
16:07:13,823.708,823.708,0
16:07:13,823.492,823.492,0
16:07:13,823.275,823.275,0
16:07:13,823.059,823.059,0
16:07:13,822.844,822.844,0
16:07:13,822.628,822.628,0
16:07:13,822.413,822.413,0
16:07:13,822.198,822.198,0
16:07:13,821.983,821.983,0
16:07:13,821.769,821.769,0
16:07:13,821.555,821.555,0
16:07:13,821.341,821.341,0
16:07:13,821.127,821.127,0
16:07:13,820.913,820.913,0
16:07:13,820.7,820.7,0
16:07:13,820.487,820.487,0
16:07:13,820.274,820.274,0
16:07:13,820.062,820.062,0
16:07:13,819.85,819.85,0
16:07:13,819.637,819.637,0
16:07:13,819.426,819.426,0
16:07:13,819.214,819.214,0
16:07:13,819.003,819.003,0
16:07:13,818.792,818.792,0
16:07:13,818.581,818.581,0
16:07:13,818.37,818.37,0
16:07:13,818.16,818.16,0
16:07:13,817.949,817.949,0
16:07:13,817.739,817.739,0
16:07:13,817.53,817.53,0
16:07:13,817.32,817.32,0
16:07:13,817.111,817.111,0
16:07:13,816.902,816.902,0
16:07:13,816.693,816.693,0
16:07:13,816.485,816.485,0
16:07:14,816.276,816.276,0
16:07:14,816.068,816.068,0
16:07:14,815.86,815.86,0
16:07:14,815.652,815.652,0
16:07:14,815.445,815.445,0
16:07:14,815.238,815.238,0
16:07:14,815.031,815.031,0
16:07:14,814.824,814.824,0
16:07:14,814.618,814.618,0
16:07:14,814.411,814.411,0
16:07:14,814.205,814.205,0
16:07:14,813.999,813.999,0
16:07:15,813.794,813.794,0
16:07:15,813.588,813.588,0
16:07:15,813.383,813.383,0
16:07:15,813.178,813.178,0
16:07:15,812.973,812.973,0
16:07:15,812.769,812.769,0
16:07:15,812.565,812.565,0
16:07:15,812.361,812.361,0
16:07:15,812.157,812.157,0
16:07:15,811.953,811.953,0
16:07:15,811.75,811.75,0
16:07:15,811.546,811.546,0
16:07:15,811.343,811.343,0
16:07:15,811.141,811.141,0
16:07:15,810.938,810.938,0
16:07:15,810.736,810.736,0
16:07:15,810.534,810.534,0
16:07:15,810.332,810.332,0
16:07:15,810.13,810.13,0
16:07:15,809.929,809.929,0
16:07:15,809.727,809.727,0
16:07:15,809.526,809.526,0
16:07:15,809.325,809.325,0
16:07:15,809.125,809.125,0
16:07:15,808.924,808.924,0
16:07:15,808.724,808.724,0
16:07:15,808.524,808.524,0
16:07:15,808.324,808.324,0
16:07:15,808.125,808.125,0
16:07:15,807.925,807.925,0
16:07:15,807.726,807.726,0
16:07:15,807.527,807.527,0
16:07:15,807.329,807.329,0
16:07:15,807.13,807.13,0
16:07:15,806.932,806.932,0
16:07:16,806.734,806.734,0
16:07:16,806.536,806.536,0
16:07:16,806.338,806.338,0
16:07:16,806.135,806.135,0
16:07:16,805.916,805.916,0
16:07:16,805.689,805.689,0
16:07:16,805.459,805.459,0
16:07:16,805.23,805.23,0
16:07:16,805.001,805.001,0
16:07:16,804.772,804.772,0
16:07:16,804.543,804.543,0
16:07:16,804.315,804.315,0
16:07:16,804.087,804.087,0
16:07:16,803.859,803.859,0
16:07:16,803.631,803.631,0
16:07:16,803.404,803.404,0
16:07:16,803.176,803.176,0
16:07:16,802.949,802.949,0
16:07:16,802.722,802.722,0
16:07:16,802.496,802.496,0
16:07:16,802.27,802.27,0
16:07:16,802.043,802.043,0
16:07:16,801.785,801.785,0
16:07:16,801.526,801.526,0
16:07:16,801.268,801.268,0
16:07:16,801.01,801.01,0
16:07:16,800.753,800.753,0
16:07:16,800.495,800.495,0
16:07:16,800.238,800.238,0
16:07:16,799.982,799.982,0
16:07:16,799.725,799.725,0
16:07:16,799.469,799.469,0
16:07:16,799.213,799.213,0
16:07:16,798.957,798.957,0
16:07:16,798.701,798.701,0
16:07:16,798.446,798.446,0
16:07:16,798.191,798.191,0
16:07:16,797.936,797.936,0
16:07:16,797.682,797.682,0
16:07:16,797.427,797.427,0
16:07:16,797.173,797.173,0
16:07:16,796.92,796.92,0
16:07:16,796.666,796.666,0
16:07:16,796.413,796.413,0
16:07:16,796.16,796.16,0
16:07:16,795.907,795.907,0
16:07:16,795.655,795.655,0
16:07:16,795.403,795.403,0
16:07:16,795.151,795.151,0
16:07:16,794.899,794.899,0
16:07:16,794.647,794.647,0
16:07:16,794.396,794.396,0
16:07:16,794.145,794.145,0
16:07:16,793.894,793.894,0
16:07:16,793.644,793.644,0
16:07:16,793.394,793.394,0
16:07:16,793.144,793.144,0
16:07:16,792.894,792.894,0
16:07:16,792.645,792.645,0
16:07:16,792.395,792.395,0
16:07:16,792.146,792.146,0
16:07:16,791.898,791.898,0
16:07:16,791.649,791.649,0
16:07:16,791.401,791.401,0
16:07:16,791.153,791.153,0
16:07:16,790.905,790.905,0
16:07:16,790.657,790.657,0
16:07:16,790.41,790.41,0
16:07:16,790.163,790.163,0
16:07:16,789.916,789.916,0
16:07:16,789.67,789.67,0
16:07:16,789.423,789.423,0
16:07:16,789.177,789.177,0
16:07:17,788.931,788.931,0
16:07:17,788.686,788.686,0
16:07:17,788.44,788.44,0
16:07:17,788.195,788.195,0
16:07:17,787.95,787.95,0
16:07:17,787.706,787.706,0
16:07:17,787.461,787.461,0
16:07:17,787.217,787.217,0
16:07:17,786.973,786.973,0
16:07:17,786.729,786.729,0
16:07:17,786.486,786.486,0
16:07:17,786.243,786.243,0
16:07:17,786,786,0
16:07:17,785.757,785.757,0
16:07:17,785.514,785.514,0
16:07:17,785.272,785.272,0
16:07:17,785.021,785.021,0
16:07:17,784.771,784.771,0
16:07:17,784.521,784.521,0
16:07:17,784.271,784.271,0
16:07:17,784.022,784.022,0
16:07:17,783.773,783.773,0
16:07:17,783.523,783.523,0
16:07:17,783.275,783.275,0
16:07:17,783.026,783.026,0
16:07:17,782.778,782.778,0
16:07:17,782.53,782.53,0
16:07:17,782.282,782.282,0
16:07:17,782.034,782.034,0
16:07:17,781.787,781.787,0
16:07:17,781.539,781.539,0
16:07:17,781.292,781.292,0
16:07:17,781.037,781.037,0
16:07:17,780.782,780.782,0
16:07:17,780.528,780.528,0
16:07:17,780.273,780.273,0
16:07:17,780.019,780.019,0
16:07:17,779.765,779.765,0
16:07:17,779.512,779.512,0
16:07:17,779.258,779.258,0
16:07:17,779.005,779.005,0
16:07:17,778.752,778.752,0
16:07:17,778.499,778.499,0
16:07:17,778.247,778.247,0
16:07:17,777.994,777.994,0
16:07:17,777.742,777.742,0
16:07:17,777.491,777.491,0
16:07:17,777.239,777.239,0
16:07:17,776.988,776.988,0
16:07:17,776.737,776.737,0
16:07:17,776.486,776.486,0
16:07:17,776.235,776.235,0
16:07:17,775.985,775.985,0
16:07:17,775.734,775.734,0
16:07:17,775.485,775.485,0
16:07:17,775.235,775.235,0
16:07:17,774.985,774.985,0
16:07:17,774.736,774.736,0
16:07:17,774.487,774.487,0
16:07:17,774.238,774.238,0
16:07:17,773.99,773.99,0
16:07:17,773.741,773.741,0
16:07:17,773.493,773.493,0
16:07:17,773.245,773.245,0
16:07:17,772.998,772.998,0
16:07:17,772.75,772.75,0
16:07:17,772.503,772.503,0
16:07:17,772.256,772.256,0
16:07:17,772.009,772.009,0
16:07:17,771.763,771.763,0
16:07:17,771.516,771.516,0
16:07:17,771.27,771.27,0
16:07:17,771.025,771.025,0
16:07:17,770.779,770.779,0
16:07:17,770.533,770.533,0
16:07:17,770.288,770.288,0
16:07:17,770.043,770.043,0
16:07:17,769.799,769.799,0
16:07:17,769.554,769.554,0
16:07:17,769.31,769.31,0
16:07:18,769.066,769.066,0
16:07:18,768.822,768.822,0
16:07:18,768.578,768.578,0
16:07:18,768.335,768.335,0
16:07:18,768.091,768.091,0
16:07:18,767.848,767.848,0
16:07:18,767.606,767.606,0
16:07:18,767.363,767.363,0
16:07:18,767.121,767.121,0
16:07:18,766.879,766.879,0
16:07:18,766.637,766.637,0
16:07:18,766.395,766.395,0
16:07:18,766.154,766.154,0
16:07:18,765.912,765.912,0
16:07:18,765.671,765.671,0
16:07:18,765.43,765.43,0
16:07:18,765.19,765.19,0
16:07:18,764.949,764.949,0
16:07:18,764.709,764.709,0
16:07:18,764.469,764.469,0
16:07:18,764.229,764.229,0
16:07:18,763.99,763.99,0
16:07:18,763.751,763.751,0
16:07:18,763.511,763.511,0
16:07:18,763.272,763.272,0
16:07:18,763.034,763.034,0
16:07:19,762.795,762.795,0
16:07:19,762.557,762.557,0
16:07:19,762.319,762.319,0
16:07:19,762.081,762.081,0
16:07:19,761.843,761.843,0
16:07:19,761.606,761.606,0
16:07:19,761.369,761.369,0
16:07:19,761.132,761.132,0
16:07:19,760.895,760.895,0
16:07:19,760.658,760.658,0
16:07:19,760.422,760.422,0
16:07:19,760.185,760.185,0
16:07:19,759.949,759.949,0
16:07:19,759.714,759.714,0
16:07:19,759.478,759.478,0
16:07:19,759.243,759.243,0
16:07:19,759.007,759.007,0
16:07:19,758.772,758.772,0
16:07:19,758.538,758.538,0
16:07:19,758.303,758.303,0
16:07:19,758.069,758.069,0
16:07:19,757.835,757.835,0
16:07:19,757.601,757.601,0
16:07:19,757.367,757.367,0
16:07:19,757.133,757.133,0
16:07:19,756.9,756.9,0
16:07:19,756.667,756.667,0
16:07:19,756.434,756.434,0
16:07:19,756.201,756.201,0
16:07:19,755.968,755.968,0
16:07:19,755.736,755.736,0
16:07:19,755.504,755.504,0
16:07:19,755.272,755.272,0
16:07:20,755.04,755.04,0
16:07:20,754.809,754.809,0
16:07:20,754.577,754.577,0
16:07:20,754.346,754.346,0
16:07:20,754.115,754.115,0
16:07:20,753.884,753.884,0
16:07:20,753.654,753.654,0
16:07:20,753.423,753.423,0
16:07:20,753.193,753.193,0
16:07:20,752.963,752.963,0
16:07:20,752.733,752.733,0
16:07:20,752.504,752.504,0
16:07:20,752.274,752.274,0
16:07:20,752.045,752.045,0
16:07:20,751.816,751.816,0
16:07:20,751.587,751.587,0
16:07:20,751.359,751.359,0
16:07:20,751.13,751.13,0
16:07:20,750.902,750.902,0
16:07:20,750.674,750.674,0
16:07:20,750.446,750.446,0
16:07:20,750.218,750.218,0
16:07:21,749.991,749.991,0
16:07:21,749.763,749.763,0
16:07:21,749.536,749.536,0
16:07:21,749.309,749.309,0
16:07:21,749.083,749.083,0
16:07:21,748.856,748.856,0
16:07:21,748.63,748.63,0
16:07:21,748.404,748.404,0
16:07:21,748.178,748.178,0
16:07:21,747.952,747.952,0
16:07:21,747.726,747.726,0
16:07:21,747.501,747.501,0
16:07:21,747.276,747.276,0
16:07:21,747.051,747.051,0
16:07:21,746.826,746.826,0
16:07:21,746.601,746.601,0
16:07:21,746.377,746.377,0
16:07:21,746.152,746.152,0
16:07:21,745.928,745.928,0
16:07:22,745.704,745.704,0
16:07:22,745.481,745.481,0
16:07:22,745.257,745.257,0
16:07:22,745.034,745.034,0
16:07:22,744.81,744.81,0
16:07:22,744.587,744.587,0
16:07:22,744.365,744.365,0
16:07:22,744.142,744.142,0
16:07:22,743.92,743.92,0
16:07:23,743.697,743.697,0
16:07:23,743.475,743.475,0
16:07:23,743.253,743.253,0
16:07:23,743.032,743.032,0
16:07:23,742.81,742.81,0
16:07:23,742.589,742.589,0
16:07:23,742.368,742.368,0
16:07:23,742.147,742.147,0
16:07:23,741.926,741.926,0
16:07:23,741.705,741.705,0
16:07:23,741.485,741.485,0
16:07:23,741.264,741.264,0
16:07:23,741.044,741.044,0
16:07:23,740.824,740.824,0
16:07:23,740.605,740.605,0
16:07:23,740.385,740.385,0
16:07:23,740.166,740.166,0
16:07:23,739.946,739.946,0
16:07:23,739.727,739.727,0
16:07:24,739.509,739.509,0
16:07:24,739.29,739.29,0
16:07:24,739.071,739.071,0
16:07:24,738.853,738.853,0
16:07:24,738.635,738.635,0
16:07:24,738.417,738.417,0
16:07:24,738.199,738.199,0
16:07:24,737.982,737.982,0
16:07:24,737.764,737.764,0
16:07:24,737.547,737.547,0
16:07:24,737.33,737.33,0
16:07:24,737.113,737.113,0
16:07:24,736.896,736.896,0
16:07:24,736.679,736.679,0
16:07:24,736.463,736.463,0
16:07:25,736.679,736.679,0
16:07:25,736.896,736.896,0
16:07:25,737.112,737.112,0
16:07:25,737.329,737.329,0
16:07:25,737.546,737.546,0
16:07:25,737.763,737.763,0
16:07:25,737.98,737.98,0
16:07:25,738.198,738.198,0
16:07:25,738.415,738.415,0
16:07:25,738.633,738.633,0
16:07:25,738.851,738.851,0
16:07:25,739.069,739.069,0
16:07:25,739.288,739.288,0
16:07:25,739.506,739.506,0
16:07:25,739.725,739.725,0
16:07:25,739.944,739.944,0
16:07:25,740.163,740.163,0
16:07:25,740.382,740.382,0
16:07:25,740.601,740.601,0
16:07:25,740.821,740.821,0
16:07:25,741.041,741.041,0
16:07:25,741.261,741.261,0
16:07:25,741.481,741.481,0
16:07:25,741.701,741.701,0
16:07:26,741.921,741.921,0
16:07:26,742.142,742.142,0
16:07:26,742.363,742.363,0
16:07:26,742.584,742.584,0
16:07:27,742.805,742.805,0
16:07:27,743.026,743.026,0
16:07:27,743.248,743.248,0
16:07:27,743.47,743.47,0
16:07:27,743.691,743.691,0
16:07:27,743.914,743.914,0
16:07:27,744.136,744.136,0
16:07:27,744.358,744.358,0
16:07:27,744.581,744.581,0
16:07:28,744.804,744.804,0
16:07:29,745.027,745.027,0
16:07:29,745.25,745.25,0
16:07:29,745.473,745.473,0
16:07:29,745.697,745.697,0
16:07:29,745.921,745.921,0
16:07:29,746.144,746.144,0
16:07:29,746.369,746.369,0
16:07:29,746.593,746.593,0
16:07:29,746.817,746.817,0
16:07:29,747.042,747.042,0
16:07:30,747.267,747.267,0
16:07:30,747.492,747.492,0
16:07:30,747.717,747.717,0
16:07:30,747.942,747.942,0
16:07:30,748.168,748.168,0
16:07:30,748.394,748.394,0
16:07:30,748.62,748.62,0
16:07:30,748.846,748.846,0
16:07:30,749.072,749.072,0
16:07:30,749.299,749.299,0
16:07:30,749.526,749.526,0
16:07:30,749.753,749.753,0
16:07:30,749.98,749.98,0
16:07:30,750.207,750.207,0
16:07:30,750.434,750.434,0
16:07:30,750.662,750.662,0
16:07:31,750.89,750.89,0
16:07:31,751.118,751.118,0
16:07:31,751.346,751.346,0
16:07:31,751.575,751.575,0
16:07:31,751.803,751.803,0
16:07:31,752.032,752.032,0
16:07:31,752.261,752.261,0
16:07:31,752.49,752.49,0
16:07:31,752.72,752.72,0
16:07:31,752.95,752.95,0
16:07:31,753.179,753.179,0
16:07:31,753.409,753.409,0
16:07:32,753.64,753.64,0
16:07:37,753.409,753.409,0
16:07:37,753.179,753.179,0
16:07:37,752.949,752.949,0
16:07:38,752.719,752.719,0
16:07:38,752.489,752.489,0
16:07:38,752.26,752.26,0
16:07:38,752.031,752.031,0
16:07:38,751.802,751.802,0
16:07:38,751.573,751.573,0
16:07:38,751.344,751.344,0
16:07:38,751.116,751.116,0
16:07:38,750.888,750.888,0
16:07:38,750.66,750.66,0
16:07:38,750.432,750.432,0
16:07:38,750.204,750.204,0
16:07:38,749.977,749.977,0
16:07:38,749.749,749.749,0
16:07:38,749.522,749.522,0
16:07:38,749.295,749.295,0
16:07:38,749.068,749.068,0
16:07:38,748.842,748.842,0
16:07:38,748.616,748.616,0
16:07:38,748.389,748.389,0
16:07:38,748.163,748.163,0
16:07:39,747.938,747.938,0
16:07:39,747.712,747.712,0
16:07:39,747.487,747.487,0
16:07:39,747.261,747.261,0
16:07:39,747.036,747.036,0
16:07:39,746.812,746.812,0
16:07:49,747.036,747.036,0
16:07:49,747.261,747.261,0
16:07:49,747.486,747.486,0
16:07:50,747.711,747.711,0
16:08:00,747.937,747.937,0
16:08:02,748.162,748.162,0
16:08:03,748.388,748.388,0
16:08:03,748.614,748.614,0
16:08:03,748.84,748.84,0
16:08:03,749.067,749.067,0
16:08:03,749.293,749.293,0
16:08:03,749.52,749.52,0
16:08:03,749.747,749.747,0
16:08:03,749.974,749.974,0
16:08:03,750.201,750.201,0
16:08:03,750.429,750.429,0
16:08:03,750.656,750.656,0
16:08:04,750.884,750.884,0
16:08:04,751.112,751.112,0
16:08:04,751.341,751.341,0
16:08:04,751.569,751.569,0
16:08:04,751.798,751.798,0
16:08:04,752.026,752.026,0
16:08:04,752.255,752.255,0
16:08:04,752.485,752.485,0
16:08:04,752.714,752.714,0
16:08:04,752.944,752.944,0
16:08:04,753.173,753.173,0
16:08:04,753.403,753.403,0
16:08:04,753.633,753.633,0
16:08:04,753.864,753.864,0
16:08:04,754.094,754.094,0
16:08:04,754.325,754.325,0
16:08:04,754.556,754.556,0
16:08:04,754.787,754.787,0
16:08:04,755.018,755.018,0
16:08:04,755.25,755.25,0
16:08:04,755.481,755.481,0
16:08:04,755.713,755.713,0
16:08:04,755.945,755.945,0
16:08:04,756.177,756.177,0
16:08:04,756.41,756.41,0
16:08:04,756.643,756.643,0
16:08:04,756.875,756.875,0
16:08:04,757.108,757.108,0
16:08:04,757.342,757.342,0
16:08:04,757.575,757.575,0
16:08:04,757.809,757.809,0
16:08:04,758.043,758.043,0
16:08:04,758.268,758.268,0
16:08:04,758.494,758.494,0
16:08:04,758.72,758.72,0
16:08:04,758.947,758.947,0
16:08:04,759.173,759.173,0
16:08:04,759.4,759.4,0
16:08:04,759.627,759.627,0
16:08:04,759.854,759.854,0
16:08:04,760.081,760.081,0
16:08:04,760.303,760.303,0
16:08:04,760.522,760.522,0
16:08:04,760.742,760.742,0
16:08:04,760.962,760.962,0
16:08:04,761.181,761.181,0
16:08:04,761.402,761.402,0
16:08:04,761.622,761.622,0
16:08:04,761.842,761.842,0
16:08:04,762.063,762.063,0
16:08:04,762.284,762.284,0
16:08:04,762.505,762.505,0
16:08:04,762.726,762.726,0
16:08:04,762.948,762.948,0
16:08:04,763.169,763.169,0
16:08:04,763.391,763.391,0
16:08:04,763.613,763.613,0
16:08:04,763.836,763.836,0
16:08:04,764.058,764.058,0
16:08:04,764.281,764.281,0
16:08:04,764.503,764.503,0
16:08:04,764.726,764.726,0
16:08:04,764.95,764.95,0
16:08:04,765.173,765.173,0
16:08:04,765.397,765.397,0
16:08:04,765.621,765.621,0
16:08:04,765.845,765.845,0
16:08:04,766.069,766.069,0
16:08:04,766.293,766.293,0
16:08:05,766.518,766.518,0
16:08:05,766.743,766.743,0
16:08:05,766.968,766.968,0
16:08:05,767.193,767.193,0
16:08:05,767.418,767.418,0
16:08:05,767.644,767.644,0
16:08:05,767.87,767.87,0
16:08:05,768.096,768.096,0
16:08:05,768.322,768.322,0
16:08:05,768.549,768.549,0
16:08:05,768.775,768.775,0
16:08:05,769.002,769.002,0
16:08:05,769.229,769.229,0
16:08:05,769.456,769.456,0
16:08:05,769.684,769.684,0
16:08:05,769.911,769.911,0
16:08:05,770.139,770.139,0
16:08:05,770.367,770.367,0
16:08:05,770.596,770.596,0
16:08:05,770.824,770.824,0
16:08:05,771.053,771.053,0
16:08:05,771.282,771.282,0
16:08:05,771.511,771.511,0
16:08:05,771.74,771.74,0
16:08:06,771.97,771.97,0
16:08:06,772.2,772.2,0
16:08:06,772.43,772.43,0
16:08:06,772.66,772.66,0
16:08:06,772.854,772.854,0
16:08:06,773.048,773.048,0
16:08:06,773.242,773.242,0
16:08:06,773.437,773.437,0
16:08:06,773.631,773.631,0
16:08:06,773.826,773.826,0
16:08:06,774.021,774.021,0
16:08:06,774.217,774.217,0
16:08:06,774.412,774.412,0
16:08:06,774.608,774.608,0
16:08:06,774.803,774.803,0
16:08:06,774.995,774.995,0
16:08:06,775.168,775.168,0
16:08:06,775.328,775.328,0
16:08:06,775.488,775.488,0
16:08:06,775.648,775.648,0
16:08:06,775.808,775.808,0
16:08:06,775.969,775.969,0
16:08:06,776.129,776.129,0
16:08:06,776.29,776.29,0
16:08:06,776.451,776.451,0
16:08:06,776.612,776.612,0
16:08:06,776.773,776.773,0
16:08:06,776.935,776.935,0
16:08:06,777.096,777.096,0
16:08:06,777.258,777.258,0
16:08:06,777.42,777.42,0
16:08:06,777.582,777.582,0
16:08:06,777.744,777.744,0
16:08:06,777.906,777.906,0
16:08:06,778.069,778.069,0
16:08:06,778.231,778.231,0
16:08:06,778.394,778.394,0
16:08:06,778.557,778.557,0
16:08:06,778.72,778.72,0
16:08:06,778.883,778.883,0
16:08:06,779.047,779.047,0
16:08:06,779.21,779.21,0
16:08:06,779.374,779.374,0
16:08:06,779.538,779.538,0
16:08:06,779.702,779.702,0
16:08:06,779.866,779.866,0
16:08:06,780.03,780.03,0
16:08:06,780.195,780.195,0
16:08:06,780.359,780.359,0
16:08:06,780.524,780.524,0
16:08:06,780.689,780.689,0
16:08:06,780.854,780.854,0
16:08:06,781.019,781.019,0
16:08:06,781.185,781.185,0
16:08:06,781.35,781.35,0
16:08:06,781.516,781.516,0
16:08:06,781.682,781.682,0
16:08:06,781.848,781.848,0
16:08:06,782.014,782.014,0
16:08:06,782.181,782.181,0
16:08:06,782.347,782.347,0
16:08:07,782.514,782.514,0
16:08:07,782.681,782.681,0
16:08:07,782.848,782.848,0
16:08:07,783.015,783.015,0
16:08:07,783.182,783.182,0
16:08:07,783.35,783.35,0
16:08:07,783.517,783.517,0
16:08:07,783.685,783.685,0
16:08:07,783.853,783.853,0
16:08:07,784.021,784.021,0
16:08:07,784.19,784.19,0
16:08:07,784.358,784.358,0
16:08:07,784.527,784.527,0
16:08:07,784.696,784.696,0
16:08:07,784.865,784.865,0
16:08:07,785.034,785.034,0
16:08:07,785.203,785.203,0
16:08:07,785.373,785.373,0
16:08:07,785.542,785.542,0
16:08:07,785.712,785.712,0
16:08:07,785.882,785.882,0
16:08:07,786.052,786.052,0
16:08:08,786.222,786.222,0
16:08:08,786.393,786.393,0
16:08:08,786.564,786.564,0
16:08:08,786.734,786.734,0
16:08:08,786.905,786.905,0
16:08:08,787.077,787.077,0
16:08:08,787.248,787.248,0
16:08:08,787.419,787.419,0
16:08:08,787.591,787.591,0
16:08:08,787.763,787.763,0
16:08:08,787.935,787.935,0
16:08:49,788.107,788.107,0
16:08:49,788.279,788.279,0
16:08:49,788.452,788.452,0
16:08:49,788.625,788.625,0
16:08:49,788.798,788.798,0
16:08:49,788.971,788.971,0
16:08:49,789.144,789.144,0
16:08:49,789.317,789.317,0
16:08:49,789.491,789.491,0
16:08:49,789.664,789.664,0
16:08:50,789.838,789.838,0
16:08:50,790.013,790.013,0
16:08:50,790.187,790.187,0
16:08:50,790.361,790.361,0
16:08:50,790.536,790.536,0
16:08:50,790.711,790.711,0
16:08:50,790.886,790.886,0
16:08:50,791.061,791.061,0
16:08:50,791.236,791.236,0
16:08:50,791.412,791.412,0
16:08:50,791.587,791.587,0
16:08:50,791.763,791.763,0
